2018-09-05 23:57:16,246 INFO  DownloadService - Downloading "https://github.com/aloj22/DownloadProgress/archive/master.zip", attempt 3
2018-09-05 23:57:16,804 INFO  DownloadService - Downloaded https://github.com/aloj22/DownloadProgress/archive/master.zip, attempt 3
2018-09-05 23:57:16,804 INFO  DownloadService - Size of file "/var/folders/bq/vtzpc5ns5sg2cthy61lqpg3dfzgbys/T/1536166636235-0/master.zip": 145 KB
2018-09-05 23:57:16,804 INFO  ArchiveUtils - Checking entries [.gradle] in ZIP file...
2018-09-05 23:57:16,810 INFO  ArchiveUtils - Has entries [.gradle] in ZIP file /var/folders/bq/vtzpc5ns5sg2cthy61lqpg3dfzgbys/T/1536166636235-0/master.zip: true
2018-09-05 23:57:16,810 DEBUG ZipUtil - Extracting '/var/folders/bq/vtzpc5ns5sg2cthy61lqpg3dfzgbys/T/1536166636235-0/master.zip' into '/var/folders/bq/vtzpc5ns5sg2cthy61lqpg3dfzgbys/T/1536166636235-0/src'.
2018-09-05 23:57:16,831 INFO  FullProcessService - Size of directory with sources: 148 KB
2018-09-05 23:57:16,831 INFO  SysUtils - Execute command: [git, init, /var/folders/bq/vtzpc5ns5sg2cthy61lqpg3dfzgbys/T/1536166636235-0/src]
2018-09-05 23:57:16,848 INFO  SysUtils - Initialized empty Git repository in /private/var/folders/bq/vtzpc5ns5sg2cthy61lqpg3dfzgbys/T/1536166636235-0/src/.git/

2018-09-05 23:57:16,851 INFO  ProjectBuildService - Gradle wrapper(s): /var/folders/bq/vtzpc5ns5sg2cthy61lqpg3dfzgbys/T/1536166636235-0/src/DownloadProgress-master/gradlew
2018-09-05 23:57:16,854 INFO  ProjectBuildService - Build script(s): /var/folders/bq/vtzpc5ns5sg2cthy61lqpg3dfzgbys/T/1536166636235-0/src/DownloadProgress-master/download-progress/build.gradle /var/folders/bq/vtzpc5ns5sg2cthy61lqpg3dfzgbys/T/1536166636235-0/src/DownloadProgress-master/sample/build.gradle /var/folders/bq/vtzpc5ns5sg2cthy61lqpg3dfzgbys/T/1536166636235-0/src/DownloadProgress-master/build.gradle
2018-09-05 23:57:16,857 INFO  ProjectBuildService - All script(s): /var/folders/bq/vtzpc5ns5sg2cthy61lqpg3dfzgbys/T/1536166636235-0/src/DownloadProgress-master/build.gradle /var/folders/bq/vtzpc5ns5sg2cthy61lqpg3dfzgbys/T/1536166636235-0/src/DownloadProgress-master/sample/build.gradle /var/folders/bq/vtzpc5ns5sg2cthy61lqpg3dfzgbys/T/1536166636235-0/src/DownloadProgress-master/download-progress/build.gradle /var/folders/bq/vtzpc5ns5sg2cthy61lqpg3dfzgbys/T/1536166636235-0/src/DownloadProgress-master/settings.gradle
2018-09-05 23:57:16,864 INFO  DownloadService - Downloading "https://raw.githubusercontent.com/blundell/release-android-library/master/android-release-aar.gradle", attempt 3
2018-09-05 23:57:17,486 INFO  DownloadService - Downloaded https://raw.githubusercontent.com/blundell/release-android-library/master/android-release-aar.gradle, attempt 3
2018-09-05 23:57:17,486 INFO  ProjectBuildService - Remote scripts: https://raw.githubusercontent.com/blundell/release-android-library/master/android-release-aar.gradle
2018-09-05 23:57:17,486 INFO  ProjectFixService - Fixing project...
2018-09-05 23:57:17,499 INFO  LocalPropertiesFixService - Created fake /var/folders/bq/vtzpc5ns5sg2cthy61lqpg3dfzgbys/T/1536166636235-0/src/DownloadProgress-master/download-progress/local.properties
2018-09-05 23:57:17,499 INFO  ProjectFixService - Build info for "/var/folders/bq/vtzpc5ns5sg2cthy61lqpg3dfzgbys/T/1536166636235-0/src/DownloadProgress-master/download-progress/build.gradle": [buildToolsVersion=25.0.3,compileSdkVersion=25,minSdkVersion=11,targetSdkVersion=25]
2018-09-05 23:57:17,500 INFO  LocalPropertiesFixService - Created fake /var/folders/bq/vtzpc5ns5sg2cthy61lqpg3dfzgbys/T/1536166636235-0/src/DownloadProgress-master/sample/local.properties
2018-09-05 23:57:17,500 INFO  ProjectFixService - Build info for "/var/folders/bq/vtzpc5ns5sg2cthy61lqpg3dfzgbys/T/1536166636235-0/src/DownloadProgress-master/sample/build.gradle": [buildToolsVersion=25.0.3,compileSdkVersion=25,minSdkVersion=11,targetSdkVersion=25]
2018-09-05 23:57:17,501 INFO  LocalPropertiesFixService - Created fake /var/folders/bq/vtzpc5ns5sg2cthy61lqpg3dfzgbys/T/1536166636235-0/src/DownloadProgress-master/local.properties
2018-09-05 23:57:17,502 INFO  WrapperPropertiesFixService - Gradle wrapper: https://services.gradle.org/distributions/gradle-3.3-all.zip
2018-09-05 23:57:17,502 INFO  WrapperPropertiesFixService - Gradle wrapper was changed from "-all.zip" to "-bin.zip" (https://services.gradle.org/distributions/gradle-3.3-bin.zip)
2018-09-05 23:57:17,503 INFO  ProjectFixService - Build info for "/var/folders/bq/vtzpc5ns5sg2cthy61lqpg3dfzgbys/T/1536166636235-0/src/DownloadProgress-master/build.gradle": [buildToolsVersion=25.0.3,compileSdkVersion=25,minSdkVersion=11,targetSdkVersion=25]
2018-09-05 23:57:17,503 INFO  ProjectFixService - Project was maybe fixed
2018-09-05 23:57:17,503 INFO  ProjectTaskService - Detecting possible tasks...
2018-09-05 23:57:17,503 INFO  SysUtils - Execute command: [/var/folders/bq/vtzpc5ns5sg2cthy61lqpg3dfzgbys/T/1536166636235-0/src/DownloadProgress-master/gradlew, -b, /var/folders/bq/vtzpc5ns5sg2cthy61lqpg3dfzgbys/T/1536166636235-0/src/DownloadProgress-master/download-progress/build.gradle, -Dorg.gradle.daemon=false, -Dorg.gradle.daemon.performance.enable-monitoring=false, -Dorg.gradle.configureondemand=true, tasks]
2018-09-05 23:57:27,138 INFO  ProjectTaskService - Detected possible tasks: 73
2018-09-05 23:57:27,139 INFO  ProjectTaskService - Excluded tasks (19): lintDebug mockableAndroidJar androidJavadocs deviceCheck lint androidSourcesJar testReleaseUnitTest deviceAndroidTest uninstallDebugAndroidTest installDebugAndroidTest connectedCheck connectedDebugAndroidTest uninstallAll androidJavadocsJar test check testDebugUnitTest connectedAndroidTest lintRelease
2018-09-05 23:57:27,139 INFO  SysUtils - Execute command: [/var/folders/bq/vtzpc5ns5sg2cthy61lqpg3dfzgbys/T/1536166636235-0/src/DownloadProgress-master/gradlew, -b, /var/folders/bq/vtzpc5ns5sg2cthy61lqpg3dfzgbys/T/1536166636235-0/src/DownloadProgress-master/download-progress/build.gradle, -Dorg.gradle.daemon=false, -Dorg.gradle.daemon.performance.enable-monitoring=false, -Dorg.gradle.configureondemand=true, --stacktrace, -x, lintDebug, -x, mockableAndroidJar, -x, androidJavadocs, -x, deviceCheck, -x, lint, -x, androidSourcesJar, -x, testReleaseUnitTest, -x, deviceAndroidTest, -x, uninstallDebugAndroidTest, -x, installDebugAndroidTest, -x, connectedCheck, -x, connectedDebugAndroidTest, -x, uninstallAll, -x, androidJavadocsJar, -x, test, -x, check, -x, testDebugUnitTest, -x, connectedAndroidTest, -x, lintRelease, build]
2018-09-05 23:57:46,395 INFO  SysUtils - Configuration on demand is an incubating feature.
Incremental java compilation is an incubating feature.
:download-progress:preBuild UP-TO-DATE
:download-progress:preDebugBuild UP-TO-DATE
:download-progress:checkDebugManifest
:download-progress:preDebugAndroidTestBuild UP-TO-DATE
:download-progress:preDebugUnitTestBuild UP-TO-DATE
:download-progress:preReleaseBuild UP-TO-DATE
:download-progress:preReleaseUnitTestBuild UP-TO-DATE
:download-progress:prepareComAndroidSupportAnimatedVectorDrawable2531Library
:download-progress:prepareComAndroidSupportAppcompatV72531Library
:download-progress:prepareComAndroidSupportSupportCompat2531Library
:download-progress:prepareComAndroidSupportSupportCoreUi2531Library
:download-progress:prepareComAndroidSupportSupportCoreUtils2531Library
:download-progress:prepareComAndroidSupportSupportFragment2531Library
:download-progress:prepareComAndroidSupportSupportMediaCompat2531Library
:download-progress:prepareComAndroidSupportSupportV42531Library
:download-progress:prepareComAndroidSupportSupportVectorDrawable2531Library
:download-progress:prepareDebugDependencies
:download-progress:compileDebugAidl
:download-progress:compileDebugNdk UP-TO-DATE
:download-progress:compileLint
:download-progress:copyDebugLint UP-TO-DATE
:download-progress:compileDebugRenderscript
:download-progress:generateDebugBuildConfig
:download-progress:generateDebugResValues
:download-progress:generateDebugResources
:download-progress:mergeDebugResources
:download-progress:processDebugManifest
:download-progress:processDebugResources
:download-progress:generateDebugSources
:download-progress:incrementalDebugJavaCompilationSafeguard
:download-progress:javaPreCompileDebug
:download-progress:compileDebugKotlin
Using kotlin incremental compilation
:download-progress:compileDebugJavaWithJavac
:download-progress:compileDebugJavaWithJavac - is not incremental (e.g. outputs have changed, no previous execution, etc.).
:download-progress:copyDebugKotlinClasses
:download-progress:extractDebugAnnotations
:download-progress:mergeDebugShaders
:download-progress:compileDebugShaders
:download-progress:generateDebugAssets
:download-progress:mergeDebugAssets
:download-progress:mergeDebugProguardFiles
:download-progress:packageDebugRenderscript UP-TO-DATE
:download-progress:packageDebugResources
:download-progress:processDebugJavaRes UP-TO-DATE
:download-progress:transformResourcesWithMergeJavaResForDebug
:download-progress:transformClassesAndResourcesWithSyncLibJarsForDebug
:download-progress:mergeDebugJniLibFolders
:download-progress:transformNativeLibsWithMergeJniLibsForDebug
:download-progress:transformNativeLibsWithStripDebugSymbolForDebug
:download-progress:transformNativeLibsWithSyncJniLibsForDebug
:download-progress:bundleDebug
:download-progress:compileDebugSources
:download-progress:assembleDebug
:download-progress:checkReleaseManifest
:download-progress:prepareReleaseDependencies
:download-progress:compileReleaseAidl
:download-progress:compileReleaseNdk UP-TO-DATE
:download-progress:copyReleaseLint UP-TO-DATE
:download-progress:compileReleaseRenderscript
:download-progress:generateReleaseBuildConfig
:download-progress:generateReleaseResValues
:download-progress:generateReleaseResources
:download-progress:mergeReleaseResources
:download-progress:processReleaseManifest
:download-progress:processReleaseResources
:download-progress:generateReleaseSources
:download-progress:incrementalReleaseJavaCompilationSafeguard
:download-progress:javaPreCompileRelease
:download-progress:compileReleaseKotlin
Using kotlin incremental compilation
:download-progress:compileReleaseJavaWithJavac
:download-progress:compileReleaseJavaWithJavac - is not incremental (e.g. outputs have changed, no previous execution, etc.).
:download-progress:copyReleaseKotlinClasses
:download-progress:extractReleaseAnnotations
:download-progress:mergeReleaseShaders
:download-progress:compileReleaseShaders
:download-progress:generateReleaseAssets
:download-progress:mergeReleaseAssets
:download-progress:mergeReleaseProguardFiles
:download-progress:packageReleaseRenderscript UP-TO-DATE
:download-progress:packageReleaseResources
:download-progress:processReleaseJavaRes UP-TO-DATE
:download-progress:transformResourcesWithMergeJavaResForRelease
:download-progress:transformClassesAndResourcesWithSyncLibJarsForRelease
:download-progress:mergeReleaseJniLibFolders
:download-progress:transformNativeLibsWithMergeJniLibsForRelease
:download-progress:transformNativeLibsWithStripDebugSymbolForRelease
:download-progress:transformNativeLibsWithSyncJniLibsForRelease
:download-progress:bundleRelease
:download-progress:compileReleaseSources
:download-progress:assembleRelease
:download-progress:assemble
:download-progress:build

BUILD SUCCESSFUL

Total time: 18.648 secs

2018-09-05 23:57:46,461 INFO  ProjectTaskService - Detecting possible tasks...
2018-09-05 23:57:46,461 INFO  SysUtils - Execute command: [/var/folders/bq/vtzpc5ns5sg2cthy61lqpg3dfzgbys/T/1536166636235-0/src/DownloadProgress-master/gradlew, -b, /var/folders/bq/vtzpc5ns5sg2cthy61lqpg3dfzgbys/T/1536166636235-0/src/DownloadProgress-master/sample/build.gradle, -Dorg.gradle.daemon=false, -Dorg.gradle.daemon.performance.enable-monitoring=false, -Dorg.gradle.configureondemand=true, tasks]
2018-09-05 23:57:57,662 INFO  ProjectTaskService - Detected possible tasks: 71
2018-09-05 23:57:57,663 INFO  ProjectTaskService - Excluded tasks (22): lintDebug mockableAndroidJar androidJavadocs deviceCheck lint androidSourcesJar testReleaseUnitTest uninstallRelease deviceAndroidTest uninstallDebugAndroidTest installDebugAndroidTest connectedCheck connectedDebugAndroidTest uninstallAll androidJavadocsJar test check testDebugUnitTest connectedAndroidTest installDebug lintRelease uninstallDebug
2018-09-05 23:57:57,663 INFO  SysUtils - Execute command: [/var/folders/bq/vtzpc5ns5sg2cthy61lqpg3dfzgbys/T/1536166636235-0/src/DownloadProgress-master/gradlew, -b, /var/folders/bq/vtzpc5ns5sg2cthy61lqpg3dfzgbys/T/1536166636235-0/src/DownloadProgress-master/sample/build.gradle, -Dorg.gradle.daemon=false, -Dorg.gradle.daemon.performance.enable-monitoring=false, -Dorg.gradle.configureondemand=true, --stacktrace, -x, lintDebug, -x, mockableAndroidJar, -x, androidJavadocs, -x, deviceCheck, -x, lint, -x, androidSourcesJar, -x, testReleaseUnitTest, -x, uninstallRelease, -x, deviceAndroidTest, -x, uninstallDebugAndroidTest, -x, installDebugAndroidTest, -x, connectedCheck, -x, connectedDebugAndroidTest, -x, uninstallAll, -x, androidJavadocsJar, -x, test, -x, check, -x, testDebugUnitTest, -x, connectedAndroidTest, -x, installDebug, -x, lintRelease, -x, uninstallDebug, build]
2018-09-05 23:58:42,240 ERROR SysUtils - Could not process external command
org.apache.commons.exec.ExecuteException: Process exited with an error: 1 (Exit value: 1)
	at org.apache.commons.exec.DefaultExecutor.executeInternal(DefaultExecutor.java:404)
	at org.apache.commons.exec.DefaultExecutor.execute(DefaultExecutor.java:166)
	at com.github.vbauer.apkmaster.util.SysUtils.execute(SysUtils.java:67)
	at com.github.vbauer.apkmaster.util.SysUtils.executeSimple(SysUtils.java:43)
	at com.github.vbauer.apkmaster.service.assembly.ProjectBuildService.buildProject(ProjectBuildService.java:78)
	at com.github.vbauer.apkmaster.service.assembly.ProjectBuildService.buildProject(ProjectBuildService.java:64)
	at com.github.vbauer.apkmaster.service.assembly.ProjectBuildService.buildProject(ProjectBuildService.java:43)
	at com.github.vbauer.apkmaster.service.FullProcessService.build(FullProcessService.java:84)
	at com.github.vbauer.apkmaster.service.FullProcessService.process(FullProcessService.java:34)
	at com.github.vbauer.apkmaster.app.MainApplication.process(MainApplication.java:38)
	at com.github.vbauer.apkmaster.app.MainApplication.main(MainApplication.java:20)
	at sun.reflect.NativeMethodAccessorImpl.invoke0(Native Method)
	at sun.reflect.NativeMethodAccessorImpl.invoke(NativeMethodAccessorImpl.java:62)
	at sun.reflect.DelegatingMethodAccessorImpl.invoke(DelegatingMethodAccessorImpl.java:43)
	at java.lang.reflect.Method.invoke(Method.java:498)
	at com.android.arsenal.util.ReflectionUtils.invoke(ReflectionUtils.java:52)
	at com.android.arsenal.util.ApkMasterUtils.main(ApkMasterUtils.java:30)
	at com.android.arsenal.service.processor.impl.BuildProcessorServiceImpl.buildProject(BuildProcessorServiceImpl.java:196)
	at com.android.arsenal.service.processor.impl.BuildProcessorServiceImpl.build(BuildProcessorServiceImpl.java:130)
	at com.android.arsenal.service.processor.impl.BuildProcessorServiceImpl.lambda$createTasks$1(BuildProcessorServiceImpl.java:113)
	at java.util.concurrent.FutureTask.run(FutureTask.java:266)
	at java.util.concurrent.Executors$RunnableAdapter.call(Executors.java:511)
	at java.util.concurrent.FutureTask.run(FutureTask.java:266)
	at java.util.concurrent.ThreadPoolExecutor.runWorker(ThreadPoolExecutor.java:1149)
	at java.util.concurrent.ThreadPoolExecutor$Worker.run(ThreadPoolExecutor.java:624)
	at java.lang.Thread.run(Thread.java:748)
2018-09-05 23:58:42,241 INFO  SysUtils - Configuration on demand is an incubating feature.
Incremental java compilation is an incubating feature.

FAILURE: Build failed with an exception.

* What went wrong:
Task 'androidJavadocs' not found in project ':sample'.

* Try:
Run gradlew tasks to get a list of available tasks. Run with --info or --debug option to get more log output.

* Exception is:
org.gradle.execution.TaskSelectionException: Task 'androidJavadocs' not found in project ':sample'.
	at org.gradle.execution.TaskSelector.getSelection(TaskSelector.java:116)
	at org.gradle.execution.TaskSelector.getFilter(TaskSelector.java:66)
	at org.gradle.execution.ExcludedTaskFilteringBuildConfigurationAction.configure(ExcludedTaskFilteringBuildConfigurationAction.java:42)
	at org.gradle.execution.DefaultBuildConfigurationActionExecuter.configure(DefaultBuildConfigurationActionExecuter.java:48)
	at org.gradle.execution.DefaultBuildConfigurationActionExecuter.select(DefaultBuildConfigurationActionExecuter.java:36)
	at org.gradle.initialization.DefaultGradleLauncher$2.execute(DefaultGradleLauncher.java:185)
	at org.gradle.initialization.DefaultGradleLauncher$2.execute(DefaultGradleLauncher.java:182)
	at org.gradle.internal.Transformers$4.transform(Transformers.java:169)
	at org.gradle.internal.progress.DefaultBuildOperationExecutor.run(DefaultBuildOperationExecutor.java:106)
	at org.gradle.internal.progress.DefaultBuildOperationExecutor.run(DefaultBuildOperationExecutor.java:56)
	at org.gradle.initialization.DefaultGradleLauncher.doBuildStages(DefaultGradleLauncher.java:182)
	at org.gradle.initialization.DefaultGradleLauncher.doBuild(DefaultGradleLauncher.java:119)
	at org.gradle.initialization.DefaultGradleLauncher.run(DefaultGradleLauncher.java:102)
	at org.gradle.launcher.exec.GradleBuildController.run(GradleBuildController.java:71)
	at org.gradle.tooling.internal.provider.ExecuteBuildActionRunner.run(ExecuteBuildActionRunner.java:28)
	at org.gradle.launcher.exec.ChainingBuildActionRunner.run(ChainingBuildActionRunner.java:35)
	at org.gradle.launcher.exec.InProcessBuildActionExecuter.execute(InProcessBuildActionExecuter.java:41)
	at org.gradle.launcher.exec.InProcessBuildActionExecuter.execute(InProcessBuildActionExecuter.java:26)
	at org.gradle.tooling.internal.provider.ContinuousBuildActionExecuter.execute(ContinuousBuildActionExecuter.java:75)
	at org.gradle.tooling.internal.provider.ContinuousBuildActionExecuter.execute(ContinuousBuildActionExecuter.java:49)
	at org.gradle.tooling.internal.provider.ServicesSetupBuildActionExecuter.execute(ServicesSetupBuildActionExecuter.java:44)
	at org.gradle.tooling.internal.provider.ServicesSetupBuildActionExecuter.execute(ServicesSetupBuildActionExecuter.java:29)
	at org.gradle.launcher.cli.RunBuildAction.run(RunBuildAction.java:51)
	at org.gradle.internal.Actions$RunnableActionAdapter.execute(Actions.java:173)
	at org.gradle.launcher.cli.CommandLineActionFactory$ParseAndBuildAction.execute(CommandLineActionFactory.java:244)
	at org.gradle.launcher.cli.CommandLineActionFactory$ParseAndBuildAction.execute(CommandLineActionFactory.java:217)
	at org.gradle.launcher.cli.JavaRuntimeValidationAction.execute(JavaRuntimeValidationAction.java:33)
	at org.gradle.launcher.cli.JavaRuntimeValidationAction.execute(JavaRuntimeValidationAction.java:24)
	at org.gradle.launcher.cli.ExceptionReportingAction.execute(ExceptionReportingAction.java:33)
	at org.gradle.launcher.cli.ExceptionReportingAction.execute(ExceptionReportingAction.java:22)
	at org.gradle.launcher.cli.CommandLineActionFactory$WithLogging.execute(CommandLineActionFactory.java:210)
	at org.gradle.launcher.cli.CommandLineActionFactory$WithLogging.execute(CommandLineActionFactory.java:174)
	at org.gradle.launcher.Main.doAction(Main.java:33)
	at org.gradle.launcher.bootstrap.EntryPoint.run(EntryPoint.java:45)
	at org.gradle.launcher.bootstrap.ProcessBootstrap.runNoExit(ProcessBootstrap.java:60)
	at org.gradle.launcher.bootstrap.ProcessBootstrap.run(ProcessBootstrap.java:37)
	at org.gradle.launcher.GradleMain.main(GradleMain.java:23)
	at org.gradle.wrapper.BootstrapMainStarter.start(BootstrapMainStarter.java:30)
	at org.gradle.wrapper.WrapperExecutor.execute(WrapperExecutor.java:129)
	at org.gradle.wrapper.GradleWrapperMain.main(GradleWrapperMain.java:61)


BUILD FAILED

Total time: 42.059 secs

2018-09-05 23:58:42,241 ERROR ProjectBuildService - Excluded tasks were detected wrong
2018-09-05 23:58:42,241 INFO  SysUtils - Execute command: [/var/folders/bq/vtzpc5ns5sg2cthy61lqpg3dfzgbys/T/1536166636235-0/src/DownloadProgress-master/gradlew, -b, /var/folders/bq/vtzpc5ns5sg2cthy61lqpg3dfzgbys/T/1536166636235-0/src/DownloadProgress-master/sample/build.gradle, -Dorg.gradle.daemon=false, -Dorg.gradle.daemon.performance.enable-monitoring=false, -Dorg.gradle.configureondemand=true, --stacktrace, build]
2018-09-06 00:00:04,018 INFO  SysUtils - Configuration on demand is an incubating feature.
Incremental java compilation is an incubating feature.
:sample:preBuild UP-TO-DATE
:sample:preDebugBuild UP-TO-DATE
:sample:checkDebugManifest
:sample:preReleaseBuild UP-TO-DATE
:sample:prepareComAlojProgressDownloadProgress10Library
:sample:prepareComAndroidSupportAnimatedVectorDrawable2531Library
:sample:prepareComAndroidSupportAppcompatV72531Library
:sample:prepareComAndroidSupportConstraintConstraintLayout102Library
:sample:prepareComAndroidSupportSupportCompat2531Library
:sample:prepareComAndroidSupportSupportCoreUi2531Library
:sample:prepareComAndroidSupportSupportCoreUtils2531Library
:sample:prepareComAndroidSupportSupportFragment2531Library
:sample:prepareComAndroidSupportSupportMediaCompat2531Library
:sample:prepareComAndroidSupportSupportV42531Library
:sample:prepareComAndroidSupportSupportVectorDrawable2531Library
:sample:prepareDebugDependencies
:sample:compileDebugAidl
:sample:compileDebugRenderscript
:sample:generateDebugBuildConfig
:sample:generateDebugResValues
:sample:generateDebugResources
:sample:mergeDebugResources
:sample:processDebugManifest
:sample:processDebugResources
:sample:generateDebugSources
:sample:incrementalDebugJavaCompilationSafeguard
:sample:javaPreCompileDebug
:sample:compileDebugKotlin
Using kotlin incremental compilation
:sample:compileDebugJavaWithJavac
:sample:compileDebugJavaWithJavac - is not incremental (e.g. outputs have changed, no previous execution, etc.).
:sample:copyDebugKotlinClasses
:sample:compileDebugNdk UP-TO-DATE
:sample:compileDebugSources
:sample:mergeDebugShaders
:sample:compileDebugShaders
:sample:generateDebugAssets
:sample:mergeDebugAssets
:sample:transformClassesWithDexForDebug
:sample:mergeDebugJniLibFolders
:sample:transformNativeLibsWithMergeJniLibsForDebug
:sample:transformNativeLibsWithStripDebugSymbolForDebug
:sample:processDebugJavaRes UP-TO-DATE
:sample:transformResourcesWithMergeJavaResForDebug
:sample:validateSigningDebug
:sample:packageDebug
:sample:assembleDebug
:sample:checkReleaseManifest
:sample:prepareReleaseDependencies
:sample:compileReleaseAidl
:sample:compileReleaseRenderscript
:sample:generateReleaseBuildConfig
:sample:generateReleaseResValues
:sample:generateReleaseResources
:sample:mergeReleaseResources
:sample:processReleaseManifest
:sample:processReleaseResources
:sample:generateReleaseSources
:sample:incrementalReleaseJavaCompilationSafeguard
:sample:javaPreCompileRelease
:sample:compileReleaseKotlin
Using kotlin incremental compilation
:sample:compileReleaseJavaWithJavac
:sample:compileReleaseJavaWithJavac - is not incremental (e.g. outputs have changed, no previous execution, etc.).
:sample:copyReleaseKotlinClasses
:sample:compileReleaseNdk UP-TO-DATE
:sample:compileReleaseSources
:sample:lintVitalRelease
:sample:mergeReleaseShaders
:sample:compileReleaseShaders
:sample:generateReleaseAssets
:sample:mergeReleaseAssets
:sample:transformClassesWithDexForRelease
:sample:mergeReleaseJniLibFolders
:sample:transformNativeLibsWithMergeJniLibsForRelease
:sample:transformNativeLibsWithStripDebugSymbolForRelease
:sample:processReleaseJavaRes UP-TO-DATE
:sample:transformResourcesWithMergeJavaResForRelease
:sample:packageRelease
:sample:assembleRelease
:sample:assemble
:sample:lint
Ran lint on variant debug: 11 issues found
Ran lint on variant release: 11 issues found
Wrote HTML report to file:///private/var/folders/bq/vtzpc5ns5sg2cthy61lqpg3dfzgbys/T/1536166636235-0/src/DownloadProgress-master/sample/build/reports/lint-results.html
Wrote XML report to file:///private/var/folders/bq/vtzpc5ns5sg2cthy61lqpg3dfzgbys/T/1536166636235-0/src/DownloadProgress-master/sample/build/reports/lint-results.xml
:sample:incrementalDebugUnitTestJavaCompilationSafeguard UP-TO-DATE
:sample:javaPreCompileDebugUnitTest
:sample:preDebugUnitTestBuild UP-TO-DATE
:sample:prepareDebugUnitTestDependencies
:sample:compileDebugUnitTestKotlin
:sample:compileDebugUnitTestJavaWithJavac
:sample:processDebugUnitTestJavaRes UP-TO-DATE
:sample:compileDebugUnitTestSources
:sample:mockableAndroidJar
:sample:assembleDebugUnitTest
:sample:copyDebugUnitTestKotlinClasses
:sample:testDebugUnitTest
:sample:incrementalReleaseUnitTestJavaCompilationSafeguard UP-TO-DATE
:sample:javaPreCompileReleaseUnitTest
:sample:preReleaseUnitTestBuild UP-TO-DATE
:sample:prepareReleaseUnitTestDependencies
:sample:compileReleaseUnitTestKotlin
:sample:compileReleaseUnitTestJavaWithJavac
:sample:processReleaseUnitTestJavaRes UP-TO-DATE
:sample:compileReleaseUnitTestSources
:sample:assembleReleaseUnitTest
:sample:copyReleaseUnitTestKotlinClasses
:sample:testReleaseUnitTest
:sample:test
:sample:check
:sample:build

BUILD SUCCESSFUL

Total time: 1 mins 20.897 secs

2018-09-06 00:00:04,153 INFO  FullProcessService - Found APK file: /var/folders/bq/vtzpc5ns5sg2cthy61lqpg3dfzgbys/T/1536166636235-0/src/DownloadProgress-master/sample/build/outputs/apk/sample-debug.apk
