2019-06-10 14:09:07,642 INFO  DownloadService - Downloading "https://github.com/PrivacyStreams/PrivacyStreams/archive/master.zip", attempt 3
2019-06-10 14:09:10,907 INFO  DownloadService - Downloaded https://github.com/PrivacyStreams/PrivacyStreams/archive/master.zip, attempt 3
2019-06-10 14:09:10,907 INFO  DownloadService - Size of file "/var/folders/bq/vtzpc5ns5sg2cthy61lqpg3dfzgbys/T/1560150547590-0/master.zip": 988 KB
2019-06-10 14:09:10,908 INFO  ArchiveUtils - Checking entries [.gradle] in ZIP file...
2019-06-10 14:09:10,917 INFO  ArchiveUtils - Has entries [.gradle] in ZIP file /var/folders/bq/vtzpc5ns5sg2cthy61lqpg3dfzgbys/T/1560150547590-0/master.zip: true
2019-06-10 14:09:10,917 DEBUG ZipUtil - Extracting '/var/folders/bq/vtzpc5ns5sg2cthy61lqpg3dfzgbys/T/1560150547590-0/master.zip' into '/var/folders/bq/vtzpc5ns5sg2cthy61lqpg3dfzgbys/T/1560150547590-0/src'.
2019-06-10 14:09:11,078 INFO  FullProcessService - Size of directory with sources: 1 MB
2019-06-10 14:09:11,081 INFO  SysUtils - Execute command: [git, init, /var/folders/bq/vtzpc5ns5sg2cthy61lqpg3dfzgbys/T/1560150547590-0/src]
2019-06-10 14:09:11,105 INFO  SysUtils - Initialized empty Git repository in /private/var/folders/bq/vtzpc5ns5sg2cthy61lqpg3dfzgbys/T/1560150547590-0/src/.git/

2019-06-10 14:09:11,131 INFO  ProjectBuildService - Gradle wrapper(s): /var/folders/bq/vtzpc5ns5sg2cthy61lqpg3dfzgbys/T/1560150547590-0/src/PrivacyStreams-master/gradlew
2019-06-10 14:09:11,146 INFO  ProjectBuildService - Build script(s): /var/folders/bq/vtzpc5ns5sg2cthy61lqpg3dfzgbys/T/1560150547590-0/src/PrivacyStreams-master/privacystreams-android-sdk/build.gradle /var/folders/bq/vtzpc5ns5sg2cthy61lqpg3dfzgbys/T/1560150547590-0/src/PrivacyStreams-master/privacystreams-app/build.gradle /var/folders/bq/vtzpc5ns5sg2cthy61lqpg3dfzgbys/T/1560150547590-0/src/PrivacyStreams-master/test/build.gradle /var/folders/bq/vtzpc5ns5sg2cthy61lqpg3dfzgbys/T/1560150547590-0/src/PrivacyStreams-master/build.gradle /var/folders/bq/vtzpc5ns5sg2cthy61lqpg3dfzgbys/T/1560150547590-0/src/PrivacyStreams-master/doclet/build.gradle
2019-06-10 14:09:11,160 INFO  ProjectBuildService - All script(s): /var/folders/bq/vtzpc5ns5sg2cthy61lqpg3dfzgbys/T/1560150547590-0/src/PrivacyStreams-master/privacystreams-android-sdk/build.gradle /var/folders/bq/vtzpc5ns5sg2cthy61lqpg3dfzgbys/T/1560150547590-0/src/PrivacyStreams-master/test/build.gradle /var/folders/bq/vtzpc5ns5sg2cthy61lqpg3dfzgbys/T/1560150547590-0/src/PrivacyStreams-master/privacystreams-app/build.gradle /var/folders/bq/vtzpc5ns5sg2cthy61lqpg3dfzgbys/T/1560150547590-0/src/PrivacyStreams-master/doclet/build.gradle /var/folders/bq/vtzpc5ns5sg2cthy61lqpg3dfzgbys/T/1560150547590-0/src/PrivacyStreams-master/build.gradle /var/folders/bq/vtzpc5ns5sg2cthy61lqpg3dfzgbys/T/1560150547590-0/src/PrivacyStreams-master/settings.gradle
2019-06-10 14:09:11,163 INFO  ProjectBuildService - Remote scripts: none
2019-06-10 14:09:11,163 INFO  ProjectFixService - Fixing project...
2019-06-10 14:09:11,217 INFO  AndroidToolsService - ANDROID_HOME: /Users/vbauer/Library/Android/sdk
2019-06-10 14:09:11,217 INFO  AndroidToolsService - NDK_HOME: /Users/vbauer/Library/Android/sdk/ndk-bundle
2019-06-10 14:09:11,219 INFO  AndroidToolsService - Available build tools: 21.0.1 22.0.0 23.0.0 22.0.1 21.0.0 20.0.0 23.0.1 27.0.1 24.0.0 19.0.0 25.0.0 26.0.1 18.0.1 24.0.1 27.0.0 26.0.0 25.0.1 19.0.1 28.0.0-rc1 28.0.2 21.1.2 28.0.3 23.0.3 21.0.2 23.0.2 19.0.3 25.0.3 26.0.2 27.0.2 24.0.3 26.0.3 25.0.2 19.0.2 24.0.2 27.0.3 28.0.1 17.0.0 21.1.1 28.0.0-rc2 21.1.0 28.0.0 18.1.0 19.1.0 18.1.1
2019-06-10 14:09:11,221 INFO  AndroidToolsService - Available build tools after clean up: 17.0.0 18.0.1 18.1.0 18.1.1 19.0.0 19.0.1 19.0.2 19.0.3 19.1.0 20.0.0 21.0.0 21.0.1 21.0.2 21.1.0 21.1.1 21.1.2 22.0.0 22.0.1 23.0.0 23.0.1 23.0.2 23.0.3 24.0.0 24.0.1 24.0.2 24.0.3 25.0.0 25.0.1 25.0.2 25.0.3 26.0.0 26.0.1 26.0.2 26.0.3 27.0.0 27.0.1 27.0.2 27.0.3 28.0.0 28.0.1 28.0.2 28.0.3 28.0.0-rc1 28.0.0-rc2
2019-06-10 14:09:11,223 INFO  AndroidToolsService - Available platforms: 12 15 23 24 25 22 14 13 5 2 3 4 16 11 27 18 20 21 26 19 10 17 28 6 8 9 7
2019-06-10 14:09:11,224 INFO  AndroidToolsService - Available platforms after clean up: 2 3 4 5 6 7 8 9 10 11 12 13 14 15 16 17 18 19 20 21 22 23 24 25 26 27 28
2019-06-10 14:09:11,225 INFO  LocalPropertiesFixService - Created fake /var/folders/bq/vtzpc5ns5sg2cthy61lqpg3dfzgbys/T/1560150547590-0/src/PrivacyStreams-master/privacystreams-android-sdk/local.properties
2019-06-10 14:09:11,231 INFO  ProjectFixService - Build info for "/var/folders/bq/vtzpc5ns5sg2cthy61lqpg3dfzgbys/T/1560150547590-0/src/PrivacyStreams-master/privacystreams-android-sdk/build.gradle": [buildToolsVersion=27.0.2,compileSdkVersion=27,minSdkVersion=16,targetSdkVersion=27]
2019-06-10 14:09:11,233 INFO  LocalPropertiesFixService - Created fake /var/folders/bq/vtzpc5ns5sg2cthy61lqpg3dfzgbys/T/1560150547590-0/src/PrivacyStreams-master/privacystreams-app/local.properties
2019-06-10 14:09:11,234 INFO  ProjectFixService - Build info for "/var/folders/bq/vtzpc5ns5sg2cthy61lqpg3dfzgbys/T/1560150547590-0/src/PrivacyStreams-master/privacystreams-app/build.gradle": [buildToolsVersion=27.0.3,compileSdkVersion=27,minSdkVersion=16,targetSdkVersion=27]
2019-06-10 14:09:11,235 INFO  LocalPropertiesFixService - Created fake /var/folders/bq/vtzpc5ns5sg2cthy61lqpg3dfzgbys/T/1560150547590-0/src/PrivacyStreams-master/test/local.properties
2019-06-10 14:09:11,235 INFO  ProjectFixService - Build info for "/var/folders/bq/vtzpc5ns5sg2cthy61lqpg3dfzgbys/T/1560150547590-0/src/PrivacyStreams-master/test/build.gradle": [buildToolsVersion=27.0.2,compileSdkVersion=27,minSdkVersion=16,targetSdkVersion=27]
2019-06-10 14:09:11,236 INFO  LocalPropertiesFixService - Created fake /var/folders/bq/vtzpc5ns5sg2cthy61lqpg3dfzgbys/T/1560150547590-0/src/PrivacyStreams-master/local.properties
2019-06-10 14:09:11,240 INFO  WrapperPropertiesFixService - Gradle wrapper: https://services.gradle.org/distributions/gradle-4.1-all.zip
2019-06-10 14:09:11,240 INFO  WrapperPropertiesFixService - Gradle wrapper was changed from "-all.zip" to "-bin.zip" (https://services.gradle.org/distributions/gradle-4.1-bin.zip)
2019-06-10 14:09:11,242 INFO  ProjectFixService - Build info for "/var/folders/bq/vtzpc5ns5sg2cthy61lqpg3dfzgbys/T/1560150547590-0/src/PrivacyStreams-master/build.gradle": [buildToolsVersion=27.0.2,compileSdkVersion=27,minSdkVersion=16,targetSdkVersion=27]
2019-06-10 14:09:11,243 INFO  LocalPropertiesFixService - Created fake /var/folders/bq/vtzpc5ns5sg2cthy61lqpg3dfzgbys/T/1560150547590-0/src/PrivacyStreams-master/doclet/local.properties
2019-06-10 14:09:11,244 INFO  ProjectFixService - Build info for "/var/folders/bq/vtzpc5ns5sg2cthy61lqpg3dfzgbys/T/1560150547590-0/src/PrivacyStreams-master/doclet/build.gradle": [buildToolsVersion=27.0.2,compileSdkVersion=27,minSdkVersion=16,targetSdkVersion=27]
2019-06-10 14:09:11,245 INFO  ProjectFixService - Project was maybe fixed
2019-06-10 14:09:11,247 INFO  ProjectTaskService - Detecting possible tasks...
2019-06-10 14:09:11,247 INFO  SysUtils - Execute command: [/var/folders/bq/vtzpc5ns5sg2cthy61lqpg3dfzgbys/T/1560150547590-0/src/PrivacyStreams-master/gradlew, -b, /var/folders/bq/vtzpc5ns5sg2cthy61lqpg3dfzgbys/T/1560150547590-0/src/PrivacyStreams-master/privacystreams-android-sdk/build.gradle, -Dorg.gradle.daemon=false, -Dorg.gradle.daemon.performance.enable-monitoring=false, -Dorg.gradle.configureondemand=true, tasks]
2019-06-10 14:09:19,936 ERROR ProjectTaskService - Could not detect possible Gradle tasks: Process exited with an error: 1 (Exit value: 1)
2019-06-10 14:09:19,937 INFO  ProjectTaskService - Detected possible tasks: 0
2019-06-10 14:09:19,937 INFO  ProjectTaskService - Excluded tasks (0): none
2019-06-10 14:09:19,937 INFO  SysUtils - Execute command: [/var/folders/bq/vtzpc5ns5sg2cthy61lqpg3dfzgbys/T/1560150547590-0/src/PrivacyStreams-master/gradlew, -b, /var/folders/bq/vtzpc5ns5sg2cthy61lqpg3dfzgbys/T/1560150547590-0/src/PrivacyStreams-master/privacystreams-android-sdk/build.gradle, -Dorg.gradle.daemon=false, -Dorg.gradle.daemon.performance.enable-monitoring=false, -Dorg.gradle.configureondemand=true, --stacktrace, build]
2019-06-10 14:09:25,973 ERROR SysUtils - Could not process external command
org.apache.commons.exec.ExecuteException: Process exited with an error: 1 (Exit value: 1)
	at org.apache.commons.exec.DefaultExecutor.executeInternal(DefaultExecutor.java:404)
	at org.apache.commons.exec.DefaultExecutor.execute(DefaultExecutor.java:166)
	at com.github.vbauer.apkmaster.util.SysUtils.execute(SysUtils.java:67)
	at com.github.vbauer.apkmaster.util.SysUtils.executeSimple(SysUtils.java:43)
	at com.github.vbauer.apkmaster.service.assembly.ProjectBuildService.buildProject(ProjectBuildService.java:78)
	at com.github.vbauer.apkmaster.service.assembly.ProjectBuildService.buildProject(ProjectBuildService.java:64)
	at com.github.vbauer.apkmaster.service.assembly.ProjectBuildService.buildProject(ProjectBuildService.java:43)
	at com.github.vbauer.apkmaster.service.FullProcessService.build(FullProcessService.java:84)
	at com.github.vbauer.apkmaster.service.FullProcessService.process(FullProcessService.java:34)
	at com.github.vbauer.apkmaster.app.MainApplication.process(MainApplication.java:38)
	at com.github.vbauer.apkmaster.app.MainApplication.main(MainApplication.java:20)
	at sun.reflect.NativeMethodAccessorImpl.invoke0(Native Method)
	at sun.reflect.NativeMethodAccessorImpl.invoke(NativeMethodAccessorImpl.java:62)
	at sun.reflect.DelegatingMethodAccessorImpl.invoke(DelegatingMethodAccessorImpl.java:43)
	at java.lang.reflect.Method.invoke(Method.java:498)
	at com.android.arsenal.util.ReflectionUtils.invoke(ReflectionUtils.java:52)
	at com.android.arsenal.util.ApkMasterUtils.main(ApkMasterUtils.java:30)
	at com.android.arsenal.service.processor.impl.BuildProcessorServiceImpl.buildProject(BuildProcessorServiceImpl.java:196)
	at com.android.arsenal.service.processor.impl.BuildProcessorServiceImpl.build(BuildProcessorServiceImpl.java:130)
	at com.android.arsenal.service.processor.impl.BuildProcessorServiceImpl.lambda$createTasks$1(BuildProcessorServiceImpl.java:113)
	at java.util.concurrent.FutureTask.run(FutureTask.java:266)
	at java.util.concurrent.Executors$RunnableAdapter.call(Executors.java:511)
	at java.util.concurrent.FutureTask.run(FutureTask.java:266)
	at java.util.concurrent.ThreadPoolExecutor.runWorker(ThreadPoolExecutor.java:1149)
	at java.util.concurrent.ThreadPoolExecutor$Worker.run(ThreadPoolExecutor.java:624)
	at java.lang.Thread.run(Thread.java:748)
2019-06-10 14:09:25,973 INFO  SysUtils - Configuration on demand is an incubating feature.
Configuration 'androidTestCompile' in project ':privacystreams-android-sdk' is deprecated. Use 'androidTestImplementation' instead.
Configuration 'testCompile' in project ':privacystreams-android-sdk' is deprecated. Use 'testImplementation' instead.
Configuration 'compile' in project ':privacystreams-android-sdk' is deprecated. Use 'implementation' instead.
Configuration 'provided' in project ':privacystreams-android-sdk' is deprecated. Use 'compileOnly' instead.

FAILURE: Build failed with an exception.

* What went wrong:
A problem occurred configuring project ':privacystreams-android-sdk'.
> No toolchains found in the NDK toolchains folder for ABI with prefix: mips64el-linux-android

* Try:
Run with --info or --debug option to get more log output.

* Exception is:
org.gradle.api.ProjectConfigurationException: A problem occurred configuring project ':privacystreams-android-sdk'.
	at org.gradle.configuration.project.LifecycleProjectEvaluator.addConfigurationFailure(LifecycleProjectEvaluator.java:87)
	at org.gradle.configuration.project.LifecycleProjectEvaluator.notifyAfterEvaluate(LifecycleProjectEvaluator.java:82)
	at org.gradle.configuration.project.LifecycleProjectEvaluator.doConfigure(LifecycleProjectEvaluator.java:69)
	at org.gradle.configuration.project.LifecycleProjectEvaluator.access$100(LifecycleProjectEvaluator.java:33)
	at org.gradle.configuration.project.LifecycleProjectEvaluator$ConfigureProject.run(LifecycleProjectEvaluator.java:103)
	at org.gradle.internal.progress.DefaultBuildOperationExecutor$RunnableBuildOperationWorker.execute(DefaultBuildOperationExecutor.java:336)
	at org.gradle.internal.progress.DefaultBuildOperationExecutor$RunnableBuildOperationWorker.execute(DefaultBuildOperationExecutor.java:328)
	at org.gradle.internal.progress.DefaultBuildOperationExecutor.execute(DefaultBuildOperationExecutor.java:197)
	at org.gradle.internal.progress.DefaultBuildOperationExecutor.run(DefaultBuildOperationExecutor.java:107)
	at org.gradle.configuration.project.LifecycleProjectEvaluator.evaluate(LifecycleProjectEvaluator.java:49)
	at org.gradle.api.internal.project.DefaultProject.evaluate(DefaultProject.java:651)
	at org.gradle.api.internal.project.DefaultProject.evaluate(DefaultProject.java:133)
	at org.gradle.execution.TaskPathProjectEvaluator.configure(TaskPathProjectEvaluator.java:35)
	at org.gradle.execution.TaskPathProjectEvaluator.configureHierarchy(TaskPathProjectEvaluator.java:60)
	at org.gradle.execution.TaskSelector.getSelection(TaskSelector.java:100)
	at org.gradle.execution.TaskSelector.getSelection(TaskSelector.java:81)
	at org.gradle.execution.commandline.CommandLineTaskParser.parseTasks(CommandLineTaskParser.java:42)
	at org.gradle.execution.TaskNameResolvingBuildConfigurationAction.configure(TaskNameResolvingBuildConfigurationAction.java:44)
	at org.gradle.execution.DefaultBuildConfigurationActionExecuter.configure(DefaultBuildConfigurationActionExecuter.java:48)
	at org.gradle.execution.DefaultBuildConfigurationActionExecuter.access$000(DefaultBuildConfigurationActionExecuter.java:25)
	at org.gradle.execution.DefaultBuildConfigurationActionExecuter$1.proceed(DefaultBuildConfigurationActionExecuter.java:54)
	at org.gradle.execution.DefaultTasksBuildExecutionAction.configure(DefaultTasksBuildExecutionAction.java:44)
	at org.gradle.execution.DefaultBuildConfigurationActionExecuter.configure(DefaultBuildConfigurationActionExecuter.java:48)
	at org.gradle.execution.DefaultBuildConfigurationActionExecuter.access$000(DefaultBuildConfigurationActionExecuter.java:25)
	at org.gradle.execution.DefaultBuildConfigurationActionExecuter$1.proceed(DefaultBuildConfigurationActionExecuter.java:54)
	at org.gradle.execution.ExcludedTaskFilteringBuildConfigurationAction.configure(ExcludedTaskFilteringBuildConfigurationAction.java:47)
	at org.gradle.execution.DefaultBuildConfigurationActionExecuter.configure(DefaultBuildConfigurationActionExecuter.java:48)
	at org.gradle.execution.DefaultBuildConfigurationActionExecuter.select(DefaultBuildConfigurationActionExecuter.java:36)
	at org.gradle.initialization.DefaultGradleLauncher$CalculateTaskGraph.run(DefaultGradleLauncher.java:265)
	at org.gradle.internal.progress.DefaultBuildOperationExecutor$RunnableBuildOperationWorker.execute(DefaultBuildOperationExecutor.java:336)
	at org.gradle.internal.progress.DefaultBuildOperationExecutor$RunnableBuildOperationWorker.execute(DefaultBuildOperationExecutor.java:328)
	at org.gradle.internal.progress.DefaultBuildOperationExecutor.execute(DefaultBuildOperationExecutor.java:197)
	at org.gradle.internal.progress.DefaultBuildOperationExecutor.run(DefaultBuildOperationExecutor.java:107)
	at org.gradle.initialization.DefaultGradleLauncher.constructTaskGraph(DefaultGradleLauncher.java:173)
	at org.gradle.initialization.DefaultGradleLauncher.doBuildStages(DefaultGradleLauncher.java:128)
	at org.gradle.initialization.DefaultGradleLauncher.executeTasks(DefaultGradleLauncher.java:107)
	at org.gradle.internal.invocation.GradleBuildController$1.call(GradleBuildController.java:78)
	at org.gradle.internal.invocation.GradleBuildController$1.call(GradleBuildController.java:75)
	at org.gradle.internal.work.DefaultWorkerLeaseService.withLocks(DefaultWorkerLeaseService.java:152)
	at org.gradle.internal.invocation.GradleBuildController.doBuild(GradleBuildController.java:100)
	at org.gradle.internal.invocation.GradleBuildController.run(GradleBuildController.java:75)
	at org.gradle.tooling.internal.provider.ExecuteBuildActionRunner.run(ExecuteBuildActionRunner.java:28)
	at org.gradle.launcher.exec.ChainingBuildActionRunner.run(ChainingBuildActionRunner.java:35)
	at org.gradle.tooling.internal.provider.ValidatingBuildActionRunner.run(ValidatingBuildActionRunner.java:32)
	at org.gradle.launcher.exec.RunAsBuildOperationBuildActionRunner$1.run(RunAsBuildOperationBuildActionRunner.java:43)
	at org.gradle.internal.progress.DefaultBuildOperationExecutor$RunnableBuildOperationWorker.execute(DefaultBuildOperationExecutor.java:336)
	at org.gradle.internal.progress.DefaultBuildOperationExecutor$RunnableBuildOperationWorker.execute(DefaultBuildOperationExecutor.java:328)
	at org.gradle.internal.progress.DefaultBuildOperationExecutor.execute(DefaultBuildOperationExecutor.java:197)
	at org.gradle.internal.progress.DefaultBuildOperationExecutor.run(DefaultBuildOperationExecutor.java:107)
	at org.gradle.launcher.exec.RunAsBuildOperationBuildActionRunner.run(RunAsBuildOperationBuildActionRunner.java:40)
	at org.gradle.tooling.internal.provider.SubscribableBuildActionRunner.run(SubscribableBuildActionRunner.java:51)
	at org.gradle.launcher.exec.InProcessBuildActionExecuter.execute(InProcessBuildActionExecuter.java:45)
	at org.gradle.launcher.exec.InProcessBuildActionExecuter.execute(InProcessBuildActionExecuter.java:29)
	at org.gradle.launcher.exec.BuildTreeScopeBuildActionExecuter.execute(BuildTreeScopeBuildActionExecuter.java:39)
	at org.gradle.launcher.exec.BuildTreeScopeBuildActionExecuter.execute(BuildTreeScopeBuildActionExecuter.java:25)
	at org.gradle.tooling.internal.provider.ContinuousBuildActionExecuter.execute(ContinuousBuildActionExecuter.java:71)
	at org.gradle.tooling.internal.provider.ContinuousBuildActionExecuter.execute(ContinuousBuildActionExecuter.java:45)
	at org.gradle.tooling.internal.provider.ServicesSetupBuildActionExecuter.execute(ServicesSetupBuildActionExecuter.java:51)
	at org.gradle.tooling.internal.provider.ServicesSetupBuildActionExecuter.execute(ServicesSetupBuildActionExecuter.java:32)
	at org.gradle.tooling.internal.provider.GradleThreadBuildActionExecuter.execute(GradleThreadBuildActionExecuter.java:36)
	at org.gradle.tooling.internal.provider.GradleThreadBuildActionExecuter.execute(GradleThreadBuildActionExecuter.java:25)
	at org.gradle.tooling.internal.provider.ParallelismConfigurationBuildActionExecuter.execute(ParallelismConfigurationBuildActionExecuter.java:43)
	at org.gradle.tooling.internal.provider.ParallelismConfigurationBuildActionExecuter.execute(ParallelismConfigurationBuildActionExecuter.java:29)
	at org.gradle.tooling.internal.provider.StartParamsValidatingActionExecuter.execute(StartParamsValidatingActionExecuter.java:64)
	at org.gradle.tooling.internal.provider.StartParamsValidatingActionExecuter.execute(StartParamsValidatingActionExecuter.java:29)
	at org.gradle.tooling.internal.provider.SessionFailureReportingActionExecuter.execute(SessionFailureReportingActionExecuter.java:55)
	at org.gradle.tooling.internal.provider.SessionFailureReportingActionExecuter.execute(SessionFailureReportingActionExecuter.java:42)
	at org.gradle.tooling.internal.provider.SetupLoggingActionExecuter.execute(SetupLoggingActionExecuter.java:58)
	at org.gradle.tooling.internal.provider.SetupLoggingActionExecuter.execute(SetupLoggingActionExecuter.java:33)
	at org.gradle.launcher.cli.RunBuildAction.run(RunBuildAction.java:51)
	at org.gradle.internal.Actions$RunnableActionAdapter.execute(Actions.java:173)
	at org.gradle.launcher.cli.CommandLineActionFactory$ParseAndBuildAction.execute(CommandLineActionFactory.java:287)
	at org.gradle.launcher.cli.CommandLineActionFactory$ParseAndBuildAction.execute(CommandLineActionFactory.java:260)
	at org.gradle.launcher.cli.JavaRuntimeValidationAction.execute(JavaRuntimeValidationAction.java:33)
	at org.gradle.launcher.cli.JavaRuntimeValidationAction.execute(JavaRuntimeValidationAction.java:24)
	at org.gradle.launcher.cli.ExceptionReportingAction.execute(ExceptionReportingAction.java:33)
	at org.gradle.launcher.cli.ExceptionReportingAction.execute(ExceptionReportingAction.java:22)
	at org.gradle.launcher.cli.CommandLineActionFactory$WithLogging.execute(CommandLineActionFactory.java:253)
	at org.gradle.launcher.cli.CommandLineActionFactory$WithLogging.execute(CommandLineActionFactory.java:182)
	at org.gradle.launcher.Main.doAction(Main.java:33)
	at org.gradle.launcher.bootstrap.EntryPoint.run(EntryPoint.java:45)
	at org.gradle.launcher.bootstrap.ProcessBootstrap.runNoExit(ProcessBootstrap.java:60)
	at org.gradle.launcher.bootstrap.ProcessBootstrap.run(ProcessBootstrap.java:37)
	at org.gradle.launcher.GradleMain.main(GradleMain.java:23)
	at org.gradle.wrapper.BootstrapMainStarter.start(BootstrapMainStarter.java:30)
	at org.gradle.wrapper.WrapperExecutor.execute(WrapperExecutor.java:129)
	at org.gradle.wrapper.GradleWrapperMain.main(GradleWrapperMain.java:61)
Caused by: java.lang.RuntimeException: No toolchains found in the NDK toolchains folder for ABI with prefix: mips64el-linux-android
	at com.android.build.gradle.internal.ndk.DefaultNdkInfo.getDefaultToolchainVersion(DefaultNdkInfo.java:441)
	at com.android.build.gradle.internal.ndk.DefaultNdkInfo.getToolchainPath(DefaultNdkInfo.java:284)
	at com.android.build.gradle.internal.ndk.DefaultNdkInfo.getStripExecutable(DefaultNdkInfo.java:410)
	at com.android.build.gradle.internal.ndk.NdkHandler.getStripExecutable(NdkHandler.java:459)
	at com.android.build.gradle.internal.transforms.StripDebugSymbolTransform.<init>(StripDebugSymbolTransform.java:89)
	at com.android.build.gradle.internal.TaskManager.createStripNativeLibraryTask(TaskManager.java:1718)
	at com.android.build.gradle.internal.LibraryTaskManager.createTasksForVariantScope(LibraryTaskManager.java:275)
	at com.android.build.gradle.internal.VariantManager.createTasksForVariantData(VariantManager.java:545)
	at com.android.build.gradle.internal.VariantManager.lambda$createAndroidTasks$1(VariantManager.java:355)
	at com.android.builder.profile.ThreadRecorder.record(ThreadRecorder.java:81)
	at com.android.build.gradle.internal.VariantManager.createAndroidTasks(VariantManager.java:351)
	at com.android.build.gradle.BasePlugin.lambda$createAndroidTasks$5(BasePlugin.java:641)
	at com.android.builder.profile.ThreadRecorder.record(ThreadRecorder.java:81)
	at com.android.build.gradle.BasePlugin.createAndroidTasks(BasePlugin.java:636)
	at com.android.build.gradle.BasePlugin.lambda$null$3(BasePlugin.java:555)
	at com.android.builder.profile.ThreadRecorder.record(ThreadRecorder.java:81)
	at com.android.build.gradle.BasePlugin.lambda$createTasks$4(BasePlugin.java:551)
	at org.gradle.internal.event.BroadcastDispatch$ActionInvocationHandler.dispatch(BroadcastDispatch.java:91)
	at org.gradle.internal.event.BroadcastDispatch$ActionInvocationHandler.dispatch(BroadcastDispatch.java:80)
	at org.gradle.internal.event.AbstractBroadcastDispatch.dispatch(AbstractBroadcastDispatch.java:42)
	at org.gradle.internal.event.BroadcastDispatch$SingletonDispatch.dispatch(BroadcastDispatch.java:230)
	at org.gradle.internal.event.BroadcastDispatch$SingletonDispatch.dispatch(BroadcastDispatch.java:149)
	at org.gradle.internal.event.AbstractBroadcastDispatch.dispatch(AbstractBroadcastDispatch.java:58)
	at org.gradle.internal.event.BroadcastDispatch$CompositeDispatch.dispatch(BroadcastDispatch.java:324)
	at org.gradle.internal.event.BroadcastDispatch$CompositeDispatch.dispatch(BroadcastDispatch.java:234)
	at org.gradle.internal.event.ListenerBroadcast.dispatch(ListenerBroadcast.java:140)
	at org.gradle.internal.event.ListenerBroadcast.dispatch(ListenerBroadcast.java:37)
	at org.gradle.internal.dispatch.ProxyDispatchAdapter$DispatchingInvocationHandler.invoke(ProxyDispatchAdapter.java:93)
	at com.sun.proxy.$Proxy22.afterEvaluate(Unknown Source)
	at org.gradle.configuration.project.LifecycleProjectEvaluator.notifyAfterEvaluate(LifecycleProjectEvaluator.java:75)
	... 85 more


* Get more help at https://help.gradle.org

BUILD FAILED in 5s

2019-06-10 14:09:25,991 INFO  ProjectTaskService - Detecting possible tasks...
2019-06-10 14:09:25,992 INFO  SysUtils - Execute command: [/var/folders/bq/vtzpc5ns5sg2cthy61lqpg3dfzgbys/T/1560150547590-0/src/PrivacyStreams-master/gradlew, -b, /var/folders/bq/vtzpc5ns5sg2cthy61lqpg3dfzgbys/T/1560150547590-0/src/PrivacyStreams-master/privacystreams-app/build.gradle, -Dorg.gradle.daemon=false, -Dorg.gradle.daemon.performance.enable-monitoring=false, -Dorg.gradle.configureondemand=true, tasks]
2019-06-10 14:09:33,011 ERROR ProjectTaskService - Could not detect possible Gradle tasks: Process exited with an error: 1 (Exit value: 1)
2019-06-10 14:09:33,012 INFO  ProjectTaskService - Detected possible tasks: 0
2019-06-10 14:09:33,012 INFO  ProjectTaskService - Excluded tasks (0): none
2019-06-10 14:09:33,012 INFO  SysUtils - Execute command: [/var/folders/bq/vtzpc5ns5sg2cthy61lqpg3dfzgbys/T/1560150547590-0/src/PrivacyStreams-master/gradlew, -b, /var/folders/bq/vtzpc5ns5sg2cthy61lqpg3dfzgbys/T/1560150547590-0/src/PrivacyStreams-master/privacystreams-app/build.gradle, -Dorg.gradle.daemon=false, -Dorg.gradle.daemon.performance.enable-monitoring=false, -Dorg.gradle.configureondemand=true, --stacktrace, build]
2019-06-10 14:09:43,784 ERROR SysUtils - Could not process external command
org.apache.commons.exec.ExecuteException: Process exited with an error: 1 (Exit value: 1)
	at org.apache.commons.exec.DefaultExecutor.executeInternal(DefaultExecutor.java:404)
	at org.apache.commons.exec.DefaultExecutor.execute(DefaultExecutor.java:166)
	at com.github.vbauer.apkmaster.util.SysUtils.execute(SysUtils.java:67)
	at com.github.vbauer.apkmaster.util.SysUtils.executeSimple(SysUtils.java:43)
	at com.github.vbauer.apkmaster.service.assembly.ProjectBuildService.buildProject(ProjectBuildService.java:78)
	at com.github.vbauer.apkmaster.service.assembly.ProjectBuildService.buildProject(ProjectBuildService.java:64)
	at com.github.vbauer.apkmaster.service.assembly.ProjectBuildService.buildProject(ProjectBuildService.java:43)
	at com.github.vbauer.apkmaster.service.FullProcessService.build(FullProcessService.java:84)
	at com.github.vbauer.apkmaster.service.FullProcessService.process(FullProcessService.java:34)
	at com.github.vbauer.apkmaster.app.MainApplication.process(MainApplication.java:38)
	at com.github.vbauer.apkmaster.app.MainApplication.main(MainApplication.java:20)
	at sun.reflect.NativeMethodAccessorImpl.invoke0(Native Method)
	at sun.reflect.NativeMethodAccessorImpl.invoke(NativeMethodAccessorImpl.java:62)
	at sun.reflect.DelegatingMethodAccessorImpl.invoke(DelegatingMethodAccessorImpl.java:43)
	at java.lang.reflect.Method.invoke(Method.java:498)
	at com.android.arsenal.util.ReflectionUtils.invoke(ReflectionUtils.java:52)
	at com.android.arsenal.util.ApkMasterUtils.main(ApkMasterUtils.java:30)
	at com.android.arsenal.service.processor.impl.BuildProcessorServiceImpl.buildProject(BuildProcessorServiceImpl.java:196)
	at com.android.arsenal.service.processor.impl.BuildProcessorServiceImpl.build(BuildProcessorServiceImpl.java:130)
	at com.android.arsenal.service.processor.impl.BuildProcessorServiceImpl.lambda$createTasks$1(BuildProcessorServiceImpl.java:113)
	at java.util.concurrent.FutureTask.run(FutureTask.java:266)
	at java.util.concurrent.Executors$RunnableAdapter.call(Executors.java:511)
	at java.util.concurrent.FutureTask.run(FutureTask.java:266)
	at java.util.concurrent.ThreadPoolExecutor.runWorker(ThreadPoolExecutor.java:1149)
	at java.util.concurrent.ThreadPoolExecutor$Worker.run(ThreadPoolExecutor.java:624)
	at java.lang.Thread.run(Thread.java:748)
2019-06-10 14:09:43,785 INFO  SysUtils - Configuration on demand is an incubating feature.
Configuration 'compile' in project ':privacystreams-app' is deprecated. Use 'implementation' instead.
Configuration 'androidTestCompile' in project ':privacystreams-app' is deprecated. Use 'androidTestImplementation' instead.
Configuration 'testCompile' in project ':privacystreams-app' is deprecated. Use 'testImplementation' instead.
privacystreams-app: 'androidProcessor' dependencies won't be recognized as kapt annotation processors. Please change the configuration name to 'kapt' for these artifacts: 'com.android.databinding:compiler:3.0.1'.

FAILURE: Build failed with an exception.

* What went wrong:
A problem occurred configuring project ':privacystreams-app'.
> No toolchains found in the NDK toolchains folder for ABI with prefix: mips64el-linux-android

* Try:
Run with --info or --debug option to get more log output.

* Exception is:
org.gradle.api.ProjectConfigurationException: A problem occurred configuring project ':privacystreams-app'.
	at org.gradle.configuration.project.LifecycleProjectEvaluator.addConfigurationFailure(LifecycleProjectEvaluator.java:87)
	at org.gradle.configuration.project.LifecycleProjectEvaluator.notifyAfterEvaluate(LifecycleProjectEvaluator.java:82)
	at org.gradle.configuration.project.LifecycleProjectEvaluator.doConfigure(LifecycleProjectEvaluator.java:69)
	at org.gradle.configuration.project.LifecycleProjectEvaluator.access$100(LifecycleProjectEvaluator.java:33)
	at org.gradle.configuration.project.LifecycleProjectEvaluator$ConfigureProject.run(LifecycleProjectEvaluator.java:103)
	at org.gradle.internal.progress.DefaultBuildOperationExecutor$RunnableBuildOperationWorker.execute(DefaultBuildOperationExecutor.java:336)
	at org.gradle.internal.progress.DefaultBuildOperationExecutor$RunnableBuildOperationWorker.execute(DefaultBuildOperationExecutor.java:328)
	at org.gradle.internal.progress.DefaultBuildOperationExecutor.execute(DefaultBuildOperationExecutor.java:197)
	at org.gradle.internal.progress.DefaultBuildOperationExecutor.run(DefaultBuildOperationExecutor.java:107)
	at org.gradle.configuration.project.LifecycleProjectEvaluator.evaluate(LifecycleProjectEvaluator.java:49)
	at org.gradle.api.internal.project.DefaultProject.evaluate(DefaultProject.java:651)
	at org.gradle.api.internal.project.DefaultProject.evaluate(DefaultProject.java:133)
	at org.gradle.execution.TaskPathProjectEvaluator.configure(TaskPathProjectEvaluator.java:35)
	at org.gradle.execution.TaskPathProjectEvaluator.configureHierarchy(TaskPathProjectEvaluator.java:60)
	at org.gradle.execution.TaskSelector.getSelection(TaskSelector.java:100)
	at org.gradle.execution.TaskSelector.getSelection(TaskSelector.java:81)
	at org.gradle.execution.commandline.CommandLineTaskParser.parseTasks(CommandLineTaskParser.java:42)
	at org.gradle.execution.TaskNameResolvingBuildConfigurationAction.configure(TaskNameResolvingBuildConfigurationAction.java:44)
	at org.gradle.execution.DefaultBuildConfigurationActionExecuter.configure(DefaultBuildConfigurationActionExecuter.java:48)
	at org.gradle.execution.DefaultBuildConfigurationActionExecuter.access$000(DefaultBuildConfigurationActionExecuter.java:25)
	at org.gradle.execution.DefaultBuildConfigurationActionExecuter$1.proceed(DefaultBuildConfigurationActionExecuter.java:54)
	at org.gradle.execution.DefaultTasksBuildExecutionAction.configure(DefaultTasksBuildExecutionAction.java:44)
	at org.gradle.execution.DefaultBuildConfigurationActionExecuter.configure(DefaultBuildConfigurationActionExecuter.java:48)
	at org.gradle.execution.DefaultBuildConfigurationActionExecuter.access$000(DefaultBuildConfigurationActionExecuter.java:25)
	at org.gradle.execution.DefaultBuildConfigurationActionExecuter$1.proceed(DefaultBuildConfigurationActionExecuter.java:54)
	at org.gradle.execution.ExcludedTaskFilteringBuildConfigurationAction.configure(ExcludedTaskFilteringBuildConfigurationAction.java:47)
	at org.gradle.execution.DefaultBuildConfigurationActionExecuter.configure(DefaultBuildConfigurationActionExecuter.java:48)
	at org.gradle.execution.DefaultBuildConfigurationActionExecuter.select(DefaultBuildConfigurationActionExecuter.java:36)
	at org.gradle.initialization.DefaultGradleLauncher$CalculateTaskGraph.run(DefaultGradleLauncher.java:265)
	at org.gradle.internal.progress.DefaultBuildOperationExecutor$RunnableBuildOperationWorker.execute(DefaultBuildOperationExecutor.java:336)
	at org.gradle.internal.progress.DefaultBuildOperationExecutor$RunnableBuildOperationWorker.execute(DefaultBuildOperationExecutor.java:328)
	at org.gradle.internal.progress.DefaultBuildOperationExecutor.execute(DefaultBuildOperationExecutor.java:197)
	at org.gradle.internal.progress.DefaultBuildOperationExecutor.run(DefaultBuildOperationExecutor.java:107)
	at org.gradle.initialization.DefaultGradleLauncher.constructTaskGraph(DefaultGradleLauncher.java:173)
	at org.gradle.initialization.DefaultGradleLauncher.doBuildStages(DefaultGradleLauncher.java:128)
	at org.gradle.initialization.DefaultGradleLauncher.executeTasks(DefaultGradleLauncher.java:107)
	at org.gradle.internal.invocation.GradleBuildController$1.call(GradleBuildController.java:78)
	at org.gradle.internal.invocation.GradleBuildController$1.call(GradleBuildController.java:75)
	at org.gradle.internal.work.DefaultWorkerLeaseService.withLocks(DefaultWorkerLeaseService.java:152)
	at org.gradle.internal.invocation.GradleBuildController.doBuild(GradleBuildController.java:100)
	at org.gradle.internal.invocation.GradleBuildController.run(GradleBuildController.java:75)
	at org.gradle.tooling.internal.provider.ExecuteBuildActionRunner.run(ExecuteBuildActionRunner.java:28)
	at org.gradle.launcher.exec.ChainingBuildActionRunner.run(ChainingBuildActionRunner.java:35)
	at org.gradle.tooling.internal.provider.ValidatingBuildActionRunner.run(ValidatingBuildActionRunner.java:32)
	at org.gradle.launcher.exec.RunAsBuildOperationBuildActionRunner$1.run(RunAsBuildOperationBuildActionRunner.java:43)
	at org.gradle.internal.progress.DefaultBuildOperationExecutor$RunnableBuildOperationWorker.execute(DefaultBuildOperationExecutor.java:336)
	at org.gradle.internal.progress.DefaultBuildOperationExecutor$RunnableBuildOperationWorker.execute(DefaultBuildOperationExecutor.java:328)
	at org.gradle.internal.progress.DefaultBuildOperationExecutor.execute(DefaultBuildOperationExecutor.java:197)
	at org.gradle.internal.progress.DefaultBuildOperationExecutor.run(DefaultBuildOperationExecutor.java:107)
	at org.gradle.launcher.exec.RunAsBuildOperationBuildActionRunner.run(RunAsBuildOperationBuildActionRunner.java:40)
	at org.gradle.tooling.internal.provider.SubscribableBuildActionRunner.run(SubscribableBuildActionRunner.java:51)
	at org.gradle.launcher.exec.InProcessBuildActionExecuter.execute(InProcessBuildActionExecuter.java:45)
	at org.gradle.launcher.exec.InProcessBuildActionExecuter.execute(InProcessBuildActionExecuter.java:29)
	at org.gradle.launcher.exec.BuildTreeScopeBuildActionExecuter.execute(BuildTreeScopeBuildActionExecuter.java:39)
	at org.gradle.launcher.exec.BuildTreeScopeBuildActionExecuter.execute(BuildTreeScopeBuildActionExecuter.java:25)
	at org.gradle.tooling.internal.provider.ContinuousBuildActionExecuter.execute(ContinuousBuildActionExecuter.java:71)
	at org.gradle.tooling.internal.provider.ContinuousBuildActionExecuter.execute(ContinuousBuildActionExecuter.java:45)
	at org.gradle.tooling.internal.provider.ServicesSetupBuildActionExecuter.execute(ServicesSetupBuildActionExecuter.java:51)
	at org.gradle.tooling.internal.provider.ServicesSetupBuildActionExecuter.execute(ServicesSetupBuildActionExecuter.java:32)
	at org.gradle.tooling.internal.provider.GradleThreadBuildActionExecuter.execute(GradleThreadBuildActionExecuter.java:36)
	at org.gradle.tooling.internal.provider.GradleThreadBuildActionExecuter.execute(GradleThreadBuildActionExecuter.java:25)
	at org.gradle.tooling.internal.provider.ParallelismConfigurationBuildActionExecuter.execute(ParallelismConfigurationBuildActionExecuter.java:43)
	at org.gradle.tooling.internal.provider.ParallelismConfigurationBuildActionExecuter.execute(ParallelismConfigurationBuildActionExecuter.java:29)
	at org.gradle.tooling.internal.provider.StartParamsValidatingActionExecuter.execute(StartParamsValidatingActionExecuter.java:64)
	at org.gradle.tooling.internal.provider.StartParamsValidatingActionExecuter.execute(StartParamsValidatingActionExecuter.java:29)
	at org.gradle.tooling.internal.provider.SessionFailureReportingActionExecuter.execute(SessionFailureReportingActionExecuter.java:55)
	at org.gradle.tooling.internal.provider.SessionFailureReportingActionExecuter.execute(SessionFailureReportingActionExecuter.java:42)
	at org.gradle.tooling.internal.provider.SetupLoggingActionExecuter.execute(SetupLoggingActionExecuter.java:58)
	at org.gradle.tooling.internal.provider.SetupLoggingActionExecuter.execute(SetupLoggingActionExecuter.java:33)
	at org.gradle.launcher.cli.RunBuildAction.run(RunBuildAction.java:51)
	at org.gradle.internal.Actions$RunnableActionAdapter.execute(Actions.java:173)
	at org.gradle.launcher.cli.CommandLineActionFactory$ParseAndBuildAction.execute(CommandLineActionFactory.java:287)
	at org.gradle.launcher.cli.CommandLineActionFactory$ParseAndBuildAction.execute(CommandLineActionFactory.java:260)
	at org.gradle.launcher.cli.JavaRuntimeValidationAction.execute(JavaRuntimeValidationAction.java:33)
	at org.gradle.launcher.cli.JavaRuntimeValidationAction.execute(JavaRuntimeValidationAction.java:24)
	at org.gradle.launcher.cli.ExceptionReportingAction.execute(ExceptionReportingAction.java:33)
	at org.gradle.launcher.cli.ExceptionReportingAction.execute(ExceptionReportingAction.java:22)
	at org.gradle.launcher.cli.CommandLineActionFactory$WithLogging.execute(CommandLineActionFactory.java:253)
	at org.gradle.launcher.cli.CommandLineActionFactory$WithLogging.execute(CommandLineActionFactory.java:182)
	at org.gradle.launcher.Main.doAction(Main.java:33)
	at org.gradle.launcher.bootstrap.EntryPoint.run(EntryPoint.java:45)
	at org.gradle.launcher.bootstrap.ProcessBootstrap.runNoExit(ProcessBootstrap.java:60)
	at org.gradle.launcher.bootstrap.ProcessBootstrap.run(ProcessBootstrap.java:37)
	at org.gradle.launcher.GradleMain.main(GradleMain.java:23)
	at org.gradle.wrapper.BootstrapMainStarter.start(BootstrapMainStarter.java:30)
	at org.gradle.wrapper.WrapperExecutor.execute(WrapperExecutor.java:129)
	at org.gradle.wrapper.GradleWrapperMain.main(GradleWrapperMain.java:61)
Caused by: java.lang.RuntimeException: No toolchains found in the NDK toolchains folder for ABI with prefix: mips64el-linux-android
	at com.android.build.gradle.internal.ndk.DefaultNdkInfo.getDefaultToolchainVersion(DefaultNdkInfo.java:441)
	at com.android.build.gradle.internal.ndk.DefaultNdkInfo.getToolchainPath(DefaultNdkInfo.java:284)
	at com.android.build.gradle.internal.ndk.DefaultNdkInfo.getStripExecutable(DefaultNdkInfo.java:410)
	at com.android.build.gradle.internal.ndk.NdkHandler.getStripExecutable(NdkHandler.java:459)
	at com.android.build.gradle.internal.transforms.StripDebugSymbolTransform.<init>(StripDebugSymbolTransform.java:89)
	at com.android.build.gradle.internal.TaskManager.createStripNativeLibraryTask(TaskManager.java:1718)
	at com.android.build.gradle.internal.ApplicationTaskManager.createTasksForVariantScope(ApplicationTaskManager.java:226)
	at com.android.build.gradle.internal.VariantManager.createTasksForVariantData(VariantManager.java:545)
	at com.android.build.gradle.internal.VariantManager.lambda$createAndroidTasks$1(VariantManager.java:355)
	at com.android.builder.profile.ThreadRecorder.record(ThreadRecorder.java:81)
	at com.android.build.gradle.internal.VariantManager.createAndroidTasks(VariantManager.java:351)
	at com.android.build.gradle.BasePlugin.lambda$createAndroidTasks$5(BasePlugin.java:641)
	at com.android.builder.profile.ThreadRecorder.record(ThreadRecorder.java:81)
	at com.android.build.gradle.BasePlugin.createAndroidTasks(BasePlugin.java:636)
	at com.android.build.gradle.BasePlugin.lambda$null$3(BasePlugin.java:555)
	at com.android.builder.profile.ThreadRecorder.record(ThreadRecorder.java:81)
	at com.android.build.gradle.BasePlugin.lambda$createTasks$4(BasePlugin.java:551)
	at org.gradle.internal.event.BroadcastDispatch$ActionInvocationHandler.dispatch(BroadcastDispatch.java:91)
	at org.gradle.internal.event.BroadcastDispatch$ActionInvocationHandler.dispatch(BroadcastDispatch.java:80)
	at org.gradle.internal.event.AbstractBroadcastDispatch.dispatch(AbstractBroadcastDispatch.java:42)
	at org.gradle.internal.event.BroadcastDispatch$SingletonDispatch.dispatch(BroadcastDispatch.java:230)
	at org.gradle.internal.event.BroadcastDispatch$SingletonDispatch.dispatch(BroadcastDispatch.java:149)
	at org.gradle.internal.event.AbstractBroadcastDispatch.dispatch(AbstractBroadcastDispatch.java:58)
	at org.gradle.internal.event.BroadcastDispatch$CompositeDispatch.dispatch(BroadcastDispatch.java:324)
	at org.gradle.internal.event.BroadcastDispatch$CompositeDispatch.dispatch(BroadcastDispatch.java:234)
	at org.gradle.internal.event.ListenerBroadcast.dispatch(ListenerBroadcast.java:140)
	at org.gradle.internal.event.ListenerBroadcast.dispatch(ListenerBroadcast.java:37)
	at org.gradle.internal.dispatch.ProxyDispatchAdapter$DispatchingInvocationHandler.invoke(ProxyDispatchAdapter.java:93)
	at com.sun.proxy.$Proxy22.afterEvaluate(Unknown Source)
	at org.gradle.configuration.project.LifecycleProjectEvaluator.notifyAfterEvaluate(LifecycleProjectEvaluator.java:75)
	... 85 more


* Get more help at https://help.gradle.org

BUILD FAILED in 10s

2019-06-10 14:09:43,807 INFO  ProjectTaskService - Detecting possible tasks...
2019-06-10 14:09:43,807 INFO  SysUtils - Execute command: [/var/folders/bq/vtzpc5ns5sg2cthy61lqpg3dfzgbys/T/1560150547590-0/src/PrivacyStreams-master/gradlew, -b, /var/folders/bq/vtzpc5ns5sg2cthy61lqpg3dfzgbys/T/1560150547590-0/src/PrivacyStreams-master/test/build.gradle, -Dorg.gradle.daemon=false, -Dorg.gradle.daemon.performance.enable-monitoring=false, -Dorg.gradle.configureondemand=true, tasks]
2019-06-10 14:09:55,028 ERROR ProjectTaskService - Could not detect possible Gradle tasks: Process exited with an error: 1 (Exit value: 1)
2019-06-10 14:09:55,028 INFO  ProjectTaskService - Detected possible tasks: 0
2019-06-10 14:09:55,028 INFO  ProjectTaskService - Excluded tasks (0): none
2019-06-10 14:09:55,029 INFO  SysUtils - Execute command: [/var/folders/bq/vtzpc5ns5sg2cthy61lqpg3dfzgbys/T/1560150547590-0/src/PrivacyStreams-master/gradlew, -b, /var/folders/bq/vtzpc5ns5sg2cthy61lqpg3dfzgbys/T/1560150547590-0/src/PrivacyStreams-master/test/build.gradle, -Dorg.gradle.daemon=false, -Dorg.gradle.daemon.performance.enable-monitoring=false, -Dorg.gradle.configureondemand=true, --stacktrace, build]
2019-06-10 14:10:05,247 ERROR SysUtils - Could not process external command
org.apache.commons.exec.ExecuteException: Process exited with an error: 1 (Exit value: 1)
	at org.apache.commons.exec.DefaultExecutor.executeInternal(DefaultExecutor.java:404)
	at org.apache.commons.exec.DefaultExecutor.execute(DefaultExecutor.java:166)
	at com.github.vbauer.apkmaster.util.SysUtils.execute(SysUtils.java:67)
	at com.github.vbauer.apkmaster.util.SysUtils.executeSimple(SysUtils.java:43)
	at com.github.vbauer.apkmaster.service.assembly.ProjectBuildService.buildProject(ProjectBuildService.java:78)
	at com.github.vbauer.apkmaster.service.assembly.ProjectBuildService.buildProject(ProjectBuildService.java:64)
	at com.github.vbauer.apkmaster.service.assembly.ProjectBuildService.buildProject(ProjectBuildService.java:43)
	at com.github.vbauer.apkmaster.service.FullProcessService.build(FullProcessService.java:84)
	at com.github.vbauer.apkmaster.service.FullProcessService.process(FullProcessService.java:34)
	at com.github.vbauer.apkmaster.app.MainApplication.process(MainApplication.java:38)
	at com.github.vbauer.apkmaster.app.MainApplication.main(MainApplication.java:20)
	at sun.reflect.NativeMethodAccessorImpl.invoke0(Native Method)
	at sun.reflect.NativeMethodAccessorImpl.invoke(NativeMethodAccessorImpl.java:62)
	at sun.reflect.DelegatingMethodAccessorImpl.invoke(DelegatingMethodAccessorImpl.java:43)
	at java.lang.reflect.Method.invoke(Method.java:498)
	at com.android.arsenal.util.ReflectionUtils.invoke(ReflectionUtils.java:52)
	at com.android.arsenal.util.ApkMasterUtils.main(ApkMasterUtils.java:30)
	at com.android.arsenal.service.processor.impl.BuildProcessorServiceImpl.buildProject(BuildProcessorServiceImpl.java:196)
	at com.android.arsenal.service.processor.impl.BuildProcessorServiceImpl.build(BuildProcessorServiceImpl.java:130)
	at com.android.arsenal.service.processor.impl.BuildProcessorServiceImpl.lambda$createTasks$1(BuildProcessorServiceImpl.java:113)
	at java.util.concurrent.FutureTask.run(FutureTask.java:266)
	at java.util.concurrent.Executors$RunnableAdapter.call(Executors.java:511)
	at java.util.concurrent.FutureTask.run(FutureTask.java:266)
	at java.util.concurrent.ThreadPoolExecutor.runWorker(ThreadPoolExecutor.java:1149)
	at java.util.concurrent.ThreadPoolExecutor$Worker.run(ThreadPoolExecutor.java:624)
	at java.lang.Thread.run(Thread.java:748)
2019-06-10 14:10:05,247 INFO  SysUtils - Configuration on demand is an incubating feature.
Configuration 'compile' in project ':test' is deprecated. Use 'implementation' instead.
Configuration 'androidTestCompile' in project ':test' is deprecated. Use 'androidTestImplementation' instead.
Configuration 'testCompile' in project ':test' is deprecated. Use 'testImplementation' instead.

FAILURE: Build failed with an exception.

* What went wrong:
A problem occurred configuring project ':test'.
> No toolchains found in the NDK toolchains folder for ABI with prefix: mips64el-linux-android

* Try:
Run with --info or --debug option to get more log output.

* Exception is:
org.gradle.api.ProjectConfigurationException: A problem occurred configuring project ':test'.
	at org.gradle.configuration.project.LifecycleProjectEvaluator.addConfigurationFailure(LifecycleProjectEvaluator.java:87)
	at org.gradle.configuration.project.LifecycleProjectEvaluator.notifyAfterEvaluate(LifecycleProjectEvaluator.java:82)
	at org.gradle.configuration.project.LifecycleProjectEvaluator.doConfigure(LifecycleProjectEvaluator.java:69)
	at org.gradle.configuration.project.LifecycleProjectEvaluator.access$100(LifecycleProjectEvaluator.java:33)
	at org.gradle.configuration.project.LifecycleProjectEvaluator$ConfigureProject.run(LifecycleProjectEvaluator.java:103)
	at org.gradle.internal.progress.DefaultBuildOperationExecutor$RunnableBuildOperationWorker.execute(DefaultBuildOperationExecutor.java:336)
	at org.gradle.internal.progress.DefaultBuildOperationExecutor$RunnableBuildOperationWorker.execute(DefaultBuildOperationExecutor.java:328)
	at org.gradle.internal.progress.DefaultBuildOperationExecutor.execute(DefaultBuildOperationExecutor.java:197)
	at org.gradle.internal.progress.DefaultBuildOperationExecutor.run(DefaultBuildOperationExecutor.java:107)
	at org.gradle.configuration.project.LifecycleProjectEvaluator.evaluate(LifecycleProjectEvaluator.java:49)
	at org.gradle.api.internal.project.DefaultProject.evaluate(DefaultProject.java:651)
	at org.gradle.api.internal.project.DefaultProject.evaluate(DefaultProject.java:133)
	at org.gradle.execution.TaskPathProjectEvaluator.configure(TaskPathProjectEvaluator.java:35)
	at org.gradle.execution.TaskPathProjectEvaluator.configureHierarchy(TaskPathProjectEvaluator.java:60)
	at org.gradle.execution.TaskSelector.getSelection(TaskSelector.java:100)
	at org.gradle.execution.TaskSelector.getSelection(TaskSelector.java:81)
	at org.gradle.execution.commandline.CommandLineTaskParser.parseTasks(CommandLineTaskParser.java:42)
	at org.gradle.execution.TaskNameResolvingBuildConfigurationAction.configure(TaskNameResolvingBuildConfigurationAction.java:44)
	at org.gradle.execution.DefaultBuildConfigurationActionExecuter.configure(DefaultBuildConfigurationActionExecuter.java:48)
	at org.gradle.execution.DefaultBuildConfigurationActionExecuter.access$000(DefaultBuildConfigurationActionExecuter.java:25)
	at org.gradle.execution.DefaultBuildConfigurationActionExecuter$1.proceed(DefaultBuildConfigurationActionExecuter.java:54)
	at org.gradle.execution.DefaultTasksBuildExecutionAction.configure(DefaultTasksBuildExecutionAction.java:44)
	at org.gradle.execution.DefaultBuildConfigurationActionExecuter.configure(DefaultBuildConfigurationActionExecuter.java:48)
	at org.gradle.execution.DefaultBuildConfigurationActionExecuter.access$000(DefaultBuildConfigurationActionExecuter.java:25)
	at org.gradle.execution.DefaultBuildConfigurationActionExecuter$1.proceed(DefaultBuildConfigurationActionExecuter.java:54)
	at org.gradle.execution.ExcludedTaskFilteringBuildConfigurationAction.configure(ExcludedTaskFilteringBuildConfigurationAction.java:47)
	at org.gradle.execution.DefaultBuildConfigurationActionExecuter.configure(DefaultBuildConfigurationActionExecuter.java:48)
	at org.gradle.execution.DefaultBuildConfigurationActionExecuter.select(DefaultBuildConfigurationActionExecuter.java:36)
	at org.gradle.initialization.DefaultGradleLauncher$CalculateTaskGraph.run(DefaultGradleLauncher.java:265)
	at org.gradle.internal.progress.DefaultBuildOperationExecutor$RunnableBuildOperationWorker.execute(DefaultBuildOperationExecutor.java:336)
	at org.gradle.internal.progress.DefaultBuildOperationExecutor$RunnableBuildOperationWorker.execute(DefaultBuildOperationExecutor.java:328)
	at org.gradle.internal.progress.DefaultBuildOperationExecutor.execute(DefaultBuildOperationExecutor.java:197)
	at org.gradle.internal.progress.DefaultBuildOperationExecutor.run(DefaultBuildOperationExecutor.java:107)
	at org.gradle.initialization.DefaultGradleLauncher.constructTaskGraph(DefaultGradleLauncher.java:173)
	at org.gradle.initialization.DefaultGradleLauncher.doBuildStages(DefaultGradleLauncher.java:128)
	at org.gradle.initialization.DefaultGradleLauncher.executeTasks(DefaultGradleLauncher.java:107)
	at org.gradle.internal.invocation.GradleBuildController$1.call(GradleBuildController.java:78)
	at org.gradle.internal.invocation.GradleBuildController$1.call(GradleBuildController.java:75)
	at org.gradle.internal.work.DefaultWorkerLeaseService.withLocks(DefaultWorkerLeaseService.java:152)
	at org.gradle.internal.invocation.GradleBuildController.doBuild(GradleBuildController.java:100)
	at org.gradle.internal.invocation.GradleBuildController.run(GradleBuildController.java:75)
	at org.gradle.tooling.internal.provider.ExecuteBuildActionRunner.run(ExecuteBuildActionRunner.java:28)
	at org.gradle.launcher.exec.ChainingBuildActionRunner.run(ChainingBuildActionRunner.java:35)
	at org.gradle.tooling.internal.provider.ValidatingBuildActionRunner.run(ValidatingBuildActionRunner.java:32)
	at org.gradle.launcher.exec.RunAsBuildOperationBuildActionRunner$1.run(RunAsBuildOperationBuildActionRunner.java:43)
	at org.gradle.internal.progress.DefaultBuildOperationExecutor$RunnableBuildOperationWorker.execute(DefaultBuildOperationExecutor.java:336)
	at org.gradle.internal.progress.DefaultBuildOperationExecutor$RunnableBuildOperationWorker.execute(DefaultBuildOperationExecutor.java:328)
	at org.gradle.internal.progress.DefaultBuildOperationExecutor.execute(DefaultBuildOperationExecutor.java:197)
	at org.gradle.internal.progress.DefaultBuildOperationExecutor.run(DefaultBuildOperationExecutor.java:107)
	at org.gradle.launcher.exec.RunAsBuildOperationBuildActionRunner.run(RunAsBuildOperationBuildActionRunner.java:40)
	at org.gradle.tooling.internal.provider.SubscribableBuildActionRunner.run(SubscribableBuildActionRunner.java:51)
	at org.gradle.launcher.exec.InProcessBuildActionExecuter.execute(InProcessBuildActionExecuter.java:45)
	at org.gradle.launcher.exec.InProcessBuildActionExecuter.execute(InProcessBuildActionExecuter.java:29)
	at org.gradle.launcher.exec.BuildTreeScopeBuildActionExecuter.execute(BuildTreeScopeBuildActionExecuter.java:39)
	at org.gradle.launcher.exec.BuildTreeScopeBuildActionExecuter.execute(BuildTreeScopeBuildActionExecuter.java:25)
	at org.gradle.tooling.internal.provider.ContinuousBuildActionExecuter.execute(ContinuousBuildActionExecuter.java:71)
	at org.gradle.tooling.internal.provider.ContinuousBuildActionExecuter.execute(ContinuousBuildActionExecuter.java:45)
	at org.gradle.tooling.internal.provider.ServicesSetupBuildActionExecuter.execute(ServicesSetupBuildActionExecuter.java:51)
	at org.gradle.tooling.internal.provider.ServicesSetupBuildActionExecuter.execute(ServicesSetupBuildActionExecuter.java:32)
	at org.gradle.tooling.internal.provider.GradleThreadBuildActionExecuter.execute(GradleThreadBuildActionExecuter.java:36)
	at org.gradle.tooling.internal.provider.GradleThreadBuildActionExecuter.execute(GradleThreadBuildActionExecuter.java:25)
	at org.gradle.tooling.internal.provider.ParallelismConfigurationBuildActionExecuter.execute(ParallelismConfigurationBuildActionExecuter.java:43)
	at org.gradle.tooling.internal.provider.ParallelismConfigurationBuildActionExecuter.execute(ParallelismConfigurationBuildActionExecuter.java:29)
	at org.gradle.tooling.internal.provider.StartParamsValidatingActionExecuter.execute(StartParamsValidatingActionExecuter.java:64)
	at org.gradle.tooling.internal.provider.StartParamsValidatingActionExecuter.execute(StartParamsValidatingActionExecuter.java:29)
	at org.gradle.tooling.internal.provider.SessionFailureReportingActionExecuter.execute(SessionFailureReportingActionExecuter.java:55)
	at org.gradle.tooling.internal.provider.SessionFailureReportingActionExecuter.execute(SessionFailureReportingActionExecuter.java:42)
	at org.gradle.tooling.internal.provider.SetupLoggingActionExecuter.execute(SetupLoggingActionExecuter.java:58)
	at org.gradle.tooling.internal.provider.SetupLoggingActionExecuter.execute(SetupLoggingActionExecuter.java:33)
	at org.gradle.launcher.cli.RunBuildAction.run(RunBuildAction.java:51)
	at org.gradle.internal.Actions$RunnableActionAdapter.execute(Actions.java:173)
	at org.gradle.launcher.cli.CommandLineActionFactory$ParseAndBuildAction.execute(CommandLineActionFactory.java:287)
	at org.gradle.launcher.cli.CommandLineActionFactory$ParseAndBuildAction.execute(CommandLineActionFactory.java:260)
	at org.gradle.launcher.cli.JavaRuntimeValidationAction.execute(JavaRuntimeValidationAction.java:33)
	at org.gradle.launcher.cli.JavaRuntimeValidationAction.execute(JavaRuntimeValidationAction.java:24)
	at org.gradle.launcher.cli.ExceptionReportingAction.execute(ExceptionReportingAction.java:33)
	at org.gradle.launcher.cli.ExceptionReportingAction.execute(ExceptionReportingAction.java:22)
	at org.gradle.launcher.cli.CommandLineActionFactory$WithLogging.execute(CommandLineActionFactory.java:253)
	at org.gradle.launcher.cli.CommandLineActionFactory$WithLogging.execute(CommandLineActionFactory.java:182)
	at org.gradle.launcher.Main.doAction(Main.java:33)
	at org.gradle.launcher.bootstrap.EntryPoint.run(EntryPoint.java:45)
	at org.gradle.launcher.bootstrap.ProcessBootstrap.runNoExit(ProcessBootstrap.java:60)
	at org.gradle.launcher.bootstrap.ProcessBootstrap.run(ProcessBootstrap.java:37)
	at org.gradle.launcher.GradleMain.main(GradleMain.java:23)
	at org.gradle.wrapper.BootstrapMainStarter.start(BootstrapMainStarter.java:30)
	at org.gradle.wrapper.WrapperExecutor.execute(WrapperExecutor.java:129)
	at org.gradle.wrapper.GradleWrapperMain.main(GradleWrapperMain.java:61)
Caused by: java.lang.RuntimeException: No toolchains found in the NDK toolchains folder for ABI with prefix: mips64el-linux-android
	at com.android.build.gradle.internal.ndk.DefaultNdkInfo.getDefaultToolchainVersion(DefaultNdkInfo.java:441)
	at com.android.build.gradle.internal.ndk.DefaultNdkInfo.getToolchainPath(DefaultNdkInfo.java:284)
	at com.android.build.gradle.internal.ndk.DefaultNdkInfo.getStripExecutable(DefaultNdkInfo.java:410)
	at com.android.build.gradle.internal.ndk.NdkHandler.getStripExecutable(NdkHandler.java:459)
	at com.android.build.gradle.internal.transforms.StripDebugSymbolTransform.<init>(StripDebugSymbolTransform.java:89)
	at com.android.build.gradle.internal.TaskManager.createStripNativeLibraryTask(TaskManager.java:1718)
	at com.android.build.gradle.internal.ApplicationTaskManager.createTasksForVariantScope(ApplicationTaskManager.java:226)
	at com.android.build.gradle.internal.VariantManager.createTasksForVariantData(VariantManager.java:545)
	at com.android.build.gradle.internal.VariantManager.lambda$createAndroidTasks$1(VariantManager.java:355)
	at com.android.builder.profile.ThreadRecorder.record(ThreadRecorder.java:81)
	at com.android.build.gradle.internal.VariantManager.createAndroidTasks(VariantManager.java:351)
	at com.android.build.gradle.BasePlugin.lambda$createAndroidTasks$5(BasePlugin.java:641)
	at com.android.builder.profile.ThreadRecorder.record(ThreadRecorder.java:81)
	at com.android.build.gradle.BasePlugin.createAndroidTasks(BasePlugin.java:636)
	at com.android.build.gradle.BasePlugin.lambda$null$3(BasePlugin.java:555)
	at com.android.builder.profile.ThreadRecorder.record(ThreadRecorder.java:81)
	at com.android.build.gradle.BasePlugin.lambda$createTasks$4(BasePlugin.java:551)
	at org.gradle.internal.event.BroadcastDispatch$ActionInvocationHandler.dispatch(BroadcastDispatch.java:91)
	at org.gradle.internal.event.BroadcastDispatch$ActionInvocationHandler.dispatch(BroadcastDispatch.java:80)
	at org.gradle.internal.event.AbstractBroadcastDispatch.dispatch(AbstractBroadcastDispatch.java:42)
	at org.gradle.internal.event.BroadcastDispatch$SingletonDispatch.dispatch(BroadcastDispatch.java:230)
	at org.gradle.internal.event.BroadcastDispatch$SingletonDispatch.dispatch(BroadcastDispatch.java:149)
	at org.gradle.internal.event.AbstractBroadcastDispatch.dispatch(AbstractBroadcastDispatch.java:58)
	at org.gradle.internal.event.BroadcastDispatch$CompositeDispatch.dispatch(BroadcastDispatch.java:324)
	at org.gradle.internal.event.BroadcastDispatch$CompositeDispatch.dispatch(BroadcastDispatch.java:234)
	at org.gradle.internal.event.ListenerBroadcast.dispatch(ListenerBroadcast.java:140)
	at org.gradle.internal.event.ListenerBroadcast.dispatch(ListenerBroadcast.java:37)
	at org.gradle.internal.dispatch.ProxyDispatchAdapter$DispatchingInvocationHandler.invoke(ProxyDispatchAdapter.java:93)
	at com.sun.proxy.$Proxy22.afterEvaluate(Unknown Source)
	at org.gradle.configuration.project.LifecycleProjectEvaluator.notifyAfterEvaluate(LifecycleProjectEvaluator.java:75)
	... 85 more


* Get more help at https://help.gradle.org

BUILD FAILED in 9s

2019-06-10 14:10:05,259 INFO  ProjectTaskService - Detecting possible tasks...
2019-06-10 14:10:05,260 INFO  SysUtils - Execute command: [/var/folders/bq/vtzpc5ns5sg2cthy61lqpg3dfzgbys/T/1560150547590-0/src/PrivacyStreams-master/gradlew, -b, /var/folders/bq/vtzpc5ns5sg2cthy61lqpg3dfzgbys/T/1560150547590-0/src/PrivacyStreams-master/build.gradle, -Dorg.gradle.daemon=false, -Dorg.gradle.daemon.performance.enable-monitoring=false, -Dorg.gradle.configureondemand=true, tasks]
2019-06-10 14:10:20,294 ERROR ProjectTaskService - Could not detect possible Gradle tasks: Process exited with an error: 1 (Exit value: 1)
2019-06-10 14:10:20,295 INFO  ProjectTaskService - Detected possible tasks: 0
2019-06-10 14:10:20,295 INFO  ProjectTaskService - Excluded tasks (0): none
2019-06-10 14:10:20,295 INFO  SysUtils - Execute command: [/var/folders/bq/vtzpc5ns5sg2cthy61lqpg3dfzgbys/T/1560150547590-0/src/PrivacyStreams-master/gradlew, -b, /var/folders/bq/vtzpc5ns5sg2cthy61lqpg3dfzgbys/T/1560150547590-0/src/PrivacyStreams-master/build.gradle, -Dorg.gradle.daemon=false, -Dorg.gradle.daemon.performance.enable-monitoring=false, -Dorg.gradle.configureondemand=true, --stacktrace, build]
2019-06-10 14:10:34,756 ERROR SysUtils - Could not process external command
org.apache.commons.exec.ExecuteException: Process exited with an error: 1 (Exit value: 1)
	at org.apache.commons.exec.DefaultExecutor.executeInternal(DefaultExecutor.java:404)
	at org.apache.commons.exec.DefaultExecutor.execute(DefaultExecutor.java:166)
	at com.github.vbauer.apkmaster.util.SysUtils.execute(SysUtils.java:67)
	at com.github.vbauer.apkmaster.util.SysUtils.executeSimple(SysUtils.java:43)
	at com.github.vbauer.apkmaster.service.assembly.ProjectBuildService.buildProject(ProjectBuildService.java:78)
	at com.github.vbauer.apkmaster.service.assembly.ProjectBuildService.buildProject(ProjectBuildService.java:64)
	at com.github.vbauer.apkmaster.service.assembly.ProjectBuildService.buildProject(ProjectBuildService.java:43)
	at com.github.vbauer.apkmaster.service.FullProcessService.build(FullProcessService.java:84)
	at com.github.vbauer.apkmaster.service.FullProcessService.process(FullProcessService.java:34)
	at com.github.vbauer.apkmaster.app.MainApplication.process(MainApplication.java:38)
	at com.github.vbauer.apkmaster.app.MainApplication.main(MainApplication.java:20)
	at sun.reflect.NativeMethodAccessorImpl.invoke0(Native Method)
	at sun.reflect.NativeMethodAccessorImpl.invoke(NativeMethodAccessorImpl.java:62)
	at sun.reflect.DelegatingMethodAccessorImpl.invoke(DelegatingMethodAccessorImpl.java:43)
	at java.lang.reflect.Method.invoke(Method.java:498)
	at com.android.arsenal.util.ReflectionUtils.invoke(ReflectionUtils.java:52)
	at com.android.arsenal.util.ApkMasterUtils.main(ApkMasterUtils.java:30)
	at com.android.arsenal.service.processor.impl.BuildProcessorServiceImpl.buildProject(BuildProcessorServiceImpl.java:196)
	at com.android.arsenal.service.processor.impl.BuildProcessorServiceImpl.build(BuildProcessorServiceImpl.java:130)
	at com.android.arsenal.service.processor.impl.BuildProcessorServiceImpl.lambda$createTasks$1(BuildProcessorServiceImpl.java:113)
	at java.util.concurrent.FutureTask.run(FutureTask.java:266)
	at java.util.concurrent.Executors$RunnableAdapter.call(Executors.java:511)
	at java.util.concurrent.FutureTask.run(FutureTask.java:266)
	at java.util.concurrent.ThreadPoolExecutor.runWorker(ThreadPoolExecutor.java:1149)
	at java.util.concurrent.ThreadPoolExecutor$Worker.run(ThreadPoolExecutor.java:624)
	at java.lang.Thread.run(Thread.java:748)
2019-06-10 14:10:34,756 INFO  SysUtils - Configuration on demand is an incubating feature.
Configuration 'androidTestCompile' in project ':privacystreams-android-sdk' is deprecated. Use 'androidTestImplementation' instead.
Configuration 'testCompile' in project ':privacystreams-android-sdk' is deprecated. Use 'testImplementation' instead.
Configuration 'compile' in project ':privacystreams-android-sdk' is deprecated. Use 'implementation' instead.
Configuration 'provided' in project ':privacystreams-android-sdk' is deprecated. Use 'compileOnly' instead.

FAILURE: Build failed with an exception.

* What went wrong:
A problem occurred configuring project ':privacystreams-android-sdk'.
> No toolchains found in the NDK toolchains folder for ABI with prefix: mips64el-linux-android

* Try:
Run with --info or --debug option to get more log output.

* Exception is:
org.gradle.api.ProjectConfigurationException: A problem occurred configuring project ':privacystreams-android-sdk'.
	at org.gradle.configuration.project.LifecycleProjectEvaluator.addConfigurationFailure(LifecycleProjectEvaluator.java:87)
	at org.gradle.configuration.project.LifecycleProjectEvaluator.notifyAfterEvaluate(LifecycleProjectEvaluator.java:82)
	at org.gradle.configuration.project.LifecycleProjectEvaluator.doConfigure(LifecycleProjectEvaluator.java:69)
	at org.gradle.configuration.project.LifecycleProjectEvaluator.access$100(LifecycleProjectEvaluator.java:33)
	at org.gradle.configuration.project.LifecycleProjectEvaluator$ConfigureProject.run(LifecycleProjectEvaluator.java:103)
	at org.gradle.internal.progress.DefaultBuildOperationExecutor$RunnableBuildOperationWorker.execute(DefaultBuildOperationExecutor.java:336)
	at org.gradle.internal.progress.DefaultBuildOperationExecutor$RunnableBuildOperationWorker.execute(DefaultBuildOperationExecutor.java:328)
	at org.gradle.internal.progress.DefaultBuildOperationExecutor.execute(DefaultBuildOperationExecutor.java:197)
	at org.gradle.internal.progress.DefaultBuildOperationExecutor.run(DefaultBuildOperationExecutor.java:107)
	at org.gradle.configuration.project.LifecycleProjectEvaluator.evaluate(LifecycleProjectEvaluator.java:49)
	at org.gradle.api.internal.project.DefaultProject.evaluate(DefaultProject.java:651)
	at org.gradle.api.internal.project.DefaultProject.evaluate(DefaultProject.java:133)
	at org.gradle.execution.TaskPathProjectEvaluator.configure(TaskPathProjectEvaluator.java:35)
	at org.gradle.execution.TaskPathProjectEvaluator.configureHierarchy(TaskPathProjectEvaluator.java:62)
	at org.gradle.execution.TaskSelector.getSelection(TaskSelector.java:100)
	at org.gradle.execution.TaskSelector.getSelection(TaskSelector.java:81)
	at org.gradle.execution.commandline.CommandLineTaskParser.parseTasks(CommandLineTaskParser.java:42)
	at org.gradle.execution.TaskNameResolvingBuildConfigurationAction.configure(TaskNameResolvingBuildConfigurationAction.java:44)
	at org.gradle.execution.DefaultBuildConfigurationActionExecuter.configure(DefaultBuildConfigurationActionExecuter.java:48)
	at org.gradle.execution.DefaultBuildConfigurationActionExecuter.access$000(DefaultBuildConfigurationActionExecuter.java:25)
	at org.gradle.execution.DefaultBuildConfigurationActionExecuter$1.proceed(DefaultBuildConfigurationActionExecuter.java:54)
	at org.gradle.execution.DefaultTasksBuildExecutionAction.configure(DefaultTasksBuildExecutionAction.java:44)
	at org.gradle.execution.DefaultBuildConfigurationActionExecuter.configure(DefaultBuildConfigurationActionExecuter.java:48)
	at org.gradle.execution.DefaultBuildConfigurationActionExecuter.access$000(DefaultBuildConfigurationActionExecuter.java:25)
	at org.gradle.execution.DefaultBuildConfigurationActionExecuter$1.proceed(DefaultBuildConfigurationActionExecuter.java:54)
	at org.gradle.execution.ExcludedTaskFilteringBuildConfigurationAction.configure(ExcludedTaskFilteringBuildConfigurationAction.java:47)
	at org.gradle.execution.DefaultBuildConfigurationActionExecuter.configure(DefaultBuildConfigurationActionExecuter.java:48)
	at org.gradle.execution.DefaultBuildConfigurationActionExecuter.select(DefaultBuildConfigurationActionExecuter.java:36)
	at org.gradle.initialization.DefaultGradleLauncher$CalculateTaskGraph.run(DefaultGradleLauncher.java:265)
	at org.gradle.internal.progress.DefaultBuildOperationExecutor$RunnableBuildOperationWorker.execute(DefaultBuildOperationExecutor.java:336)
	at org.gradle.internal.progress.DefaultBuildOperationExecutor$RunnableBuildOperationWorker.execute(DefaultBuildOperationExecutor.java:328)
	at org.gradle.internal.progress.DefaultBuildOperationExecutor.execute(DefaultBuildOperationExecutor.java:197)
	at org.gradle.internal.progress.DefaultBuildOperationExecutor.run(DefaultBuildOperationExecutor.java:107)
	at org.gradle.initialization.DefaultGradleLauncher.constructTaskGraph(DefaultGradleLauncher.java:173)
	at org.gradle.initialization.DefaultGradleLauncher.doBuildStages(DefaultGradleLauncher.java:128)
	at org.gradle.initialization.DefaultGradleLauncher.executeTasks(DefaultGradleLauncher.java:107)
	at org.gradle.internal.invocation.GradleBuildController$1.call(GradleBuildController.java:78)
	at org.gradle.internal.invocation.GradleBuildController$1.call(GradleBuildController.java:75)
	at org.gradle.internal.work.DefaultWorkerLeaseService.withLocks(DefaultWorkerLeaseService.java:152)
	at org.gradle.internal.invocation.GradleBuildController.doBuild(GradleBuildController.java:100)
	at org.gradle.internal.invocation.GradleBuildController.run(GradleBuildController.java:75)
	at org.gradle.tooling.internal.provider.ExecuteBuildActionRunner.run(ExecuteBuildActionRunner.java:28)
	at org.gradle.launcher.exec.ChainingBuildActionRunner.run(ChainingBuildActionRunner.java:35)
	at org.gradle.tooling.internal.provider.ValidatingBuildActionRunner.run(ValidatingBuildActionRunner.java:32)
	at org.gradle.launcher.exec.RunAsBuildOperationBuildActionRunner$1.run(RunAsBuildOperationBuildActionRunner.java:43)
	at org.gradle.internal.progress.DefaultBuildOperationExecutor$RunnableBuildOperationWorker.execute(DefaultBuildOperationExecutor.java:336)
	at org.gradle.internal.progress.DefaultBuildOperationExecutor$RunnableBuildOperationWorker.execute(DefaultBuildOperationExecutor.java:328)
	at org.gradle.internal.progress.DefaultBuildOperationExecutor.execute(DefaultBuildOperationExecutor.java:197)
	at org.gradle.internal.progress.DefaultBuildOperationExecutor.run(DefaultBuildOperationExecutor.java:107)
	at org.gradle.launcher.exec.RunAsBuildOperationBuildActionRunner.run(RunAsBuildOperationBuildActionRunner.java:40)
	at org.gradle.tooling.internal.provider.SubscribableBuildActionRunner.run(SubscribableBuildActionRunner.java:51)
	at org.gradle.launcher.exec.InProcessBuildActionExecuter.execute(InProcessBuildActionExecuter.java:45)
	at org.gradle.launcher.exec.InProcessBuildActionExecuter.execute(InProcessBuildActionExecuter.java:29)
	at org.gradle.launcher.exec.BuildTreeScopeBuildActionExecuter.execute(BuildTreeScopeBuildActionExecuter.java:39)
	at org.gradle.launcher.exec.BuildTreeScopeBuildActionExecuter.execute(BuildTreeScopeBuildActionExecuter.java:25)
	at org.gradle.tooling.internal.provider.ContinuousBuildActionExecuter.execute(ContinuousBuildActionExecuter.java:71)
	at org.gradle.tooling.internal.provider.ContinuousBuildActionExecuter.execute(ContinuousBuildActionExecuter.java:45)
	at org.gradle.tooling.internal.provider.ServicesSetupBuildActionExecuter.execute(ServicesSetupBuildActionExecuter.java:51)
	at org.gradle.tooling.internal.provider.ServicesSetupBuildActionExecuter.execute(ServicesSetupBuildActionExecuter.java:32)
	at org.gradle.tooling.internal.provider.GradleThreadBuildActionExecuter.execute(GradleThreadBuildActionExecuter.java:36)
	at org.gradle.tooling.internal.provider.GradleThreadBuildActionExecuter.execute(GradleThreadBuildActionExecuter.java:25)
	at org.gradle.tooling.internal.provider.ParallelismConfigurationBuildActionExecuter.execute(ParallelismConfigurationBuildActionExecuter.java:43)
	at org.gradle.tooling.internal.provider.ParallelismConfigurationBuildActionExecuter.execute(ParallelismConfigurationBuildActionExecuter.java:29)
	at org.gradle.tooling.internal.provider.StartParamsValidatingActionExecuter.execute(StartParamsValidatingActionExecuter.java:64)
	at org.gradle.tooling.internal.provider.StartParamsValidatingActionExecuter.execute(StartParamsValidatingActionExecuter.java:29)
	at org.gradle.tooling.internal.provider.SessionFailureReportingActionExecuter.execute(SessionFailureReportingActionExecuter.java:55)
	at org.gradle.tooling.internal.provider.SessionFailureReportingActionExecuter.execute(SessionFailureReportingActionExecuter.java:42)
	at org.gradle.tooling.internal.provider.SetupLoggingActionExecuter.execute(SetupLoggingActionExecuter.java:58)
	at org.gradle.tooling.internal.provider.SetupLoggingActionExecuter.execute(SetupLoggingActionExecuter.java:33)
	at org.gradle.launcher.cli.RunBuildAction.run(RunBuildAction.java:51)
	at org.gradle.internal.Actions$RunnableActionAdapter.execute(Actions.java:173)
	at org.gradle.launcher.cli.CommandLineActionFactory$ParseAndBuildAction.execute(CommandLineActionFactory.java:287)
	at org.gradle.launcher.cli.CommandLineActionFactory$ParseAndBuildAction.execute(CommandLineActionFactory.java:260)
	at org.gradle.launcher.cli.JavaRuntimeValidationAction.execute(JavaRuntimeValidationAction.java:33)
	at org.gradle.launcher.cli.JavaRuntimeValidationAction.execute(JavaRuntimeValidationAction.java:24)
	at org.gradle.launcher.cli.ExceptionReportingAction.execute(ExceptionReportingAction.java:33)
	at org.gradle.launcher.cli.ExceptionReportingAction.execute(ExceptionReportingAction.java:22)
	at org.gradle.launcher.cli.CommandLineActionFactory$WithLogging.execute(CommandLineActionFactory.java:253)
	at org.gradle.launcher.cli.CommandLineActionFactory$WithLogging.execute(CommandLineActionFactory.java:182)
	at org.gradle.launcher.Main.doAction(Main.java:33)
	at org.gradle.launcher.bootstrap.EntryPoint.run(EntryPoint.java:45)
	at org.gradle.launcher.bootstrap.ProcessBootstrap.runNoExit(ProcessBootstrap.java:60)
	at org.gradle.launcher.bootstrap.ProcessBootstrap.run(ProcessBootstrap.java:37)
	at org.gradle.launcher.GradleMain.main(GradleMain.java:23)
	at org.gradle.wrapper.BootstrapMainStarter.start(BootstrapMainStarter.java:30)
	at org.gradle.wrapper.WrapperExecutor.execute(WrapperExecutor.java:129)
	at org.gradle.wrapper.GradleWrapperMain.main(GradleWrapperMain.java:61)
Caused by: java.lang.RuntimeException: No toolchains found in the NDK toolchains folder for ABI with prefix: mips64el-linux-android
	at com.android.build.gradle.internal.ndk.DefaultNdkInfo.getDefaultToolchainVersion(DefaultNdkInfo.java:441)
	at com.android.build.gradle.internal.ndk.DefaultNdkInfo.getToolchainPath(DefaultNdkInfo.java:284)
	at com.android.build.gradle.internal.ndk.DefaultNdkInfo.getStripExecutable(DefaultNdkInfo.java:410)
	at com.android.build.gradle.internal.ndk.NdkHandler.getStripExecutable(NdkHandler.java:459)
	at com.android.build.gradle.internal.transforms.StripDebugSymbolTransform.<init>(StripDebugSymbolTransform.java:89)
	at com.android.build.gradle.internal.TaskManager.createStripNativeLibraryTask(TaskManager.java:1718)
	at com.android.build.gradle.internal.LibraryTaskManager.createTasksForVariantScope(LibraryTaskManager.java:275)
	at com.android.build.gradle.internal.VariantManager.createTasksForVariantData(VariantManager.java:545)
	at com.android.build.gradle.internal.VariantManager.lambda$createAndroidTasks$1(VariantManager.java:355)
	at com.android.builder.profile.ThreadRecorder.record(ThreadRecorder.java:81)
	at com.android.build.gradle.internal.VariantManager.createAndroidTasks(VariantManager.java:351)
	at com.android.build.gradle.BasePlugin.lambda$createAndroidTasks$5(BasePlugin.java:641)
	at com.android.builder.profile.ThreadRecorder.record(ThreadRecorder.java:81)
	at com.android.build.gradle.BasePlugin.createAndroidTasks(BasePlugin.java:636)
	at com.android.build.gradle.BasePlugin.lambda$null$3(BasePlugin.java:555)
	at com.android.builder.profile.ThreadRecorder.record(ThreadRecorder.java:81)
	at com.android.build.gradle.BasePlugin.lambda$createTasks$4(BasePlugin.java:551)
	at org.gradle.internal.event.BroadcastDispatch$ActionInvocationHandler.dispatch(BroadcastDispatch.java:91)
	at org.gradle.internal.event.BroadcastDispatch$ActionInvocationHandler.dispatch(BroadcastDispatch.java:80)
	at org.gradle.internal.event.AbstractBroadcastDispatch.dispatch(AbstractBroadcastDispatch.java:42)
	at org.gradle.internal.event.BroadcastDispatch$SingletonDispatch.dispatch(BroadcastDispatch.java:230)
	at org.gradle.internal.event.BroadcastDispatch$SingletonDispatch.dispatch(BroadcastDispatch.java:149)
	at org.gradle.internal.event.AbstractBroadcastDispatch.dispatch(AbstractBroadcastDispatch.java:58)
	at org.gradle.internal.event.BroadcastDispatch$CompositeDispatch.dispatch(BroadcastDispatch.java:324)
	at org.gradle.internal.event.BroadcastDispatch$CompositeDispatch.dispatch(BroadcastDispatch.java:234)
	at org.gradle.internal.event.ListenerBroadcast.dispatch(ListenerBroadcast.java:140)
	at org.gradle.internal.event.ListenerBroadcast.dispatch(ListenerBroadcast.java:37)
	at org.gradle.internal.dispatch.ProxyDispatchAdapter$DispatchingInvocationHandler.invoke(ProxyDispatchAdapter.java:93)
	at com.sun.proxy.$Proxy23.afterEvaluate(Unknown Source)
	at org.gradle.configuration.project.LifecycleProjectEvaluator.notifyAfterEvaluate(LifecycleProjectEvaluator.java:75)
	... 85 more


* Get more help at https://help.gradle.org

BUILD FAILED in 13s

2019-06-10 14:10:34,779 INFO  ProjectTaskService - Detecting possible tasks...
2019-06-10 14:10:34,779 INFO  SysUtils - Execute command: [/var/folders/bq/vtzpc5ns5sg2cthy61lqpg3dfzgbys/T/1560150547590-0/src/PrivacyStreams-master/gradlew, -b, /var/folders/bq/vtzpc5ns5sg2cthy61lqpg3dfzgbys/T/1560150547590-0/src/PrivacyStreams-master/doclet/build.gradle, -Dorg.gradle.daemon=false, -Dorg.gradle.daemon.performance.enable-monitoring=false, -Dorg.gradle.configureondemand=true, tasks]
2019-06-10 14:10:40,921 INFO  ProjectTaskService - Detected possible tasks: 39
2019-06-10 14:10:40,922 INFO  ProjectTaskService - Excluded tasks (3): test check javadoc
2019-06-10 14:10:40,922 INFO  SysUtils - Execute command: [/var/folders/bq/vtzpc5ns5sg2cthy61lqpg3dfzgbys/T/1560150547590-0/src/PrivacyStreams-master/gradlew, -b, /var/folders/bq/vtzpc5ns5sg2cthy61lqpg3dfzgbys/T/1560150547590-0/src/PrivacyStreams-master/doclet/build.gradle, -Dorg.gradle.daemon=false, -Dorg.gradle.daemon.performance.enable-monitoring=false, -Dorg.gradle.configureondemand=true, --stacktrace, -x, test, -x, check, -x, javadoc, build]
2019-06-10 14:10:47,976 ERROR SysUtils - Could not process external command
org.apache.commons.exec.ExecuteException: Process exited with an error: 1 (Exit value: 1)
	at org.apache.commons.exec.DefaultExecutor.executeInternal(DefaultExecutor.java:404)
	at org.apache.commons.exec.DefaultExecutor.execute(DefaultExecutor.java:166)
	at com.github.vbauer.apkmaster.util.SysUtils.execute(SysUtils.java:67)
	at com.github.vbauer.apkmaster.util.SysUtils.executeSimple(SysUtils.java:43)
	at com.github.vbauer.apkmaster.service.assembly.ProjectBuildService.buildProject(ProjectBuildService.java:78)
	at com.github.vbauer.apkmaster.service.assembly.ProjectBuildService.buildProject(ProjectBuildService.java:64)
	at com.github.vbauer.apkmaster.service.assembly.ProjectBuildService.buildProject(ProjectBuildService.java:43)
	at com.github.vbauer.apkmaster.service.FullProcessService.build(FullProcessService.java:84)
	at com.github.vbauer.apkmaster.service.FullProcessService.process(FullProcessService.java:34)
	at com.github.vbauer.apkmaster.app.MainApplication.process(MainApplication.java:38)
	at com.github.vbauer.apkmaster.app.MainApplication.main(MainApplication.java:20)
	at sun.reflect.NativeMethodAccessorImpl.invoke0(Native Method)
	at sun.reflect.NativeMethodAccessorImpl.invoke(NativeMethodAccessorImpl.java:62)
	at sun.reflect.DelegatingMethodAccessorImpl.invoke(DelegatingMethodAccessorImpl.java:43)
	at java.lang.reflect.Method.invoke(Method.java:498)
	at com.android.arsenal.util.ReflectionUtils.invoke(ReflectionUtils.java:52)
	at com.android.arsenal.util.ApkMasterUtils.main(ApkMasterUtils.java:30)
	at com.android.arsenal.service.processor.impl.BuildProcessorServiceImpl.buildProject(BuildProcessorServiceImpl.java:196)
	at com.android.arsenal.service.processor.impl.BuildProcessorServiceImpl.build(BuildProcessorServiceImpl.java:130)
	at com.android.arsenal.service.processor.impl.BuildProcessorServiceImpl.lambda$createTasks$1(BuildProcessorServiceImpl.java:113)
	at java.util.concurrent.FutureTask.run(FutureTask.java:266)
	at java.util.concurrent.Executors$RunnableAdapter.call(Executors.java:511)
	at java.util.concurrent.FutureTask.run(FutureTask.java:266)
	at java.util.concurrent.ThreadPoolExecutor.runWorker(ThreadPoolExecutor.java:1149)
	at java.util.concurrent.ThreadPoolExecutor$Worker.run(ThreadPoolExecutor.java:624)
	at java.lang.Thread.run(Thread.java:748)
2019-06-10 14:10:47,977 INFO  SysUtils - Configuration on demand is an incubating feature.
:doclet:compileJava/private/var/folders/bq/vtzpc5ns5sg2cthy61lqpg3dfzgbys/T/1560150547590-0/src/PrivacyStreams-master/doclet/src/main/java/io/github/privacystreams/doclet/PSPipelineDoc.java:3: error: package com.sun.javadoc does not exist
import com.sun.javadoc.AnnotationDesc;
                      ^
/private/var/folders/bq/vtzpc5ns5sg2cthy61lqpg3dfzgbys/T/1560150547590-0/src/PrivacyStreams-master/doclet/src/main/java/io/github/privacystreams/doclet/PSPipelineDoc.java:4: error: package com.sun.javadoc does not exist
import com.sun.javadoc.AnnotationTypeDoc;
                      ^
/private/var/folders/bq/vtzpc5ns5sg2cthy61lqpg3dfzgbys/T/1560150547590-0/src/PrivacyStreams-master/doclet/src/main/java/io/github/privacystreams/doclet/PSPipelineDoc.java:5: error: package com.sun.javadoc does not exist
import com.sun.javadoc.ClassDoc;
                      ^
/private/var/folders/bq/vtzpc5ns5sg2cthy61lqpg3dfzgbys/T/1560150547590-0/src/PrivacyStreams-master/doclet/src/main/java/io/github/privacystreams/doclet/PSPipelineDoc.java:6: error: package com.sun.javadoc does not exist
import com.sun.javadoc.MethodDoc;
                      ^
/private/var/folders/bq/vtzpc5ns5sg2cthy61lqpg3dfzgbys/T/1560150547590-0/src/PrivacyStreams-master/doclet/src/main/java/io/github/privacystreams/doclet/PSPipelineDoc.java:7: error: package com.sun.javadoc does not exist
import com.sun.javadoc.Parameter;
                      ^
/private/var/folders/bq/vtzpc5ns5sg2cthy61lqpg3dfzgbys/T/1560150547590-0/src/PrivacyStreams-master/doclet/src/main/java/io/github/privacystreams/doclet/PSPipelineDoc.java:8: error: package com.sun.javadoc does not exist
import com.sun.javadoc.Tag;
                      ^
/private/var/folders/bq/vtzpc5ns5sg2cthy61lqpg3dfzgbys/T/1560150547590-0/src/PrivacyStreams-master/doclet/src/main/java/io/github/privacystreams/doclet/PSPipelineDoc.java:9: error: package com.sun.javadoc does not exist
import com.sun.javadoc.Type;
                      ^
/private/var/folders/bq/vtzpc5ns5sg2cthy61lqpg3dfzgbys/T/1560150547590-0/src/PrivacyStreams-master/doclet/src/main/java/io/github/privacystreams/doclet/PSPipelineDoc.java:24: error: cannot find symbol
    ClassDoc declaringClassDoc;
    ^
  symbol:   class ClassDoc
  location: class PSPipelineDoc
/private/var/folders/bq/vtzpc5ns5sg2cthy61lqpg3dfzgbys/T/1560150547590-0/src/PrivacyStreams-master/doclet/src/main/java/io/github/privacystreams/doclet/PSPipelineDoc.java:25: error: cannot find symbol
    MethodDoc methodDoc;
    ^
  symbol:   class MethodDoc
  location: class PSPipelineDoc
/private/var/folders/bq/vtzpc5ns5sg2cthy61lqpg3dfzgbys/T/1560150547590-0/src/PrivacyStreams-master/doclet/src/main/java/io/github/privacystreams/doclet/PSPipelineDoc.java:32: error: cannot find symbol
    Type returnType;
    ^
  symbol:   class Type
  location: class PSPipelineDoc
/private/var/folders/bq/vtzpc5ns5sg2cthy61lqpg3dfzgbys/T/1560150547590-0/src/PrivacyStreams-master/doclet/src/main/java/io/github/privacystreams/doclet/PSPipelineDoc.java:33: error: cannot find symbol
    Type inputType;
    ^
  symbol:   class Type
  location: class PSPipelineDoc
/private/var/folders/bq/vtzpc5ns5sg2cthy61lqpg3dfzgbys/T/1560150547590-0/src/PrivacyStreams-master/doclet/src/main/java/io/github/privacystreams/doclet/PSPipelineDoc.java:34: error: cannot find symbol
    Type outputType;
    ^
  symbol:   class Type
  location: class PSPipelineDoc
/private/var/folders/bq/vtzpc5ns5sg2cthy61lqpg3dfzgbys/T/1560150547590-0/src/PrivacyStreams-master/doclet/src/main/java/io/github/privacystreams/doclet/PSPipelineDoc.java:36: error: cannot find symbol
    private PSPipelineDoc(ClassDoc classDoc, MethodDoc methodDoc, AnnotationDesc annotation, int type) {
                          ^
  symbol:   class ClassDoc
  location: class PSPipelineDoc
/private/var/folders/bq/vtzpc5ns5sg2cthy61lqpg3dfzgbys/T/1560150547590-0/src/PrivacyStreams-master/doclet/src/main/java/io/github/privacystreams/doclet/PSPipelineDoc.java:36: error: cannot find symbol
    private PSPipelineDoc(ClassDoc classDoc, MethodDoc methodDoc, AnnotationDesc annotation, int type) {
                                             ^
  symbol:   class MethodDoc
  location: class PSPipelineDoc
/private/var/folders/bq/vtzpc5ns5sg2cthy61lqpg3dfzgbys/T/1560150547590-0/src/PrivacyStreams-master/doclet/src/main/java/io/github/privacystreams/doclet/PSPipelineDoc.java:36: error: cannot find symbol
    private PSPipelineDoc(ClassDoc classDoc, MethodDoc methodDoc, AnnotationDesc annotation, int type) {
                                                                  ^
  symbol:   class AnnotationDesc
  location: class PSPipelineDoc
/private/var/folders/bq/vtzpc5ns5sg2cthy61lqpg3dfzgbys/T/1560150547590-0/src/PrivacyStreams-master/doclet/src/main/java/io/github/privacystreams/doclet/PSPipelineDoc.java:89: error: cannot find symbol
    public static PSPipelineDoc build(ClassDoc classDoc, MethodDoc methodDoc) {
                                      ^
  symbol:   class ClassDoc
  location: class PSPipelineDoc
/private/var/folders/bq/vtzpc5ns5sg2cthy61lqpg3dfzgbys/T/1560150547590-0/src/PrivacyStreams-master/doclet/src/main/java/io/github/privacystreams/doclet/PSPipelineDoc.java:89: error: cannot find symbol
    public static PSPipelineDoc build(ClassDoc classDoc, MethodDoc methodDoc) {
                                                         ^
  symbol:   class MethodDoc
  location: class PSPipelineDoc
/private/var/folders/bq/vtzpc5ns5sg2cthy61lqpg3dfzgbys/T/1560150547590-0/src/PrivacyStreams-master/doclet/src/main/java/io/github/privacystreams/doclet/PSItemFieldDoc.java:3: error: package com.sun.javadoc does not exist
import com.sun.javadoc.AnnotationDesc;
                      ^
/private/var/folders/bq/vtzpc5ns5sg2cthy61lqpg3dfzgbys/T/1560150547590-0/src/PrivacyStreams-master/doclet/src/main/java/io/github/privacystreams/doclet/PSItemFieldDoc.java:4: error: package com.sun.javadoc does not exist
import com.sun.javadoc.AnnotationTypeDoc;
                      ^
/private/var/folders/bq/vtzpc5ns5sg2cthy61lqpg3dfzgbys/T/1560150547590-0/src/PrivacyStreams-master/doclet/src/main/java/io/github/privacystreams/doclet/PSItemFieldDoc.java:5: error: package com.sun.javadoc does not exist
import com.sun.javadoc.FieldDoc;
                      ^
/private/var/folders/bq/vtzpc5ns5sg2cthy61lqpg3dfzgbys/T/1560150547590-0/src/PrivacyStreams-master/doclet/src/main/java/io/github/privacystreams/doclet/PSItemFieldDoc.java:6: error: package com.sun.javadoc does not exist
import com.sun.javadoc.Type;
                      ^
/private/var/folders/bq/vtzpc5ns5sg2cthy61lqpg3dfzgbys/T/1560150547590-0/src/PrivacyStreams-master/doclet/src/main/java/io/github/privacystreams/doclet/PSItemFieldDoc.java:14: error: cannot find symbol
    FieldDoc fieldDoc;
    ^
  symbol:   class FieldDoc
  location: class PSItemFieldDoc
/private/var/folders/bq/vtzpc5ns5sg2cthy61lqpg3dfzgbys/T/1560150547590-0/src/PrivacyStreams-master/doclet/src/main/java/io/github/privacystreams/doclet/PSItemDoc.java:3: error: package com.sun.javadoc does not exist
import com.sun.javadoc.AnnotationDesc;
                      ^
/private/var/folders/bq/vtzpc5ns5sg2cthy61lqpg3dfzgbys/T/1560150547590-0/src/PrivacyStreams-master/doclet/src/main/java/io/github/privacystreams/doclet/PSItemDoc.java:4: error: package com.sun.javadoc does not exist
import com.sun.javadoc.AnnotationTypeDoc;
                      ^
/private/var/folders/bq/vtzpc5ns5sg2cthy61lqpg3dfzgbys/T/1560150547590-0/src/PrivacyStreams-master/doclet/src/main/java/io/github/privacystreams/doclet/PSItemDoc.java:5: error: package com.sun.javadoc does not exist
import com.sun.javadoc.ClassDoc;
                      ^
/private/var/folders/bq/vtzpc5ns5sg2cthy61lqpg3dfzgbys/T/1560150547590-0/src/PrivacyStreams-master/doclet/src/main/java/io/github/privacystreams/doclet/PSItemDoc.java:6: error: package com.sun.javadoc does not exist
import com.sun.javadoc.FieldDoc;
                      ^
/private/var/folders/bq/vtzpc5ns5sg2cthy61lqpg3dfzgbys/T/1560150547590-0/src/PrivacyStreams-master/doclet/src/main/java/io/github/privacystreams/doclet/PSItemDoc.java:7: error: package com.sun.javadoc does not exist
import com.sun.javadoc.MethodDoc;
                      ^
/private/var/folders/bq/vtzpc5ns5sg2cthy61lqpg3dfzgbys/T/1560150547590-0/src/PrivacyStreams-master/doclet/src/main/java/io/github/privacystreams/doclet/PSItemFieldDoc.java:19: error: cannot find symbol
    Type type;
    ^
  symbol:   class Type
  location: class PSItemFieldDoc
/private/var/folders/bq/vtzpc5ns5sg2cthy61lqpg3dfzgbys/T/1560150547590-0/src/PrivacyStreams-master/doclet/src/main/java/io/github/privacystreams/doclet/PSItemFieldDoc.java:22: error: cannot find symbol
    private PSItemFieldDoc(PSItemDoc psItemDoc, FieldDoc fieldDoc, AnnotationDesc annotation) {
                                                ^
  symbol:   class FieldDoc
  location: class PSItemFieldDoc
/private/var/folders/bq/vtzpc5ns5sg2cthy61lqpg3dfzgbys/T/1560150547590-0/src/PrivacyStreams-master/doclet/src/main/java/io/github/privacystreams/doclet/PSItemFieldDoc.java:22: error: cannot find symbol
    private PSItemFieldDoc(PSItemDoc psItemDoc, FieldDoc fieldDoc, AnnotationDesc annotation) {
                                                                   ^
  symbol:   class AnnotationDesc
  location: class PSItemFieldDoc
/private/var/folders/bq/vtzpc5ns5sg2cthy61lqpg3dfzgbys/T/1560150547590-0/src/PrivacyStreams-master/doclet/src/main/java/io/github/privacystreams/doclet/PSItemFieldDoc.java:36: error: cannot find symbol
    public static PSItemFieldDoc build(PSItemDoc psItemDoc, FieldDoc fieldDoc) {
                                                            ^
  symbol:   class FieldDoc
  location: class PSItemFieldDoc
/private/var/folders/bq/vtzpc5ns5sg2cthy61lqpg3dfzgbys/T/1560150547590-0/src/PrivacyStreams-master/doclet/src/main/java/io/github/privacystreams/doclet/PSItemDoc.java:15: error: cannot find symbol
    ClassDoc classDoc;
    ^
  symbol:   class ClassDoc
  location: class PSItemDoc
/private/var/folders/bq/vtzpc5ns5sg2cthy61lqpg3dfzgbys/T/1560150547590-0/src/PrivacyStreams-master/doclet/src/main/java/io/github/privacystreams/doclet/PSOperatorDoc.java:3: error: package com.sun.javadoc does not exist
import com.sun.javadoc.ClassDoc;
                      ^
/private/var/folders/bq/vtzpc5ns5sg2cthy61lqpg3dfzgbys/T/1560150547590-0/src/PrivacyStreams-master/doclet/src/main/java/io/github/privacystreams/doclet/PSOperatorDoc.java:4: error: package com.sun.javadoc does not exist
import com.sun.javadoc.MethodDoc;
                      ^
/private/var/folders/bq/vtzpc5ns5sg2cthy61lqpg3dfzgbys/T/1560150547590-0/src/PrivacyStreams-master/doclet/src/main/java/io/github/privacystreams/doclet/PSOperatorDoc.java:5: error: package com.sun.javadoc does not exist
import com.sun.javadoc.Parameter;
                      ^
/private/var/folders/bq/vtzpc5ns5sg2cthy61lqpg3dfzgbys/T/1560150547590-0/src/PrivacyStreams-master/doclet/src/main/java/io/github/privacystreams/doclet/PSOperatorDoc.java:6: error: package com.sun.javadoc does not exist
import com.sun.javadoc.Tag;
                      ^
/private/var/folders/bq/vtzpc5ns5sg2cthy61lqpg3dfzgbys/T/1560150547590-0/src/PrivacyStreams-master/doclet/src/main/java/io/github/privacystreams/doclet/PSOperatorDoc.java:7: error: package com.sun.javadoc does not exist
import com.sun.javadoc.Type;
                      ^
/private/var/folders/bq/vtzpc5ns5sg2cthy61lqpg3dfzgbys/T/1560150547590-0/src/PrivacyStreams-master/doclet/src/main/java/io/github/privacystreams/doclet/PSItemDoc.java:23: error: cannot find symbol
    private PSItemDoc(ClassDoc classDoc) {
                      ^
  symbol:   class ClassDoc
  location: class PSItemDoc
/private/var/folders/bq/vtzpc5ns5sg2cthy61lqpg3dfzgbys/T/1560150547590-0/src/PrivacyStreams-master/doclet/src/main/java/io/github/privacystreams/doclet/PSItemDoc.java:44: error: cannot find symbol
    private void getAllFieldDocs(ClassDoc classDoc, List<FieldDoc> fieldDocs) {
                                 ^
  symbol:   class ClassDoc
  location: class PSItemDoc
/private/var/folders/bq/vtzpc5ns5sg2cthy61lqpg3dfzgbys/T/1560150547590-0/src/PrivacyStreams-master/doclet/src/main/java/io/github/privacystreams/doclet/PSItemDoc.java:44: error: cannot find symbol
    private void getAllFieldDocs(ClassDoc classDoc, List<FieldDoc> fieldDocs) {
                                                         ^
  symbol:   class FieldDoc
  location: class PSItemDoc
/private/var/folders/bq/vtzpc5ns5sg2cthy61lqpg3dfzgbys/T/1560150547590-0/src/PrivacyStreams-master/doclet/src/main/java/io/github/privacystreams/doclet/PSItemDoc.java:53: error: cannot find symbol
    public static PSItemDoc build(ClassDoc classDoc) {
                                  ^
  symbol:   class ClassDoc
  location: class PSItemDoc
/private/var/folders/bq/vtzpc5ns5sg2cthy61lqpg3dfzgbys/T/1560150547590-0/src/PrivacyStreams-master/doclet/src/main/java/io/github/privacystreams/doclet/PSItemDoc.java:60: error: cannot find symbol
    public static boolean isValidPSItem(ClassDoc classDoc) {
                                        ^
  symbol:   class ClassDoc
  location: class PSItemDoc
/private/var/folders/bq/vtzpc5ns5sg2cthy61lqpg3dfzgbys/T/1560150547590-0/src/PrivacyStreams-master/doclet/src/main/java/io/github/privacystreams/doclet/PSOperatorDoc.java:17: error: cannot find symbol
    ClassDoc declaringClassDoc;
    ^
  symbol:   class ClassDoc
  location: class PSOperatorDoc
/private/var/folders/bq/vtzpc5ns5sg2cthy61lqpg3dfzgbys/T/1560150547590-0/src/PrivacyStreams-master/doclet/src/main/java/io/github/privacystreams/doclet/PSOperatorDoc.java:18: error: cannot find symbol
    MethodDoc methodDoc;
    ^
  symbol:   class MethodDoc
  location: class PSOperatorDoc
/private/var/folders/bq/vtzpc5ns5sg2cthy61lqpg3dfzgbys/T/1560150547590-0/src/PrivacyStreams-master/doclet/src/main/java/io/github/privacystreams/doclet/PSOperatorDoc.java:25: error: cannot find symbol
    Type returnType;
    ^
  symbol:   class Type
  location: class PSOperatorDoc
/private/var/folders/bq/vtzpc5ns5sg2cthy61lqpg3dfzgbys/T/1560150547590-0/src/PrivacyStreams-master/doclet/src/main/java/io/github/privacystreams/doclet/PSOperatorDoc.java:27: error: cannot find symbol
    private PSOperatorDoc(ClassDoc classDoc, MethodDoc methodDoc) {
                          ^
  symbol:   class ClassDoc
  location: class PSOperatorDoc
/private/var/folders/bq/vtzpc5ns5sg2cthy61lqpg3dfzgbys/T/1560150547590-0/src/PrivacyStreams-master/doclet/src/main/java/io/github/privacystreams/doclet/PSOperatorDoc.java:27: error: cannot find symbol
    private PSOperatorDoc(ClassDoc classDoc, MethodDoc methodDoc) {
                                             ^
  symbol:   class MethodDoc
  location: class PSOperatorDoc
/private/var/folders/bq/vtzpc5ns5sg2cthy61lqpg3dfzgbys/T/1560150547590-0/src/PrivacyStreams-master/doclet/src/main/java/io/github/privacystreams/doclet/PSOperatorDoc.java:61: error: cannot find symbol
    public static PSOperatorDoc build(ClassDoc classDoc, MethodDoc methodDoc) {
                                      ^
  symbol:   class ClassDoc
  location: class PSOperatorDoc
/private/var/folders/bq/vtzpc5ns5sg2cthy61lqpg3dfzgbys/T/1560150547590-0/src/PrivacyStreams-master/doclet/src/main/java/io/github/privacystreams/doclet/PSOperatorDoc.java:61: error: cannot find symbol
    public static PSOperatorDoc build(ClassDoc classDoc, MethodDoc methodDoc) {
                                                         ^
  symbol:   class MethodDoc
  location: class PSOperatorDoc
/private/var/folders/bq/vtzpc5ns5sg2cthy61lqpg3dfzgbys/T/1560150547590-0/src/PrivacyStreams-master/doclet/src/main/java/io/github/privacystreams/doclet/Utils.java:3: error: package com.sun.javadoc does not exist
import com.sun.javadoc.ClassDoc;
                      ^
/private/var/folders/bq/vtzpc5ns5sg2cthy61lqpg3dfzgbys/T/1560150547590-0/src/PrivacyStreams-master/doclet/src/main/java/io/github/privacystreams/doclet/Utils.java:4: error: package com.sun.javadoc does not exist
import com.sun.javadoc.ParameterizedType;
                      ^
/private/var/folders/bq/vtzpc5ns5sg2cthy61lqpg3dfzgbys/T/1560150547590-0/src/PrivacyStreams-master/doclet/src/main/java/io/github/privacystreams/doclet/Utils.java:5: error: package com.sun.javadoc does not exist
import com.sun.javadoc.Type;
                      ^
/private/var/folders/bq/vtzpc5ns5sg2cthy61lqpg3dfzgbys/T/1560150547590-0/src/PrivacyStreams-master/doclet/src/main/java/io/github/privacystreams/doclet/Utils.java:8: error: cannot find symbol
    public static String getSimpleTypeName(Type type) {
                                           ^
  symbol:   class Type
  location: class Utils
/private/var/folders/bq/vtzpc5ns5sg2cthy61lqpg3dfzgbys/T/1560150547590-0/src/PrivacyStreams-master/doclet/src/main/java/io/github/privacystreams/doclet/Utils.java:27: error: cannot find symbol
    public static boolean instanceOf(ClassDoc classDoc, String superClassName) {
                                     ^
  symbol:   class ClassDoc
  location: class Utils
/private/var/folders/bq/vtzpc5ns5sg2cthy61lqpg3dfzgbys/T/1560150547590-0/src/PrivacyStreams-master/doclet/src/main/java/io/github/privacystreams/doclet/PSOperatorWrapperDoc.java:3: error: package com.sun.javadoc does not exist
import com.sun.javadoc.AnnotationDesc;
                      ^
/private/var/folders/bq/vtzpc5ns5sg2cthy61lqpg3dfzgbys/T/1560150547590-0/src/PrivacyStreams-master/doclet/src/main/java/io/github/privacystreams/doclet/PSOperatorWrapperDoc.java:4: error: package com.sun.javadoc does not exist
import com.sun.javadoc.AnnotationTypeDoc;
                      ^
/private/var/folders/bq/vtzpc5ns5sg2cthy61lqpg3dfzgbys/T/1560150547590-0/src/PrivacyStreams-master/doclet/src/main/java/io/github/privacystreams/doclet/PSOperatorWrapperDoc.java:5: error: package com.sun.javadoc does not exist
import com.sun.javadoc.ClassDoc;
                      ^
/private/var/folders/bq/vtzpc5ns5sg2cthy61lqpg3dfzgbys/T/1560150547590-0/src/PrivacyStreams-master/doclet/src/main/java/io/github/privacystreams/doclet/PSOperatorWrapperDoc.java:6: error: package com.sun.javadoc does not exist
import com.sun.javadoc.MethodDoc;
                      ^
/private/var/folders/bq/vtzpc5ns5sg2cthy61lqpg3dfzgbys/T/1560150547590-0/src/PrivacyStreams-master/doclet/src/main/java/io/github/privacystreams/doclet/PSOperatorWrapperDoc.java:17: error: cannot find symbol
    ClassDoc classDoc;
    ^
  symbol:   class ClassDoc
  location: class PSOperatorWrapperDoc
/private/var/folders/bq/vtzpc5ns5sg2cthy61lqpg3dfzgbys/T/1560150547590-0/src/PrivacyStreams-master/doclet/src/main/java/io/github/privacystreams/doclet/PSOperatorWrapperDoc.java:23: error: cannot find symbol
    private PSOperatorWrapperDoc(ClassDoc classDoc) {
                                 ^
  symbol:   class ClassDoc
  location: class PSOperatorWrapperDoc
/private/var/folders/bq/vtzpc5ns5sg2cthy61lqpg3dfzgbys/T/1560150547590-0/src/PrivacyStreams-master/doclet/src/main/java/io/github/privacystreams/doclet/PSOperatorWrapperDoc.java:35: error: cannot find symbol
    public static PSOperatorWrapperDoc build(ClassDoc classDoc) {
                                             ^
  symbol:   class ClassDoc
  location: class PSOperatorWrapperDoc
/private/var/folders/bq/vtzpc5ns5sg2cthy61lqpg3dfzgbys/T/1560150547590-0/src/PrivacyStreams-master/doclet/src/main/java/io/github/privacystreams/doclet/PSDoclet.java:3: error: package com.sun.javadoc does not exist
import com.sun.javadoc.ClassDoc;
                      ^
/private/var/folders/bq/vtzpc5ns5sg2cthy61lqpg3dfzgbys/T/1560150547590-0/src/PrivacyStreams-master/doclet/src/main/java/io/github/privacystreams/doclet/PSDoclet.java:4: error: package com.sun.javadoc does not exist
import com.sun.javadoc.DocErrorReporter;
                      ^
/private/var/folders/bq/vtzpc5ns5sg2cthy61lqpg3dfzgbys/T/1560150547590-0/src/PrivacyStreams-master/doclet/src/main/java/io/github/privacystreams/doclet/PSDoclet.java:5: error: package com.sun.javadoc does not exist
import com.sun.javadoc.MethodDoc;
                      ^
/private/var/folders/bq/vtzpc5ns5sg2cthy61lqpg3dfzgbys/T/1560150547590-0/src/PrivacyStreams-master/doclet/src/main/java/io/github/privacystreams/doclet/PSDoclet.java:6: error: package com.sun.javadoc does not exist
import com.sun.javadoc.RootDoc;
                      ^
/private/var/folders/bq/vtzpc5ns5sg2cthy61lqpg3dfzgbys/T/1560150547590-0/src/PrivacyStreams-master/doclet/src/main/java/io/github/privacystreams/doclet/PSDoclet.java:7: error: package com.sun.tools.doclets.formats.html does not exist
import com.sun.tools.doclets.formats.html.HtmlDoclet;
                                         ^
/private/var/folders/bq/vtzpc5ns5sg2cthy61lqpg3dfzgbys/T/1560150547590-0/src/PrivacyStreams-master/doclet/src/main/java/io/github/privacystreams/doclet/PSDoclet.java:21: error: cannot find symbol
public class PSDoclet extends HtmlDoclet {
                              ^
  symbol: class HtmlDoclet
/private/var/folders/bq/vtzpc5ns5sg2cthy61lqpg3dfzgbys/T/1560150547590-0/src/PrivacyStreams-master/doclet/src/main/java/io/github/privacystreams/doclet/PSDoclet.java:41: error: cannot find symbol
    private boolean build(RootDoc rootDoc) {
                          ^
  symbol:   class RootDoc
  location: class PSDoclet
/private/var/folders/bq/vtzpc5ns5sg2cthy61lqpg3dfzgbys/T/1560150547590-0/src/PrivacyStreams-master/doclet/src/main/java/io/github/privacystreams/doclet/PSDoclet.java:69: error: cannot find symbol
    public static boolean start(RootDoc rootDoc) {
                                ^
  symbol:   class RootDoc
  location: class PSDoclet
/private/var/folders/bq/vtzpc5ns5sg2cthy61lqpg3dfzgbys/T/1560150547590-0/src/PrivacyStreams-master/doclet/src/main/java/io/github/privacystreams/doclet/PSDoclet.java:182: error: cannot find symbol
    public static boolean validOptions(String options[][], DocErrorReporter reporter) {
                                                           ^
  symbol:   class DocErrorReporter
  location: class PSDoclet
/private/var/folders/bq/vtzpc5ns5sg2cthy61lqpg3dfzgbys/T/1560150547590-0/src/PrivacyStreams-master/doclet/src/main/java/io/github/privacystreams/doclet/PSPipelineDoc.java:40: error: cannot find symbol
        Tag[] paramTags = methodDoc.tags("param");
        ^
  symbol:   class Tag
  location: class PSPipelineDoc
/private/var/folders/bq/vtzpc5ns5sg2cthy61lqpg3dfzgbys/T/1560150547590-0/src/PrivacyStreams-master/doclet/src/main/java/io/github/privacystreams/doclet/PSPipelineDoc.java:41: error: cannot find symbol
        for (Tag paramTag : paramTags) {
             ^
  symbol:   class Tag
  location: class PSPipelineDoc
/private/var/folders/bq/vtzpc5ns5sg2cthy61lqpg3dfzgbys/T/1560150547590-0/src/PrivacyStreams-master/doclet/src/main/java/io/github/privacystreams/doclet/PSPipelineDoc.java:52: error: cannot find symbol
        for (Parameter parameter : methodDoc.parameters()) {
             ^
  symbol:   class Parameter
  location: class PSPipelineDoc
/private/var/folders/bq/vtzpc5ns5sg2cthy61lqpg3dfzgbys/T/1560150547590-0/src/PrivacyStreams-master/doclet/src/main/java/io/github/privacystreams/doclet/PSPipelineDoc.java:68: error: package AnnotationDesc does not exist
            for (AnnotationDesc.ElementValuePair elementValuePair : annotation.elementValues()) {
                               ^
/private/var/folders/bq/vtzpc5ns5sg2cthy61lqpg3dfzgbys/T/1560150547590-0/src/PrivacyStreams-master/doclet/src/main/java/io/github/privacystreams/doclet/PSPipelineDoc.java:79: error: package AnnotationDesc does not exist
            for (AnnotationDesc.ElementValuePair elementValuePair : annotation.elementValues()) {
                               ^
/private/var/folders/bq/vtzpc5ns5sg2cthy61lqpg3dfzgbys/T/1560150547590-0/src/PrivacyStreams-master/doclet/src/main/java/io/github/privacystreams/doclet/PSPipelineDoc.java:90: error: cannot find symbol
        AnnotationDesc[] annotations = methodDoc.annotations();
        ^
  symbol:   class AnnotationDesc
  location: class PSPipelineDoc
/private/var/folders/bq/vtzpc5ns5sg2cthy61lqpg3dfzgbys/T/1560150547590-0/src/PrivacyStreams-master/doclet/src/main/java/io/github/privacystreams/doclet/PSPipelineDoc.java:91: error: cannot find symbol
        for (AnnotationDesc annotation : annotations) {
             ^
  symbol:   class AnnotationDesc
  location: class PSPipelineDoc
/private/var/folders/bq/vtzpc5ns5sg2cthy61lqpg3dfzgbys/T/1560150547590-0/src/PrivacyStreams-master/doclet/src/main/java/io/github/privacystreams/doclet/PSPipelineDoc.java:92: error: cannot find symbol
            AnnotationTypeDoc annotationType = annotation.annotationType();
            ^
  symbol:   class AnnotationTypeDoc
  location: class PSPipelineDoc
/private/var/folders/bq/vtzpc5ns5sg2cthy61lqpg3dfzgbys/T/1560150547590-0/src/PrivacyStreams-master/doclet/src/main/java/io/github/privacystreams/doclet/PSItemFieldDoc.java:28: error: package AnnotationDesc does not exist
        for (AnnotationDesc.ElementValuePair elementValuePair : annotation.elementValues()) {
                           ^
/private/var/folders/bq/vtzpc5ns5sg2cthy61lqpg3dfzgbys/T/1560150547590-0/src/PrivacyStreams-master/doclet/src/main/java/io/github/privacystreams/doclet/PSItemFieldDoc.java:31: error: cannot find symbol
                this.type = (Type) typeValue;
                             ^
  symbol:   class Type
  location: class PSItemFieldDoc
/private/var/folders/bq/vtzpc5ns5sg2cthy61lqpg3dfzgbys/T/1560150547590-0/src/PrivacyStreams-master/doclet/src/main/java/io/github/privacystreams/doclet/PSItemFieldDoc.java:37: error: cannot find symbol
        AnnotationDesc[] annotations = fieldDoc.annotations();
        ^
  symbol:   class AnnotationDesc
  location: class PSItemFieldDoc
/private/var/folders/bq/vtzpc5ns5sg2cthy61lqpg3dfzgbys/T/1560150547590-0/src/PrivacyStreams-master/doclet/src/main/java/io/github/privacystreams/doclet/PSItemFieldDoc.java:38: error: cannot find symbol
        for (AnnotationDesc annotation : annotations) {
             ^
  symbol:   class AnnotationDesc
  location: class PSItemFieldDoc
/private/var/folders/bq/vtzpc5ns5sg2cthy61lqpg3dfzgbys/T/1560150547590-0/src/PrivacyStreams-master/doclet/src/main/java/io/github/privacystreams/doclet/PSItemFieldDoc.java:39: error: cannot find symbol
            AnnotationTypeDoc annotationType = annotation.annotationType();
            ^
  symbol:   class AnnotationTypeDoc
  location: class PSItemFieldDoc
/private/var/folders/bq/vtzpc5ns5sg2cthy61lqpg3dfzgbys/T/1560150547590-0/src/PrivacyStreams-master/doclet/src/main/java/io/github/privacystreams/doclet/PSItemDoc.java:30: error: cannot find symbol
        List<FieldDoc> allFields = new ArrayList<>();
             ^
  symbol:   class FieldDoc
  location: class PSItemDoc
/private/var/folders/bq/vtzpc5ns5sg2cthy61lqpg3dfzgbys/T/1560150547590-0/src/PrivacyStreams-master/doclet/src/main/java/io/github/privacystreams/doclet/PSItemDoc.java:33: error: cannot find symbol
        for (FieldDoc fieldDoc : allFields) {
             ^
  symbol:   class FieldDoc
  location: class PSItemDoc
/private/var/folders/bq/vtzpc5ns5sg2cthy61lqpg3dfzgbys/T/1560150547590-0/src/PrivacyStreams-master/doclet/src/main/java/io/github/privacystreams/doclet/PSItemDoc.java:38: error: cannot find symbol
        for (MethodDoc methodDoc : classDoc.methods()) {
             ^
  symbol:   class MethodDoc
  location: class PSItemDoc
/private/var/folders/bq/vtzpc5ns5sg2cthy61lqpg3dfzgbys/T/1560150547590-0/src/PrivacyStreams-master/doclet/src/main/java/io/github/privacystreams/doclet/PSItemDoc.java:61: error: cannot find symbol
        AnnotationDesc[] annotations = classDoc.annotations();
        ^
  symbol:   class AnnotationDesc
  location: class PSItemDoc
/private/var/folders/bq/vtzpc5ns5sg2cthy61lqpg3dfzgbys/T/1560150547590-0/src/PrivacyStreams-master/doclet/src/main/java/io/github/privacystreams/doclet/PSItemDoc.java:62: error: cannot find symbol
        for (AnnotationDesc annotation : annotations) {
             ^
  symbol:   class AnnotationDesc
  location: class PSItemDoc
/private/var/folders/bq/vtzpc5ns5sg2cthy61lqpg3dfzgbys/T/1560150547590-0/src/PrivacyStreams-master/doclet/src/main/java/io/github/privacystreams/doclet/PSItemDoc.java:63: error: cannot find symbol
            AnnotationTypeDoc annotationType = annotation.annotationType();
            ^
  symbol:   class AnnotationTypeDoc
  location: class PSItemDoc
/private/var/folders/bq/vtzpc5ns5sg2cthy61lqpg3dfzgbys/T/1560150547590-0/src/PrivacyStreams-master/doclet/src/main/java/io/github/privacystreams/doclet/PSOperatorDoc.java:33: error: cannot find symbol
        Tag[] paramTags = methodDoc.tags("param");
        ^
  symbol:   class Tag
  location: class PSOperatorDoc
/private/var/folders/bq/vtzpc5ns5sg2cthy61lqpg3dfzgbys/T/1560150547590-0/src/PrivacyStreams-master/doclet/src/main/java/io/github/privacystreams/doclet/PSOperatorDoc.java:34: error: cannot find symbol
        for (Tag paramTag : paramTags) {
             ^
  symbol:   class Tag
  location: class PSOperatorDoc
/private/var/folders/bq/vtzpc5ns5sg2cthy61lqpg3dfzgbys/T/1560150547590-0/src/PrivacyStreams-master/doclet/src/main/java/io/github/privacystreams/doclet/PSOperatorDoc.java:49: error: cannot find symbol
        for (Parameter parameter : methodDoc.parameters()) {
             ^
  symbol:   class Parameter
  location: class PSOperatorDoc
/private/var/folders/bq/vtzpc5ns5sg2cthy61lqpg3dfzgbys/T/1560150547590-0/src/PrivacyStreams-master/doclet/src/main/java/io/github/privacystreams/doclet/Utils.java:9: error: cannot find symbol
        if (type instanceof ParameterizedType) {
                            ^
  symbol:   class ParameterizedType
  location: class Utils
/private/var/folders/bq/vtzpc5ns5sg2cthy61lqpg3dfzgbys/T/1560150547590-0/src/PrivacyStreams-master/doclet/src/main/java/io/github/privacystreams/doclet/Utils.java:12: error: cannot find symbol
            for (Type parameter : ((ParameterizedType) type).typeArguments()) {
                                    ^
  symbol:   class ParameterizedType
  location: class Utils
/private/var/folders/bq/vtzpc5ns5sg2cthy61lqpg3dfzgbys/T/1560150547590-0/src/PrivacyStreams-master/doclet/src/main/java/io/github/privacystreams/doclet/Utils.java:12: error: cannot find symbol
            for (Type parameter : ((ParameterizedType) type).typeArguments()) {
                 ^
  symbol:   class Type
  location: class Utils
/private/var/folders/bq/vtzpc5ns5sg2cthy61lqpg3dfzgbys/T/1560150547590-0/src/PrivacyStreams-master/doclet/src/main/java/io/github/privacystreams/doclet/PSOperatorWrapperDoc.java:29: error: cannot find symbol
        for (MethodDoc methodDoc : classDoc.methods()) {
             ^
  symbol:   class MethodDoc
  location: class PSOperatorWrapperDoc
/private/var/folders/bq/vtzpc5ns5sg2cthy61lqpg3dfzgbys/T/1560150547590-0/src/PrivacyStreams-master/doclet/src/main/java/io/github/privacystreams/doclet/PSOperatorWrapperDoc.java:36: error: cannot find symbol
        AnnotationDesc[] annotations = classDoc.annotations();
        ^
  symbol:   class AnnotationDesc
  location: class PSOperatorWrapperDoc
/private/var/folders/bq/vtzpc5ns5sg2cthy61lqpg3dfzgbys/T/1560150547590-0/src/PrivacyStreams-master/doclet/src/main/java/io/github/privacystreams/doclet/PSOperatorWrapperDoc.java:37: error: cannot find symbol
        for (AnnotationDesc annotation : annotations) {
             ^
  symbol:   class AnnotationDesc
  location: class PSOperatorWrapperDoc
/private/var/folders/bq/vtzpc5ns5sg2cthy61lqpg3dfzgbys/T/1560150547590-0/src/PrivacyStreams-master/doclet/src/main/java/io/github/privacystreams/doclet/PSOperatorWrapperDoc.java:38: error: cannot find symbol
            AnnotationTypeDoc annotationType = annotation.annotationType();
            ^
  symbol:   class AnnotationTypeDoc
  location: class PSOperatorWrapperDoc
/private/var/folders/bq/vtzpc5ns5sg2cthy61lqpg3dfzgbys/T/1560150547590-0/src/PrivacyStreams-master/doclet/src/main/java/io/github/privacystreams/doclet/PSDoclet.java:44: error: cannot find symbol
        ClassDoc[] classes = rootDoc.classes();
        ^
  symbol:   class ClassDoc
  location: class PSDoclet
100 errors
 FAILED

FAILURE: Build failed with an exception.

* What went wrong:
Execution failed for task ':doclet:compileJava'.
> Compilation failed; see the compiler error output for details.

* Try:
Run with --info or --debug option to get more log output.

* Exception is:
org.gradle.api.tasks.TaskExecutionException: Execution failed for task ':doclet:compileJava'.
	at org.gradle.api.internal.tasks.execution.ExecuteActionsTaskExecuter.executeActions(ExecuteActionsTaskExecuter.java:100)
	at org.gradle.api.internal.tasks.execution.ExecuteActionsTaskExecuter.execute(ExecuteActionsTaskExecuter.java:70)
	at org.gradle.api.internal.tasks.execution.SkipUpToDateTaskExecuter.execute(SkipUpToDateTaskExecuter.java:63)
	at org.gradle.api.internal.tasks.execution.ResolveTaskOutputCachingStateExecuter.execute(ResolveTaskOutputCachingStateExecuter.java:54)
	at org.gradle.api.internal.tasks.execution.ValidatingTaskExecuter.execute(ValidatingTaskExecuter.java:58)
	at org.gradle.api.internal.tasks.execution.SkipEmptySourceFilesTaskExecuter.execute(SkipEmptySourceFilesTaskExecuter.java:88)
	at org.gradle.api.internal.tasks.execution.ResolveTaskArtifactStateTaskExecuter.execute(ResolveTaskArtifactStateTaskExecuter.java:52)
	at org.gradle.api.internal.tasks.execution.SkipTaskWithNoActionsExecuter.execute(SkipTaskWithNoActionsExecuter.java:52)
	at org.gradle.api.internal.tasks.execution.SkipOnlyIfTaskExecuter.execute(SkipOnlyIfTaskExecuter.java:54)
	at org.gradle.api.internal.tasks.execution.ExecuteAtMostOnceTaskExecuter.execute(ExecuteAtMostOnceTaskExecuter.java:43)
	at org.gradle.api.internal.tasks.execution.CatchExceptionTaskExecuter.execute(CatchExceptionTaskExecuter.java:34)
	at org.gradle.execution.taskgraph.DefaultTaskGraphExecuter$EventFiringTaskWorker$1.run(DefaultTaskGraphExecuter.java:248)
	at org.gradle.internal.progress.DefaultBuildOperationExecutor$RunnableBuildOperationWorker.execute(DefaultBuildOperationExecutor.java:336)
	at org.gradle.internal.progress.DefaultBuildOperationExecutor$RunnableBuildOperationWorker.execute(DefaultBuildOperationExecutor.java:328)
	at org.gradle.internal.progress.DefaultBuildOperationExecutor.execute(DefaultBuildOperationExecutor.java:197)
	at org.gradle.internal.progress.DefaultBuildOperationExecutor.run(DefaultBuildOperationExecutor.java:107)
	at org.gradle.execution.taskgraph.DefaultTaskGraphExecuter$EventFiringTaskWorker.execute(DefaultTaskGraphExecuter.java:241)
	at org.gradle.execution.taskgraph.DefaultTaskGraphExecuter$EventFiringTaskWorker.execute(DefaultTaskGraphExecuter.java:230)
	at org.gradle.execution.taskgraph.DefaultTaskPlanExecutor$TaskExecutorWorker.processTask(DefaultTaskPlanExecutor.java:124)
	at org.gradle.execution.taskgraph.DefaultTaskPlanExecutor$TaskExecutorWorker.access$200(DefaultTaskPlanExecutor.java:80)
	at org.gradle.execution.taskgraph.DefaultTaskPlanExecutor$TaskExecutorWorker$1.execute(DefaultTaskPlanExecutor.java:105)
	at org.gradle.execution.taskgraph.DefaultTaskPlanExecutor$TaskExecutorWorker$1.execute(DefaultTaskPlanExecutor.java:99)
	at org.gradle.execution.taskgraph.DefaultTaskExecutionPlan.execute(DefaultTaskExecutionPlan.java:625)
	at org.gradle.execution.taskgraph.DefaultTaskExecutionPlan.executeWithTask(DefaultTaskExecutionPlan.java:580)
	at org.gradle.execution.taskgraph.DefaultTaskPlanExecutor$TaskExecutorWorker.run(DefaultTaskPlanExecutor.java:99)
	at org.gradle.internal.concurrent.ExecutorPolicy$CatchAndRecordFailures.onExecute(ExecutorPolicy.java:63)
	at org.gradle.internal.concurrent.ManagedExecutorImpl$1.run(ManagedExecutorImpl.java:46)
	at org.gradle.internal.concurrent.ThreadFactoryImpl$ManagedThreadRunnable.run(ThreadFactoryImpl.java:55)
Caused by: org.gradle.api.internal.tasks.compile.CompilationFailedException: Compilation failed; see the compiler error output for details.
	at org.gradle.api.internal.tasks.compile.JdkJavaCompiler.execute(JdkJavaCompiler.java:51)
	at org.gradle.api.internal.tasks.compile.JdkJavaCompiler.execute(JdkJavaCompiler.java:36)
	at org.gradle.api.internal.tasks.compile.NormalizingJavaCompiler.delegateAndHandleErrors(NormalizingJavaCompiler.java:99)
	at org.gradle.api.internal.tasks.compile.NormalizingJavaCompiler.execute(NormalizingJavaCompiler.java:52)
	at org.gradle.api.internal.tasks.compile.NormalizingJavaCompiler.execute(NormalizingJavaCompiler.java:37)
	at org.gradle.api.internal.tasks.compile.CleaningJavaCompilerSupport.execute(CleaningJavaCompilerSupport.java:35)
	at org.gradle.api.internal.tasks.compile.CleaningJavaCompilerSupport.execute(CleaningJavaCompilerSupport.java:25)
	at org.gradle.api.tasks.compile.JavaCompile.performCompilation(JavaCompile.java:198)
	at org.gradle.api.tasks.compile.JavaCompile.compile(JavaCompile.java:183)
	at org.gradle.api.tasks.compile.JavaCompile.compile(JavaCompile.java:120)
	at org.gradle.internal.reflect.JavaMethod.invoke(JavaMethod.java:73)
	at org.gradle.api.internal.project.taskfactory.DefaultTaskClassInfoStore$IncrementalTaskAction.doExecute(DefaultTaskClassInfoStore.java:173)
	at org.gradle.api.internal.project.taskfactory.DefaultTaskClassInfoStore$StandardTaskAction.execute(DefaultTaskClassInfoStore.java:134)
	at org.gradle.api.internal.project.taskfactory.DefaultTaskClassInfoStore$StandardTaskAction.execute(DefaultTaskClassInfoStore.java:121)
	at org.gradle.api.internal.tasks.execution.ExecuteActionsTaskExecuter$1.run(ExecuteActionsTaskExecuter.java:122)
	at org.gradle.internal.progress.DefaultBuildOperationExecutor$RunnableBuildOperationWorker.execute(DefaultBuildOperationExecutor.java:336)
	at org.gradle.internal.progress.DefaultBuildOperationExecutor$RunnableBuildOperationWorker.execute(DefaultBuildOperationExecutor.java:328)
	at org.gradle.internal.progress.DefaultBuildOperationExecutor.execute(DefaultBuildOperationExecutor.java:197)
	at org.gradle.internal.progress.DefaultBuildOperationExecutor.run(DefaultBuildOperationExecutor.java:107)
	at org.gradle.api.internal.tasks.execution.ExecuteActionsTaskExecuter.executeAction(ExecuteActionsTaskExecuter.java:111)
	at org.gradle.api.internal.tasks.execution.ExecuteActionsTaskExecuter.executeActions(ExecuteActionsTaskExecuter.java:92)
	... 27 more


* Get more help at https://help.gradle.org

BUILD FAILED in 6s
1 actionable task: 1 executed

2019-06-10 14:10:47,993 ERROR FullProcessService - Project build has not produced APK file
2019-06-10 14:10:48,013 ERROR FullProcessService - Could not find generated or existed APK file
