2020-03-30 02:05:30,750 INFO  DownloadService - Downloading "https://github.com/rahulrj/Rx2Groups/archive/master.zip", attempt 3
2020-03-30 02:05:31,381 INFO  DownloadService - Downloaded https://github.com/rahulrj/Rx2Groups/archive/master.zip, attempt 3
2020-03-30 02:05:31,381 INFO  DownloadService - Size of file "/var/folders/bq/vtzpc5ns5sg2cthy61lqpg3dfzgbys/T/1585508730747-0/master.zip": 150 KB
2020-03-30 02:05:31,381 INFO  ArchiveUtils - Checking entries [.gradle] in ZIP file...
2020-03-30 02:05:31,383 INFO  ArchiveUtils - Has entries [.gradle] in ZIP file /var/folders/bq/vtzpc5ns5sg2cthy61lqpg3dfzgbys/T/1585508730747-0/master.zip: true
2020-03-30 02:05:31,383 DEBUG ZipUtil - Extracting '/var/folders/bq/vtzpc5ns5sg2cthy61lqpg3dfzgbys/T/1585508730747-0/master.zip' into '/var/folders/bq/vtzpc5ns5sg2cthy61lqpg3dfzgbys/T/1585508730747-0/src'.
2020-03-30 02:05:31,411 INFO  FullProcessService - Size of directory with sources: 244 KB
2020-03-30 02:05:31,411 INFO  SysUtils - Execute command: [git, init, /var/folders/bq/vtzpc5ns5sg2cthy61lqpg3dfzgbys/T/1585508730747-0/src]
2020-03-30 02:05:31,432 INFO  SysUtils - Initialized empty Git repository in /private/var/folders/bq/vtzpc5ns5sg2cthy61lqpg3dfzgbys/T/1585508730747-0/src/.git/

2020-03-30 02:05:31,436 INFO  ProjectBuildService - Gradle wrapper(s): /var/folders/bq/vtzpc5ns5sg2cthy61lqpg3dfzgbys/T/1585508730747-0/src/Rx2Groups-master/gradlew
2020-03-30 02:05:31,440 INFO  ProjectBuildService - Build script(s): /var/folders/bq/vtzpc5ns5sg2cthy61lqpg3dfzgbys/T/1585508730747-0/src/Rx2Groups-master/rxgroups-android/build.gradle /var/folders/bq/vtzpc5ns5sg2cthy61lqpg3dfzgbys/T/1585508730747-0/src/Rx2Groups-master/sample/build.gradle /var/folders/bq/vtzpc5ns5sg2cthy61lqpg3dfzgbys/T/1585508730747-0/src/Rx2Groups-master/build.gradle /var/folders/bq/vtzpc5ns5sg2cthy61lqpg3dfzgbys/T/1585508730747-0/src/Rx2Groups-master/rxgroups/build.gradle
2020-03-30 02:05:31,443 INFO  ProjectBuildService - All script(s): /var/folders/bq/vtzpc5ns5sg2cthy61lqpg3dfzgbys/T/1585508730747-0/src/Rx2Groups-master/build.gradle /var/folders/bq/vtzpc5ns5sg2cthy61lqpg3dfzgbys/T/1585508730747-0/src/Rx2Groups-master/sample/build.gradle /var/folders/bq/vtzpc5ns5sg2cthy61lqpg3dfzgbys/T/1585508730747-0/src/Rx2Groups-master/rxgroups/build.gradle /var/folders/bq/vtzpc5ns5sg2cthy61lqpg3dfzgbys/T/1585508730747-0/src/Rx2Groups-master/settings.gradle /var/folders/bq/vtzpc5ns5sg2cthy61lqpg3dfzgbys/T/1585508730747-0/src/Rx2Groups-master/rxgroups-android/gradle-maven-push.gradle /var/folders/bq/vtzpc5ns5sg2cthy61lqpg3dfzgbys/T/1585508730747-0/src/Rx2Groups-master/rxgroups-android/build.gradle
2020-03-30 02:05:31,444 INFO  ProjectBuildService - Remote scripts: none
2020-03-30 02:05:31,444 INFO  ProjectFixService - Fixing project...
2020-03-30 02:05:31,455 INFO  LocalPropertiesFixService - Created fake /var/folders/bq/vtzpc5ns5sg2cthy61lqpg3dfzgbys/T/1585508730747-0/src/Rx2Groups-master/rxgroups-android/local.properties
2020-03-30 02:05:31,456 INFO  ProjectFixService - Build info for "/var/folders/bq/vtzpc5ns5sg2cthy61lqpg3dfzgbys/T/1585508730747-0/src/Rx2Groups-master/rxgroups-android/build.gradle": [buildToolsVersion=25.0.2,compileSdkVersion=25,minSdkVersion=16,targetSdkVersion=25]
2020-03-30 02:05:31,456 INFO  LocalPropertiesFixService - Created fake /var/folders/bq/vtzpc5ns5sg2cthy61lqpg3dfzgbys/T/1585508730747-0/src/Rx2Groups-master/sample/local.properties
2020-03-30 02:05:31,457 INFO  ProjectFixService - Build info for "/var/folders/bq/vtzpc5ns5sg2cthy61lqpg3dfzgbys/T/1585508730747-0/src/Rx2Groups-master/sample/build.gradle": [buildToolsVersion=25.0.2,compileSdkVersion=25,minSdkVersion=16,targetSdkVersion=25]
2020-03-30 02:05:31,457 INFO  LocalPropertiesFixService - Created fake /var/folders/bq/vtzpc5ns5sg2cthy61lqpg3dfzgbys/T/1585508730747-0/src/Rx2Groups-master/local.properties
2020-03-30 02:05:31,457 INFO  WrapperPropertiesFixService - Gradle wrapper: https://services.gradle.org/distributions/gradle-2.14.1-all.zip
2020-03-30 02:05:31,458 INFO  WrapperPropertiesFixService - Gradle wrapper was changed from "-all.zip" to "-bin.zip" (https://services.gradle.org/distributions/gradle-2.14.1-bin.zip)
2020-03-30 02:05:31,458 INFO  ProjectFixService - Build info for "/var/folders/bq/vtzpc5ns5sg2cthy61lqpg3dfzgbys/T/1585508730747-0/src/Rx2Groups-master/build.gradle": [buildToolsVersion=25.0.2,compileSdkVersion=25,minSdkVersion=16,targetSdkVersion=25]
2020-03-30 02:05:31,459 INFO  LocalPropertiesFixService - Created fake /var/folders/bq/vtzpc5ns5sg2cthy61lqpg3dfzgbys/T/1585508730747-0/src/Rx2Groups-master/rxgroups/local.properties
2020-03-30 02:05:31,460 INFO  ProjectFixService - Build info for "/var/folders/bq/vtzpc5ns5sg2cthy61lqpg3dfzgbys/T/1585508730747-0/src/Rx2Groups-master/rxgroups/build.gradle": [buildToolsVersion=25.0.2,compileSdkVersion=25,minSdkVersion=16,targetSdkVersion=25]
2020-03-30 02:05:31,460 INFO  ProjectFixService - Project was maybe fixed
2020-03-30 02:05:31,460 INFO  ProjectTaskService - Detecting possible tasks...
2020-03-30 02:05:31,460 INFO  SysUtils - Execute command: [/var/folders/bq/vtzpc5ns5sg2cthy61lqpg3dfzgbys/T/1585508730747-0/src/Rx2Groups-master/gradlew, -b, /var/folders/bq/vtzpc5ns5sg2cthy61lqpg3dfzgbys/T/1585508730747-0/src/Rx2Groups-master/rxgroups-android/build.gradle, -Dorg.gradle.daemon=false, -Dorg.gradle.daemon.performance.enable-monitoring=false, -Dorg.gradle.configureondemand=true, tasks]
2020-03-30 02:05:59,351 ERROR ProjectTaskService - Could not detect possible Gradle tasks: Process exited with an error: 1 (Exit value: 1)
2020-03-30 02:05:59,351 INFO  ProjectTaskService - Detected possible tasks: 0
2020-03-30 02:05:59,351 INFO  ProjectTaskService - Excluded tasks (0): none
2020-03-30 02:05:59,351 INFO  SysUtils - Execute command: [/var/folders/bq/vtzpc5ns5sg2cthy61lqpg3dfzgbys/T/1585508730747-0/src/Rx2Groups-master/gradlew, -b, /var/folders/bq/vtzpc5ns5sg2cthy61lqpg3dfzgbys/T/1585508730747-0/src/Rx2Groups-master/rxgroups-android/build.gradle, -Dorg.gradle.daemon=false, -Dorg.gradle.daemon.performance.enable-monitoring=false, -Dorg.gradle.configureondemand=true, --stacktrace, build]
2020-03-30 02:06:10,995 ERROR SysUtils - Could not process external command
org.apache.commons.exec.ExecuteException: Process exited with an error: 1 (Exit value: 1)
	at org.apache.commons.exec.DefaultExecutor.executeInternal(DefaultExecutor.java:404)
	at org.apache.commons.exec.DefaultExecutor.execute(DefaultExecutor.java:166)
	at com.github.vbauer.apkmaster.util.SysUtils.execute(SysUtils.java:67)
	at com.github.vbauer.apkmaster.util.SysUtils.executeSimple(SysUtils.java:43)
	at com.github.vbauer.apkmaster.service.assembly.ProjectBuildService.buildProject(ProjectBuildService.java:78)
	at com.github.vbauer.apkmaster.service.assembly.ProjectBuildService.buildProject(ProjectBuildService.java:64)
	at com.github.vbauer.apkmaster.service.assembly.ProjectBuildService.buildProject(ProjectBuildService.java:43)
	at com.github.vbauer.apkmaster.service.FullProcessService.build(FullProcessService.java:84)
	at com.github.vbauer.apkmaster.service.FullProcessService.process(FullProcessService.java:34)
	at com.github.vbauer.apkmaster.app.MainApplication.process(MainApplication.java:38)
	at com.github.vbauer.apkmaster.app.MainApplication.main(MainApplication.java:20)
	at sun.reflect.NativeMethodAccessorImpl.invoke0(Native Method)
	at sun.reflect.NativeMethodAccessorImpl.invoke(NativeMethodAccessorImpl.java:62)
	at sun.reflect.DelegatingMethodAccessorImpl.invoke(DelegatingMethodAccessorImpl.java:43)
	at java.lang.reflect.Method.invoke(Method.java:498)
	at com.android.arsenal.util.ReflectionUtils.invoke(ReflectionUtils.java:42)
	at com.android.arsenal.util.ApkMasterUtils.main(ApkMasterUtils.java:30)
	at com.android.arsenal.service.processor.impl.BuildProcessorServiceImpl.buildProject(BuildProcessorServiceImpl.java:197)
	at com.android.arsenal.service.processor.impl.BuildProcessorServiceImpl.build(BuildProcessorServiceImpl.java:131)
	at com.android.arsenal.service.processor.impl.BuildProcessorServiceImpl.lambda$null$1(BuildProcessorServiceImpl.java:114)
	at java.util.concurrent.FutureTask.run(FutureTask.java:266)
	at java.util.concurrent.Executors$RunnableAdapter.call(Executors.java:511)
	at java.util.concurrent.FutureTask.run(FutureTask.java:266)
	at java.util.concurrent.ThreadPoolExecutor.runWorker(ThreadPoolExecutor.java:1149)
	at java.util.concurrent.ThreadPoolExecutor$Worker.run(ThreadPoolExecutor.java:624)
	at java.lang.Thread.run(Thread.java:748)
2020-03-30 02:06:10,996 INFO  SysUtils - Configuration on demand is an incubating feature.
Incremental java compilation is an incubating feature.
:rxgroups-android:androidJavadocs/private/var/folders/bq/vtzpc5ns5sg2cthy61lqpg3dfzgbys/T/1585508730747-0/src/Rx2Groups-master/rxgroups-android/src/main/java/com/airbnb/rxgroups/ResubscriptionObserver.java:18: error: package rx does not exist
import rx.Observer;
         ^
/private/var/folders/bq/vtzpc5ns5sg2cthy61lqpg3dfzgbys/T/1585508730747-0/src/Rx2Groups-master/rxgroups-android/src/main/java/com/airbnb/rxgroups/ResubscriptionObserver.java:20: error: cannot find symbol
public interface ResubscriptionObserver<T> extends Observer<T> {
                                                   ^
  symbol: class Observer
/private/var/folders/bq/vtzpc5ns5sg2cthy61lqpg3dfzgbys/T/1585508730747-0/src/Rx2Groups-master/rxgroups-android/src/main/java/com/airbnb/rxgroups/GroupLifecycleManager.java:26: error: cannot find symbol
import javax.annotation.Nullable;
                       ^
  symbol:   class Nullable
  location: package javax.annotation
/private/var/folders/bq/vtzpc5ns5sg2cthy61lqpg3dfzgbys/T/1585508730747-0/src/Rx2Groups-master/rxgroups-android/src/main/java/com/airbnb/rxgroups/GroupLifecycleManager.java:28: error: package rx does not exist
import rx.Observable;
         ^
/private/var/folders/bq/vtzpc5ns5sg2cthy61lqpg3dfzgbys/T/1585508730747-0/src/Rx2Groups-master/rxgroups-android/src/main/java/com/airbnb/rxgroups/GroupLifecycleManager.java:29: error: package rx does not exist
import rx.Observer;
         ^
/private/var/folders/bq/vtzpc5ns5sg2cthy61lqpg3dfzgbys/T/1585508730747-0/src/Rx2Groups-master/rxgroups-android/src/main/java/com/airbnb/rxgroups/GroupLifecycleManager.java:30: error: package rx does not exist
import rx.Subscription;
         ^
/private/var/folders/bq/vtzpc5ns5sg2cthy61lqpg3dfzgbys/T/1585508730747-0/src/Rx2Groups-master/rxgroups-android/src/main/java/com/airbnb/rxgroups/GroupLifecycleManager.java:31: error: package rx.functions does not exist
import rx.functions.Action1;
                   ^
/private/var/folders/bq/vtzpc5ns5sg2cthy61lqpg3dfzgbys/T/1585508730747-0/src/Rx2Groups-master/rxgroups-android/src/main/java/com/airbnb/rxgroups/GroupLifecycleManager.java:32: error: package rx.functions does not exist
import rx.functions.Func1;
                   ^
/private/var/folders/bq/vtzpc5ns5sg2cthy61lqpg3dfzgbys/T/1585508730747-0/src/Rx2Groups-master/rxgroups-android/src/main/java/com/airbnb/rxgroups/GroupLifecycleManager.java:33: error: package rx.subscriptions does not exist
import rx.subscriptions.CompositeSubscription;
                       ^
/private/var/folders/bq/vtzpc5ns5sg2cthy61lqpg3dfzgbys/T/1585508730747-0/src/Rx2Groups-master/rxgroups-android/src/main/java/com/airbnb/rxgroups/GroupLifecycleManager.java:42: error: cannot find symbol
  private final CompositeSubscription pendingSubscriptions = new CompositeSubscription();
                ^
  symbol:   class CompositeSubscription
  location: class GroupLifecycleManager
/private/var/folders/bq/vtzpc5ns5sg2cthy61lqpg3dfzgbys/T/1585508730747-0/src/Rx2Groups-master/rxgroups-android/src/main/java/com/airbnb/rxgroups/LifecycleResubscription.java:25: error: cannot find symbol
import javax.annotation.Nullable;
                       ^
  symbol:   class Nullable
  location: package javax.annotation
/private/var/folders/bq/vtzpc5ns5sg2cthy61lqpg3dfzgbys/T/1585508730747-0/src/Rx2Groups-master/rxgroups-android/src/main/java/com/airbnb/rxgroups/LifecycleResubscription.java:27: error: package rx does not exist
import rx.Observable;
         ^
/private/var/folders/bq/vtzpc5ns5sg2cthy61lqpg3dfzgbys/T/1585508730747-0/src/Rx2Groups-master/rxgroups-android/src/main/java/com/airbnb/rxgroups/LifecycleResubscription.java:28: error: package rx does not exist
import rx.Observer;
         ^
/private/var/folders/bq/vtzpc5ns5sg2cthy61lqpg3dfzgbys/T/1585508730747-0/src/Rx2Groups-master/rxgroups-android/src/main/java/com/airbnb/rxgroups/LifecycleResubscription.java:29: error: package rx.android.schedulers does not exist
import rx.android.schedulers.AndroidSchedulers;
                            ^
/private/var/folders/bq/vtzpc5ns5sg2cthy61lqpg3dfzgbys/T/1585508730747-0/src/Rx2Groups-master/rxgroups-android/src/main/java/com/airbnb/rxgroups/LifecycleResubscription.java:30: error: package rx.functions does not exist
import rx.functions.Func1;
                   ^
/private/var/folders/bq/vtzpc5ns5sg2cthy61lqpg3dfzgbys/T/1585508730747-0/src/Rx2Groups-master/rxgroups-android/src/main/java/com/airbnb/rxgroups/LifecycleResubscription.java:31: error: package rx.schedulers does not exist
import rx.schedulers.Schedulers;
                    ^
/private/var/folders/bq/vtzpc5ns5sg2cthy61lqpg3dfzgbys/T/1585508730747-0/src/Rx2Groups-master/rxgroups-android/src/main/java/com/airbnb/rxgroups/GroupLifecycleManager.java:44: error: cannot find symbol
  private final ObservableManager observableManager;
                ^
  symbol:   class ObservableManager
  location: class GroupLifecycleManager
/private/var/folders/bq/vtzpc5ns5sg2cthy61lqpg3dfzgbys/T/1585508730747-0/src/Rx2Groups-master/rxgroups-android/src/main/java/com/airbnb/rxgroups/GroupLifecycleManager.java:45: error: cannot find symbol
  private final ObservableGroup group;
                ^
  symbol:   class ObservableGroup
  location: class GroupLifecycleManager
/private/var/folders/bq/vtzpc5ns5sg2cthy61lqpg3dfzgbys/T/1585508730747-0/src/Rx2Groups-master/rxgroups-android/src/main/java/com/airbnb/rxgroups/GroupLifecycleManager.java:48: error: cannot find symbol
  private GroupLifecycleManager(ObservableManager observableManager, ObservableGroup group,
                                ^
  symbol:   class ObservableManager
  location: class GroupLifecycleManager
/private/var/folders/bq/vtzpc5ns5sg2cthy61lqpg3dfzgbys/T/1585508730747-0/src/Rx2Groups-master/rxgroups-android/src/main/java/com/airbnb/rxgroups/GroupLifecycleManager.java:48: error: cannot find symbol
  private GroupLifecycleManager(ObservableManager observableManager, ObservableGroup group,
                                                                     ^
  symbol:   class ObservableGroup
  location: class GroupLifecycleManager
/private/var/folders/bq/vtzpc5ns5sg2cthy61lqpg3dfzgbys/T/1585508730747-0/src/Rx2Groups-master/rxgroups-android/src/main/java/com/airbnb/rxgroups/GroupLifecycleManager.java:56: error: cannot find symbol
  public static GroupLifecycleManager onCreate(ObservableManager observableManager,
                                               ^
  symbol:   class ObservableManager
  location: class GroupLifecycleManager
/private/var/folders/bq/vtzpc5ns5sg2cthy61lqpg3dfzgbys/T/1585508730747-0/src/Rx2Groups-master/rxgroups-android/src/main/java/com/airbnb/rxgroups/GroupLifecycleManager.java:62: error: cannot find symbol
  public static GroupLifecycleManager onCreate(ObservableManager observableManager,
                                               ^
  symbol:   class ObservableManager
  location: class GroupLifecycleManager
/private/var/folders/bq/vtzpc5ns5sg2cthy61lqpg3dfzgbys/T/1585508730747-0/src/Rx2Groups-master/rxgroups-android/src/main/java/com/airbnb/rxgroups/GroupLifecycleManager.java:69: error: cannot find symbol
  public static GroupLifecycleManager onCreate(ObservableManager observableManager,
                                               ^
  symbol:   class ObservableManager
  location: class GroupLifecycleManager
/private/var/folders/bq/vtzpc5ns5sg2cthy61lqpg3dfzgbys/T/1585508730747-0/src/Rx2Groups-master/rxgroups-android/src/main/java/com/airbnb/rxgroups/GroupLifecycleManager.java:107: error: cannot find symbol
  public ObservableGroup group() {
         ^
  symbol:   class ObservableGroup
  location: class GroupLifecycleManager
/private/var/folders/bq/vtzpc5ns5sg2cthy61lqpg3dfzgbys/T/1585508730747-0/src/Rx2Groups-master/rxgroups-android/src/main/java/com/airbnb/rxgroups/GroupLifecycleManager.java:114: error: package Observable does not exist
  public <T> Observable.Transformer<? super T, T> transform(String tag) {
                       ^
/private/var/folders/bq/vtzpc5ns5sg2cthy61lqpg3dfzgbys/T/1585508730747-0/src/Rx2Groups-master/rxgroups-android/src/main/java/com/airbnb/rxgroups/GroupLifecycleManager.java:152: error: cannot find symbol
  public void resubscribe(String tag, Observer<?> observer) {
                                      ^
  symbol:   class Observer
  location: class GroupLifecycleManager
/private/var/folders/bq/vtzpc5ns5sg2cthy61lqpg3dfzgbys/T/1585508730747-0/src/Rx2Groups-master/rxgroups-android/src/main/java/com/airbnb/rxgroups/LifecycleResubscription.java:39: error: cannot find symbol
  Observable<ObserverInfo> observers(final Object target) {
  ^
  symbol:   class Observable
  location: class LifecycleResubscription
/private/var/folders/bq/vtzpc5ns5sg2cthy61lqpg3dfzgbys/T/1585508730747-0/src/Rx2Groups-master/rxgroups-android/src/main/java/com/airbnb/rxgroups/LifecycleResubscription.java:60: error: cannot find symbol
  private Observable<Field> fields(Object target) {
          ^
  symbol:   class Observable
  location: class LifecycleResubscription
/private/var/folders/bq/vtzpc5ns5sg2cthy61lqpg3dfzgbys/T/1585508730747-0/src/Rx2Groups-master/rxgroups-android/src/main/java/com/airbnb/rxgroups/LifecycleResubscription.java:89: error: cannot find symbol
  private Observable<ObserverInfo> observerInfoList(final Object target, Field field) {
          ^
  symbol:   class Observable
  location: class LifecycleResubscription
/private/var/folders/bq/vtzpc5ns5sg2cthy61lqpg3dfzgbys/T/1585508730747-0/src/Rx2Groups-master/rxgroups-android/src/main/java/com/airbnb/rxgroups/LifecycleResubscription.java:136: error: cannot find symbol
    final Observer<?> observer;
          ^
  symbol:   class Observer
  location: class ObserverInfo
/private/var/folders/bq/vtzpc5ns5sg2cthy61lqpg3dfzgbys/T/1585508730747-0/src/Rx2Groups-master/rxgroups-android/src/main/java/com/airbnb/rxgroups/LifecycleResubscription.java:138: error: cannot find symbol
    ObserverInfo(String tag, Observer<?> observer) {
                             ^
  symbol:   class Observer
  location: class ObserverInfo
/private/var/folders/bq/vtzpc5ns5sg2cthy61lqpg3dfzgbys/T/1585508730747-0/src/Rx2Groups-master/rxgroups-android/src/main/java/com/airbnb/rxgroups/GroupLifecycleManager.java:63: error: cannot find symbol
      @Nullable Bundle savedState, @Nullable Object target) {
       ^
  symbol:   class Nullable
  location: class GroupLifecycleManager
/private/var/folders/bq/vtzpc5ns5sg2cthy61lqpg3dfzgbys/T/1585508730747-0/src/Rx2Groups-master/rxgroups-android/src/main/java/com/airbnb/rxgroups/GroupLifecycleManager.java:63: error: cannot find symbol
      @Nullable Bundle savedState, @Nullable Object target) {
                                    ^
  symbol:   class Nullable
  location: class GroupLifecycleManager
/private/var/folders/bq/vtzpc5ns5sg2cthy61lqpg3dfzgbys/T/1585508730747-0/src/Rx2Groups-master/rxgroups-android/src/main/java/com/airbnb/rxgroups/GroupLifecycleManager.java:70: error: cannot find symbol
      LifecycleResubscription resubscription, @Nullable Bundle savedState,
                                               ^
  symbol:   class Nullable
  location: class GroupLifecycleManager
/private/var/folders/bq/vtzpc5ns5sg2cthy61lqpg3dfzgbys/T/1585508730747-0/src/Rx2Groups-master/rxgroups-android/src/main/java/com/airbnb/rxgroups/GroupLifecycleManager.java:71: error: cannot find symbol
      @Nullable Object target) {
       ^
  symbol:   class Nullable
  location: class GroupLifecycleManager
/private/var/folders/bq/vtzpc5ns5sg2cthy61lqpg3dfzgbys/T/1585508730747-0/src/Rx2Groups-master/rxgroups-android/src/main/java/com/airbnb/rxgroups/GroupLifecycleManager.java:177: error: cannot find symbol
  public void onDestroy(@Nullable Activity activity) {
                         ^
  symbol:   class Nullable
  location: class GroupLifecycleManager
/private/var/folders/bq/vtzpc5ns5sg2cthy61lqpg3dfzgbys/T/1585508730747-0/src/Rx2Groups-master/rxgroups-android/src/main/java/com/airbnb/rxgroups/LifecycleResubscription.java:80: error: cannot find symbol
  private boolean shouldCheckClass(@Nullable Class<?> clazz) {
                                    ^
  symbol:   class Nullable
  location: class LifecycleResubscription
/private/var/folders/bq/vtzpc5ns5sg2cthy61lqpg3dfzgbys/T/1585508730747-0/src/Rx2Groups-master/rxgroups-android/src/main/java/com/airbnb/rxgroups/AutoResubscribe.java:29: warning - Tag @link: reference not found: rx.Observer
/private/var/folders/bq/vtzpc5ns5sg2cthy61lqpg3dfzgbys/T/1585508730747-0/src/Rx2Groups-master/rxgroups-android/src/main/java/com/airbnb/rxgroups/GroupLifecycleManager.java:123: warning - Tag @link: reference not found: ObservableGroup
javadoc: warning - Class Nullable not found.
javadoc: warning - Class Nullable not found.
javadoc: warning - Class Nullable not found.
javadoc: warning - Class Nullable not found.
/private/var/folders/bq/vtzpc5ns5sg2cthy61lqpg3dfzgbys/T/1585508730747-0/src/Rx2Groups-master/rxgroups-android/src/main/java/com/airbnb/rxgroups/GroupLifecycleManager.java:107: warning - Tag @link: reference not found: ObservableGroup
/private/var/folders/bq/vtzpc5ns5sg2cthy61lqpg3dfzgbys/T/1585508730747-0/src/Rx2Groups-master/rxgroups-android/src/main/java/com/airbnb/rxgroups/GroupLifecycleManager.java:123: warning - Tag @link: reference not found: ObservableGroup
/private/var/folders/bq/vtzpc5ns5sg2cthy61lqpg3dfzgbys/T/1585508730747-0/src/Rx2Groups-master/rxgroups-android/src/main/java/com/airbnb/rxgroups/GroupLifecycleManager.java:123: warning - Tag @link: reference not found: Observer#onCompleted()
javadoc: warning - Class Nullable not found.
/private/var/folders/bq/vtzpc5ns5sg2cthy61lqpg3dfzgbys/T/1585508730747-0/src/Rx2Groups-master/rxgroups-android/src/main/java/com/airbnb/rxgroups/AutoResubscribe.java:29: warning - Tag @link: reference not found: rx.Observer
/private/var/folders/bq/vtzpc5ns5sg2cthy61lqpg3dfzgbys/T/1585508730747-0/src/Rx2Groups-master/rxgroups-android/src/main/java/com/airbnb/rxgroups/AutoResubscribe.java:29: warning - Tag @link: reference not found: rx.Observer
/private/var/folders/bq/vtzpc5ns5sg2cthy61lqpg3dfzgbys/T/1585508730747-0/src/Rx2Groups-master/rxgroups-android/src/main/java/com/airbnb/rxgroups/GroupLifecycleManager.java:123: warning - Tag @link: reference not found: ObservableGroup

50 warnings
:rxgroups-android:androidJavadocsJar
:rxgroups-android:androidSourcesJar
:rxgroups-android:preBuild UP-TO-DATE
:rxgroups-android:preDebugBuild UP-TO-DATE
:rxgroups-android:checkDebugManifest
:rxgroups:compileJavawarning: [options] bootstrap class path not set in conjunction with -source 1.7
Note: /private/var/folders/bq/vtzpc5ns5sg2cthy61lqpg3dfzgbys/T/1585508730747-0/src/Rx2Groups-master/rxgroups/src/main/java/com/airbnb/rxgroups/ObservableGroup.java uses unchecked or unsafe operations.
Note: Recompile with -Xlint:unchecked for details.
1 warning

:rxgroups:processResources UP-TO-DATE
:rxgroups:classes
:rxgroups:jar
:rxgroups-android:preDebugAndroidTestBuild UP-TO-DATE
:rxgroups-android:preDebugUnitTestBuild UP-TO-DATE
:rxgroups-android:preReleaseBuild UP-TO-DATE
:rxgroups-android:preReleaseUnitTestBuild UP-TO-DATE
:rxgroups-android:prepareIoReactivexRxandroid121Library
:rxgroups-android:prepareDebugDependencies
:rxgroups-android:compileDebugAidl
:rxgroups-android:compileDebugNdk UP-TO-DATE
:rxgroups-android:compileLint
:rxgroups-android:copyDebugLint UP-TO-DATE
:rxgroups-android:mergeDebugShaders
:rxgroups-android:compileDebugShaders
:rxgroups-android:generateDebugAssets
:rxgroups-android:mergeDebugAssets
:rxgroups-android:mergeDebugProguardFiles
:rxgroups-android:packageDebugRenderscript UP-TO-DATE
:rxgroups-android:compileDebugRenderscript
:rxgroups-android:generateDebugResValues
:rxgroups-android:generateDebugResources
:rxgroups-android:packageDebugResources
:rxgroups-android:processDebugManifest
:rxgroups-android:generateDebugBuildConfig
:rxgroups-android:mergeDebugResources
:rxgroups-android:processDebugResources
:rxgroups-android:generateDebugSources
:rxgroups-android:incrementalDebugJavaCompilationSafeguard
:rxgroups-android:compileDebugJavaWithJavac
:rxgroups-android:compileDebugJavaWithJavac - is not incremental (e.g. outputs have changed, no previous execution, etc.).
:rxgroups-android:processDebugJavaRes UP-TO-DATE
:rxgroups-android:transformResourcesWithMergeJavaResForDebug
:rxgroups-android:transformClassesAndResourcesWithSyncLibJarsForDebug
:rxgroups-android:mergeDebugJniLibFolders
:rxgroups-android:transformNative_libsWithMergeJniLibsForDebug
:rxgroups-android:transformNative_libsWithSyncJniLibsForDebug
:rxgroups-android:bundleDebug
:rxgroups-android:compileDebugSources
:rxgroups-android:assembleDebug
:rxgroups-android:checkReleaseManifest
:rxgroups-android:prepareReleaseDependencies
:rxgroups-android:compileReleaseAidl
:rxgroups-android:compileReleaseNdk UP-TO-DATE
:rxgroups-android:copyReleaseLint UP-TO-DATE
:rxgroups-android:mergeReleaseShaders
:rxgroups-android:compileReleaseShaders
:rxgroups-android:generateReleaseAssets
:rxgroups-android:mergeReleaseAssets
:rxgroups-android:mergeReleaseProguardFiles
:rxgroups-android:packageReleaseRenderscript UP-TO-DATE
:rxgroups-android:compileReleaseRenderscript
:rxgroups-android:generateReleaseResValues
:rxgroups-android:generateReleaseResources
:rxgroups-android:packageReleaseResources
:rxgroups-android:processReleaseManifest
:rxgroups-android:generateReleaseBuildConfig
:rxgroups-android:mergeReleaseResources
:rxgroups-android:processReleaseResources
:rxgroups-android:generateReleaseSources
:rxgroups-android:incrementalReleaseJavaCompilationSafeguard
:rxgroups-android:compileReleaseJavaWithJavac
:rxgroups-android:compileReleaseJavaWithJavac - is not incremental (e.g. outputs have changed, no previous execution, etc.).
:rxgroups-android:processReleaseJavaRes UP-TO-DATE
:rxgroups-android:transformResourcesWithMergeJavaResForRelease
:rxgroups-android:transformClassesAndResourcesWithSyncLibJarsForRelease
:rxgroups-android:mergeReleaseJniLibFolders
:rxgroups-android:transformNative_libsWithMergeJniLibsForRelease
:rxgroups-android:transformNative_libsWithSyncJniLibsForRelease
:rxgroups-android:bundleRelease
:rxgroups-android:compileReleaseSources
:rxgroups-android:assembleRelease
:rxgroups-android:signArchives SKIPPED
:rxgroups-android:assemble
:rxgroups-android:lint FAILED

FAILURE: Build failed with an exception.

* What went wrong:
Execution failed for task ':rxgroups-android:lint'.
> No toolchains found in the NDK toolchains folder for ABI with prefix: mipsel-linux-android

* Try:
Run with --info or --debug option to get more log output.

* Exception is:
org.gradle.api.tasks.TaskExecutionException: Execution failed for task ':rxgroups-android:lint'.
	at org.gradle.api.internal.tasks.execution.ExecuteActionsTaskExecuter.executeActions(ExecuteActionsTaskExecuter.java:69)
	at org.gradle.api.internal.tasks.execution.ExecuteActionsTaskExecuter.execute(ExecuteActionsTaskExecuter.java:46)
	at org.gradle.api.internal.tasks.execution.PostExecutionAnalysisTaskExecuter.execute(PostExecutionAnalysisTaskExecuter.java:35)
	at org.gradle.api.internal.tasks.execution.SkipUpToDateTaskExecuter.execute(SkipUpToDateTaskExecuter.java:66)
	at org.gradle.api.internal.tasks.execution.ValidatingTaskExecuter.execute(ValidatingTaskExecuter.java:58)
	at org.gradle.api.internal.tasks.execution.SkipEmptySourceFilesTaskExecuter.execute(SkipEmptySourceFilesTaskExecuter.java:52)
	at org.gradle.api.internal.tasks.execution.SkipTaskWithNoActionsExecuter.execute(SkipTaskWithNoActionsExecuter.java:52)
	at org.gradle.api.internal.tasks.execution.SkipOnlyIfTaskExecuter.execute(SkipOnlyIfTaskExecuter.java:53)
	at org.gradle.api.internal.tasks.execution.ExecuteAtMostOnceTaskExecuter.execute(ExecuteAtMostOnceTaskExecuter.java:43)
	at org.gradle.execution.taskgraph.DefaultTaskGraphExecuter$EventFiringTaskWorker.execute(DefaultTaskGraphExecuter.java:203)
	at org.gradle.execution.taskgraph.DefaultTaskGraphExecuter$EventFiringTaskWorker.execute(DefaultTaskGraphExecuter.java:185)
	at org.gradle.execution.taskgraph.AbstractTaskPlanExecutor$TaskExecutorWorker.processTask(AbstractTaskPlanExecutor.java:66)
	at org.gradle.execution.taskgraph.AbstractTaskPlanExecutor$TaskExecutorWorker.run(AbstractTaskPlanExecutor.java:50)
	at org.gradle.execution.taskgraph.DefaultTaskPlanExecutor.process(DefaultTaskPlanExecutor.java:25)
	at org.gradle.execution.taskgraph.DefaultTaskGraphExecuter.execute(DefaultTaskGraphExecuter.java:110)
	at org.gradle.execution.SelectedTaskExecutionAction.execute(SelectedTaskExecutionAction.java:37)
	at org.gradle.execution.DefaultBuildExecuter.execute(DefaultBuildExecuter.java:37)
	at org.gradle.execution.DefaultBuildExecuter.access$000(DefaultBuildExecuter.java:23)
	at org.gradle.execution.DefaultBuildExecuter$1.proceed(DefaultBuildExecuter.java:43)
	at org.gradle.execution.DryRunBuildExecutionAction.execute(DryRunBuildExecutionAction.java:32)
	at org.gradle.execution.DefaultBuildExecuter.execute(DefaultBuildExecuter.java:37)
	at org.gradle.execution.DefaultBuildExecuter.execute(DefaultBuildExecuter.java:30)
	at org.gradle.initialization.DefaultGradleLauncher$4.run(DefaultGradleLauncher.java:153)
	at org.gradle.internal.Factories$1.create(Factories.java:22)
	at org.gradle.internal.progress.DefaultBuildOperationExecutor.run(DefaultBuildOperationExecutor.java:91)
	at org.gradle.internal.progress.DefaultBuildOperationExecutor.run(DefaultBuildOperationExecutor.java:53)
	at org.gradle.initialization.DefaultGradleLauncher.doBuildStages(DefaultGradleLauncher.java:150)
	at org.gradle.initialization.DefaultGradleLauncher.access$200(DefaultGradleLauncher.java:32)
	at org.gradle.initialization.DefaultGradleLauncher$1.create(DefaultGradleLauncher.java:98)
	at org.gradle.initialization.DefaultGradleLauncher$1.create(DefaultGradleLauncher.java:92)
	at org.gradle.internal.progress.DefaultBuildOperationExecutor.run(DefaultBuildOperationExecutor.java:91)
	at org.gradle.internal.progress.DefaultBuildOperationExecutor.run(DefaultBuildOperationExecutor.java:63)
	at org.gradle.initialization.DefaultGradleLauncher.doBuild(DefaultGradleLauncher.java:92)
	at org.gradle.initialization.DefaultGradleLauncher.run(DefaultGradleLauncher.java:83)
	at org.gradle.launcher.exec.InProcessBuildActionExecuter$DefaultBuildController.run(InProcessBuildActionExecuter.java:99)
	at org.gradle.tooling.internal.provider.ExecuteBuildActionRunner.run(ExecuteBuildActionRunner.java:28)
	at org.gradle.launcher.exec.ChainingBuildActionRunner.run(ChainingBuildActionRunner.java:35)
	at org.gradle.launcher.exec.InProcessBuildActionExecuter.execute(InProcessBuildActionExecuter.java:48)
	at org.gradle.launcher.exec.InProcessBuildActionExecuter.execute(InProcessBuildActionExecuter.java:30)
	at org.gradle.launcher.exec.ContinuousBuildActionExecuter.execute(ContinuousBuildActionExecuter.java:81)
	at org.gradle.launcher.exec.ContinuousBuildActionExecuter.execute(ContinuousBuildActionExecuter.java:46)
	at org.gradle.launcher.exec.DaemonUsageSuggestingBuildActionExecuter.execute(DaemonUsageSuggestingBuildActionExecuter.java:51)
	at org.gradle.launcher.exec.DaemonUsageSuggestingBuildActionExecuter.execute(DaemonUsageSuggestingBuildActionExecuter.java:28)
	at org.gradle.launcher.cli.RunBuildAction.run(RunBuildAction.java:43)
	at org.gradle.internal.Actions$RunnableActionAdapter.execute(Actions.java:173)
	at org.gradle.launcher.cli.CommandLineActionFactory$ParseAndBuildAction.execute(CommandLineActionFactory.java:239)
	at org.gradle.launcher.cli.CommandLineActionFactory$ParseAndBuildAction.execute(CommandLineActionFactory.java:212)
	at org.gradle.launcher.cli.JavaRuntimeValidationAction.execute(JavaRuntimeValidationAction.java:35)
	at org.gradle.launcher.cli.JavaRuntimeValidationAction.execute(JavaRuntimeValidationAction.java:24)
	at org.gradle.launcher.cli.ExceptionReportingAction.execute(ExceptionReportingAction.java:33)
	at org.gradle.launcher.cli.ExceptionReportingAction.execute(ExceptionReportingAction.java:22)
	at org.gradle.launcher.cli.CommandLineActionFactory$WithLogging.execute(CommandLineActionFactory.java:205)
	at org.gradle.launcher.cli.CommandLineActionFactory$WithLogging.execute(CommandLineActionFactory.java:169)
	at org.gradle.launcher.Main.doAction(Main.java:33)
	at org.gradle.launcher.bootstrap.EntryPoint.run(EntryPoint.java:45)
	at org.gradle.launcher.bootstrap.ProcessBootstrap.runNoExit(ProcessBootstrap.java:55)
	at org.gradle.launcher.bootstrap.ProcessBootstrap.run(ProcessBootstrap.java:36)
	at org.gradle.launcher.GradleMain.main(GradleMain.java:23)
	at org.gradle.wrapper.BootstrapMainStarter.start(BootstrapMainStarter.java:33)
	at org.gradle.wrapper.WrapperExecutor.execute(WrapperExecutor.java:130)
	at org.gradle.wrapper.GradleWrapperMain.main(GradleWrapperMain.java:48)
Caused by: java.lang.RuntimeException: No toolchains found in the NDK toolchains folder for ABI with prefix: mipsel-linux-android
	at com.android.build.gradle.internal.ndk.DefaultNdkInfo.getDefaultToolchainVersion(DefaultNdkInfo.java:330)
	at com.android.build.gradle.internal.ndk.DefaultNdkInfo.getToolchainPath(DefaultNdkInfo.java:207)
	at com.android.build.gradle.internal.ndk.DefaultNdkInfo.getCCompiler(DefaultNdkInfo.java:263)
	at com.android.build.gradle.internal.ndk.NdkHandler.getCCompiler(NdkHandler.java:306)
	at com.android.build.gradle.internal.model.ModelBuilder.createNativeToolchainModelMap(ModelBuilder.java:240)
	at com.android.build.gradle.internal.model.ModelBuilder.buildAll(ModelBuilder.java:175)
	at com.android.build.gradle.tasks.Lint.createAndroidProject(Lint.java:288)
	at com.android.build.gradle.tasks.Lint.lint(Lint.java:105)
	at org.gradle.internal.reflect.JavaMethod.invoke(JavaMethod.java:75)
	at org.gradle.api.internal.project.taskfactory.AnnotationProcessingTaskFactory$StandardTaskAction.doExecute(AnnotationProcessingTaskFactory.java:228)
	at org.gradle.api.internal.project.taskfactory.AnnotationProcessingTaskFactory$StandardTaskAction.execute(AnnotationProcessingTaskFactory.java:221)
	at org.gradle.api.internal.project.taskfactory.AnnotationProcessingTaskFactory$StandardTaskAction.execute(AnnotationProcessingTaskFactory.java:210)
	at org.gradle.api.internal.AbstractTask$TaskActionWrapper.execute(AbstractTask.java:621)
	at org.gradle.api.internal.AbstractTask$TaskActionWrapper.execute(AbstractTask.java:604)
	at org.gradle.api.internal.tasks.execution.ExecuteActionsTaskExecuter.executeAction(ExecuteActionsTaskExecuter.java:80)
	at org.gradle.api.internal.tasks.execution.ExecuteActionsTaskExecuter.executeActions(ExecuteActionsTaskExecuter.java:61)
	... 60 more


BUILD FAILED

Total time: 11.08 secs

2020-03-30 02:06:11,013 INFO  ProjectTaskService - Detecting possible tasks...
2020-03-30 02:06:11,013 INFO  SysUtils - Execute command: [/var/folders/bq/vtzpc5ns5sg2cthy61lqpg3dfzgbys/T/1585508730747-0/src/Rx2Groups-master/gradlew, -b, /var/folders/bq/vtzpc5ns5sg2cthy61lqpg3dfzgbys/T/1585508730747-0/src/Rx2Groups-master/sample/build.gradle, -Dorg.gradle.daemon=false, -Dorg.gradle.daemon.performance.enable-monitoring=false, -Dorg.gradle.configureondemand=true, tasks]
2020-03-30 02:06:18,673 ERROR ProjectTaskService - Could not detect possible Gradle tasks: Process exited with an error: 1 (Exit value: 1)
2020-03-30 02:06:18,674 INFO  ProjectTaskService - Detected possible tasks: 0
2020-03-30 02:06:18,674 INFO  ProjectTaskService - Excluded tasks (0): none
2020-03-30 02:06:18,674 INFO  SysUtils - Execute command: [/var/folders/bq/vtzpc5ns5sg2cthy61lqpg3dfzgbys/T/1585508730747-0/src/Rx2Groups-master/gradlew, -b, /var/folders/bq/vtzpc5ns5sg2cthy61lqpg3dfzgbys/T/1585508730747-0/src/Rx2Groups-master/sample/build.gradle, -Dorg.gradle.daemon=false, -Dorg.gradle.daemon.performance.enable-monitoring=false, -Dorg.gradle.configureondemand=true, --stacktrace, build]
2020-03-30 02:06:27,125 ERROR SysUtils - Could not process external command
org.apache.commons.exec.ExecuteException: Process exited with an error: 1 (Exit value: 1)
	at org.apache.commons.exec.DefaultExecutor.executeInternal(DefaultExecutor.java:404)
	at org.apache.commons.exec.DefaultExecutor.execute(DefaultExecutor.java:166)
	at com.github.vbauer.apkmaster.util.SysUtils.execute(SysUtils.java:67)
	at com.github.vbauer.apkmaster.util.SysUtils.executeSimple(SysUtils.java:43)
	at com.github.vbauer.apkmaster.service.assembly.ProjectBuildService.buildProject(ProjectBuildService.java:78)
	at com.github.vbauer.apkmaster.service.assembly.ProjectBuildService.buildProject(ProjectBuildService.java:64)
	at com.github.vbauer.apkmaster.service.assembly.ProjectBuildService.buildProject(ProjectBuildService.java:43)
	at com.github.vbauer.apkmaster.service.FullProcessService.build(FullProcessService.java:84)
	at com.github.vbauer.apkmaster.service.FullProcessService.process(FullProcessService.java:34)
	at com.github.vbauer.apkmaster.app.MainApplication.process(MainApplication.java:38)
	at com.github.vbauer.apkmaster.app.MainApplication.main(MainApplication.java:20)
	at sun.reflect.NativeMethodAccessorImpl.invoke0(Native Method)
	at sun.reflect.NativeMethodAccessorImpl.invoke(NativeMethodAccessorImpl.java:62)
	at sun.reflect.DelegatingMethodAccessorImpl.invoke(DelegatingMethodAccessorImpl.java:43)
	at java.lang.reflect.Method.invoke(Method.java:498)
	at com.android.arsenal.util.ReflectionUtils.invoke(ReflectionUtils.java:42)
	at com.android.arsenal.util.ApkMasterUtils.main(ApkMasterUtils.java:30)
	at com.android.arsenal.service.processor.impl.BuildProcessorServiceImpl.buildProject(BuildProcessorServiceImpl.java:197)
	at com.android.arsenal.service.processor.impl.BuildProcessorServiceImpl.build(BuildProcessorServiceImpl.java:131)
	at com.android.arsenal.service.processor.impl.BuildProcessorServiceImpl.lambda$null$1(BuildProcessorServiceImpl.java:114)
	at java.util.concurrent.FutureTask.run(FutureTask.java:266)
	at java.util.concurrent.Executors$RunnableAdapter.call(Executors.java:511)
	at java.util.concurrent.FutureTask.run(FutureTask.java:266)
	at java.util.concurrent.ThreadPoolExecutor.runWorker(ThreadPoolExecutor.java:1149)
	at java.util.concurrent.ThreadPoolExecutor$Worker.run(ThreadPoolExecutor.java:624)
	at java.lang.Thread.run(Thread.java:748)
2020-03-30 02:06:27,125 INFO  SysUtils - Configuration on demand is an incubating feature.
Incremental java compilation is an incubating feature.

FAILURE: Build failed with an exception.

* What went wrong:
A problem occurred configuring project ':sample'.
> No toolchains found in the NDK toolchains folder for ABI with prefix: mipsel-linux-android

* Try:
Run with --info or --debug option to get more log output.

* Exception is:
org.gradle.api.ProjectConfigurationException: A problem occurred configuring project ':sample'.
	at org.gradle.configuration.project.LifecycleProjectEvaluator.addConfigurationFailure(LifecycleProjectEvaluator.java:79)
	at org.gradle.configuration.project.LifecycleProjectEvaluator.notifyAfterEvaluate(LifecycleProjectEvaluator.java:74)
	at org.gradle.configuration.project.LifecycleProjectEvaluator.evaluate(LifecycleProjectEvaluator.java:61)
	at org.gradle.api.internal.project.AbstractProject.evaluate(AbstractProject.java:540)
	at org.gradle.api.internal.project.AbstractProject.evaluate(AbstractProject.java:93)
	at org.gradle.execution.TaskPathProjectEvaluator.configureHierarchy(TaskPathProjectEvaluator.java:42)
	at org.gradle.execution.TaskSelector.getSelection(TaskSelector.java:84)
	at org.gradle.execution.TaskSelector.getSelection(TaskSelector.java:75)
	at org.gradle.execution.commandline.CommandLineTaskParser.parseTasks(CommandLineTaskParser.java:42)
	at org.gradle.execution.TaskNameResolvingBuildConfigurationAction.configure(TaskNameResolvingBuildConfigurationAction.java:44)
	at org.gradle.execution.DefaultBuildConfigurationActionExecuter.configure(DefaultBuildConfigurationActionExecuter.java:48)
	at org.gradle.execution.DefaultBuildConfigurationActionExecuter.access$000(DefaultBuildConfigurationActionExecuter.java:25)
	at org.gradle.execution.DefaultBuildConfigurationActionExecuter$1.proceed(DefaultBuildConfigurationActionExecuter.java:54)
	at org.gradle.execution.DefaultTasksBuildExecutionAction.configure(DefaultTasksBuildExecutionAction.java:44)
	at org.gradle.execution.DefaultBuildConfigurationActionExecuter.configure(DefaultBuildConfigurationActionExecuter.java:48)
	at org.gradle.execution.DefaultBuildConfigurationActionExecuter.access$000(DefaultBuildConfigurationActionExecuter.java:25)
	at org.gradle.execution.DefaultBuildConfigurationActionExecuter$1.proceed(DefaultBuildConfigurationActionExecuter.java:54)
	at org.gradle.execution.ExcludedTaskFilteringBuildConfigurationAction.configure(ExcludedTaskFilteringBuildConfigurationAction.java:47)
	at org.gradle.execution.DefaultBuildConfigurationActionExecuter.configure(DefaultBuildConfigurationActionExecuter.java:48)
	at org.gradle.execution.DefaultBuildConfigurationActionExecuter.select(DefaultBuildConfigurationActionExecuter.java:36)
	at org.gradle.initialization.DefaultGradleLauncher$3.run(DefaultGradleLauncher.java:142)
	at org.gradle.internal.Factories$1.create(Factories.java:22)
	at org.gradle.internal.progress.DefaultBuildOperationExecutor.run(DefaultBuildOperationExecutor.java:91)
	at org.gradle.internal.progress.DefaultBuildOperationExecutor.run(DefaultBuildOperationExecutor.java:53)
	at org.gradle.initialization.DefaultGradleLauncher.doBuildStages(DefaultGradleLauncher.java:139)
	at org.gradle.initialization.DefaultGradleLauncher.access$200(DefaultGradleLauncher.java:32)
	at org.gradle.initialization.DefaultGradleLauncher$1.create(DefaultGradleLauncher.java:98)
	at org.gradle.initialization.DefaultGradleLauncher$1.create(DefaultGradleLauncher.java:92)
	at org.gradle.internal.progress.DefaultBuildOperationExecutor.run(DefaultBuildOperationExecutor.java:91)
	at org.gradle.internal.progress.DefaultBuildOperationExecutor.run(DefaultBuildOperationExecutor.java:63)
	at org.gradle.initialization.DefaultGradleLauncher.doBuild(DefaultGradleLauncher.java:92)
	at org.gradle.initialization.DefaultGradleLauncher.run(DefaultGradleLauncher.java:83)
	at org.gradle.launcher.exec.InProcessBuildActionExecuter$DefaultBuildController.run(InProcessBuildActionExecuter.java:99)
	at org.gradle.tooling.internal.provider.ExecuteBuildActionRunner.run(ExecuteBuildActionRunner.java:28)
	at org.gradle.launcher.exec.ChainingBuildActionRunner.run(ChainingBuildActionRunner.java:35)
	at org.gradle.launcher.exec.InProcessBuildActionExecuter.execute(InProcessBuildActionExecuter.java:48)
	at org.gradle.launcher.exec.InProcessBuildActionExecuter.execute(InProcessBuildActionExecuter.java:30)
	at org.gradle.launcher.exec.ContinuousBuildActionExecuter.execute(ContinuousBuildActionExecuter.java:81)
	at org.gradle.launcher.exec.ContinuousBuildActionExecuter.execute(ContinuousBuildActionExecuter.java:46)
	at org.gradle.launcher.exec.DaemonUsageSuggestingBuildActionExecuter.execute(DaemonUsageSuggestingBuildActionExecuter.java:51)
	at org.gradle.launcher.exec.DaemonUsageSuggestingBuildActionExecuter.execute(DaemonUsageSuggestingBuildActionExecuter.java:28)
	at org.gradle.launcher.cli.RunBuildAction.run(RunBuildAction.java:43)
	at org.gradle.internal.Actions$RunnableActionAdapter.execute(Actions.java:173)
	at org.gradle.launcher.cli.CommandLineActionFactory$ParseAndBuildAction.execute(CommandLineActionFactory.java:239)
	at org.gradle.launcher.cli.CommandLineActionFactory$ParseAndBuildAction.execute(CommandLineActionFactory.java:212)
	at org.gradle.launcher.cli.JavaRuntimeValidationAction.execute(JavaRuntimeValidationAction.java:35)
	at org.gradle.launcher.cli.JavaRuntimeValidationAction.execute(JavaRuntimeValidationAction.java:24)
	at org.gradle.launcher.cli.ExceptionReportingAction.execute(ExceptionReportingAction.java:33)
	at org.gradle.launcher.cli.ExceptionReportingAction.execute(ExceptionReportingAction.java:22)
	at org.gradle.launcher.cli.CommandLineActionFactory$WithLogging.execute(CommandLineActionFactory.java:205)
	at org.gradle.launcher.cli.CommandLineActionFactory$WithLogging.execute(CommandLineActionFactory.java:169)
	at org.gradle.launcher.Main.doAction(Main.java:33)
	at org.gradle.launcher.bootstrap.EntryPoint.run(EntryPoint.java:45)
	at org.gradle.launcher.bootstrap.ProcessBootstrap.runNoExit(ProcessBootstrap.java:55)
	at org.gradle.launcher.bootstrap.ProcessBootstrap.run(ProcessBootstrap.java:36)
	at org.gradle.launcher.GradleMain.main(GradleMain.java:23)
	at org.gradle.wrapper.BootstrapMainStarter.start(BootstrapMainStarter.java:33)
	at org.gradle.wrapper.WrapperExecutor.execute(WrapperExecutor.java:130)
	at org.gradle.wrapper.GradleWrapperMain.main(GradleWrapperMain.java:48)
Caused by: java.lang.RuntimeException: No toolchains found in the NDK toolchains folder for ABI with prefix: mipsel-linux-android
	at com.android.build.gradle.internal.ndk.DefaultNdkInfo.getDefaultToolchainVersion(DefaultNdkInfo.java:330)
	at com.android.build.gradle.internal.ndk.DefaultNdkInfo.getToolchainPath(DefaultNdkInfo.java:207)
	at com.android.build.gradle.internal.ndk.DefaultNdkInfo.getStripExecutable(DefaultNdkInfo.java:300)
	at com.android.build.gradle.internal.ndk.NdkHandler.getStripExecutable(NdkHandler.java:333)
	at com.android.build.gradle.internal.transforms.StripDebugSymbolTransform.<init>(StripDebugSymbolTransform.java:87)
	at com.android.build.gradle.internal.TaskManager.createStripNativeLibraryTask(TaskManager.java:1342)
	at com.android.build.gradle.internal.ApplicationTaskManager.createTasksForVariantData(ApplicationTaskManager.java:289)
	at com.android.build.gradle.internal.VariantManager.createTasksForVariantData(VariantManager.java:485)
	at com.android.build.gradle.internal.VariantManager$3.call(VariantManager.java:293)
	at com.android.build.gradle.internal.VariantManager$3.call(VariantManager.java:290)
	at com.android.builder.profile.ThreadRecorder.record(ThreadRecorder.java:156)
	at com.android.builder.profile.ThreadRecorder.record(ThreadRecorder.java:120)
	at com.android.build.gradle.internal.profile.SpanRecorders.record(SpanRecorders.java:44)
	at com.android.build.gradle.internal.VariantManager.createAndroidTasks(VariantManager.java:286)
	at com.android.build.gradle.BasePlugin$11.call(BasePlugin.java:688)
	at com.android.build.gradle.BasePlugin$11.call(BasePlugin.java:685)
	at com.android.builder.profile.ThreadRecorder.record(ThreadRecorder.java:156)
	at com.android.builder.profile.ThreadRecorder.record(ThreadRecorder.java:120)
	at com.android.build.gradle.BasePlugin.createAndroidTasks(BasePlugin.java:683)
	at com.android.build.gradle.BasePlugin$10.call(BasePlugin.java:608)
	at com.android.build.gradle.BasePlugin$10.call(BasePlugin.java:605)
	at com.android.builder.profile.ThreadRecorder.record(ThreadRecorder.java:156)
	at com.android.builder.profile.ThreadRecorder.record(ThreadRecorder.java:120)
	at com.android.build.gradle.BasePlugin.lambda$createTasks$1(BasePlugin.java:603)
	at org.gradle.internal.event.BroadcastDispatch$ActionInvocationHandler.dispatch(BroadcastDispatch.java:93)
	at org.gradle.internal.event.BroadcastDispatch$ActionInvocationHandler.dispatch(BroadcastDispatch.java:82)
	at org.gradle.internal.event.AbstractBroadcastDispatch.dispatch(AbstractBroadcastDispatch.java:44)
	at org.gradle.internal.event.BroadcastDispatch.dispatch(BroadcastDispatch.java:79)
	at org.gradle.internal.event.BroadcastDispatch.dispatch(BroadcastDispatch.java:30)
	at org.gradle.internal.dispatch.ProxyDispatchAdapter$DispatchingInvocationHandler.invoke(ProxyDispatchAdapter.java:93)
	at com.sun.proxy.$Proxy10.afterEvaluate(Unknown Source)
	at org.gradle.configuration.project.LifecycleProjectEvaluator.notifyAfterEvaluate(LifecycleProjectEvaluator.java:67)
	... 57 more


BUILD FAILED

Total time: 7.868 secs

2020-03-30 02:06:27,143 INFO  ProjectTaskService - Detecting possible tasks...
2020-03-30 02:06:27,143 INFO  SysUtils - Execute command: [/var/folders/bq/vtzpc5ns5sg2cthy61lqpg3dfzgbys/T/1585508730747-0/src/Rx2Groups-master/gradlew, -b, /var/folders/bq/vtzpc5ns5sg2cthy61lqpg3dfzgbys/T/1585508730747-0/src/Rx2Groups-master/build.gradle, -Dorg.gradle.daemon=false, -Dorg.gradle.daemon.performance.enable-monitoring=false, -Dorg.gradle.configureondemand=true, tasks]
2020-03-30 02:06:34,411 ERROR ProjectTaskService - Could not detect possible Gradle tasks: Process exited with an error: 1 (Exit value: 1)
2020-03-30 02:06:34,411 INFO  ProjectTaskService - Detected possible tasks: 0
2020-03-30 02:06:34,411 INFO  ProjectTaskService - Excluded tasks (0): none
2020-03-30 02:06:34,411 INFO  SysUtils - Execute command: [/var/folders/bq/vtzpc5ns5sg2cthy61lqpg3dfzgbys/T/1585508730747-0/src/Rx2Groups-master/gradlew, -b, /var/folders/bq/vtzpc5ns5sg2cthy61lqpg3dfzgbys/T/1585508730747-0/src/Rx2Groups-master/build.gradle, -Dorg.gradle.daemon=false, -Dorg.gradle.daemon.performance.enable-monitoring=false, -Dorg.gradle.configureondemand=true, --stacktrace, build]
2020-03-30 02:06:41,616 ERROR SysUtils - Could not process external command
org.apache.commons.exec.ExecuteException: Process exited with an error: 1 (Exit value: 1)
	at org.apache.commons.exec.DefaultExecutor.executeInternal(DefaultExecutor.java:404)
	at org.apache.commons.exec.DefaultExecutor.execute(DefaultExecutor.java:166)
	at com.github.vbauer.apkmaster.util.SysUtils.execute(SysUtils.java:67)
	at com.github.vbauer.apkmaster.util.SysUtils.executeSimple(SysUtils.java:43)
	at com.github.vbauer.apkmaster.service.assembly.ProjectBuildService.buildProject(ProjectBuildService.java:78)
	at com.github.vbauer.apkmaster.service.assembly.ProjectBuildService.buildProject(ProjectBuildService.java:64)
	at com.github.vbauer.apkmaster.service.assembly.ProjectBuildService.buildProject(ProjectBuildService.java:43)
	at com.github.vbauer.apkmaster.service.FullProcessService.build(FullProcessService.java:84)
	at com.github.vbauer.apkmaster.service.FullProcessService.process(FullProcessService.java:34)
	at com.github.vbauer.apkmaster.app.MainApplication.process(MainApplication.java:38)
	at com.github.vbauer.apkmaster.app.MainApplication.main(MainApplication.java:20)
	at sun.reflect.NativeMethodAccessorImpl.invoke0(Native Method)
	at sun.reflect.NativeMethodAccessorImpl.invoke(NativeMethodAccessorImpl.java:62)
	at sun.reflect.DelegatingMethodAccessorImpl.invoke(DelegatingMethodAccessorImpl.java:43)
	at java.lang.reflect.Method.invoke(Method.java:498)
	at com.android.arsenal.util.ReflectionUtils.invoke(ReflectionUtils.java:42)
	at com.android.arsenal.util.ApkMasterUtils.main(ApkMasterUtils.java:30)
	at com.android.arsenal.service.processor.impl.BuildProcessorServiceImpl.buildProject(BuildProcessorServiceImpl.java:197)
	at com.android.arsenal.service.processor.impl.BuildProcessorServiceImpl.build(BuildProcessorServiceImpl.java:131)
	at com.android.arsenal.service.processor.impl.BuildProcessorServiceImpl.lambda$null$1(BuildProcessorServiceImpl.java:114)
	at java.util.concurrent.FutureTask.run(FutureTask.java:266)
	at java.util.concurrent.Executors$RunnableAdapter.call(Executors.java:511)
	at java.util.concurrent.FutureTask.run(FutureTask.java:266)
	at java.util.concurrent.ThreadPoolExecutor.runWorker(ThreadPoolExecutor.java:1149)
	at java.util.concurrent.ThreadPoolExecutor$Worker.run(ThreadPoolExecutor.java:624)
	at java.lang.Thread.run(Thread.java:748)
2020-03-30 02:06:41,616 INFO  SysUtils - Configuration on demand is an incubating feature.
Incremental java compilation is an incubating feature.

FAILURE: Build failed with an exception.

* What went wrong:
A problem occurred configuring project ':sample'.
> No toolchains found in the NDK toolchains folder for ABI with prefix: mipsel-linux-android

* Try:
Run with --info or --debug option to get more log output.

* Exception is:
org.gradle.api.ProjectConfigurationException: A problem occurred configuring project ':sample'.
	at org.gradle.configuration.project.LifecycleProjectEvaluator.addConfigurationFailure(LifecycleProjectEvaluator.java:79)
	at org.gradle.configuration.project.LifecycleProjectEvaluator.notifyAfterEvaluate(LifecycleProjectEvaluator.java:74)
	at org.gradle.configuration.project.LifecycleProjectEvaluator.evaluate(LifecycleProjectEvaluator.java:61)
	at org.gradle.api.internal.project.AbstractProject.evaluate(AbstractProject.java:540)
	at org.gradle.api.internal.project.AbstractProject.evaluate(AbstractProject.java:93)
	at org.gradle.execution.TaskPathProjectEvaluator.configureHierarchy(TaskPathProjectEvaluator.java:47)
	at org.gradle.execution.TaskSelector.getSelection(TaskSelector.java:84)
	at org.gradle.execution.TaskSelector.getSelection(TaskSelector.java:75)
	at org.gradle.execution.commandline.CommandLineTaskParser.parseTasks(CommandLineTaskParser.java:42)
	at org.gradle.execution.TaskNameResolvingBuildConfigurationAction.configure(TaskNameResolvingBuildConfigurationAction.java:44)
	at org.gradle.execution.DefaultBuildConfigurationActionExecuter.configure(DefaultBuildConfigurationActionExecuter.java:48)
	at org.gradle.execution.DefaultBuildConfigurationActionExecuter.access$000(DefaultBuildConfigurationActionExecuter.java:25)
	at org.gradle.execution.DefaultBuildConfigurationActionExecuter$1.proceed(DefaultBuildConfigurationActionExecuter.java:54)
	at org.gradle.execution.DefaultTasksBuildExecutionAction.configure(DefaultTasksBuildExecutionAction.java:44)
	at org.gradle.execution.DefaultBuildConfigurationActionExecuter.configure(DefaultBuildConfigurationActionExecuter.java:48)
	at org.gradle.execution.DefaultBuildConfigurationActionExecuter.access$000(DefaultBuildConfigurationActionExecuter.java:25)
	at org.gradle.execution.DefaultBuildConfigurationActionExecuter$1.proceed(DefaultBuildConfigurationActionExecuter.java:54)
	at org.gradle.execution.ExcludedTaskFilteringBuildConfigurationAction.configure(ExcludedTaskFilteringBuildConfigurationAction.java:47)
	at org.gradle.execution.DefaultBuildConfigurationActionExecuter.configure(DefaultBuildConfigurationActionExecuter.java:48)
	at org.gradle.execution.DefaultBuildConfigurationActionExecuter.select(DefaultBuildConfigurationActionExecuter.java:36)
	at org.gradle.initialization.DefaultGradleLauncher$3.run(DefaultGradleLauncher.java:142)
	at org.gradle.internal.Factories$1.create(Factories.java:22)
	at org.gradle.internal.progress.DefaultBuildOperationExecutor.run(DefaultBuildOperationExecutor.java:91)
	at org.gradle.internal.progress.DefaultBuildOperationExecutor.run(DefaultBuildOperationExecutor.java:53)
	at org.gradle.initialization.DefaultGradleLauncher.doBuildStages(DefaultGradleLauncher.java:139)
	at org.gradle.initialization.DefaultGradleLauncher.access$200(DefaultGradleLauncher.java:32)
	at org.gradle.initialization.DefaultGradleLauncher$1.create(DefaultGradleLauncher.java:98)
	at org.gradle.initialization.DefaultGradleLauncher$1.create(DefaultGradleLauncher.java:92)
	at org.gradle.internal.progress.DefaultBuildOperationExecutor.run(DefaultBuildOperationExecutor.java:91)
	at org.gradle.internal.progress.DefaultBuildOperationExecutor.run(DefaultBuildOperationExecutor.java:63)
	at org.gradle.initialization.DefaultGradleLauncher.doBuild(DefaultGradleLauncher.java:92)
	at org.gradle.initialization.DefaultGradleLauncher.run(DefaultGradleLauncher.java:83)
	at org.gradle.launcher.exec.InProcessBuildActionExecuter$DefaultBuildController.run(InProcessBuildActionExecuter.java:99)
	at org.gradle.tooling.internal.provider.ExecuteBuildActionRunner.run(ExecuteBuildActionRunner.java:28)
	at org.gradle.launcher.exec.ChainingBuildActionRunner.run(ChainingBuildActionRunner.java:35)
	at org.gradle.launcher.exec.InProcessBuildActionExecuter.execute(InProcessBuildActionExecuter.java:48)
	at org.gradle.launcher.exec.InProcessBuildActionExecuter.execute(InProcessBuildActionExecuter.java:30)
	at org.gradle.launcher.exec.ContinuousBuildActionExecuter.execute(ContinuousBuildActionExecuter.java:81)
	at org.gradle.launcher.exec.ContinuousBuildActionExecuter.execute(ContinuousBuildActionExecuter.java:46)
	at org.gradle.launcher.exec.DaemonUsageSuggestingBuildActionExecuter.execute(DaemonUsageSuggestingBuildActionExecuter.java:51)
	at org.gradle.launcher.exec.DaemonUsageSuggestingBuildActionExecuter.execute(DaemonUsageSuggestingBuildActionExecuter.java:28)
	at org.gradle.launcher.cli.RunBuildAction.run(RunBuildAction.java:43)
	at org.gradle.internal.Actions$RunnableActionAdapter.execute(Actions.java:173)
	at org.gradle.launcher.cli.CommandLineActionFactory$ParseAndBuildAction.execute(CommandLineActionFactory.java:239)
	at org.gradle.launcher.cli.CommandLineActionFactory$ParseAndBuildAction.execute(CommandLineActionFactory.java:212)
	at org.gradle.launcher.cli.JavaRuntimeValidationAction.execute(JavaRuntimeValidationAction.java:35)
	at org.gradle.launcher.cli.JavaRuntimeValidationAction.execute(JavaRuntimeValidationAction.java:24)
	at org.gradle.launcher.cli.ExceptionReportingAction.execute(ExceptionReportingAction.java:33)
	at org.gradle.launcher.cli.ExceptionReportingAction.execute(ExceptionReportingAction.java:22)
	at org.gradle.launcher.cli.CommandLineActionFactory$WithLogging.execute(CommandLineActionFactory.java:205)
	at org.gradle.launcher.cli.CommandLineActionFactory$WithLogging.execute(CommandLineActionFactory.java:169)
	at org.gradle.launcher.Main.doAction(Main.java:33)
	at org.gradle.launcher.bootstrap.EntryPoint.run(EntryPoint.java:45)
	at org.gradle.launcher.bootstrap.ProcessBootstrap.runNoExit(ProcessBootstrap.java:55)
	at org.gradle.launcher.bootstrap.ProcessBootstrap.run(ProcessBootstrap.java:36)
	at org.gradle.launcher.GradleMain.main(GradleMain.java:23)
	at org.gradle.wrapper.BootstrapMainStarter.start(BootstrapMainStarter.java:33)
	at org.gradle.wrapper.WrapperExecutor.execute(WrapperExecutor.java:130)
	at org.gradle.wrapper.GradleWrapperMain.main(GradleWrapperMain.java:48)
Caused by: java.lang.RuntimeException: No toolchains found in the NDK toolchains folder for ABI with prefix: mipsel-linux-android
	at com.android.build.gradle.internal.ndk.DefaultNdkInfo.getDefaultToolchainVersion(DefaultNdkInfo.java:330)
	at com.android.build.gradle.internal.ndk.DefaultNdkInfo.getToolchainPath(DefaultNdkInfo.java:207)
	at com.android.build.gradle.internal.ndk.DefaultNdkInfo.getStripExecutable(DefaultNdkInfo.java:300)
	at com.android.build.gradle.internal.ndk.NdkHandler.getStripExecutable(NdkHandler.java:333)
	at com.android.build.gradle.internal.transforms.StripDebugSymbolTransform.<init>(StripDebugSymbolTransform.java:87)
	at com.android.build.gradle.internal.TaskManager.createStripNativeLibraryTask(TaskManager.java:1342)
	at com.android.build.gradle.internal.ApplicationTaskManager.createTasksForVariantData(ApplicationTaskManager.java:289)
	at com.android.build.gradle.internal.VariantManager.createTasksForVariantData(VariantManager.java:485)
	at com.android.build.gradle.internal.VariantManager$3.call(VariantManager.java:293)
	at com.android.build.gradle.internal.VariantManager$3.call(VariantManager.java:290)
	at com.android.builder.profile.ThreadRecorder.record(ThreadRecorder.java:156)
	at com.android.builder.profile.ThreadRecorder.record(ThreadRecorder.java:120)
	at com.android.build.gradle.internal.profile.SpanRecorders.record(SpanRecorders.java:44)
	at com.android.build.gradle.internal.VariantManager.createAndroidTasks(VariantManager.java:286)
	at com.android.build.gradle.BasePlugin$11.call(BasePlugin.java:688)
	at com.android.build.gradle.BasePlugin$11.call(BasePlugin.java:685)
	at com.android.builder.profile.ThreadRecorder.record(ThreadRecorder.java:156)
	at com.android.builder.profile.ThreadRecorder.record(ThreadRecorder.java:120)
	at com.android.build.gradle.BasePlugin.createAndroidTasks(BasePlugin.java:683)
	at com.android.build.gradle.BasePlugin$10.call(BasePlugin.java:608)
	at com.android.build.gradle.BasePlugin$10.call(BasePlugin.java:605)
	at com.android.builder.profile.ThreadRecorder.record(ThreadRecorder.java:156)
	at com.android.builder.profile.ThreadRecorder.record(ThreadRecorder.java:120)
	at com.android.build.gradle.BasePlugin.lambda$createTasks$1(BasePlugin.java:603)
	at org.gradle.internal.event.BroadcastDispatch$ActionInvocationHandler.dispatch(BroadcastDispatch.java:93)
	at org.gradle.internal.event.BroadcastDispatch$ActionInvocationHandler.dispatch(BroadcastDispatch.java:82)
	at org.gradle.internal.event.AbstractBroadcastDispatch.dispatch(AbstractBroadcastDispatch.java:44)
	at org.gradle.internal.event.BroadcastDispatch.dispatch(BroadcastDispatch.java:79)
	at org.gradle.internal.event.BroadcastDispatch.dispatch(BroadcastDispatch.java:30)
	at org.gradle.internal.dispatch.ProxyDispatchAdapter$DispatchingInvocationHandler.invoke(ProxyDispatchAdapter.java:93)
	at com.sun.proxy.$Proxy11.afterEvaluate(Unknown Source)
	at org.gradle.configuration.project.LifecycleProjectEvaluator.notifyAfterEvaluate(LifecycleProjectEvaluator.java:67)
	... 57 more


BUILD FAILED

Total time: 6.638 secs

2020-03-30 02:06:41,634 INFO  ProjectTaskService - Detecting possible tasks...
2020-03-30 02:06:41,634 INFO  SysUtils - Execute command: [/var/folders/bq/vtzpc5ns5sg2cthy61lqpg3dfzgbys/T/1585508730747-0/src/Rx2Groups-master/gradlew, -b, /var/folders/bq/vtzpc5ns5sg2cthy61lqpg3dfzgbys/T/1585508730747-0/src/Rx2Groups-master/rxgroups/build.gradle, -Dorg.gradle.daemon=false, -Dorg.gradle.daemon.performance.enable-monitoring=false, -Dorg.gradle.configureondemand=true, tasks]
2020-03-30 02:06:49,205 ERROR ProjectTaskService - Could not detect possible Gradle tasks: Process exited with an error: 1 (Exit value: 1)
2020-03-30 02:06:49,208 INFO  ProjectTaskService - Detected possible tasks: 0
2020-03-30 02:06:49,208 INFO  ProjectTaskService - Excluded tasks (0): none
2020-03-30 02:06:49,208 INFO  SysUtils - Execute command: [/var/folders/bq/vtzpc5ns5sg2cthy61lqpg3dfzgbys/T/1585508730747-0/src/Rx2Groups-master/gradlew, -b, /var/folders/bq/vtzpc5ns5sg2cthy61lqpg3dfzgbys/T/1585508730747-0/src/Rx2Groups-master/rxgroups/build.gradle, -Dorg.gradle.daemon=false, -Dorg.gradle.daemon.performance.enable-monitoring=false, -Dorg.gradle.configureondemand=true, --stacktrace, build]
2020-03-30 02:07:04,153 INFO  SysUtils - Configuration on demand is an incubating feature.
:rxgroups:compileJava UP-TO-DATE
:rxgroups:processResources UP-TO-DATE
:rxgroups:classes UP-TO-DATE
:rxgroups:jar UP-TO-DATE
:rxgroups:javadoc/private/var/folders/bq/vtzpc5ns5sg2cthy61lqpg3dfzgbys/T/1585508730747-0/src/Rx2Groups-master/rxgroups/src/main/java/com/airbnb/rxgroups/Preconditions.java:94: warning - Tag @link: reference not found: Verify#verifyNotNull(Object)

1 warning
:rxgroups:javadocJar
:rxgroups:sourcesJar
:rxgroups:signArchives SKIPPED
:rxgroups:assemble
:rxgroups:checkstyleMain
Download https://jcenter.bintray.com/com/puppycrawl/tools/checkstyle/5.9/checkstyle-5.9.jar
Download https://jcenter.bintray.com/com/google/guava/guava-jdk5/14.0.1/guava-jdk5-14.0.1.jar
:rxgroups:compileTestJavawarning: [options] bootstrap class path not set in conjunction with -source 1.7
Note: /private/var/folders/bq/vtzpc5ns5sg2cthy61lqpg3dfzgbys/T/1585508730747-0/src/Rx2Groups-master/rxgroups/src/test/java/com/airbnb/rxgroups/TestObserver.java uses unchecked or unsafe operations.
Note: Recompile with -Xlint:unchecked for details.
1 warning

:rxgroups:processTestResources UP-TO-DATE
:rxgroups:testClasses
:rxgroups:checkstyleTest
:rxgroups:test
:rxgroups:check
:rxgroups:build

BUILD SUCCESSFUL

Total time: 14.475 secs

2020-03-30 02:07:04,173 ERROR FullProcessService - Project build has not produced APK file
2020-03-30 02:07:04,190 ERROR FullProcessService - Could not find generated or existed APK file
