2018-09-08 01:49:47,802 INFO  DownloadService - Downloading "https://github.com/kingfisherphuoc/EasySharedPreference/archive/master.zip", attempt 3
2018-09-08 01:50:48,909 INFO  GithubDownloadService - Could not find ZIP archive for master branch
2018-09-08 01:50:50,055 INFO  GithubDownloadService - Default branch of this repository: master
2018-09-08 01:50:50,055 INFO  DownloadService - Downloading "https://github.com/kingfisherphuoc/EasySharedPreference/archive/master.zip", attempt 3
2018-09-08 01:51:51,719 DEBUG FullProcessService - Repository https://github.com/kingfisherphuoc/EasySharedPreference available: true
2018-09-08 01:51:51,719 INFO  FullProcessService - Could not download ZIP file from Github, lets clone it
2018-09-08 01:51:51,719 INFO  SysUtils - Execute command: [git, clone, -q, --single-branch, --depth, 1, https://github.com/kingfisherphuoc/EasySharedPreference, /var/folders/bq/vtzpc5ns5sg2cthy61lqpg3dfzgbys/T/1536346187800-0/src]
2018-09-08 01:51:53,490 INFO  SysUtils - 
2018-09-08 01:51:53,529 INFO  GitService - Deleted "/var/folders/bq/vtzpc5ns5sg2cthy61lqpg3dfzgbys/T/1536346187800-0/src/.git": true
2018-09-08 01:51:53,532 INFO  FullProcessService - Size of directory with sources: 153 KB
2018-09-08 01:51:53,532 INFO  SysUtils - Execute command: [git, init, /var/folders/bq/vtzpc5ns5sg2cthy61lqpg3dfzgbys/T/1536346187800-0/src]
2018-09-08 01:51:53,547 INFO  SysUtils - Initialized empty Git repository in /private/var/folders/bq/vtzpc5ns5sg2cthy61lqpg3dfzgbys/T/1536346187800-0/src/.git/

2018-09-08 01:51:53,550 INFO  ProjectBuildService - Gradle wrapper(s): /var/folders/bq/vtzpc5ns5sg2cthy61lqpg3dfzgbys/T/1536346187800-0/src/gradlew
2018-09-08 01:51:53,553 INFO  ProjectBuildService - Build script(s): /var/folders/bq/vtzpc5ns5sg2cthy61lqpg3dfzgbys/T/1536346187800-0/src/easy_sharedpreference_library/build.gradle /var/folders/bq/vtzpc5ns5sg2cthy61lqpg3dfzgbys/T/1536346187800-0/src/sample/build.gradle /var/folders/bq/vtzpc5ns5sg2cthy61lqpg3dfzgbys/T/1536346187800-0/src/build.gradle
2018-09-08 01:51:53,556 INFO  ProjectBuildService - All script(s): /var/folders/bq/vtzpc5ns5sg2cthy61lqpg3dfzgbys/T/1536346187800-0/src/build.gradle /var/folders/bq/vtzpc5ns5sg2cthy61lqpg3dfzgbys/T/1536346187800-0/src/sample/build.gradle /var/folders/bq/vtzpc5ns5sg2cthy61lqpg3dfzgbys/T/1536346187800-0/src/settings.gradle /var/folders/bq/vtzpc5ns5sg2cthy61lqpg3dfzgbys/T/1536346187800-0/src/easy_sharedpreference_library/build.gradle
2018-09-08 01:51:53,557 INFO  DownloadService - Downloading "https://raw.githubusercontent.com/nuuneoi/JCenter/master/bintrayv1.gradle", attempt 3
2018-09-08 01:52:46,076 INFO  DownloadService - Downloaded https://raw.githubusercontent.com/nuuneoi/JCenter/master/bintrayv1.gradle, attempt 3
2018-09-08 01:52:46,077 INFO  DownloadService - Downloading "https://raw.githubusercontent.com/nuuneoi/JCenter/master/installv1.gradle", attempt 3
2018-09-08 01:52:46,285 INFO  DownloadService - Downloaded https://raw.githubusercontent.com/nuuneoi/JCenter/master/installv1.gradle, attempt 3
2018-09-08 01:52:46,286 INFO  ProjectBuildService - Remote scripts: https://raw.githubusercontent.com/nuuneoi/JCenter/master/bintrayv1.gradle https://raw.githubusercontent.com/nuuneoi/JCenter/master/installv1.gradle
2018-09-08 01:52:46,286 INFO  ProjectFixService - Fixing project...
2018-09-08 01:52:46,296 INFO  LocalPropertiesFixService - Created fake /var/folders/bq/vtzpc5ns5sg2cthy61lqpg3dfzgbys/T/1536346187800-0/src/easy_sharedpreference_library/local.properties
2018-09-08 01:52:46,296 INFO  ProjectFixService - Build info for "/var/folders/bq/vtzpc5ns5sg2cthy61lqpg3dfzgbys/T/1536346187800-0/src/easy_sharedpreference_library/build.gradle": [buildToolsVersion=25.0.2,compileSdkVersion=25,minSdkVersion=9,targetSdkVersion=25]
2018-09-08 01:52:46,300 INFO  LocalPropertiesFixService - Created fake /var/folders/bq/vtzpc5ns5sg2cthy61lqpg3dfzgbys/T/1536346187800-0/src/sample/local.properties
2018-09-08 01:52:46,302 INFO  ProjectFixService - Build info for "/var/folders/bq/vtzpc5ns5sg2cthy61lqpg3dfzgbys/T/1536346187800-0/src/sample/build.gradle": [buildToolsVersion=25.0.2,compileSdkVersion=25,minSdkVersion=14,targetSdkVersion=25]
2018-09-08 01:52:46,302 INFO  LocalPropertiesFixService - Created fake /var/folders/bq/vtzpc5ns5sg2cthy61lqpg3dfzgbys/T/1536346187800-0/src/local.properties
2018-09-08 01:52:46,302 INFO  WrapperPropertiesFixService - Gradle wrapper: https://services.gradle.org/distributions/gradle-3.3-all.zip
2018-09-08 01:52:46,303 INFO  WrapperPropertiesFixService - Gradle wrapper was changed from "-all.zip" to "-bin.zip" (https://services.gradle.org/distributions/gradle-3.3-bin.zip)
2018-09-08 01:52:46,304 INFO  ProjectFixService - Build info for "/var/folders/bq/vtzpc5ns5sg2cthy61lqpg3dfzgbys/T/1536346187800-0/src/build.gradle": [buildToolsVersion=25.0.2,compileSdkVersion=25,minSdkVersion=14,targetSdkVersion=25]
2018-09-08 01:52:46,304 INFO  ProjectFixService - Project was maybe fixed
2018-09-08 01:52:46,304 INFO  ProjectTaskService - Detecting possible tasks...
2018-09-08 01:52:46,304 INFO  SysUtils - Execute command: [/var/folders/bq/vtzpc5ns5sg2cthy61lqpg3dfzgbys/T/1536346187800-0/src/gradlew, -b, /var/folders/bq/vtzpc5ns5sg2cthy61lqpg3dfzgbys/T/1536346187800-0/src/easy_sharedpreference_library/build.gradle, -Dorg.gradle.daemon=false, -Dorg.gradle.daemon.performance.enable-monitoring=false, -Dorg.gradle.configureondemand=true, tasks]
2018-09-08 01:52:55,697 INFO  ProjectTaskService - Detected possible tasks: 71
2018-09-08 01:52:55,698 INFO  ProjectTaskService - Excluded tasks (19): lintDebug mockableAndroidJar javadocJar deviceCheck lint testReleaseUnitTest javadoc deviceAndroidTest uninstallDebugAndroidTest installDebugAndroidTest connectedCheck connectedDebugAndroidTest uninstallAll sourcesJar test check testDebugUnitTest connectedAndroidTest lintRelease
2018-09-08 01:52:55,698 INFO  SysUtils - Execute command: [/var/folders/bq/vtzpc5ns5sg2cthy61lqpg3dfzgbys/T/1536346187800-0/src/gradlew, -b, /var/folders/bq/vtzpc5ns5sg2cthy61lqpg3dfzgbys/T/1536346187800-0/src/easy_sharedpreference_library/build.gradle, -Dorg.gradle.daemon=false, -Dorg.gradle.daemon.performance.enable-monitoring=false, -Dorg.gradle.configureondemand=true, --stacktrace, -x, lintDebug, -x, mockableAndroidJar, -x, javadocJar, -x, deviceCheck, -x, lint, -x, testReleaseUnitTest, -x, javadoc, -x, deviceAndroidTest, -x, uninstallDebugAndroidTest, -x, installDebugAndroidTest, -x, connectedCheck, -x, connectedDebugAndroidTest, -x, uninstallAll, -x, sourcesJar, -x, test, -x, check, -x, testDebugUnitTest, -x, connectedAndroidTest, -x, lintRelease, build]
2018-09-08 01:53:08,143 INFO  SysUtils - Configuration on demand is an incubating feature.
Incremental java compilation is an incubating feature.
:easy_sharedpreference_library:preBuild UP-TO-DATE
:easy_sharedpreference_library:preDebugBuild UP-TO-DATE
:easy_sharedpreference_library:checkDebugManifest
:easy_sharedpreference_library:preDebugAndroidTestBuild UP-TO-DATE
:easy_sharedpreference_library:preDebugUnitTestBuild UP-TO-DATE
:easy_sharedpreference_library:preReleaseBuild UP-TO-DATE
:easy_sharedpreference_library:preReleaseUnitTestBuild UP-TO-DATE
:easy_sharedpreference_library:prepareComAndroidSupportAnimatedVectorDrawable2531Library
:easy_sharedpreference_library:prepareComAndroidSupportAppcompatV72531Library
:easy_sharedpreference_library:prepareComAndroidSupportSupportCompat2531Library
:easy_sharedpreference_library:prepareComAndroidSupportSupportCoreUi2531Library
:easy_sharedpreference_library:prepareComAndroidSupportSupportCoreUtils2531Library
:easy_sharedpreference_library:prepareComAndroidSupportSupportFragment2531Library
:easy_sharedpreference_library:prepareComAndroidSupportSupportMediaCompat2531Library
:easy_sharedpreference_library:prepareComAndroidSupportSupportV42531Library
:easy_sharedpreference_library:prepareComAndroidSupportSupportVectorDrawable2531Library
:easy_sharedpreference_library:prepareDebugDependencies
:easy_sharedpreference_library:compileDebugAidl
:easy_sharedpreference_library:compileDebugNdk UP-TO-DATE
:easy_sharedpreference_library:compileLint
:easy_sharedpreference_library:copyDebugLint UP-TO-DATE
:easy_sharedpreference_library:compileDebugRenderscript
:easy_sharedpreference_library:generateDebugBuildConfig
:easy_sharedpreference_library:generateDebugResValues
:easy_sharedpreference_library:generateDebugResources
:easy_sharedpreference_library:mergeDebugResources
:easy_sharedpreference_library:processDebugManifest
:easy_sharedpreference_library:processDebugResources
:easy_sharedpreference_library:generateDebugSources
:easy_sharedpreference_library:incrementalDebugJavaCompilationSafeguard
:easy_sharedpreference_library:javaPreCompileDebug
:easy_sharedpreference_library:compileDebugJavaWithJavac
:easy_sharedpreference_library:compileDebugJavaWithJavac - is not incremental (e.g. outputs have changed, no previous execution, etc.).
Note: /private/var/folders/bq/vtzpc5ns5sg2cthy61lqpg3dfzgbys/T/1536346187800-0/src/easy_sharedpreference_library/src/main/java/com/kingfisher/easy_sharedpreference_library/SharedPreferencesManager.java uses unchecked or unsafe operations.
Note: Recompile with -Xlint:unchecked for details.
:easy_sharedpreference_library:extractDebugAnnotations
:easy_sharedpreference_library:mergeDebugShaders
:easy_sharedpreference_library:compileDebugShaders
:easy_sharedpreference_library:generateDebugAssets
:easy_sharedpreference_library:mergeDebugAssets
:easy_sharedpreference_library:mergeDebugProguardFiles
:easy_sharedpreference_library:packageDebugRenderscript UP-TO-DATE
:easy_sharedpreference_library:packageDebugResources
:easy_sharedpreference_library:processDebugJavaRes UP-TO-DATE
:easy_sharedpreference_library:transformResourcesWithMergeJavaResForDebug
:easy_sharedpreference_library:transformClassesAndResourcesWithSyncLibJarsForDebug
:easy_sharedpreference_library:mergeDebugJniLibFolders
:easy_sharedpreference_library:transformNativeLibsWithMergeJniLibsForDebug
:easy_sharedpreference_library:transformNativeLibsWithStripDebugSymbolForDebug
:easy_sharedpreference_library:transformNativeLibsWithSyncJniLibsForDebug
:easy_sharedpreference_library:bundleDebug
:easy_sharedpreference_library:compileDebugSources
:easy_sharedpreference_library:assembleDebug
:easy_sharedpreference_library:checkReleaseManifest
:easy_sharedpreference_library:prepareReleaseDependencies
:easy_sharedpreference_library:compileReleaseAidl
:easy_sharedpreference_library:compileReleaseNdk UP-TO-DATE
:easy_sharedpreference_library:copyReleaseLint UP-TO-DATE
:easy_sharedpreference_library:compileReleaseRenderscript
:easy_sharedpreference_library:generateReleaseBuildConfig
:easy_sharedpreference_library:generateReleaseResValues
:easy_sharedpreference_library:generateReleaseResources
:easy_sharedpreference_library:mergeReleaseResources
:easy_sharedpreference_library:processReleaseManifest
:easy_sharedpreference_library:processReleaseResources
:easy_sharedpreference_library:generateReleaseSources
:easy_sharedpreference_library:incrementalReleaseJavaCompilationSafeguard
:easy_sharedpreference_library:javaPreCompileRelease
:easy_sharedpreference_library:compileReleaseJavaWithJavac
:easy_sharedpreference_library:compileReleaseJavaWithJavac - is not incremental (e.g. outputs have changed, no previous execution, etc.).
Note: /private/var/folders/bq/vtzpc5ns5sg2cthy61lqpg3dfzgbys/T/1536346187800-0/src/easy_sharedpreference_library/src/main/java/com/kingfisher/easy_sharedpreference_library/SharedPreferencesManager.java uses unchecked or unsafe operations.
Note: Recompile with -Xlint:unchecked for details.
:easy_sharedpreference_library:extractReleaseAnnotations
:easy_sharedpreference_library:mergeReleaseShaders
:easy_sharedpreference_library:compileReleaseShaders
:easy_sharedpreference_library:generateReleaseAssets
:easy_sharedpreference_library:mergeReleaseAssets
:easy_sharedpreference_library:mergeReleaseProguardFiles
:easy_sharedpreference_library:packageReleaseRenderscript UP-TO-DATE
:easy_sharedpreference_library:packageReleaseResources
:easy_sharedpreference_library:processReleaseJavaRes UP-TO-DATE
:easy_sharedpreference_library:transformResourcesWithMergeJavaResForRelease
:easy_sharedpreference_library:transformClassesAndResourcesWithSyncLibJarsForRelease
:easy_sharedpreference_library:mergeReleaseJniLibFolders
:easy_sharedpreference_library:transformNativeLibsWithMergeJniLibsForRelease
:easy_sharedpreference_library:transformNativeLibsWithStripDebugSymbolForRelease
:easy_sharedpreference_library:transformNativeLibsWithSyncJniLibsForRelease
:easy_sharedpreference_library:bundleRelease
:easy_sharedpreference_library:compileReleaseSources
:easy_sharedpreference_library:assembleRelease
:easy_sharedpreference_library:assemble
:easy_sharedpreference_library:build

BUILD SUCCESSFUL

Total time: 12.176 secs

2018-09-08 01:53:08,192 INFO  ProjectTaskService - Detecting possible tasks...
2018-09-08 01:53:08,192 INFO  SysUtils - Execute command: [/var/folders/bq/vtzpc5ns5sg2cthy61lqpg3dfzgbys/T/1536346187800-0/src/gradlew, -b, /var/folders/bq/vtzpc5ns5sg2cthy61lqpg3dfzgbys/T/1536346187800-0/src/sample/build.gradle, -Dorg.gradle.daemon=false, -Dorg.gradle.daemon.performance.enable-monitoring=false, -Dorg.gradle.configureondemand=true, tasks]
2018-09-08 01:53:16,508 INFO  ProjectTaskService - Detected possible tasks: 69
2018-09-08 01:53:16,508 INFO  ProjectTaskService - Excluded tasks (22): lintDebug mockableAndroidJar javadocJar deviceCheck lint testReleaseUnitTest javadoc uninstallRelease deviceAndroidTest uninstallDebugAndroidTest installDebugAndroidTest connectedCheck connectedDebugAndroidTest uninstallAll sourcesJar test check testDebugUnitTest connectedAndroidTest installDebug lintRelease uninstallDebug
2018-09-08 01:53:16,509 INFO  SysUtils - Execute command: [/var/folders/bq/vtzpc5ns5sg2cthy61lqpg3dfzgbys/T/1536346187800-0/src/gradlew, -b, /var/folders/bq/vtzpc5ns5sg2cthy61lqpg3dfzgbys/T/1536346187800-0/src/sample/build.gradle, -Dorg.gradle.daemon=false, -Dorg.gradle.daemon.performance.enable-monitoring=false, -Dorg.gradle.configureondemand=true, --stacktrace, -x, lintDebug, -x, mockableAndroidJar, -x, javadocJar, -x, deviceCheck, -x, lint, -x, testReleaseUnitTest, -x, javadoc, -x, uninstallRelease, -x, deviceAndroidTest, -x, uninstallDebugAndroidTest, -x, installDebugAndroidTest, -x, connectedCheck, -x, connectedDebugAndroidTest, -x, uninstallAll, -x, sourcesJar, -x, test, -x, check, -x, testDebugUnitTest, -x, connectedAndroidTest, -x, installDebug, -x, lintRelease, -x, uninstallDebug, build]
2018-09-08 01:53:24,379 ERROR SysUtils - Could not process external command
org.apache.commons.exec.ExecuteException: Process exited with an error: 1 (Exit value: 1)
	at org.apache.commons.exec.DefaultExecutor.executeInternal(DefaultExecutor.java:404)
	at org.apache.commons.exec.DefaultExecutor.execute(DefaultExecutor.java:166)
	at com.github.vbauer.apkmaster.util.SysUtils.execute(SysUtils.java:67)
	at com.github.vbauer.apkmaster.util.SysUtils.executeSimple(SysUtils.java:43)
	at com.github.vbauer.apkmaster.service.assembly.ProjectBuildService.buildProject(ProjectBuildService.java:78)
	at com.github.vbauer.apkmaster.service.assembly.ProjectBuildService.buildProject(ProjectBuildService.java:64)
	at com.github.vbauer.apkmaster.service.assembly.ProjectBuildService.buildProject(ProjectBuildService.java:43)
	at com.github.vbauer.apkmaster.service.FullProcessService.build(FullProcessService.java:84)
	at com.github.vbauer.apkmaster.service.FullProcessService.process(FullProcessService.java:34)
	at com.github.vbauer.apkmaster.app.MainApplication.process(MainApplication.java:38)
	at com.github.vbauer.apkmaster.app.MainApplication.main(MainApplication.java:20)
	at sun.reflect.GeneratedMethodAccessor8.invoke(Unknown Source)
	at sun.reflect.DelegatingMethodAccessorImpl.invoke(DelegatingMethodAccessorImpl.java:43)
	at java.lang.reflect.Method.invoke(Method.java:498)
	at com.android.arsenal.util.ReflectionUtils.invoke(ReflectionUtils.java:52)
	at com.android.arsenal.util.ApkMasterUtils.main(ApkMasterUtils.java:30)
	at com.android.arsenal.service.processor.impl.BuildProcessorServiceImpl.buildProject(BuildProcessorServiceImpl.java:196)
	at com.android.arsenal.service.processor.impl.BuildProcessorServiceImpl.build(BuildProcessorServiceImpl.java:130)
	at com.android.arsenal.service.processor.impl.BuildProcessorServiceImpl.lambda$createTasks$1(BuildProcessorServiceImpl.java:113)
	at java.util.concurrent.FutureTask.run(FutureTask.java:266)
	at java.util.concurrent.Executors$RunnableAdapter.call(Executors.java:511)
	at java.util.concurrent.FutureTask.run(FutureTask.java:266)
	at java.util.concurrent.ThreadPoolExecutor.runWorker(ThreadPoolExecutor.java:1149)
	at java.util.concurrent.ThreadPoolExecutor$Worker.run(ThreadPoolExecutor.java:624)
	at java.lang.Thread.run(Thread.java:748)
2018-09-08 01:53:24,379 INFO  SysUtils - Configuration on demand is an incubating feature.
Incremental java compilation is an incubating feature.

FAILURE: Build failed with an exception.

* What went wrong:
Task 'javadocJar' not found in project ':sample'.

* Try:
Run gradlew tasks to get a list of available tasks. Run with --info or --debug option to get more log output.

* Exception is:
org.gradle.execution.TaskSelectionException: Task 'javadocJar' not found in project ':sample'.
	at org.gradle.execution.TaskSelector.getSelection(TaskSelector.java:116)
	at org.gradle.execution.TaskSelector.getFilter(TaskSelector.java:66)
	at org.gradle.execution.ExcludedTaskFilteringBuildConfigurationAction.configure(ExcludedTaskFilteringBuildConfigurationAction.java:42)
	at org.gradle.execution.DefaultBuildConfigurationActionExecuter.configure(DefaultBuildConfigurationActionExecuter.java:48)
	at org.gradle.execution.DefaultBuildConfigurationActionExecuter.select(DefaultBuildConfigurationActionExecuter.java:36)
	at org.gradle.initialization.DefaultGradleLauncher$2.execute(DefaultGradleLauncher.java:185)
	at org.gradle.initialization.DefaultGradleLauncher$2.execute(DefaultGradleLauncher.java:182)
	at org.gradle.internal.Transformers$4.transform(Transformers.java:169)
	at org.gradle.internal.progress.DefaultBuildOperationExecutor.run(DefaultBuildOperationExecutor.java:106)
	at org.gradle.internal.progress.DefaultBuildOperationExecutor.run(DefaultBuildOperationExecutor.java:56)
	at org.gradle.initialization.DefaultGradleLauncher.doBuildStages(DefaultGradleLauncher.java:182)
	at org.gradle.initialization.DefaultGradleLauncher.doBuild(DefaultGradleLauncher.java:119)
	at org.gradle.initialization.DefaultGradleLauncher.run(DefaultGradleLauncher.java:102)
	at org.gradle.launcher.exec.GradleBuildController.run(GradleBuildController.java:71)
	at org.gradle.tooling.internal.provider.ExecuteBuildActionRunner.run(ExecuteBuildActionRunner.java:28)
	at org.gradle.launcher.exec.ChainingBuildActionRunner.run(ChainingBuildActionRunner.java:35)
	at org.gradle.launcher.exec.InProcessBuildActionExecuter.execute(InProcessBuildActionExecuter.java:41)
	at org.gradle.launcher.exec.InProcessBuildActionExecuter.execute(InProcessBuildActionExecuter.java:26)
	at org.gradle.tooling.internal.provider.ContinuousBuildActionExecuter.execute(ContinuousBuildActionExecuter.java:75)
	at org.gradle.tooling.internal.provider.ContinuousBuildActionExecuter.execute(ContinuousBuildActionExecuter.java:49)
	at org.gradle.tooling.internal.provider.ServicesSetupBuildActionExecuter.execute(ServicesSetupBuildActionExecuter.java:44)
	at org.gradle.tooling.internal.provider.ServicesSetupBuildActionExecuter.execute(ServicesSetupBuildActionExecuter.java:29)
	at org.gradle.launcher.cli.RunBuildAction.run(RunBuildAction.java:51)
	at org.gradle.internal.Actions$RunnableActionAdapter.execute(Actions.java:173)
	at org.gradle.launcher.cli.CommandLineActionFactory$ParseAndBuildAction.execute(CommandLineActionFactory.java:244)
	at org.gradle.launcher.cli.CommandLineActionFactory$ParseAndBuildAction.execute(CommandLineActionFactory.java:217)
	at org.gradle.launcher.cli.JavaRuntimeValidationAction.execute(JavaRuntimeValidationAction.java:33)
	at org.gradle.launcher.cli.JavaRuntimeValidationAction.execute(JavaRuntimeValidationAction.java:24)
	at org.gradle.launcher.cli.ExceptionReportingAction.execute(ExceptionReportingAction.java:33)
	at org.gradle.launcher.cli.ExceptionReportingAction.execute(ExceptionReportingAction.java:22)
	at org.gradle.launcher.cli.CommandLineActionFactory$WithLogging.execute(CommandLineActionFactory.java:210)
	at org.gradle.launcher.cli.CommandLineActionFactory$WithLogging.execute(CommandLineActionFactory.java:174)
	at org.gradle.launcher.Main.doAction(Main.java:33)
	at org.gradle.launcher.bootstrap.EntryPoint.run(EntryPoint.java:45)
	at org.gradle.launcher.bootstrap.ProcessBootstrap.runNoExit(ProcessBootstrap.java:60)
	at org.gradle.launcher.bootstrap.ProcessBootstrap.run(ProcessBootstrap.java:37)
	at org.gradle.launcher.GradleMain.main(GradleMain.java:23)
	at org.gradle.wrapper.BootstrapMainStarter.start(BootstrapMainStarter.java:30)
	at org.gradle.wrapper.WrapperExecutor.execute(WrapperExecutor.java:129)
	at org.gradle.wrapper.GradleWrapperMain.main(GradleWrapperMain.java:61)


BUILD FAILED

Total time: 7.567 secs

2018-09-08 01:53:24,379 ERROR ProjectBuildService - Excluded tasks were detected wrong
2018-09-08 01:53:24,379 INFO  SysUtils - Execute command: [/var/folders/bq/vtzpc5ns5sg2cthy61lqpg3dfzgbys/T/1536346187800-0/src/gradlew, -b, /var/folders/bq/vtzpc5ns5sg2cthy61lqpg3dfzgbys/T/1536346187800-0/src/sample/build.gradle, -Dorg.gradle.daemon=false, -Dorg.gradle.daemon.performance.enable-monitoring=false, -Dorg.gradle.configureondemand=true, --stacktrace, build]
2018-09-08 01:53:50,715 INFO  SysUtils - Configuration on demand is an incubating feature.
Incremental java compilation is an incubating feature.
:easy_sharedpreference_library:preBuild UP-TO-DATE
:easy_sharedpreference_library:preReleaseBuild UP-TO-DATE
:easy_sharedpreference_library:checkReleaseManifest
:easy_sharedpreference_library:preDebugAndroidTestBuild UP-TO-DATE
:easy_sharedpreference_library:preDebugBuild UP-TO-DATE
:easy_sharedpreference_library:preDebugUnitTestBuild UP-TO-DATE
:easy_sharedpreference_library:preReleaseUnitTestBuild UP-TO-DATE
:easy_sharedpreference_library:prepareComAndroidSupportAnimatedVectorDrawable2531Library
:easy_sharedpreference_library:prepareComAndroidSupportAppcompatV72531Library
:easy_sharedpreference_library:prepareComAndroidSupportSupportCompat2531Library
:easy_sharedpreference_library:prepareComAndroidSupportSupportCoreUi2531Library
:easy_sharedpreference_library:prepareComAndroidSupportSupportCoreUtils2531Library
:easy_sharedpreference_library:prepareComAndroidSupportSupportFragment2531Library
:easy_sharedpreference_library:prepareComAndroidSupportSupportMediaCompat2531Library
:easy_sharedpreference_library:prepareComAndroidSupportSupportV42531Library
:easy_sharedpreference_library:prepareComAndroidSupportSupportVectorDrawable2531Library
:easy_sharedpreference_library:prepareReleaseDependencies
:easy_sharedpreference_library:compileReleaseAidl UP-TO-DATE
:easy_sharedpreference_library:compileReleaseNdk UP-TO-DATE
:easy_sharedpreference_library:compileLint UP-TO-DATE
:easy_sharedpreference_library:copyReleaseLint UP-TO-DATE
:easy_sharedpreference_library:compileReleaseRenderscript UP-TO-DATE
:easy_sharedpreference_library:generateReleaseBuildConfig UP-TO-DATE
:easy_sharedpreference_library:generateReleaseResValues UP-TO-DATE
:easy_sharedpreference_library:generateReleaseResources UP-TO-DATE
:easy_sharedpreference_library:mergeReleaseResources UP-TO-DATE
:easy_sharedpreference_library:processReleaseManifest UP-TO-DATE
:easy_sharedpreference_library:processReleaseResources UP-TO-DATE
:easy_sharedpreference_library:generateReleaseSources UP-TO-DATE
:easy_sharedpreference_library:incrementalReleaseJavaCompilationSafeguard UP-TO-DATE
:easy_sharedpreference_library:javaPreCompileRelease
:easy_sharedpreference_library:compileReleaseJavaWithJavac UP-TO-DATE
:easy_sharedpreference_library:extractReleaseAnnotations UP-TO-DATE
:easy_sharedpreference_library:mergeReleaseShaders UP-TO-DATE
:easy_sharedpreference_library:compileReleaseShaders UP-TO-DATE
:easy_sharedpreference_library:generateReleaseAssets UP-TO-DATE
:easy_sharedpreference_library:mergeReleaseAssets UP-TO-DATE
:easy_sharedpreference_library:mergeReleaseProguardFiles UP-TO-DATE
:easy_sharedpreference_library:packageReleaseRenderscript UP-TO-DATE
:easy_sharedpreference_library:packageReleaseResources UP-TO-DATE
:easy_sharedpreference_library:processReleaseJavaRes UP-TO-DATE
:easy_sharedpreference_library:transformResourcesWithMergeJavaResForRelease UP-TO-DATE
:easy_sharedpreference_library:transformClassesAndResourcesWithSyncLibJarsForRelease UP-TO-DATE
:easy_sharedpreference_library:mergeReleaseJniLibFolders UP-TO-DATE
:easy_sharedpreference_library:transformNativeLibsWithMergeJniLibsForRelease UP-TO-DATE
:easy_sharedpreference_library:transformNativeLibsWithStripDebugSymbolForRelease UP-TO-DATE
:easy_sharedpreference_library:transformNativeLibsWithSyncJniLibsForRelease UP-TO-DATE
:easy_sharedpreference_library:bundleRelease UP-TO-DATE
:sample:preBuild UP-TO-DATE
:sample:preDebugBuild UP-TO-DATE
:sample:checkDebugManifest
:sample:preReleaseBuild UP-TO-DATE
:sample:prepareComAndroidSupportAnimatedVectorDrawable2531Library
:sample:prepareComAndroidSupportAppcompatV72531Library
:sample:prepareComAndroidSupportConstraintConstraintLayout102Library
:sample:prepareComAndroidSupportSupportCompat2531Library
:sample:prepareComAndroidSupportSupportCoreUi2531Library
:sample:prepareComAndroidSupportSupportCoreUtils2531Library
:sample:prepareComAndroidSupportSupportFragment2531Library
:sample:prepareComAndroidSupportSupportMediaCompat2531Library
:sample:prepareComAndroidSupportSupportV42531Library
:sample:prepareComAndroidSupportSupportVectorDrawable2531Library
:sample:prepareDebugDependencies
:sample:compileDebugAidl
:sample:compileDebugRenderscript
:sample:generateDebugBuildConfig
:sample:generateDebugResValues
:sample:generateDebugResources
:sample:mergeDebugResources
:sample:processDebugManifest
:sample:processDebugResources
:sample:generateDebugSources
:sample:incrementalDebugJavaCompilationSafeguard
:sample:javaPreCompileDebug
:sample:compileDebugJavaWithJavac
:sample:compileDebugJavaWithJavac - is not incremental (e.g. outputs have changed, no previous execution, etc.).
:sample:compileDebugNdk UP-TO-DATE
:sample:compileDebugSources
:sample:mergeDebugShaders
:sample:compileDebugShaders
:sample:generateDebugAssets
:sample:mergeDebugAssets
:sample:transformClassesWithDexForDebug
:sample:mergeDebugJniLibFolders
:sample:transformNativeLibsWithMergeJniLibsForDebug
:sample:transformNativeLibsWithStripDebugSymbolForDebug
:sample:processDebugJavaRes UP-TO-DATE
:sample:transformResourcesWithMergeJavaResForDebug
:sample:validateSigningDebug
:sample:packageDebug
:sample:assembleDebug
:sample:checkReleaseManifest
:sample:prepareReleaseDependencies
:sample:compileReleaseAidl
:sample:compileReleaseRenderscript
:sample:generateReleaseBuildConfig
:sample:generateReleaseResValues
:sample:generateReleaseResources
:sample:mergeReleaseResources
:sample:processReleaseManifest
:sample:processReleaseResources
:sample:generateReleaseSources
:sample:incrementalReleaseJavaCompilationSafeguard
:sample:javaPreCompileRelease
:sample:compileReleaseJavaWithJavac
:sample:compileReleaseJavaWithJavac - is not incremental (e.g. outputs have changed, no previous execution, etc.).
:sample:compileReleaseNdk UP-TO-DATE
:sample:compileReleaseSources
:sample:lintVitalRelease
:sample:mergeReleaseShaders
:sample:compileReleaseShaders
:sample:generateReleaseAssets
:sample:mergeReleaseAssets
:sample:transformClassesWithDexForRelease
:sample:mergeReleaseJniLibFolders
:sample:transformNativeLibsWithMergeJniLibsForRelease
:sample:transformNativeLibsWithStripDebugSymbolForRelease
:sample:processReleaseJavaRes UP-TO-DATE
:sample:transformResourcesWithMergeJavaResForRelease
:sample:packageRelease
:sample:assembleRelease
:sample:assemble
:sample:lint
Ran lint on variant release: 15 issues found
Ran lint on variant debug: 15 issues found
Wrote HTML report to file:///private/var/folders/bq/vtzpc5ns5sg2cthy61lqpg3dfzgbys/T/1536346187800-0/src/sample/build/reports/lint-results.html
Wrote XML report to file:///private/var/folders/bq/vtzpc5ns5sg2cthy61lqpg3dfzgbys/T/1536346187800-0/src/sample/build/reports/lint-results.xml
:sample:incrementalDebugUnitTestJavaCompilationSafeguard UP-TO-DATE
:sample:javaPreCompileDebugUnitTest
:sample:preDebugUnitTestBuild UP-TO-DATE
:sample:prepareDebugUnitTestDependencies
:sample:compileDebugUnitTestJavaWithJavac
:sample:processDebugUnitTestJavaRes UP-TO-DATE
:sample:compileDebugUnitTestSources
:sample:mockableAndroidJar
:sample:assembleDebugUnitTest
:sample:testDebugUnitTest
:sample:incrementalReleaseUnitTestJavaCompilationSafeguard UP-TO-DATE
:sample:javaPreCompileReleaseUnitTest
:sample:preReleaseUnitTestBuild UP-TO-DATE
:sample:prepareReleaseUnitTestDependencies
:sample:compileReleaseUnitTestJavaWithJavac
:sample:processReleaseUnitTestJavaRes UP-TO-DATE
:sample:compileReleaseUnitTestSources
:sample:assembleReleaseUnitTest
:sample:testReleaseUnitTest
:sample:test
:sample:check
:sample:build

BUILD SUCCESSFUL

Total time: 25.702 secs

2018-09-08 01:53:50,839 INFO  FullProcessService - Found APK file: /var/folders/bq/vtzpc5ns5sg2cthy61lqpg3dfzgbys/T/1536346187800-0/src/sample/build/outputs/apk/sample-debug.apk
