2019-05-17 11:48:20,918 INFO  DownloadService - Downloading "https://github.com/mmotak/DroidMVVMValidator/archive/master.zip", attempt 3
2019-05-17 11:49:21,582 INFO  GithubDownloadService - Could not find ZIP archive for master branch
2019-05-17 11:49:22,779 INFO  GithubDownloadService - Default branch of this repository: master
2019-05-17 11:49:22,779 INFO  DownloadService - Downloading "https://github.com/mmotak/DroidMVVMValidator/archive/master.zip", attempt 3
2019-05-17 11:50:24,325 DEBUG FullProcessService - Repository https://github.com/mmotak/DroidMVVMValidator available: true
2019-05-17 11:50:24,326 INFO  FullProcessService - Could not download ZIP file from Github, lets clone it
2019-05-17 11:50:24,326 INFO  SysUtils - Execute command: [git, clone, -q, --single-branch, --depth, 1, https://github.com/mmotak/DroidMVVMValidator, /var/folders/bq/vtzpc5ns5sg2cthy61lqpg3dfzgbys/T/1558068500915-0/src]
2019-05-17 11:50:26,280 INFO  SysUtils - 
2019-05-17 11:50:26,289 INFO  GitService - Deleted "/var/folders/bq/vtzpc5ns5sg2cthy61lqpg3dfzgbys/T/1558068500915-0/src/.git": true
2019-05-17 11:50:26,294 INFO  FullProcessService - Size of directory with sources: 343 KB
2019-05-17 11:50:26,295 INFO  SysUtils - Execute command: [git, init, /var/folders/bq/vtzpc5ns5sg2cthy61lqpg3dfzgbys/T/1558068500915-0/src]
2019-05-17 11:50:26,313 INFO  SysUtils - Initialized empty Git repository in /private/var/folders/bq/vtzpc5ns5sg2cthy61lqpg3dfzgbys/T/1558068500915-0/src/.git/

2019-05-17 11:50:26,317 INFO  ProjectBuildService - Gradle wrapper(s): /var/folders/bq/vtzpc5ns5sg2cthy61lqpg3dfzgbys/T/1558068500915-0/src/gradlew
2019-05-17 11:50:26,322 INFO  ProjectBuildService - Build script(s): /var/folders/bq/vtzpc5ns5sg2cthy61lqpg3dfzgbys/T/1558068500915-0/src/sampleapp/build.gradle /var/folders/bq/vtzpc5ns5sg2cthy61lqpg3dfzgbys/T/1558068500915-0/src/validator/build.gradle /var/folders/bq/vtzpc5ns5sg2cthy61lqpg3dfzgbys/T/1558068500915-0/src/build.gradle
2019-05-17 11:50:26,326 INFO  ProjectBuildService - All script(s): /var/folders/bq/vtzpc5ns5sg2cthy61lqpg3dfzgbys/T/1558068500915-0/src/validator/android-release-aar.gradle /var/folders/bq/vtzpc5ns5sg2cthy61lqpg3dfzgbys/T/1558068500915-0/src/validator/build.gradle /var/folders/bq/vtzpc5ns5sg2cthy61lqpg3dfzgbys/T/1558068500915-0/src/build.gradle /var/folders/bq/vtzpc5ns5sg2cthy61lqpg3dfzgbys/T/1558068500915-0/src/settings.gradle /var/folders/bq/vtzpc5ns5sg2cthy61lqpg3dfzgbys/T/1558068500915-0/src/sampleapp/build.gradle
2019-05-17 11:50:26,326 INFO  DownloadService - Downloading "https://raw.githubusercontent.com/blundell/release-android-library/master/android-release-aar.gradle", attempt 3
2019-05-17 11:50:26,874 INFO  DownloadService - Downloaded https://raw.githubusercontent.com/blundell/release-android-library/master/android-release-aar.gradle, attempt 3
2019-05-17 11:50:26,875 INFO  ProjectBuildService - Remote scripts: https://raw.githubusercontent.com/blundell/release-android-library/master/android-release-aar.gradle
2019-05-17 11:50:26,875 INFO  ProjectFixService - Fixing project...
2019-05-17 11:50:26,888 INFO  LocalPropertiesFixService - Created fake /var/folders/bq/vtzpc5ns5sg2cthy61lqpg3dfzgbys/T/1558068500915-0/src/sampleapp/local.properties
2019-05-17 11:50:26,889 INFO  ProjectFixService - Build info for "/var/folders/bq/vtzpc5ns5sg2cthy61lqpg3dfzgbys/T/1558068500915-0/src/sampleapp/build.gradle": [buildToolsVersion=28.0.3,compileSdkVersion=28,minSdkVersion=15,targetSdkVersion=28]
2019-05-17 11:50:26,889 INFO  LocalPropertiesFixService - Created fake /var/folders/bq/vtzpc5ns5sg2cthy61lqpg3dfzgbys/T/1558068500915-0/src/validator/local.properties
2019-05-17 11:50:26,889 INFO  ProjectFixService - Build info for "/var/folders/bq/vtzpc5ns5sg2cthy61lqpg3dfzgbys/T/1558068500915-0/src/validator/build.gradle": [buildToolsVersion=28.0.3,compileSdkVersion=28,minSdkVersion=14,targetSdkVersion=28]
2019-05-17 11:50:26,890 INFO  LocalPropertiesFixService - Created fake /var/folders/bq/vtzpc5ns5sg2cthy61lqpg3dfzgbys/T/1558068500915-0/src/local.properties
2019-05-17 11:50:26,890 INFO  WrapperPropertiesFixService - Gradle wrapper: https://services.gradle.org/distributions/gradle-5.1.1-all.zip
2019-05-17 11:50:26,890 INFO  WrapperPropertiesFixService - Gradle wrapper was changed from "-all.zip" to "-bin.zip" (https://services.gradle.org/distributions/gradle-5.1.1-bin.zip)
2019-05-17 11:50:26,891 INFO  ProjectFixService - Build info for "/var/folders/bq/vtzpc5ns5sg2cthy61lqpg3dfzgbys/T/1558068500915-0/src/build.gradle": [buildToolsVersion=28.0.3,compileSdkVersion=28,minSdkVersion=14,targetSdkVersion=28]
2019-05-17 11:50:26,891 INFO  ProjectFixService - Project was maybe fixed
2019-05-17 11:50:26,892 INFO  ProjectTaskService - Detecting possible tasks...
2019-05-17 11:50:26,892 INFO  SysUtils - Execute command: [/var/folders/bq/vtzpc5ns5sg2cthy61lqpg3dfzgbys/T/1558068500915-0/src/gradlew, -b, /var/folders/bq/vtzpc5ns5sg2cthy61lqpg3dfzgbys/T/1558068500915-0/src/sampleapp/build.gradle, -Dorg.gradle.daemon=false, -Dorg.gradle.daemon.performance.enable-monitoring=false, -Dorg.gradle.configureondemand=true, tasks]
2019-05-17 11:50:37,549 INFO  ProjectTaskService - Detected possible tasks: 70
2019-05-17 11:50:37,549 INFO  ProjectTaskService - Excluded tasks (21): lintDebug androidJavadocs deviceCheck lint androidSourcesJar testReleaseUnitTest uninstallRelease deviceAndroidTest uninstallDebugAndroidTest installDebugAndroidTest connectedCheck connectedDebugAndroidTest uninstallAll androidJavadocsJar test check testDebugUnitTest connectedAndroidTest installDebug lintRelease uninstallDebug
2019-05-17 11:50:37,549 INFO  SysUtils - Execute command: [/var/folders/bq/vtzpc5ns5sg2cthy61lqpg3dfzgbys/T/1558068500915-0/src/gradlew, -b, /var/folders/bq/vtzpc5ns5sg2cthy61lqpg3dfzgbys/T/1558068500915-0/src/sampleapp/build.gradle, -Dorg.gradle.daemon=false, -Dorg.gradle.daemon.performance.enable-monitoring=false, -Dorg.gradle.configureondemand=true, --stacktrace, -x, lintDebug, -x, androidJavadocs, -x, deviceCheck, -x, lint, -x, androidSourcesJar, -x, testReleaseUnitTest, -x, uninstallRelease, -x, deviceAndroidTest, -x, uninstallDebugAndroidTest, -x, installDebugAndroidTest, -x, connectedCheck, -x, connectedDebugAndroidTest, -x, uninstallAll, -x, androidJavadocsJar, -x, test, -x, check, -x, testDebugUnitTest, -x, connectedAndroidTest, -x, installDebug, -x, lintRelease, -x, uninstallDebug, build]
2019-05-17 11:50:43,258 ERROR SysUtils - Could not process external command
org.apache.commons.exec.ExecuteException: Process exited with an error: 1 (Exit value: 1)
	at org.apache.commons.exec.DefaultExecutor.executeInternal(DefaultExecutor.java:404)
	at org.apache.commons.exec.DefaultExecutor.execute(DefaultExecutor.java:166)
	at com.github.vbauer.apkmaster.util.SysUtils.execute(SysUtils.java:67)
	at com.github.vbauer.apkmaster.util.SysUtils.executeSimple(SysUtils.java:43)
	at com.github.vbauer.apkmaster.service.assembly.ProjectBuildService.buildProject(ProjectBuildService.java:78)
	at com.github.vbauer.apkmaster.service.assembly.ProjectBuildService.buildProject(ProjectBuildService.java:64)
	at com.github.vbauer.apkmaster.service.assembly.ProjectBuildService.buildProject(ProjectBuildService.java:43)
	at com.github.vbauer.apkmaster.service.FullProcessService.build(FullProcessService.java:84)
	at com.github.vbauer.apkmaster.service.FullProcessService.process(FullProcessService.java:34)
	at com.github.vbauer.apkmaster.app.MainApplication.process(MainApplication.java:38)
	at com.github.vbauer.apkmaster.app.MainApplication.main(MainApplication.java:20)
	at sun.reflect.GeneratedMethodAccessor8.invoke(Unknown Source)
	at sun.reflect.DelegatingMethodAccessorImpl.invoke(DelegatingMethodAccessorImpl.java:43)
	at java.lang.reflect.Method.invoke(Method.java:498)
	at com.android.arsenal.util.ReflectionUtils.invoke(ReflectionUtils.java:52)
	at com.android.arsenal.util.ApkMasterUtils.main(ApkMasterUtils.java:30)
	at com.android.arsenal.service.processor.impl.BuildProcessorServiceImpl.buildProject(BuildProcessorServiceImpl.java:196)
	at com.android.arsenal.service.processor.impl.BuildProcessorServiceImpl.build(BuildProcessorServiceImpl.java:130)
	at com.android.arsenal.service.processor.impl.BuildProcessorServiceImpl.lambda$createTasks$1(BuildProcessorServiceImpl.java:113)
	at java.util.concurrent.FutureTask.run(FutureTask.java:266)
	at java.util.concurrent.Executors$RunnableAdapter.call(Executors.java:511)
	at java.util.concurrent.FutureTask.run(FutureTask.java:266)
	at java.util.concurrent.ThreadPoolExecutor.runWorker(ThreadPoolExecutor.java:1149)
	at java.util.concurrent.ThreadPoolExecutor$Worker.run(ThreadPoolExecutor.java:624)
	at java.lang.Thread.run(Thread.java:748)
2019-05-17 11:50:43,258 INFO  SysUtils - Configuration on demand is an incubating feature.

FAILURE: Build failed with an exception.

* What went wrong:
Task 'androidJavadocs' not found in project ':sampleapp'.

* Try:
Run gradlew tasks to get a list of available tasks. Run with --info or --debug option to get more log output. Run with --scan to get full insights.

* Exception is:
org.gradle.execution.TaskSelectionException: Task 'androidJavadocs' not found in project ':sampleapp'.
	at org.gradle.execution.TaskSelector.getSelection(TaskSelector.java:116)
	at org.gradle.execution.TaskSelector.getFilter(TaskSelector.java:66)
	at org.gradle.execution.ExcludedTaskFilteringBuildConfigurationAction.configure(ExcludedTaskFilteringBuildConfigurationAction.java:42)
	at org.gradle.execution.DefaultBuildConfigurationActionExecuter.configure(DefaultBuildConfigurationActionExecuter.java:57)
	at org.gradle.execution.DefaultBuildConfigurationActionExecuter.access$200(DefaultBuildConfigurationActionExecuter.java:26)
	at org.gradle.execution.DefaultBuildConfigurationActionExecuter$1.run(DefaultBuildConfigurationActionExecuter.java:43)
	at org.gradle.internal.Factories$1.create(Factories.java:25)
	at org.gradle.api.internal.project.DefaultProjectStateRegistry.withLenientState(DefaultProjectStateRegistry.java:132)
	at org.gradle.api.internal.project.DefaultProjectStateRegistry.withLenientState(DefaultProjectStateRegistry.java:124)
	at org.gradle.execution.DefaultBuildConfigurationActionExecuter.select(DefaultBuildConfigurationActionExecuter.java:39)
	at org.gradle.initialization.DefaultGradleLauncher$CalculateTaskGraph.run(DefaultGradleLauncher.java:333)
	at org.gradle.internal.operations.DefaultBuildOperationExecutor$RunnableBuildOperationWorker.execute(DefaultBuildOperationExecutor.java:301)
	at org.gradle.internal.operations.DefaultBuildOperationExecutor$RunnableBuildOperationWorker.execute(DefaultBuildOperationExecutor.java:293)
	at org.gradle.internal.operations.DefaultBuildOperationExecutor.execute(DefaultBuildOperationExecutor.java:175)
	at org.gradle.internal.operations.DefaultBuildOperationExecutor.run(DefaultBuildOperationExecutor.java:91)
	at org.gradle.internal.operations.DelegatingBuildOperationExecutor.run(DelegatingBuildOperationExecutor.java:31)
	at org.gradle.initialization.DefaultGradleLauncher.constructTaskGraph(DefaultGradleLauncher.java:218)
	at org.gradle.initialization.DefaultGradleLauncher.doBuildStages(DefaultGradleLauncher.java:155)
	at org.gradle.initialization.DefaultGradleLauncher.executeTasks(DefaultGradleLauncher.java:134)
	at org.gradle.internal.invocation.GradleBuildController$1.execute(GradleBuildController.java:58)
	at org.gradle.internal.invocation.GradleBuildController$1.execute(GradleBuildController.java:55)
	at org.gradle.internal.invocation.GradleBuildController$3.create(GradleBuildController.java:82)
	at org.gradle.internal.invocation.GradleBuildController$3.create(GradleBuildController.java:75)
	at org.gradle.internal.work.DefaultWorkerLeaseService.withLocks(DefaultWorkerLeaseService.java:183)
	at org.gradle.internal.work.StopShieldingWorkerLeaseService.withLocks(StopShieldingWorkerLeaseService.java:40)
	at org.gradle.internal.invocation.GradleBuildController.doBuild(GradleBuildController.java:75)
	at org.gradle.internal.invocation.GradleBuildController.run(GradleBuildController.java:55)
	at org.gradle.tooling.internal.provider.ExecuteBuildActionRunner.run(ExecuteBuildActionRunner.java:31)
	at org.gradle.launcher.exec.ChainingBuildActionRunner.run(ChainingBuildActionRunner.java:35)
	at org.gradle.launcher.exec.BuildOutcomeReportingBuildActionRunner.run(BuildOutcomeReportingBuildActionRunner.java:58)
	at org.gradle.tooling.internal.provider.ValidatingBuildActionRunner.run(ValidatingBuildActionRunner.java:32)
	at org.gradle.launcher.exec.BuildCompletionNotifyingBuildActionRunner.run(BuildCompletionNotifyingBuildActionRunner.java:39)
	at org.gradle.launcher.exec.RunAsBuildOperationBuildActionRunner$3.call(RunAsBuildOperationBuildActionRunner.java:49)
	at org.gradle.launcher.exec.RunAsBuildOperationBuildActionRunner$3.call(RunAsBuildOperationBuildActionRunner.java:44)
	at org.gradle.internal.operations.DefaultBuildOperationExecutor$CallableBuildOperationWorker.execute(DefaultBuildOperationExecutor.java:315)
	at org.gradle.internal.operations.DefaultBuildOperationExecutor$CallableBuildOperationWorker.execute(DefaultBuildOperationExecutor.java:305)
	at org.gradle.internal.operations.DefaultBuildOperationExecutor.execute(DefaultBuildOperationExecutor.java:175)
	at org.gradle.internal.operations.DefaultBuildOperationExecutor.call(DefaultBuildOperationExecutor.java:101)
	at org.gradle.internal.operations.DelegatingBuildOperationExecutor.call(DelegatingBuildOperationExecutor.java:36)
	at org.gradle.launcher.exec.RunAsBuildOperationBuildActionRunner.run(RunAsBuildOperationBuildActionRunner.java:44)
	at org.gradle.launcher.exec.InProcessBuildActionExecuter$1.transform(InProcessBuildActionExecuter.java:49)
	at org.gradle.launcher.exec.InProcessBuildActionExecuter$1.transform(InProcessBuildActionExecuter.java:46)
	at org.gradle.composite.internal.DefaultRootBuildState.run(DefaultRootBuildState.java:78)
	at org.gradle.launcher.exec.InProcessBuildActionExecuter.execute(InProcessBuildActionExecuter.java:46)
	at org.gradle.launcher.exec.InProcessBuildActionExecuter.execute(InProcessBuildActionExecuter.java:31)
	at org.gradle.launcher.exec.BuildTreeScopeBuildActionExecuter.execute(BuildTreeScopeBuildActionExecuter.java:42)
	at org.gradle.launcher.exec.BuildTreeScopeBuildActionExecuter.execute(BuildTreeScopeBuildActionExecuter.java:28)
	at org.gradle.tooling.internal.provider.ContinuousBuildActionExecuter.execute(ContinuousBuildActionExecuter.java:78)
	at org.gradle.tooling.internal.provider.ContinuousBuildActionExecuter.execute(ContinuousBuildActionExecuter.java:52)
	at org.gradle.tooling.internal.provider.SubscribableBuildActionExecuter.execute(SubscribableBuildActionExecuter.java:59)
	at org.gradle.tooling.internal.provider.SubscribableBuildActionExecuter.execute(SubscribableBuildActionExecuter.java:36)
	at org.gradle.tooling.internal.provider.SessionScopeBuildActionExecuter.execute(SessionScopeBuildActionExecuter.java:68)
	at org.gradle.tooling.internal.provider.SessionScopeBuildActionExecuter.execute(SessionScopeBuildActionExecuter.java:38)
	at org.gradle.tooling.internal.provider.GradleThreadBuildActionExecuter.execute(GradleThreadBuildActionExecuter.java:37)
	at org.gradle.tooling.internal.provider.GradleThreadBuildActionExecuter.execute(GradleThreadBuildActionExecuter.java:26)
	at org.gradle.tooling.internal.provider.ParallelismConfigurationBuildActionExecuter.execute(ParallelismConfigurationBuildActionExecuter.java:43)
	at org.gradle.tooling.internal.provider.ParallelismConfigurationBuildActionExecuter.execute(ParallelismConfigurationBuildActionExecuter.java:29)
	at org.gradle.tooling.internal.provider.StartParamsValidatingActionExecuter.execute(StartParamsValidatingActionExecuter.java:60)
	at org.gradle.tooling.internal.provider.StartParamsValidatingActionExecuter.execute(StartParamsValidatingActionExecuter.java:32)
	at org.gradle.tooling.internal.provider.SessionFailureReportingActionExecuter.execute(SessionFailureReportingActionExecuter.java:55)
	at org.gradle.tooling.internal.provider.SessionFailureReportingActionExecuter.execute(SessionFailureReportingActionExecuter.java:41)
	at org.gradle.tooling.internal.provider.SetupLoggingActionExecuter.execute(SetupLoggingActionExecuter.java:48)
	at org.gradle.tooling.internal.provider.SetupLoggingActionExecuter.execute(SetupLoggingActionExecuter.java:32)
	at org.gradle.launcher.cli.RunBuildAction.run(RunBuildAction.java:55)
	at org.gradle.internal.Actions$RunnableActionAdapter.execute(Actions.java:207)
	at org.gradle.launcher.cli.CommandLineActionFactory$ParseAndBuildAction.execute(CommandLineActionFactory.java:403)
	at org.gradle.launcher.cli.CommandLineActionFactory$ParseAndBuildAction.execute(CommandLineActionFactory.java:376)
	at org.gradle.launcher.cli.ExceptionReportingAction.execute(ExceptionReportingAction.java:37)
	at org.gradle.launcher.cli.ExceptionReportingAction.execute(ExceptionReportingAction.java:23)
	at org.gradle.launcher.cli.CommandLineActionFactory$WithLogging.execute(CommandLineActionFactory.java:369)
	at org.gradle.launcher.cli.CommandLineActionFactory$WithLogging.execute(CommandLineActionFactory.java:299)
	at org.gradle.launcher.Main.doAction(Main.java:36)
	at org.gradle.launcher.bootstrap.EntryPoint.run(EntryPoint.java:45)
	at org.gradle.launcher.bootstrap.ProcessBootstrap.runNoExit(ProcessBootstrap.java:60)
	at org.gradle.launcher.bootstrap.ProcessBootstrap.run(ProcessBootstrap.java:37)
	at org.gradle.launcher.GradleMain.main(GradleMain.java:23)
	at org.gradle.wrapper.BootstrapMainStarter.start(BootstrapMainStarter.java:30)
	at org.gradle.wrapper.WrapperExecutor.execute(WrapperExecutor.java:129)
	at org.gradle.wrapper.GradleWrapperMain.main(GradleWrapperMain.java:61)


* Get more help at https://help.gradle.org

BUILD FAILED in 5s

2019-05-17 11:50:43,258 ERROR ProjectBuildService - Excluded tasks were detected wrong
2019-05-17 11:50:43,259 INFO  SysUtils - Execute command: [/var/folders/bq/vtzpc5ns5sg2cthy61lqpg3dfzgbys/T/1558068500915-0/src/gradlew, -b, /var/folders/bq/vtzpc5ns5sg2cthy61lqpg3dfzgbys/T/1558068500915-0/src/sampleapp/build.gradle, -Dorg.gradle.daemon=false, -Dorg.gradle.daemon.performance.enable-monitoring=false, -Dorg.gradle.configureondemand=true, --stacktrace, build]
2019-05-17 11:51:36,628 INFO  SysUtils - Configuration on demand is an incubating feature.
> Task :sampleapp:preBuild UP-TO-DATE
> Task :validator:preBuild UP-TO-DATE
> Task :validator:preDebugBuild UP-TO-DATE
> Task :validator:checkDebugManifest
> Task :validator:processDebugManifest
> Task :validator:compileDebugAidl NO-SOURCE
> Task :sampleapp:preDebugBuild
> Task :sampleapp:compileDebugAidl NO-SOURCE
> Task :validator:packageDebugRenderscript NO-SOURCE
> Task :sampleapp:checkDebugManifest
> Task :sampleapp:compileDebugRenderscript NO-SOURCE
> Task :sampleapp:generateDebugBuildConfig
> Task :sampleapp:prepareLintJar
> Task :sampleapp:generateDebugSources
> Task :sampleapp:dataBindingExportBuildInfoDebug
> Task :sampleapp:dataBindingExportFeaturePackageIdsDebug
> Task :validator:compileDebugRenderscript NO-SOURCE
> Task :validator:generateDebugBuildConfig
> Task :validator:prepareLintJar
> Task :validator:generateDebugSources
> Task :validator:dataBindingExportBuildInfoDebug
> Task :validator:dataBindingMergeDependencyArtifactsDebug
> Task :validator:generateDebugResValues
> Task :validator:dataBindingMergeGenClassesDebug
> Task :validator:generateDebugResources
> Task :validator:javaPreCompileDebug
> Task :validator:mergeDebugResources
> Task :validator:dataBindingGenBaseClassesDebug
> Task :validator:packageDebugResources
> Task :validator:generateDebugRFile

> Task :validator:compileDebugJavaWithJavac
Gradle may disable incremental compilation as the following annotation processors are not incremental: databinding-compiler-3.4.0.jar (androidx.databinding:databinding-compiler:3.4.0).
Consider setting the experimental feature flag android.enableSeparateAnnotationProcessing=true in the gradle.properties file to run annotation processing in a separate task and make compilation incremental.

> Task :sampleapp:dataBindingMergeDependencyArtifactsDebug
> Task :sampleapp:dataBindingMergeGenClassesDebug
> Task :sampleapp:generateDebugResValues
> Task :sampleapp:generateDebugResources
> Task :sampleapp:mergeDebugResources
> Task :sampleapp:dataBindingGenBaseClassesDebug
> Task :validator:bundleLibCompileDebug
> Task :sampleapp:javaPreCompileDebug
> Task :sampleapp:mainApkListPersistenceDebug
> Task :sampleapp:createDebugCompatibleScreenManifests
> Task :sampleapp:processDebugManifest
> Task :sampleapp:processDebugResources

> Task :sampleapp:compileDebugJavaWithJavac
Gradle may disable incremental compilation as the following annotation processors are not incremental: databinding-compiler-3.4.0.jar (androidx.databinding:databinding-compiler:3.4.0).
Consider setting the experimental feature flag android.enableSeparateAnnotationProcessing=true in the gradle.properties file to run annotation processing in a separate task and make compilation incremental.

> Task :sampleapp:compileDebugSources
> Task :sampleapp:mergeDebugShaders
> Task :sampleapp:compileDebugShaders
> Task :sampleapp:generateDebugAssets
> Task :validator:mergeDebugShaders
> Task :validator:compileDebugShaders
> Task :validator:generateDebugAssets
> Task :validator:packageDebugAssets
> Task :sampleapp:mergeDebugAssets
> Task :sampleapp:validateSigningDebug
> Task :sampleapp:signingConfigWriterDebug
> Task :validator:jacocoDebug
> Task :validator:bundleLibRuntimeDebug
> Task :sampleapp:checkDebugDuplicateClasses
/Users/vbauer/.gradle/caches/modules-2/files-2.1/org.jacoco/org.jacoco.agent/0.7.9/a6ac9cca89d889222a40dab9dd5039bfd22a4cff/org.jacoco.agent-0.7.9-runtime.jar: D8: Type `java.lang.management.ManagementFactory` was not found, it is required for default or static interface methods desugaring of `void org.jacoco.agent.rt.internal_8ff85ea.JmxRegistration.<init>(org.jacoco.agent.rt.IAgent)`
/Users/vbauer/.gradle/caches/modules-2/files-2.1/org.jacoco/org.jacoco.agent/0.7.9/a6ac9cca89d889222a40dab9dd5039bfd22a4cff/org.jacoco.agent-0.7.9-runtime.jar: D8: Interface `java.lang.instrument.ClassFileTransformer` not found. It's needed to make sure desugaring of `org.jacoco.agent.rt.internal_8ff85ea.core.runtime.ModifiedSystemClassRuntime$1` is correct. Desugaring will assume that this interface has no default method.
/Users/vbauer/.gradle/caches/modules-2/files-2.1/org.jacoco/org.jacoco.agent/0.7.9/a6ac9cca89d889222a40dab9dd5039bfd22a4cff/org.jacoco.agent-0.7.9-runtime.jar: D8: Interface `java.lang.instrument.ClassFileTransformer` not found. It's needed to make sure desugaring of `org.jacoco.agent.rt.internal_8ff85ea.CoverageTransformer` is correct. Desugaring will assume that this interface has no default method.
> Task :sampleapp:transformClassesWithDexBuilderForDebug
> Task :sampleapp:transformDexArchiveWithExternalLibsDexMergerForDebug
> Task :sampleapp:transformDexArchiveWithDexMergerForDebug
> Task :sampleapp:mergeDebugJniLibFolders
> Task :validator:processDebugJavaRes NO-SOURCE
> Task :validator:bundleLibResDebug
> Task :validator:mergeDebugJniLibFolders
> Task :validator:transformNativeLibsWithMergeJniLibsForDebug
> Task :validator:transformNativeLibsWithStripDebugSymbolForDebug
> Task :validator:transformNativeLibsWithIntermediateJniLibsForDebug
> Task :sampleapp:transformNativeLibsWithMergeJniLibsForDebug
> Task :sampleapp:transformNativeLibsWithStripDebugSymbolForDebug
> Task :sampleapp:processDebugJavaRes NO-SOURCE
> Task :sampleapp:transformResourcesWithMergeJavaResForDebug
> Task :sampleapp:packageDebug
> Task :sampleapp:assembleDebug
> Task :validator:preReleaseBuild UP-TO-DATE
> Task :validator:checkReleaseManifest
> Task :validator:processReleaseManifest
> Task :sampleapp:preReleaseBuild
> Task :validator:compileReleaseAidl NO-SOURCE
> Task :sampleapp:compileReleaseAidl NO-SOURCE
> Task :validator:packageReleaseRenderscript NO-SOURCE
> Task :sampleapp:compileReleaseRenderscript NO-SOURCE
> Task :sampleapp:checkReleaseManifest
> Task :sampleapp:generateReleaseBuildConfig
> Task :sampleapp:generateReleaseSources
> Task :sampleapp:dataBindingExportBuildInfoRelease
> Task :sampleapp:dataBindingExportFeaturePackageIdsRelease
> Task :validator:compileReleaseRenderscript NO-SOURCE
> Task :validator:generateReleaseBuildConfig
> Task :validator:generateReleaseSources
> Task :validator:dataBindingExportBuildInfoRelease
> Task :validator:dataBindingMergeDependencyArtifactsRelease
> Task :validator:dataBindingMergeGenClassesRelease
> Task :validator:generateReleaseResValues
> Task :validator:generateReleaseResources
> Task :validator:mergeReleaseResources
> Task :validator:dataBindingGenBaseClassesRelease
> Task :validator:packageReleaseResources
> Task :validator:generateReleaseRFile
> Task :validator:javaPreCompileRelease

> Task :validator:compileReleaseJavaWithJavac
Gradle may disable incremental compilation as the following annotation processors are not incremental: databinding-compiler-3.4.0.jar (androidx.databinding:databinding-compiler:3.4.0).
Consider setting the experimental feature flag android.enableSeparateAnnotationProcessing=true in the gradle.properties file to run annotation processing in a separate task and make compilation incremental.

> Task :sampleapp:dataBindingMergeDependencyArtifactsRelease
> Task :sampleapp:dataBindingMergeGenClassesRelease
> Task :sampleapp:generateReleaseResValues
> Task :sampleapp:generateReleaseResources
> Task :sampleapp:mergeReleaseResources
> Task :sampleapp:dataBindingGenBaseClassesRelease
> Task :validator:bundleLibCompileRelease
> Task :sampleapp:javaPreCompileRelease
> Task :sampleapp:mainApkListPersistenceRelease
> Task :sampleapp:createReleaseCompatibleScreenManifests
> Task :sampleapp:processReleaseManifest
> Task :sampleapp:processReleaseResources

> Task :sampleapp:compileReleaseJavaWithJavac
Gradle may disable incremental compilation as the following annotation processors are not incremental: databinding-compiler-3.4.0.jar (androidx.databinding:databinding-compiler:3.4.0).
Consider setting the experimental feature flag android.enableSeparateAnnotationProcessing=true in the gradle.properties file to run annotation processing in a separate task and make compilation incremental.

> Task :sampleapp:compileReleaseSources
> Task :validator:prepareLintJarForPublish
> Task :sampleapp:lintVitalRelease SKIPPED
> Task :sampleapp:mergeReleaseShaders
> Task :sampleapp:compileReleaseShaders
> Task :sampleapp:generateReleaseAssets
> Task :validator:mergeReleaseShaders
> Task :validator:compileReleaseShaders
> Task :validator:generateReleaseAssets
> Task :validator:packageReleaseAssets
> Task :sampleapp:mergeReleaseAssets
> Task :sampleapp:signingConfigWriterRelease
> Task :sampleapp:checkReleaseDuplicateClasses
> Task :validator:bundleLibRuntimeRelease
> Task :sampleapp:transformClassesWithDexBuilderForRelease
> Task :sampleapp:transformDexArchiveWithExternalLibsDexMergerForRelease
> Task :sampleapp:transformDexArchiveWithDexMergerForRelease
> Task :sampleapp:mergeReleaseJniLibFolders
> Task :validator:processReleaseJavaRes NO-SOURCE
> Task :validator:bundleLibResRelease
> Task :validator:mergeReleaseJniLibFolders
> Task :validator:transformNativeLibsWithMergeJniLibsForRelease
> Task :validator:transformNativeLibsWithStripDebugSymbolForRelease
> Task :validator:transformNativeLibsWithIntermediateJniLibsForRelease
> Task :sampleapp:transformNativeLibsWithMergeJniLibsForRelease
> Task :sampleapp:transformNativeLibsWithStripDebugSymbolForRelease
> Task :sampleapp:processReleaseJavaRes NO-SOURCE
> Task :sampleapp:transformResourcesWithMergeJavaResForRelease
> Task :sampleapp:packageRelease
> Task :sampleapp:assembleRelease
> Task :sampleapp:assemble

> Task :sampleapp:lint
Calling mockable JAR artifact transform to create file: /Users/vbauer/.gradle/caches/transforms-2/files-2.1/ee9a76025c858d94c316a97380b210b5/android.jar with input /Users/vbauer/Library/Android/sdk/platforms/android-28/android.jar
Ran lint on variant debug: 0 issues found
Ran lint on variant release: 0 issues found

> Task :sampleapp:generateDebugUnitTestSources
> Task :sampleapp:preDebugUnitTestBuild UP-TO-DATE
> Task :sampleapp:processDebugUnitTestJavaRes NO-SOURCE
> Task :sampleapp:generateReleaseUnitTestSources
> Task :sampleapp:preReleaseUnitTestBuild UP-TO-DATE
> Task :sampleapp:processReleaseUnitTestJavaRes NO-SOURCE
> Task :sampleapp:javaPreCompileDebugUnitTest
> Task :sampleapp:compileDebugUnitTestJavaWithJavac
> Task :sampleapp:testDebugUnitTest
> Task :sampleapp:javaPreCompileReleaseUnitTest
> Task :sampleapp:compileReleaseUnitTestJavaWithJavac
> Task :sampleapp:testReleaseUnitTest
> Task :sampleapp:test
> Task :sampleapp:check
> Task :sampleapp:build

Deprecated Gradle features were used in this build, making it incompatible with Gradle 6.0.
Use '--warning-mode all' to show the individual deprecation warnings.
See https://docs.gradle.org/5.1.1/userguide/command_line_interface.html#sec:command_line_warnings

BUILD SUCCESSFUL in 52s
116 actionable tasks: 116 executed

2019-05-17 11:51:36,736 INFO  FullProcessService - Found APK file: /var/folders/bq/vtzpc5ns5sg2cthy61lqpg3dfzgbys/T/1558068500915-0/src/sampleapp/build/outputs/apk/release/sampleapp-release-unsigned.apk
