2019-07-20 15:02:20,889 INFO  DownloadService - Downloading "https://github.com/JessYanCoding/MVPArms/archive/master.zip", attempt 3
2019-07-20 15:02:31,948 INFO  DownloadService - Downloaded https://github.com/JessYanCoding/MVPArms/archive/master.zip, attempt 3
2019-07-20 15:02:31,949 INFO  DownloadService - Size of file "/var/folders/bq/vtzpc5ns5sg2cthy61lqpg3dfzgbys/T/1563609740885-0/master.zip": 3 MB
2019-07-20 15:02:31,949 INFO  ArchiveUtils - Checking entries [.gradle] in ZIP file...
2019-07-20 15:02:31,956 INFO  ArchiveUtils - Has entries [.gradle] in ZIP file /var/folders/bq/vtzpc5ns5sg2cthy61lqpg3dfzgbys/T/1563609740885-0/master.zip: true
2019-07-20 15:02:31,956 DEBUG ZipUtil - Extracting '/var/folders/bq/vtzpc5ns5sg2cthy61lqpg3dfzgbys/T/1563609740885-0/master.zip' into '/var/folders/bq/vtzpc5ns5sg2cthy61lqpg3dfzgbys/T/1563609740885-0/src'.
2019-07-20 15:02:32,032 INFO  FullProcessService - Size of directory with sources: 4 MB
2019-07-20 15:02:32,032 INFO  SysUtils - Execute command: [git, init, /var/folders/bq/vtzpc5ns5sg2cthy61lqpg3dfzgbys/T/1563609740885-0/src]
2019-07-20 15:02:32,048 INFO  SysUtils - Initialized empty Git repository in /private/var/folders/bq/vtzpc5ns5sg2cthy61lqpg3dfzgbys/T/1563609740885-0/src/.git/

2019-07-20 15:02:32,054 INFO  ProjectBuildService - Gradle wrapper(s): /var/folders/bq/vtzpc5ns5sg2cthy61lqpg3dfzgbys/T/1563609740885-0/src/MVPArms-master/gradlew
2019-07-20 15:02:32,059 INFO  ProjectBuildService - Build script(s): /var/folders/bq/vtzpc5ns5sg2cthy61lqpg3dfzgbys/T/1563609740885-0/src/MVPArms-master/arms-autolayout/build.gradle /var/folders/bq/vtzpc5ns5sg2cthy61lqpg3dfzgbys/T/1563609740885-0/src/MVPArms-master/arms-imageloader-glide/build.gradle /var/folders/bq/vtzpc5ns5sg2cthy61lqpg3dfzgbys/T/1563609740885-0/src/MVPArms-master/arms/build.gradle /var/folders/bq/vtzpc5ns5sg2cthy61lqpg3dfzgbys/T/1563609740885-0/src/MVPArms-master/demo/build.gradle /var/folders/bq/vtzpc5ns5sg2cthy61lqpg3dfzgbys/T/1563609740885-0/src/MVPArms-master/build.gradle
2019-07-20 15:02:32,064 INFO  ProjectBuildService - All script(s): /var/folders/bq/vtzpc5ns5sg2cthy61lqpg3dfzgbys/T/1563609740885-0/src/MVPArms-master/demo/build.gradle /var/folders/bq/vtzpc5ns5sg2cthy61lqpg3dfzgbys/T/1563609740885-0/src/MVPArms-master/bintray.gradle /var/folders/bq/vtzpc5ns5sg2cthy61lqpg3dfzgbys/T/1563609740885-0/src/MVPArms-master/arms-autolayout/build.gradle /var/folders/bq/vtzpc5ns5sg2cthy61lqpg3dfzgbys/T/1563609740885-0/src/MVPArms-master/config.gradle /var/folders/bq/vtzpc5ns5sg2cthy61lqpg3dfzgbys/T/1563609740885-0/src/MVPArms-master/build.gradle /var/folders/bq/vtzpc5ns5sg2cthy61lqpg3dfzgbys/T/1563609740885-0/src/MVPArms-master/arms/build.gradle /var/folders/bq/vtzpc5ns5sg2cthy61lqpg3dfzgbys/T/1563609740885-0/src/MVPArms-master/settings.gradle /var/folders/bq/vtzpc5ns5sg2cthy61lqpg3dfzgbys/T/1563609740885-0/src/MVPArms-master/arms-imageloader-glide/build.gradle
2019-07-20 15:02:32,066 INFO  ProjectBuildService - Remote scripts: none
2019-07-20 15:02:32,066 INFO  ProjectFixService - Fixing project...
2019-07-20 15:02:32,085 INFO  LocalPropertiesFixService - Created fake /var/folders/bq/vtzpc5ns5sg2cthy61lqpg3dfzgbys/T/1563609740885-0/src/MVPArms-master/arms-autolayout/local.properties
2019-07-20 15:02:32,092 INFO  ProjectFixService - Build info for "/var/folders/bq/vtzpc5ns5sg2cthy61lqpg3dfzgbys/T/1563609740885-0/src/MVPArms-master/arms-autolayout/build.gradle": [buildToolsVersion=<null>,compileSdkVersion=<null>,minSdkVersion=<null>,targetSdkVersion=<null>]
2019-07-20 15:02:32,092 INFO  ProjectFixService - Fixed build info for "/var/folders/bq/vtzpc5ns5sg2cthy61lqpg3dfzgbys/T/1563609740885-0/src/MVPArms-master/arms-autolayout/build.gradle": [buildToolsVersion=28.0.0-rc2,compileSdkVersion=29,minSdkVersion=29,targetSdkVersion=29]
2019-07-20 15:02:32,093 INFO  LocalPropertiesFixService - Created fake /var/folders/bq/vtzpc5ns5sg2cthy61lqpg3dfzgbys/T/1563609740885-0/src/MVPArms-master/arms-imageloader-glide/local.properties
2019-07-20 15:02:32,099 INFO  ProjectFixService - Build info for "/var/folders/bq/vtzpc5ns5sg2cthy61lqpg3dfzgbys/T/1563609740885-0/src/MVPArms-master/arms-imageloader-glide/build.gradle": [buildToolsVersion=<null>,compileSdkVersion=<null>,minSdkVersion=<null>,targetSdkVersion=<null>]
2019-07-20 15:02:32,099 INFO  ProjectFixService - Fixed build info for "/var/folders/bq/vtzpc5ns5sg2cthy61lqpg3dfzgbys/T/1563609740885-0/src/MVPArms-master/arms-imageloader-glide/build.gradle": [buildToolsVersion=28.0.0-rc2,compileSdkVersion=29,minSdkVersion=29,targetSdkVersion=29]
2019-07-20 15:02:32,100 INFO  LocalPropertiesFixService - Created fake /var/folders/bq/vtzpc5ns5sg2cthy61lqpg3dfzgbys/T/1563609740885-0/src/MVPArms-master/arms/local.properties
2019-07-20 15:02:32,106 INFO  ProjectFixService - Build info for "/var/folders/bq/vtzpc5ns5sg2cthy61lqpg3dfzgbys/T/1563609740885-0/src/MVPArms-master/arms/build.gradle": [buildToolsVersion=<null>,compileSdkVersion=<null>,minSdkVersion=<null>,targetSdkVersion=<null>]
2019-07-20 15:02:32,106 INFO  ProjectFixService - Fixed build info for "/var/folders/bq/vtzpc5ns5sg2cthy61lqpg3dfzgbys/T/1563609740885-0/src/MVPArms-master/arms/build.gradle": [buildToolsVersion=28.0.0-rc2,compileSdkVersion=29,minSdkVersion=29,targetSdkVersion=29]
2019-07-20 15:02:32,108 INFO  LocalPropertiesFixService - Created fake /var/folders/bq/vtzpc5ns5sg2cthy61lqpg3dfzgbys/T/1563609740885-0/src/MVPArms-master/demo/local.properties
2019-07-20 15:02:32,114 INFO  ProjectFixService - Build info for "/var/folders/bq/vtzpc5ns5sg2cthy61lqpg3dfzgbys/T/1563609740885-0/src/MVPArms-master/demo/build.gradle": [buildToolsVersion=<null>,compileSdkVersion=<null>,minSdkVersion=<null>,targetSdkVersion=<null>]
2019-07-20 15:02:32,114 INFO  ProjectFixService - Fixed build info for "/var/folders/bq/vtzpc5ns5sg2cthy61lqpg3dfzgbys/T/1563609740885-0/src/MVPArms-master/demo/build.gradle": [buildToolsVersion=28.0.0-rc2,compileSdkVersion=29,minSdkVersion=29,targetSdkVersion=29]
2019-07-20 15:02:32,115 INFO  LocalPropertiesFixService - Created fake /var/folders/bq/vtzpc5ns5sg2cthy61lqpg3dfzgbys/T/1563609740885-0/src/MVPArms-master/local.properties
2019-07-20 15:02:32,116 INFO  WrapperPropertiesFixService - Gradle wrapper: https://services.gradle.org/distributions/gradle-5.1.1-all.zip
2019-07-20 15:02:32,116 INFO  WrapperPropertiesFixService - Gradle wrapper was changed from "-all.zip" to "-bin.zip" (https://services.gradle.org/distributions/gradle-5.1.1-bin.zip)
2019-07-20 15:02:32,121 INFO  ProjectFixService - Build info for "/var/folders/bq/vtzpc5ns5sg2cthy61lqpg3dfzgbys/T/1563609740885-0/src/MVPArms-master/build.gradle": [buildToolsVersion=<null>,compileSdkVersion=<null>,minSdkVersion=<null>,targetSdkVersion=<null>]
2019-07-20 15:02:32,122 INFO  ProjectFixService - Fixed build info for "/var/folders/bq/vtzpc5ns5sg2cthy61lqpg3dfzgbys/T/1563609740885-0/src/MVPArms-master/build.gradle": [buildToolsVersion=28.0.0-rc2,compileSdkVersion=29,minSdkVersion=29,targetSdkVersion=29]
2019-07-20 15:02:32,122 INFO  ProjectFixService - Project was maybe fixed
2019-07-20 15:02:32,122 INFO  ProjectTaskService - Detecting possible tasks...
2019-07-20 15:02:32,122 INFO  SysUtils - Execute command: [/var/folders/bq/vtzpc5ns5sg2cthy61lqpg3dfzgbys/T/1563609740885-0/src/MVPArms-master/gradlew, -b, /var/folders/bq/vtzpc5ns5sg2cthy61lqpg3dfzgbys/T/1563609740885-0/src/MVPArms-master/arms-autolayout/build.gradle, -Dorg.gradle.daemon=false, -Dorg.gradle.daemon.performance.enable-monitoring=false, -Dorg.gradle.configureondemand=true, tasks]
2019-07-20 15:02:39,151 INFO  ProjectTaskService - Detected possible tasks: 66
2019-07-20 15:02:39,151 INFO  ProjectTaskService - Excluded tasks (15): lintDebug deviceCheck lint testReleaseUnitTest deviceAndroidTest uninstallDebugAndroidTest installDebugAndroidTest connectedCheck connectedDebugAndroidTest uninstallAll test check testDebugUnitTest connectedAndroidTest lintRelease
2019-07-20 15:02:39,151 INFO  SysUtils - Execute command: [/var/folders/bq/vtzpc5ns5sg2cthy61lqpg3dfzgbys/T/1563609740885-0/src/MVPArms-master/gradlew, -b, /var/folders/bq/vtzpc5ns5sg2cthy61lqpg3dfzgbys/T/1563609740885-0/src/MVPArms-master/arms-autolayout/build.gradle, -Dorg.gradle.daemon=false, -Dorg.gradle.daemon.performance.enable-monitoring=false, -Dorg.gradle.configureondemand=true, --stacktrace, -x, lintDebug, -x, deviceCheck, -x, lint, -x, testReleaseUnitTest, -x, deviceAndroidTest, -x, uninstallDebugAndroidTest, -x, installDebugAndroidTest, -x, connectedCheck, -x, connectedDebugAndroidTest, -x, uninstallAll, -x, test, -x, check, -x, testDebugUnitTest, -x, connectedAndroidTest, -x, lintRelease, build]
2019-07-20 15:02:51,002 ERROR SysUtils - Could not process external command
org.apache.commons.exec.ExecuteException: Process exited with an error: 1 (Exit value: 1)
	at org.apache.commons.exec.DefaultExecutor.executeInternal(DefaultExecutor.java:404)
	at org.apache.commons.exec.DefaultExecutor.execute(DefaultExecutor.java:166)
	at com.github.vbauer.apkmaster.util.SysUtils.execute(SysUtils.java:67)
	at com.github.vbauer.apkmaster.util.SysUtils.executeSimple(SysUtils.java:43)
	at com.github.vbauer.apkmaster.service.assembly.ProjectBuildService.buildProject(ProjectBuildService.java:78)
	at com.github.vbauer.apkmaster.service.assembly.ProjectBuildService.buildProject(ProjectBuildService.java:64)
	at com.github.vbauer.apkmaster.service.assembly.ProjectBuildService.buildProject(ProjectBuildService.java:43)
	at com.github.vbauer.apkmaster.service.FullProcessService.build(FullProcessService.java:84)
	at com.github.vbauer.apkmaster.service.FullProcessService.process(FullProcessService.java:34)
	at com.github.vbauer.apkmaster.app.MainApplication.process(MainApplication.java:38)
	at com.github.vbauer.apkmaster.app.MainApplication.main(MainApplication.java:20)
	at sun.reflect.NativeMethodAccessorImpl.invoke0(Native Method)
	at sun.reflect.NativeMethodAccessorImpl.invoke(NativeMethodAccessorImpl.java:62)
	at sun.reflect.DelegatingMethodAccessorImpl.invoke(DelegatingMethodAccessorImpl.java:43)
	at java.lang.reflect.Method.invoke(Method.java:498)
	at com.android.arsenal.util.ReflectionUtils.invoke(ReflectionUtils.java:52)
	at com.android.arsenal.util.ApkMasterUtils.main(ApkMasterUtils.java:30)
	at com.android.arsenal.service.processor.impl.BuildProcessorServiceImpl.buildProject(BuildProcessorServiceImpl.java:196)
	at com.android.arsenal.service.processor.impl.BuildProcessorServiceImpl.build(BuildProcessorServiceImpl.java:130)
	at com.android.arsenal.service.processor.impl.BuildProcessorServiceImpl.lambda$createTasks$1(BuildProcessorServiceImpl.java:113)
	at java.util.concurrent.FutureTask.run(FutureTask.java:266)
	at java.util.concurrent.Executors$RunnableAdapter.call(Executors.java:511)
	at java.util.concurrent.FutureTask.run(FutureTask.java:266)
	at java.util.concurrent.ThreadPoolExecutor.runWorker(ThreadPoolExecutor.java:1149)
	at java.util.concurrent.ThreadPoolExecutor$Worker.run(ThreadPoolExecutor.java:624)
	at java.lang.Thread.run(Thread.java:748)
2019-07-20 15:02:51,002 INFO  SysUtils - Configuration on demand is an incubating feature.
> Task :arms-autolayout:preBuild UP-TO-DATE
> Task :arms-autolayout:preDebugBuild UP-TO-DATE
> Task :arms-autolayout:compileDebugAidl NO-SOURCE
> Task :arms-autolayout:compileDebugRenderscript NO-SOURCE
> Task :arms-autolayout:checkDebugManifest
> Task :arms-autolayout:generateDebugBuildConfig
> Task :arms-autolayout:generateDebugResValues
> Task :arms-autolayout:generateDebugResources
> Task :arms-autolayout:packageDebugResources
> Task :arms-autolayout:processDebugManifest
> Task :arms-autolayout:generateDebugRFile
> Task :arms-autolayout:prepareLintJar
> Task :arms-autolayout:generateDebugSources
> Task :arms-autolayout:javaPreCompileDebug
> Task :arms-autolayout:compileDebugJavaWithJavac
> Task :arms-autolayout:extractDebugAnnotations
> Task :arms-autolayout:mergeDebugConsumerProguardFiles
> Task :arms-autolayout:mergeDebugShaders
> Task :arms-autolayout:compileDebugShaders
> Task :arms-autolayout:generateDebugAssets
> Task :arms-autolayout:packageDebugAssets
> Task :arms-autolayout:packageDebugRenderscript NO-SOURCE
> Task :arms-autolayout:prepareLintJarForPublish
> Task :arms-autolayout:processDebugJavaRes NO-SOURCE
> Task :arms-autolayout:transformResourcesWithMergeJavaResForDebug
> Task :arms-autolayout:transformClassesAndResourcesWithSyncLibJarsForDebug
> Task :arms-autolayout:mergeDebugJniLibFolders
> Task :arms-autolayout:transformNativeLibsWithMergeJniLibsForDebug
> Task :arms-autolayout:transformNativeLibsWithStripDebugSymbolForDebug
> Task :arms-autolayout:transformNativeLibsWithSyncJniLibsForDebug
> Task :arms-autolayout:bundleDebugAar
> Task :arms-autolayout:compileDebugSources
> Task :arms-autolayout:assembleDebug
> Task :arms-autolayout:preReleaseBuild UP-TO-DATE
> Task :arms-autolayout:compileReleaseAidl NO-SOURCE
> Task :arms-autolayout:compileReleaseRenderscript NO-SOURCE
> Task :arms-autolayout:checkReleaseManifest
> Task :arms-autolayout:generateReleaseBuildConfig
> Task :arms-autolayout:generateReleaseResValues
> Task :arms-autolayout:generateReleaseResources
> Task :arms-autolayout:packageReleaseResources
> Task :arms-autolayout:processReleaseManifest
> Task :arms-autolayout:generateReleaseRFile
> Task :arms-autolayout:generateReleaseSources
> Task :arms-autolayout:javaPreCompileRelease
> Task :arms-autolayout:compileReleaseJavaWithJavac
> Task :arms-autolayout:extractReleaseAnnotations
> Task :arms-autolayout:mergeReleaseConsumerProguardFiles
> Task :arms-autolayout:mergeReleaseShaders
> Task :arms-autolayout:compileReleaseShaders
> Task :arms-autolayout:generateReleaseAssets
> Task :arms-autolayout:packageReleaseAssets
> Task :arms-autolayout:packageReleaseRenderscript NO-SOURCE
> Task :arms-autolayout:processReleaseJavaRes NO-SOURCE
> Task :arms-autolayout:transformResourcesWithMergeJavaResForRelease
> Task :arms-autolayout:transformClassesAndResourcesWithSyncLibJarsForRelease
> Task :arms-autolayout:mergeReleaseJniLibFolders
> Task :arms-autolayout:transformNativeLibsWithMergeJniLibsForRelease
> Task :arms-autolayout:transformNativeLibsWithStripDebugSymbolForRelease
> Task :arms-autolayout:transformNativeLibsWithSyncJniLibsForRelease
> Task :arms-autolayout:bundleReleaseAar
> Task :arms-autolayout:compileReleaseSources
> Task :arms-autolayout:mergeReleaseResources
> Task :arms-autolayout:verifyReleaseResources FAILED

FAILURE: Build failed with an exception.

* What went wrong:
Execution failed for task ':arms-autolayout:verifyReleaseResources'.
> 1 exception was raised by workers:
  com.android.builder.internal.aapt.v2.Aapt2Exception: Android resource linking failed
  error: resource style/Animation.AppCompat.Dialog (aka com.jess.arms.widget.autolayout:style/Animation.AppCompat.Dialog) not found.
  /private/var/folders/bq/vtzpc5ns5sg2cthy61lqpg3dfzgbys/T/1563609740885-0/src/MVPArms-master/arms-autolayout/build/intermediates/res/merged/release/values/values.xml:255: error: resource style/Widget.AppCompat.ListView.Menu (aka com.jess.arms.widget.autolayout:style/Widget.AppCompat.ListView.Menu) not found.
  /private/var/folders/bq/vtzpc5ns5sg2cthy61lqpg3dfzgbys/T/1563609740885-0/src/MVPArms-master/arms-autolayout/build/intermediates/res/merged/release/values/values.xml:256: error: resource style/Animation.AppCompat.DropDownUp (aka com.jess.arms.widget.autolayout:style/Animation.AppCompat.DropDownUp) not found.
  /private/var/folders/bq/vtzpc5ns5sg2cthy61lqpg3dfzgbys/T/1563609740885-0/src/MVPArms-master/arms-autolayout/build/intermediates/res/merged/release/values/values.xml:260: error: style attribute 'attr/windowMinWidthMajor (aka com.jess.arms.widget.autolayout:attr/windowMinWidthMajor)' not found.
  /private/var/folders/bq/vtzpc5ns5sg2cthy61lqpg3dfzgbys/T/1563609740885-0/src/MVPArms-master/arms-autolayout/build/intermediates/res/merged/release/values/values.xml:261: error: style attribute 'attr/windowMinWidthMinor (aka com.jess.arms.widget.autolayout:attr/windowMinWidthMinor)' not found.
  /private/var/folders/bq/vtzpc5ns5sg2cthy61lqpg3dfzgbys/T/1563609740885-0/src/MVPArms-master/arms-autolayout/build/intermediates/res/merged/release/values/values.xml:264: error: style attribute 'attr/windowFixedWidthMajor (aka com.jess.arms.widget.autolayout:attr/windowFixedWidthMajor)' not found.
  /private/var/folders/bq/vtzpc5ns5sg2cthy61lqpg3dfzgbys/T/1563609740885-0/src/MVPArms-master/arms-autolayout/build/intermediates/res/merged/release/values/values.xml:265: error: style attribute 'attr/windowFixedWidthMinor (aka com.jess.arms.widget.autolayout:attr/windowFixedWidthMinor)' not found.
  /private/var/folders/bq/vtzpc5ns5sg2cthy61lqpg3dfzgbys/T/1563609740885-0/src/MVPArms-master/arms-autolayout/build/intermediates/res/merged/release/values/values.xml:266: error: style attribute 'attr/windowFixedHeightMajor (aka com.jess.arms.widget.autolayout:attr/windowFixedHeightMajor)' not found.
  /private/var/folders/bq/vtzpc5ns5sg2cthy61lqpg3dfzgbys/T/1563609740885-0/src/MVPArms-master/arms-autolayout/build/intermediates/res/merged/release/values/values.xml:267: error: style attribute 'attr/windowFixedHeightMinor (aka com.jess.arms.widget.autolayout:attr/windowFixedHeightMinor)' not found.
  /private/var/folders/bq/vtzpc5ns5sg2cthy61lqpg3dfzgbys/T/1563609740885-0/src/MVPArms-master/arms-autolayout/build/intermediates/res/merged/release/values/values.xml:270: error: style attribute 'attr/windowMinWidthMajor (aka com.jess.arms.widget.autolayout:attr/windowMinWidthMajor)' not found.
  /private/var/folders/bq/vtzpc5ns5sg2cthy61lqpg3dfzgbys/T/1563609740885-0/src/MVPArms-master/arms-autolayout/build/intermediates/res/merged/release/values/values.xml:271: error: style attribute 'attr/windowMinWidthMinor (aka com.jess.arms.widget.autolayout:attr/windowMinWidthMinor)' not found.
  /private/var/folders/bq/vtzpc5ns5sg2cthy61lqpg3dfzgbys/T/1563609740885-0/src/MVPArms-master/arms-autolayout/build/intermediates/res/merged/release/values/values.xml:277: error: style attribute 'attr/actionBarPopupTheme (aka com.jess.arms.widget.autolayout:attr/actionBarPopupTheme)' not found.
  /private/var/folders/bq/vtzpc5ns5sg2cthy61lqpg3dfzgbys/T/1563609740885-0/src/MVPArms-master/arms-autolayout/build/intermediates/res/merged/release/values/values.xml:278: error: style attribute 'attr/actionBarWidgetTheme (aka com.jess.arms.widget.autolayout:attr/actionBarWidgetTheme)' not found.
  /private/var/folders/bq/vtzpc5ns5sg2cthy61lqpg3dfzgbys/T/1563609740885-0/src/MVPArms-master/arms-autolayout/build/intermediates/res/merged/release/values/values.xml:279: error: style attribute 'attr/actionBarTheme (aka com.jess.arms.widget.autolayout:attr/actionBarTheme)' not found.
  /private/var/folders/bq/vtzpc5ns5sg2cthy61lqpg3dfzgbys/T/1563609740885-0/src/MVPArms-master/arms-autolayout/build/intermediates/res/merged/release/values/values.xml:282: error: style attribute 'attr/listChoiceBackgroundIndicator (aka com.jess.arms.widget.autolayout:attr/listChoiceBackgroundIndicator)' not found.
  /private/var/folders/bq/vtzpc5ns5sg2cthy61lqpg3dfzgbys/T/1563609740885-0/src/MVPArms-master/arms-autolayout/build/intermediates/res/merged/release/values/values.xml:284: error: resource color/primary_dark_material_dark (aka com.jess.arms.widget.autolayout:color/primary_dark_material_dark) not found.
  /private/var/folders/bq/vtzpc5ns5sg2cthy61lqpg3dfzgbys/T/1563609740885-0/src/MVPArms-master/arms-autolayout/build/intermediates/res/merged/release/values/values.xml:285: error: resource color/primary_material_dark (aka com.jess.arms.widget.autolayout:color/primary_material_dark) not found.
  /private/var/folders/bq/vtzpc5ns5sg2cthy61lqpg3dfzgbys/T/1563609740885-0/src/MVPArms-master/arms-autolayout/build/intermediates/res/merged/release/values/values.xml:290: error: style attribute 'attr/windowMinWidthMajor (aka com.jess.arms.widget.autolayout:attr/windowMinWidthMajor)' not found.
  /private/var/folders/bq/vtzpc5ns5sg2cthy61lqpg3dfzgbys/T/1563609740885-0/src/MVPArms-master/arms-autolayout/build/intermediates/res/merged/release/values/values.xml:291: error: style attribute 'attr/windowMinWidthMinor (aka com.jess.arms.widget.autolayout:attr/windowMinWidthMinor)' not found.
  /private/var/folders/bq/vtzpc5ns5sg2cthy61lqpg3dfzgbys/T/1563609740885-0/src/MVPArms-master/arms-autolayout/build/intermediates/res/merged/release/values/values.xml:294: error: style attribute 'attr/windowFixedWidthMajor (aka com.jess.arms.widget.autolayout:attr/windowFixedWidthMajor)' not found.
  


* Try:
Run with --info or --debug option to get more log output. Run with --scan to get full insights.

* Exception is:
org.gradle.api.tasks.TaskExecutionException: Execution failed for task ':arms-autolayout:verifyReleaseResources'.
	at org.gradle.api.internal.tasks.execution.ExecuteActionsTaskExecuter.execute(ExecuteActionsTaskExecuter.java:95)
	at org.gradle.api.internal.tasks.execution.ResolveTaskOutputCachingStateExecuter.execute(ResolveTaskOutputCachingStateExecuter.java:91)
	at org.gradle.api.internal.tasks.execution.ValidatingTaskExecuter.execute(ValidatingTaskExecuter.java:57)
	at org.gradle.api.internal.tasks.execution.SkipEmptySourceFilesTaskExecuter.execute(SkipEmptySourceFilesTaskExecuter.java:119)
	at org.gradle.api.internal.tasks.execution.ResolvePreviousStateExecuter.execute(ResolvePreviousStateExecuter.java:43)
	at org.gradle.api.internal.tasks.execution.CleanupStaleOutputsExecuter.execute(CleanupStaleOutputsExecuter.java:93)
	at org.gradle.api.internal.tasks.execution.FinalizePropertiesTaskExecuter.execute(FinalizePropertiesTaskExecuter.java:45)
	at org.gradle.api.internal.tasks.execution.ResolveTaskArtifactStateTaskExecuter.execute(ResolveTaskArtifactStateTaskExecuter.java:94)
	at org.gradle.api.internal.tasks.execution.SkipTaskWithNoActionsExecuter.execute(SkipTaskWithNoActionsExecuter.java:56)
	at org.gradle.api.internal.tasks.execution.SkipOnlyIfTaskExecuter.execute(SkipOnlyIfTaskExecuter.java:55)
	at org.gradle.api.internal.tasks.execution.CatchExceptionTaskExecuter.execute(CatchExceptionTaskExecuter.java:36)
	at org.gradle.api.internal.tasks.execution.EventFiringTaskExecuter$1.executeTask(EventFiringTaskExecuter.java:67)
	at org.gradle.api.internal.tasks.execution.EventFiringTaskExecuter$1.call(EventFiringTaskExecuter.java:52)
	at org.gradle.api.internal.tasks.execution.EventFiringTaskExecuter$1.call(EventFiringTaskExecuter.java:49)
	at org.gradle.internal.operations.DefaultBuildOperationExecutor$CallableBuildOperationWorker.execute(DefaultBuildOperationExecutor.java:315)
	at org.gradle.internal.operations.DefaultBuildOperationExecutor$CallableBuildOperationWorker.execute(DefaultBuildOperationExecutor.java:305)
	at org.gradle.internal.operations.DefaultBuildOperationExecutor.execute(DefaultBuildOperationExecutor.java:175)
	at org.gradle.internal.operations.DefaultBuildOperationExecutor.call(DefaultBuildOperationExecutor.java:101)
	at org.gradle.internal.operations.DelegatingBuildOperationExecutor.call(DelegatingBuildOperationExecutor.java:36)
	at org.gradle.api.internal.tasks.execution.EventFiringTaskExecuter.execute(EventFiringTaskExecuter.java:49)
	at org.gradle.execution.plan.LocalTaskNodeExecutor.execute(LocalTaskNodeExecutor.java:43)
	at org.gradle.execution.taskgraph.DefaultTaskExecutionGraph$InvokeNodeExecutorsAction.execute(DefaultTaskExecutionGraph.java:355)
	at org.gradle.execution.taskgraph.DefaultTaskExecutionGraph$InvokeNodeExecutorsAction.execute(DefaultTaskExecutionGraph.java:343)
	at org.gradle.execution.taskgraph.DefaultTaskExecutionGraph$BuildOperationAwareExecutionAction.execute(DefaultTaskExecutionGraph.java:336)
	at org.gradle.execution.taskgraph.DefaultTaskExecutionGraph$BuildOperationAwareExecutionAction.execute(DefaultTaskExecutionGraph.java:322)
	at org.gradle.execution.plan.DefaultPlanExecutor$ExecutorWorker$1.execute(DefaultPlanExecutor.java:134)
	at org.gradle.execution.plan.DefaultPlanExecutor$ExecutorWorker$1.execute(DefaultPlanExecutor.java:129)
	at org.gradle.execution.plan.DefaultPlanExecutor$ExecutorWorker.execute(DefaultPlanExecutor.java:202)
	at org.gradle.execution.plan.DefaultPlanExecutor$ExecutorWorker.executeNextNode(DefaultPlanExecutor.java:193)
	at org.gradle.execution.plan.DefaultPlanExecutor$ExecutorWorker.run(DefaultPlanExecutor.java:129)
	at org.gradle.internal.concurrent.ExecutorPolicy$CatchAndRecordFailures.onExecute(ExecutorPolicy.java:63)
	at org.gradle.internal.concurrent.ManagedExecutorImpl$1.run(ManagedExecutorImpl.java:46)
	at org.gradle.internal.concurrent.ThreadFactoryImpl$ManagedThreadRunnable.run(ThreadFactoryImpl.java:55)
Caused by: com.android.ide.common.workers.WorkerExecutorException: 1 exception was raised by workers:
com.android.builder.internal.aapt.v2.Aapt2Exception: Android resource linking failed
error: resource style/Animation.AppCompat.Dialog (aka com.jess.arms.widget.autolayout:style/Animation.AppCompat.Dialog) not found.
/private/var/folders/bq/vtzpc5ns5sg2cthy61lqpg3dfzgbys/T/1563609740885-0/src/MVPArms-master/arms-autolayout/build/intermediates/res/merged/release/values/values.xml:255: error: resource style/Widget.AppCompat.ListView.Menu (aka com.jess.arms.widget.autolayout:style/Widget.AppCompat.ListView.Menu) not found.
/private/var/folders/bq/vtzpc5ns5sg2cthy61lqpg3dfzgbys/T/1563609740885-0/src/MVPArms-master/arms-autolayout/build/intermediates/res/merged/release/values/values.xml:256: error: resource style/Animation.AppCompat.DropDownUp (aka com.jess.arms.widget.autolayout:style/Animation.AppCompat.DropDownUp) not found.
/private/var/folders/bq/vtzpc5ns5sg2cthy61lqpg3dfzgbys/T/1563609740885-0/src/MVPArms-master/arms-autolayout/build/intermediates/res/merged/release/values/values.xml:260: error: style attribute 'attr/windowMinWidthMajor (aka com.jess.arms.widget.autolayout:attr/windowMinWidthMajor)' not found.
/private/var/folders/bq/vtzpc5ns5sg2cthy61lqpg3dfzgbys/T/1563609740885-0/src/MVPArms-master/arms-autolayout/build/intermediates/res/merged/release/values/values.xml:261: error: style attribute 'attr/windowMinWidthMinor (aka com.jess.arms.widget.autolayout:attr/windowMinWidthMinor)' not found.
/private/var/folders/bq/vtzpc5ns5sg2cthy61lqpg3dfzgbys/T/1563609740885-0/src/MVPArms-master/arms-autolayout/build/intermediates/res/merged/release/values/values.xml:264: error: style attribute 'attr/windowFixedWidthMajor (aka com.jess.arms.widget.autolayout:attr/windowFixedWidthMajor)' not found.
/private/var/folders/bq/vtzpc5ns5sg2cthy61lqpg3dfzgbys/T/1563609740885-0/src/MVPArms-master/arms-autolayout/build/intermediates/res/merged/release/values/values.xml:265: error: style attribute 'attr/windowFixedWidthMinor (aka com.jess.arms.widget.autolayout:attr/windowFixedWidthMinor)' not found.
/private/var/folders/bq/vtzpc5ns5sg2cthy61lqpg3dfzgbys/T/1563609740885-0/src/MVPArms-master/arms-autolayout/build/intermediates/res/merged/release/values/values.xml:266: error: style attribute 'attr/windowFixedHeightMajor (aka com.jess.arms.widget.autolayout:attr/windowFixedHeightMajor)' not found.
/private/var/folders/bq/vtzpc5ns5sg2cthy61lqpg3dfzgbys/T/1563609740885-0/src/MVPArms-master/arms-autolayout/build/intermediates/res/merged/release/values/values.xml:267: error: style attribute 'attr/windowFixedHeightMinor (aka com.jess.arms.widget.autolayout:attr/windowFixedHeightMinor)' not found.
/private/var/folders/bq/vtzpc5ns5sg2cthy61lqpg3dfzgbys/T/1563609740885-0/src/MVPArms-master/arms-autolayout/build/intermediates/res/merged/release/values/values.xml:270: error: style attribute 'attr/windowMinWidthMajor (aka com.jess.arms.widget.autolayout:attr/windowMinWidthMajor)' not found.
/private/var/folders/bq/vtzpc5ns5sg2cthy61lqpg3dfzgbys/T/1563609740885-0/src/MVPArms-master/arms-autolayout/build/intermediates/res/merged/release/values/values.xml:271: error: style attribute 'attr/windowMinWidthMinor (aka com.jess.arms.widget.autolayout:attr/windowMinWidthMinor)' not found.
/private/var/folders/bq/vtzpc5ns5sg2cthy61lqpg3dfzgbys/T/1563609740885-0/src/MVPArms-master/arms-autolayout/build/intermediates/res/merged/release/values/values.xml:277: error: style attribute 'attr/actionBarPopupTheme (aka com.jess.arms.widget.autolayout:attr/actionBarPopupTheme)' not found.
/private/var/folders/bq/vtzpc5ns5sg2cthy61lqpg3dfzgbys/T/1563609740885-0/src/MVPArms-master/arms-autolayout/build/intermediates/res/merged/release/values/values.xml:278: error: style attribute 'attr/actionBarWidgetTheme (aka com.jess.arms.widget.autolayout:attr/actionBarWidgetTheme)' not found.
/private/var/folders/bq/vtzpc5ns5sg2cthy61lqpg3dfzgbys/T/1563609740885-0/src/MVPArms-master/arms-autolayout/build/intermediates/res/merged/release/values/values.xml:279: error: style attribute 'attr/actionBarTheme (aka com.jess.arms.widget.autolayout:attr/actionBarTheme)' not found.
/private/var/folders/bq/vtzpc5ns5sg2cthy61lqpg3dfzgbys/T/1563609740885-0/src/MVPArms-master/arms-autolayout/build/intermediates/res/merged/release/values/values.xml:282: error: style attribute 'attr/listChoiceBackgroundIndicator (aka com.jess.arms.widget.autolayout:attr/listChoiceBackgroundIndicator)' not found.
/private/var/folders/bq/vtzpc5ns5sg2cthy61lqpg3dfzgbys/T/1563609740885-0/src/MVPArms-master/arms-autolayout/build/intermediates/res/merged/release/values/values.xml:284: error: resource color/primary_dark_material_dark (aka com.jess.arms.widget.autolayout:color/primary_dark_material_dark) not found.
/private/var/folders/bq/vtzpc5ns5sg2cthy61lqpg3dfzgbys/T/1563609740885-0/src/MVPArms-master/arms-autolayout/build/intermediates/res/merged/release/values/values.xml:285: error: resource color/primary_material_dark (aka com.jess.arms.widget.autolayout:color/primary_material_dark) not found.
/private/var/folders/bq/vtzpc5ns5sg2cthy61lqpg3dfzgbys/T/1563609740885-0/src/MVPArms-master/arms-autolayout/build/intermediates/res/merged/release/values/values.xml:290: error: style attribute 'attr/windowMinWidthMajor (aka com.jess.arms.widget.autolayout:attr/windowMinWidthMajor)' not found.
/private/var/folders/bq/vtzpc5ns5sg2cthy61lqpg3dfzgbys/T/1563609740885-0/src/MVPArms-master/arms-autolayout/build/intermediates/res/merged/release/values/values.xml:291: error: style attribute 'attr/windowMinWidthMinor (aka com.jess.arms.widget.autolayout:attr/windowMinWidthMinor)' not found.
/private/var/folders/bq/vtzpc5ns5sg2cthy61lqpg3dfzgbys/T/1563609740885-0/src/MVPArms-master/arms-autolayout/build/intermediates/res/merged/release/values/values.xml:294: error: style attribute 'attr/windowFixedWidthMajor (aka com.jess.arms.widget.autolayout:attr/windowFixedWidthMajor)' not found.


	at com.android.ide.common.workers.ExecutorServiceAdapter.await(ExecutorServiceAdapter.kt:62)
	at com.android.ide.common.workers.ExecutorServiceAdapter.close(ExecutorServiceAdapter.kt:69)
	at kotlin.io.CloseableKt.closeFinally(Closeable.kt:53)
	at com.android.build.gradle.tasks.VerifyLibraryResourcesTask.compileAndVerifyResources(VerifyLibraryResourcesTask.kt:133)
	at com.android.build.gradle.tasks.VerifyLibraryResourcesTask.doFullTaskAction(VerifyLibraryResourcesTask.kt:113)
	at com.android.build.gradle.internal.tasks.IncrementalTask.taskAction(IncrementalTask.java:106)
	at org.gradle.internal.reflect.JavaMethod.invoke(JavaMethod.java:73)
	at org.gradle.api.internal.project.taskfactory.IncrementalTaskAction.doExecute(IncrementalTaskAction.java:47)
	at org.gradle.api.internal.project.taskfactory.StandardTaskAction.execute(StandardTaskAction.java:41)
	at org.gradle.api.internal.project.taskfactory.StandardTaskAction.execute(StandardTaskAction.java:28)
	at org.gradle.api.internal.tasks.execution.ExecuteActionsTaskExecuter$2.run(ExecuteActionsTaskExecuter.java:284)
	at org.gradle.internal.operations.DefaultBuildOperationExecutor$RunnableBuildOperationWorker.execute(DefaultBuildOperationExecutor.java:301)
	at org.gradle.internal.operations.DefaultBuildOperationExecutor$RunnableBuildOperationWorker.execute(DefaultBuildOperationExecutor.java:293)
	at org.gradle.internal.operations.DefaultBuildOperationExecutor.execute(DefaultBuildOperationExecutor.java:175)
	at org.gradle.internal.operations.DefaultBuildOperationExecutor.run(DefaultBuildOperationExecutor.java:91)
	at org.gradle.internal.operations.DelegatingBuildOperationExecutor.run(DelegatingBuildOperationExecutor.java:31)
	at org.gradle.api.internal.tasks.execution.ExecuteActionsTaskExecuter.executeAction(ExecuteActionsTaskExecuter.java:273)
	at org.gradle.api.internal.tasks.execution.ExecuteActionsTaskExecuter.executeActions(ExecuteActionsTaskExecuter.java:258)
	at org.gradle.api.internal.tasks.execution.ExecuteActionsTaskExecuter.access$200(ExecuteActionsTaskExecuter.java:67)
	at org.gradle.api.internal.tasks.execution.ExecuteActionsTaskExecuter$TaskExecution.execute(ExecuteActionsTaskExecuter.java:145)
	at org.gradle.internal.execution.impl.steps.ExecuteStep.execute(ExecuteStep.java:49)
	at org.gradle.internal.execution.impl.steps.CancelExecutionStep.execute(CancelExecutionStep.java:34)
	at org.gradle.internal.execution.impl.steps.TimeoutStep.executeWithoutTimeout(TimeoutStep.java:69)
	at org.gradle.internal.execution.impl.steps.TimeoutStep.execute(TimeoutStep.java:49)
	at org.gradle.internal.execution.impl.steps.CatchExceptionStep.execute(CatchExceptionStep.java:33)
	at org.gradle.internal.execution.impl.steps.CreateOutputsStep.execute(CreateOutputsStep.java:50)
	at org.gradle.internal.execution.impl.steps.SnapshotOutputStep.execute(SnapshotOutputStep.java:43)
	at org.gradle.internal.execution.impl.steps.SnapshotOutputStep.execute(SnapshotOutputStep.java:29)
	at org.gradle.internal.execution.impl.steps.CacheStep.executeWithoutCache(CacheStep.java:134)
	at org.gradle.internal.execution.impl.steps.CacheStep.lambda$execute$3(CacheStep.java:83)
	at org.gradle.internal.execution.impl.steps.CacheStep.execute(CacheStep.java:82)
	at org.gradle.internal.execution.impl.steps.CacheStep.execute(CacheStep.java:36)
	at org.gradle.internal.execution.impl.steps.PrepareCachingStep.execute(PrepareCachingStep.java:33)
	at org.gradle.internal.execution.impl.steps.StoreSnapshotsStep.execute(StoreSnapshotsStep.java:38)
	at org.gradle.internal.execution.impl.steps.StoreSnapshotsStep.execute(StoreSnapshotsStep.java:23)
	at org.gradle.internal.execution.impl.steps.SkipUpToDateStep.executeBecause(SkipUpToDateStep.java:96)
	at org.gradle.internal.execution.impl.steps.SkipUpToDateStep.lambda$execute$1(SkipUpToDateStep.java:91)
	at org.gradle.internal.execution.impl.steps.SkipUpToDateStep.execute(SkipUpToDateStep.java:91)
	at org.gradle.internal.execution.impl.steps.SkipUpToDateStep.execute(SkipUpToDateStep.java:36)
	at org.gradle.internal.execution.impl.DefaultWorkExecutor.execute(DefaultWorkExecutor.java:34)
	at org.gradle.api.internal.tasks.execution.ExecuteActionsTaskExecuter.execute(ExecuteActionsTaskExecuter.java:91)
	... 32 more
Caused by: java.util.concurrent.ExecutionException: com.android.builder.internal.aapt.v2.Aapt2Exception: Android resource linking failed
error: resource style/Animation.AppCompat.Dialog (aka com.jess.arms.widget.autolayout:style/Animation.AppCompat.Dialog) not found.
/private/var/folders/bq/vtzpc5ns5sg2cthy61lqpg3dfzgbys/T/1563609740885-0/src/MVPArms-master/arms-autolayout/build/intermediates/res/merged/release/values/values.xml:255: error: resource style/Widget.AppCompat.ListView.Menu (aka com.jess.arms.widget.autolayout:style/Widget.AppCompat.ListView.Menu) not found.
/private/var/folders/bq/vtzpc5ns5sg2cthy61lqpg3dfzgbys/T/1563609740885-0/src/MVPArms-master/arms-autolayout/build/intermediates/res/merged/release/values/values.xml:256: error: resource style/Animation.AppCompat.DropDownUp (aka com.jess.arms.widget.autolayout:style/Animation.AppCompat.DropDownUp) not found.
/private/var/folders/bq/vtzpc5ns5sg2cthy61lqpg3dfzgbys/T/1563609740885-0/src/MVPArms-master/arms-autolayout/build/intermediates/res/merged/release/values/values.xml:260: error: style attribute 'attr/windowMinWidthMajor (aka com.jess.arms.widget.autolayout:attr/windowMinWidthMajor)' not found.
/private/var/folders/bq/vtzpc5ns5sg2cthy61lqpg3dfzgbys/T/1563609740885-0/src/MVPArms-master/arms-autolayout/build/intermediates/res/merged/release/values/values.xml:261: error: style attribute 'attr/windowMinWidthMinor (aka com.jess.arms.widget.autolayout:attr/windowMinWidthMinor)' not found.
/private/var/folders/bq/vtzpc5ns5sg2cthy61lqpg3dfzgbys/T/1563609740885-0/src/MVPArms-master/arms-autolayout/build/intermediates/res/merged/release/values/values.xml:264: error: style attribute 'attr/windowFixedWidthMajor (aka com.jess.arms.widget.autolayout:attr/windowFixedWidthMajor)' not found.
/private/var/folders/bq/vtzpc5ns5sg2cthy61lqpg3dfzgbys/T/1563609740885-0/src/MVPArms-master/arms-autolayout/build/intermediates/res/merged/release/values/values.xml:265: error: style attribute 'attr/windowFixedWidthMinor (aka com.jess.arms.widget.autolayout:attr/windowFixedWidthMinor)' not found.
/private/var/folders/bq/vtzpc5ns5sg2cthy61lqpg3dfzgbys/T/1563609740885-0/src/MVPArms-master/arms-autolayout/build/intermediates/res/merged/release/values/values.xml:266: error: style attribute 'attr/windowFixedHeightMajor (aka com.jess.arms.widget.autolayout:attr/windowFixedHeightMajor)' not found.
/private/var/folders/bq/vtzpc5ns5sg2cthy61lqpg3dfzgbys/T/1563609740885-0/src/MVPArms-master/arms-autolayout/build/intermediates/res/merged/release/values/values.xml:267: error: style attribute 'attr/windowFixedHeightMinor (aka com.jess.arms.widget.autolayout:attr/windowFixedHeightMinor)' not found.
/private/var/folders/bq/vtzpc5ns5sg2cthy61lqpg3dfzgbys/T/1563609740885-0/src/MVPArms-master/arms-autolayout/build/intermediates/res/merged/release/values/values.xml:270: error: style attribute 'attr/windowMinWidthMajor (aka com.jess.arms.widget.autolayout:attr/windowMinWidthMajor)' not found.
/private/var/folders/bq/vtzpc5ns5sg2cthy61lqpg3dfzgbys/T/1563609740885-0/src/MVPArms-master/arms-autolayout/build/intermediates/res/merged/release/values/values.xml:271: error: style attribute 'attr/windowMinWidthMinor (aka com.jess.arms.widget.autolayout:attr/windowMinWidthMinor)' not found.
/private/var/folders/bq/vtzpc5ns5sg2cthy61lqpg3dfzgbys/T/1563609740885-0/src/MVPArms-master/arms-autolayout/build/intermediates/res/merged/release/values/values.xml:277: error: style attribute 'attr/actionBarPopupTheme (aka com.jess.arms.widget.autolayout:attr/actionBarPopupTheme)' not found.
/private/var/folders/bq/vtzpc5ns5sg2cthy61lqpg3dfzgbys/T/1563609740885-0/src/MVPArms-master/arms-autolayout/build/intermediates/res/merged/release/values/values.xml:278: error: style attribute 'attr/actionBarWidgetTheme (aka com.jess.arms.widget.autolayout:attr/actionBarWidgetTheme)' not found.
/private/var/folders/bq/vtzpc5ns5sg2cthy61lqpg3dfzgbys/T/1563609740885-0/src/MVPArms-master/arms-autolayout/build/intermediates/res/merged/release/values/values.xml:279: error: style attribute 'attr/actionBarTheme (aka com.jess.arms.widget.autolayout:attr/actionBarTheme)' not found.
/private/var/folders/bq/vtzpc5ns5sg2cthy61lqpg3dfzgbys/T/1563609740885-0/src/MVPArms-master/arms-autolayout/build/intermediates/res/merged/release/values/values.xml:282: error: style attribute 'attr/listChoiceBackgroundIndicator (aka com.jess.arms.widget.autolayout:attr/listChoiceBackgroundIndicator)' not found.
/private/var/folders/bq/vtzpc5ns5sg2cthy61lqpg3dfzgbys/T/1563609740885-0/src/MVPArms-master/arms-autolayout/build/intermediates/res/merged/release/values/values.xml:284: error: resource color/primary_dark_material_dark (aka com.jess.arms.widget.autolayout:color/primary_dark_material_dark) not found.
/private/var/folders/bq/vtzpc5ns5sg2cthy61lqpg3dfzgbys/T/1563609740885-0/src/MVPArms-master/arms-autolayout/build/intermediates/res/merged/release/values/values.xml:285: error: resource color/primary_material_dark (aka com.jess.arms.widget.autolayout:color/primary_material_dark) not found.
/private/var/folders/bq/vtzpc5ns5sg2cthy61lqpg3dfzgbys/T/1563609740885-0/src/MVPArms-master/arms-autolayout/build/intermediates/res/merged/release/values/values.xml:290: error: style attribute 'attr/windowMinWidthMajor (aka com.jess.arms.widget.autolayout:attr/windowMinWidthMajor)' not found.
/private/var/folders/bq/vtzpc5ns5sg2cthy61lqpg3dfzgbys/T/1563609740885-0/src/MVPArms-master/arms-autolayout/build/intermediates/res/merged/release/values/values.xml:291: error: style attribute 'attr/windowMinWidthMinor (aka com.jess.arms.widget.autolayout:attr/windowMinWidthMinor)' not found.
/private/var/folders/bq/vtzpc5ns5sg2cthy61lqpg3dfzgbys/T/1563609740885-0/src/MVPArms-master/arms-autolayout/build/intermediates/res/merged/release/values/values.xml:294: error: style attribute 'attr/windowFixedWidthMajor (aka com.jess.arms.widget.autolayout:attr/windowFixedWidthMajor)' not found.

	at com.android.ide.common.workers.ExecutorServiceAdapter.await(ExecutorServiceAdapter.kt:56)
	... 72 more
Caused by: com.android.builder.internal.aapt.v2.Aapt2Exception: Android resource linking failed
error: resource style/Animation.AppCompat.Dialog (aka com.jess.arms.widget.autolayout:style/Animation.AppCompat.Dialog) not found.
/private/var/folders/bq/vtzpc5ns5sg2cthy61lqpg3dfzgbys/T/1563609740885-0/src/MVPArms-master/arms-autolayout/build/intermediates/res/merged/release/values/values.xml:255: error: resource style/Widget.AppCompat.ListView.Menu (aka com.jess.arms.widget.autolayout:style/Widget.AppCompat.ListView.Menu) not found.
/private/var/folders/bq/vtzpc5ns5sg2cthy61lqpg3dfzgbys/T/1563609740885-0/src/MVPArms-master/arms-autolayout/build/intermediates/res/merged/release/values/values.xml:256: error: resource style/Animation.AppCompat.DropDownUp (aka com.jess.arms.widget.autolayout:style/Animation.AppCompat.DropDownUp) not found.
/private/var/folders/bq/vtzpc5ns5sg2cthy61lqpg3dfzgbys/T/1563609740885-0/src/MVPArms-master/arms-autolayout/build/intermediates/res/merged/release/values/values.xml:260: error: style attribute 'attr/windowMinWidthMajor (aka com.jess.arms.widget.autolayout:attr/windowMinWidthMajor)' not found.
/private/var/folders/bq/vtzpc5ns5sg2cthy61lqpg3dfzgbys/T/1563609740885-0/src/MVPArms-master/arms-autolayout/build/intermediates/res/merged/release/values/values.xml:261: error: style attribute 'attr/windowMinWidthMinor (aka com.jess.arms.widget.autolayout:attr/windowMinWidthMinor)' not found.
/private/var/folders/bq/vtzpc5ns5sg2cthy61lqpg3dfzgbys/T/1563609740885-0/src/MVPArms-master/arms-autolayout/build/intermediates/res/merged/release/values/values.xml:264: error: style attribute 'attr/windowFixedWidthMajor (aka com.jess.arms.widget.autolayout:attr/windowFixedWidthMajor)' not found.
/private/var/folders/bq/vtzpc5ns5sg2cthy61lqpg3dfzgbys/T/1563609740885-0/src/MVPArms-master/arms-autolayout/build/intermediates/res/merged/release/values/values.xml:265: error: style attribute 'attr/windowFixedWidthMinor (aka com.jess.arms.widget.autolayout:attr/windowFixedWidthMinor)' not found.
/private/var/folders/bq/vtzpc5ns5sg2cthy61lqpg3dfzgbys/T/1563609740885-0/src/MVPArms-master/arms-autolayout/build/intermediates/res/merged/release/values/values.xml:266: error: style attribute 'attr/windowFixedHeightMajor (aka com.jess.arms.widget.autolayout:attr/windowFixedHeightMajor)' not found.
/private/var/folders/bq/vtzpc5ns5sg2cthy61lqpg3dfzgbys/T/1563609740885-0/src/MVPArms-master/arms-autolayout/build/intermediates/res/merged/release/values/values.xml:267: error: style attribute 'attr/windowFixedHeightMinor (aka com.jess.arms.widget.autolayout:attr/windowFixedHeightMinor)' not found.
/private/var/folders/bq/vtzpc5ns5sg2cthy61lqpg3dfzgbys/T/1563609740885-0/src/MVPArms-master/arms-autolayout/build/intermediates/res/merged/release/values/values.xml:270: error: style attribute 'attr/windowMinWidthMajor (aka com.jess.arms.widget.autolayout:attr/windowMinWidthMajor)' not found.
/private/var/folders/bq/vtzpc5ns5sg2cthy61lqpg3dfzgbys/T/1563609740885-0/src/MVPArms-master/arms-autolayout/build/intermediates/res/merged/release/values/values.xml:271: error: style attribute 'attr/windowMinWidthMinor (aka com.jess.arms.widget.autolayout:attr/windowMinWidthMinor)' not found.
/private/var/folders/bq/vtzpc5ns5sg2cthy61lqpg3dfzgbys/T/1563609740885-0/src/MVPArms-master/arms-autolayout/build/intermediates/res/merged/release/values/values.xml:277: error: style attribute 'attr/actionBarPopupTheme (aka com.jess.arms.widget.autolayout:attr/actionBarPopupTheme)' not found.
/private/var/folders/bq/vtzpc5ns5sg2cthy61lqpg3dfzgbys/T/1563609740885-0/src/MVPArms-master/arms-autolayout/build/intermediates/res/merged/release/values/values.xml:278: error: style attribute 'attr/actionBarWidgetTheme (aka com.jess.arms.widget.autolayout:attr/actionBarWidgetTheme)' not found.
/private/var/folders/bq/vtzpc5ns5sg2cthy61lqpg3dfzgbys/T/1563609740885-0/src/MVPArms-master/arms-autolayout/build/intermediates/res/merged/release/values/values.xml:279: error: style attribute 'attr/actionBarTheme (aka com.jess.arms.widget.autolayout:attr/actionBarTheme)' not found.
/private/var/folders/bq/vtzpc5ns5sg2cthy61lqpg3dfzgbys/T/1563609740885-0/src/MVPArms-master/arms-autolayout/build/intermediates/res/merged/release/values/values.xml:282: error: style attribute 'attr/listChoiceBackgroundIndicator (aka com.jess.arms.widget.autolayout:attr/listChoiceBackgroundIndicator)' not found.
/private/var/folders/bq/vtzpc5ns5sg2cthy61lqpg3dfzgbys/T/1563609740885-0/src/MVPArms-master/arms-autolayout/build/intermediates/res/merged/release/values/values.xml:284: error: resource color/primary_dark_material_dark (aka com.jess.arms.widget.autolayout:color/primary_dark_material_dark) not found.
/private/var/folders/bq/vtzpc5ns5sg2cthy61lqpg3dfzgbys/T/1563609740885-0/src/MVPArms-master/arms-autolayout/build/intermediates/res/merged/release/values/values.xml:285: error: resource color/primary_material_dark (aka com.jess.arms.widget.autolayout:color/primary_material_dark) not found.
/private/var/folders/bq/vtzpc5ns5sg2cthy61lqpg3dfzgbys/T/1563609740885-0/src/MVPArms-master/arms-autolayout/build/intermediates/res/merged/release/values/values.xml:290: error: style attribute 'attr/windowMinWidthMajor (aka com.jess.arms.widget.autolayout:attr/windowMinWidthMajor)' not found.
/private/var/folders/bq/vtzpc5ns5sg2cthy61lqpg3dfzgbys/T/1563609740885-0/src/MVPArms-master/arms-autolayout/build/intermediates/res/merged/release/values/values.xml:291: error: style attribute 'attr/windowMinWidthMinor (aka com.jess.arms.widget.autolayout:attr/windowMinWidthMinor)' not found.
/private/var/folders/bq/vtzpc5ns5sg2cthy61lqpg3dfzgbys/T/1563609740885-0/src/MVPArms-master/arms-autolayout/build/intermediates/res/merged/release/values/values.xml:294: error: style attribute 'attr/windowFixedWidthMajor (aka com.jess.arms.widget.autolayout:attr/windowFixedWidthMajor)' not found.

	at com.android.builder.internal.aapt.v2.Aapt2Exception$Companion.create(Aapt2Exception.kt:45)
	at com.android.builder.internal.aapt.v2.Aapt2Exception$Companion.create$default(Aapt2Exception.kt:39)
	at com.android.builder.internal.aapt.v2.Aapt2DaemonImpl.doLink(Aapt2DaemonImpl.kt:191)
	at com.android.builder.internal.aapt.v2.Aapt2Daemon.link(Aapt2Daemon.kt:103)
	at com.android.builder.internal.aapt.v2.Aapt2DaemonManager$LeasedAaptDaemon.link(Aapt2DaemonManager.kt:176)
	at com.android.builder.core.AndroidBuilder.processResources(AndroidBuilder.java:858)
	at com.android.build.gradle.internal.res.Aapt2ProcessResourcesRunnable$run$1.invoke(Aapt2ProcessResourcesRunnable.kt:34)
	at com.android.build.gradle.internal.res.Aapt2ProcessResourcesRunnable$run$1.invoke(Aapt2ProcessResourcesRunnable.kt:28)
	at com.android.build.gradle.internal.res.namespaced.Aapt2DaemonManagerService.useAaptDaemon(Aapt2DaemonManagerService.kt:71)
	at com.android.build.gradle.internal.res.namespaced.Aapt2DaemonManagerService.useAaptDaemon$default(Aapt2DaemonManagerService.kt:69)
	at com.android.build.gradle.internal.res.Aapt2ProcessResourcesRunnable.run(Aapt2ProcessResourcesRunnable.kt:33)
	at com.android.ide.common.workers.ExecutorServiceAdapter$submit$submission$1.run(ExecutorServiceAdapter.kt:40)


* Get more help at https://help.gradle.org

Deprecated Gradle features were used in this build, making it incompatible with Gradle 6.0.
Use '--warning-mode all' to show the individual deprecation warnings.
See https://docs.gradle.org/5.1.1/userguide/command_line_interface.html#sec:command_line_warnings

BUILD FAILED in 11s
44 actionable tasks: 44 executed

2019-07-20 15:02:51,032 INFO  ProjectTaskService - Detecting possible tasks...
2019-07-20 15:02:51,032 INFO  SysUtils - Execute command: [/var/folders/bq/vtzpc5ns5sg2cthy61lqpg3dfzgbys/T/1563609740885-0/src/MVPArms-master/gradlew, -b, /var/folders/bq/vtzpc5ns5sg2cthy61lqpg3dfzgbys/T/1563609740885-0/src/MVPArms-master/arms-imageloader-glide/build.gradle, -Dorg.gradle.daemon=false, -Dorg.gradle.daemon.performance.enable-monitoring=false, -Dorg.gradle.configureondemand=true, tasks]
2019-07-20 15:02:57,573 INFO  ProjectTaskService - Detected possible tasks: 66
2019-07-20 15:02:57,574 INFO  ProjectTaskService - Excluded tasks (15): lintDebug deviceCheck lint testReleaseUnitTest deviceAndroidTest uninstallDebugAndroidTest installDebugAndroidTest connectedCheck connectedDebugAndroidTest uninstallAll test check testDebugUnitTest connectedAndroidTest lintRelease
2019-07-20 15:02:57,574 INFO  SysUtils - Execute command: [/var/folders/bq/vtzpc5ns5sg2cthy61lqpg3dfzgbys/T/1563609740885-0/src/MVPArms-master/gradlew, -b, /var/folders/bq/vtzpc5ns5sg2cthy61lqpg3dfzgbys/T/1563609740885-0/src/MVPArms-master/arms-imageloader-glide/build.gradle, -Dorg.gradle.daemon=false, -Dorg.gradle.daemon.performance.enable-monitoring=false, -Dorg.gradle.configureondemand=true, --stacktrace, -x, lintDebug, -x, deviceCheck, -x, lint, -x, testReleaseUnitTest, -x, deviceAndroidTest, -x, uninstallDebugAndroidTest, -x, installDebugAndroidTest, -x, connectedCheck, -x, connectedDebugAndroidTest, -x, uninstallAll, -x, test, -x, check, -x, testDebugUnitTest, -x, connectedAndroidTest, -x, lintRelease, build]
2019-07-20 15:03:27,617 INFO  SysUtils - Configuration on demand is an incubating feature.
> Task :arms:preBuild UP-TO-DATE
> Task :arms:preDebugBuild UP-TO-DATE
> Task :arms:compileDebugAidl NO-SOURCE
> Task :arms-imageloader-glide:preBuild UP-TO-DATE
> Task :arms-imageloader-glide:preDebugBuild UP-TO-DATE
> Task :arms-imageloader-glide:compileDebugAidl NO-SOURCE
> Task :arms:compileDebugRenderscript NO-SOURCE
> Task :arms:checkDebugManifest
> Task :arms:generateDebugBuildConfig
> Task :arms:generateDebugResValues
> Task :arms:generateDebugResources
> Task :arms:packageDebugResources
> Task :arms:processDebugManifest
> Task :arms:generateDebugRFile
> Task :arms:prepareLintJar
> Task :arms:generateDebugSources
> Task :arms:javaPreCompileDebug

> Task :arms:compileDebugJavaWithJavac
Note: [1] Wrote GeneratedAppGlideModule with: []
Note: Some input files use or override a deprecated API.
Note: Recompile with -Xlint:deprecation for details.
Note: Some input files use unchecked or unsafe operations.
Note: Recompile with -Xlint:unchecked for details.

> Task :arms:bundleLibCompileDebug
> Task :arms:packageDebugRenderscript NO-SOURCE
> Task :arms-imageloader-glide:compileDebugRenderscript NO-SOURCE
> Task :arms-imageloader-glide:checkDebugManifest
> Task :arms-imageloader-glide:generateDebugBuildConfig
> Task :arms-imageloader-glide:generateDebugResValues
> Task :arms-imageloader-glide:generateDebugResources
> Task :arms-imageloader-glide:packageDebugResources
> Task :arms-imageloader-glide:processDebugManifest
> Task :arms-imageloader-glide:generateDebugRFile
> Task :arms-imageloader-glide:prepareLintJar
> Task :arms-imageloader-glide:generateDebugSources
> Task :arms-imageloader-glide:javaPreCompileDebug
> Task :arms-imageloader-glide:compileDebugJavaWithJavac
> Task :arms-imageloader-glide:extractDebugAnnotations
> Task :arms-imageloader-glide:mergeDebugConsumerProguardFiles
> Task :arms-imageloader-glide:mergeDebugShaders
> Task :arms-imageloader-glide:compileDebugShaders
> Task :arms-imageloader-glide:generateDebugAssets
> Task :arms-imageloader-glide:packageDebugAssets
> Task :arms-imageloader-glide:packageDebugRenderscript NO-SOURCE
> Task :arms-imageloader-glide:prepareLintJarForPublish
> Task :arms-imageloader-glide:processDebugJavaRes NO-SOURCE
> Task :arms-imageloader-glide:transformResourcesWithMergeJavaResForDebug
> Task :arms-imageloader-glide:transformClassesAndResourcesWithSyncLibJarsForDebug
> Task :arms-imageloader-glide:mergeDebugJniLibFolders
> Task :arms-imageloader-glide:transformNativeLibsWithMergeJniLibsForDebug
> Task :arms-imageloader-glide:transformNativeLibsWithStripDebugSymbolForDebug
> Task :arms-imageloader-glide:transformNativeLibsWithSyncJniLibsForDebug
> Task :arms-imageloader-glide:bundleDebugAar
> Task :arms-imageloader-glide:compileDebugSources
> Task :arms-imageloader-glide:assembleDebug
> Task :arms:preReleaseBuild UP-TO-DATE
> Task :arms:compileReleaseAidl NO-SOURCE
> Task :arms-imageloader-glide:preReleaseBuild UP-TO-DATE
> Task :arms-imageloader-glide:compileReleaseAidl NO-SOURCE
> Task :arms:compileReleaseRenderscript NO-SOURCE
> Task :arms:checkReleaseManifest
> Task :arms:generateReleaseBuildConfig
> Task :arms:generateReleaseResValues
> Task :arms:generateReleaseResources
> Task :arms:packageReleaseResources
> Task :arms:processReleaseManifest
> Task :arms:generateReleaseRFile
> Task :arms:generateReleaseSources
> Task :arms:javaPreCompileRelease

> Task :arms:compileReleaseJavaWithJavac
Note: [1] Wrote GeneratedAppGlideModule with: []
Note: Some input files use or override a deprecated API.
Note: Recompile with -Xlint:deprecation for details.
Note: Some input files use unchecked or unsafe operations.
Note: Recompile with -Xlint:unchecked for details.

> Task :arms:bundleLibCompileRelease
> Task :arms:packageReleaseRenderscript NO-SOURCE
> Task :arms-imageloader-glide:compileReleaseRenderscript NO-SOURCE
> Task :arms-imageloader-glide:checkReleaseManifest
> Task :arms-imageloader-glide:generateReleaseBuildConfig
> Task :arms-imageloader-glide:generateReleaseResValues
> Task :arms-imageloader-glide:generateReleaseResources
> Task :arms-imageloader-glide:packageReleaseResources
> Task :arms-imageloader-glide:processReleaseManifest
> Task :arms-imageloader-glide:generateReleaseRFile
> Task :arms-imageloader-glide:generateReleaseSources
> Task :arms-imageloader-glide:javaPreCompileRelease
> Task :arms-imageloader-glide:compileReleaseJavaWithJavac
> Task :arms-imageloader-glide:extractReleaseAnnotations
> Task :arms-imageloader-glide:mergeReleaseConsumerProguardFiles
> Task :arms-imageloader-glide:mergeReleaseShaders
> Task :arms-imageloader-glide:compileReleaseShaders
> Task :arms-imageloader-glide:generateReleaseAssets
> Task :arms-imageloader-glide:packageReleaseAssets
> Task :arms-imageloader-glide:packageReleaseRenderscript NO-SOURCE
> Task :arms-imageloader-glide:processReleaseJavaRes NO-SOURCE
> Task :arms-imageloader-glide:transformResourcesWithMergeJavaResForRelease
> Task :arms-imageloader-glide:transformClassesAndResourcesWithSyncLibJarsForRelease
> Task :arms-imageloader-glide:mergeReleaseJniLibFolders
> Task :arms-imageloader-glide:transformNativeLibsWithMergeJniLibsForRelease
> Task :arms-imageloader-glide:transformNativeLibsWithStripDebugSymbolForRelease
> Task :arms-imageloader-glide:transformNativeLibsWithSyncJniLibsForRelease
> Task :arms-imageloader-glide:bundleReleaseAar
> Task :arms-imageloader-glide:compileReleaseSources
> Task :arms-imageloader-glide:mergeReleaseResources
> Task :arms-imageloader-glide:verifyReleaseResources
> Task :arms-imageloader-glide:assembleRelease

> Task :arms-imageloader-glide:javadoc
/private/var/folders/bq/vtzpc5ns5sg2cthy61lqpg3dfzgbys/T/1563609740885-0/src/MVPArms-master/arms-imageloader-glide/src/main/java/com/jess/arms/http/imageloader/glide/CacheStrategy.java:3: error: package android.support.annotation does not exist
import android.support.annotation.IntDef;
                                 ^
/private/var/folders/bq/vtzpc5ns5sg2cthy61lqpg3dfzgbys/T/1563609740885-0/src/MVPArms-master/arms-imageloader-glide/src/main/java/com/jess/arms/http/imageloader/glide/CacheStrategy.java:32: error: cannot find symbol
    @IntDef({ALL,NONE,RESOURCE,DATA,AUTOMATIC})
     ^
  symbol:   class IntDef
  location: interface CacheStrategy
/private/var/folders/bq/vtzpc5ns5sg2cthy61lqpg3dfzgbys/T/1563609740885-0/src/MVPArms-master/arms-imageloader-glide/src/main/java/com/jess/arms/http/imageloader/glide/ImageConfigImpl.java:20: error: package com.bumptech.glide.load.resource.bitmap does not exist
import com.bumptech.glide.load.resource.bitmap.BitmapTransformation;
                                              ^
/private/var/folders/bq/vtzpc5ns5sg2cthy61lqpg3dfzgbys/T/1563609740885-0/src/MVPArms-master/arms-imageloader-glide/src/main/java/com/jess/arms/http/imageloader/glide/ImageConfigImpl.java:21: error: cannot find symbol
import com.jess.arms.http.imageloader.BaseImageLoaderStrategy;
                                     ^
  symbol:   class BaseImageLoaderStrategy
  location: package com.jess.arms.http.imageloader
/private/var/folders/bq/vtzpc5ns5sg2cthy61lqpg3dfzgbys/T/1563609740885-0/src/MVPArms-master/arms-imageloader-glide/src/main/java/com/jess/arms/http/imageloader/glide/ImageConfigImpl.java:22: error: cannot find symbol
import com.jess.arms.http.imageloader.ImageConfig;
                                     ^
  symbol:   class ImageConfig
  location: package com.jess.arms.http.imageloader
/private/var/folders/bq/vtzpc5ns5sg2cthy61lqpg3dfzgbys/T/1563609740885-0/src/MVPArms-master/arms-imageloader-glide/src/main/java/com/jess/arms/http/imageloader/glide/ImageConfigImpl.java:23: error: cannot find symbol
import com.jess.arms.http.imageloader.ImageLoader;
                                     ^
  symbol:   class ImageLoader
  location: package com.jess.arms.http.imageloader
/private/var/folders/bq/vtzpc5ns5sg2cthy61lqpg3dfzgbys/T/1563609740885-0/src/MVPArms-master/arms-imageloader-glide/src/main/java/com/jess/arms/http/imageloader/glide/ImageConfigImpl.java:36: error: cannot find symbol
public class ImageConfigImpl extends ImageConfig {
                                     ^
  symbol: class ImageConfig
/private/var/folders/bq/vtzpc5ns5sg2cthy61lqpg3dfzgbys/T/1563609740885-0/src/MVPArms-master/arms-imageloader-glide/src/main/java/com/jess/arms/http/imageloader/glide/ImageConfigImpl.java:45: error: cannot find symbol
    private BitmapTransformation transformation;//glide
            ^
  symbol:   class BitmapTransformation
  location: class ImageConfigImpl
/private/var/folders/bq/vtzpc5ns5sg2cthy61lqpg3dfzgbys/T/1563609740885-0/src/MVPArms-master/arms-imageloader-glide/src/main/java/com/jess/arms/http/imageloader/glide/ImageConfigImpl.java:75: error: cannot find symbol
    public BitmapTransformation getTransformation() {
           ^
  symbol:   class BitmapTransformation
  location: class ImageConfigImpl
/private/var/folders/bq/vtzpc5ns5sg2cthy61lqpg3dfzgbys/T/1563609740885-0/src/MVPArms-master/arms-imageloader-glide/src/main/java/com/jess/arms/http/imageloader/glide/ImageConfigImpl.java:140: error: cannot find symbol
        private BitmapTransformation transformation;//glide
                ^
  symbol:   class BitmapTransformation
  location: class Builder
/private/var/folders/bq/vtzpc5ns5sg2cthy61lqpg3dfzgbys/T/1563609740885-0/src/MVPArms-master/arms-imageloader-glide/src/main/java/com/jess/arms/http/imageloader/glide/ImageConfigImpl.java:203: error: cannot find symbol
        public Builder transformation(BitmapTransformation transformation) {
                                      ^
  symbol:   class BitmapTransformation
  location: class Builder
/private/var/folders/bq/vtzpc5ns5sg2cthy61lqpg3dfzgbys/T/1563609740885-0/src/MVPArms-master/arms-imageloader-glide/src/main/java/com/jess/arms/http/imageloader/glide/GlideImageLoaderStrategy.java:20: error: package android.support.annotation does not exist
import android.support.annotation.NonNull;
                                 ^
/private/var/folders/bq/vtzpc5ns5sg2cthy61lqpg3dfzgbys/T/1563609740885-0/src/MVPArms-master/arms-imageloader-glide/src/main/java/com/jess/arms/http/imageloader/glide/GlideImageLoaderStrategy.java:21: error: package android.support.annotation does not exist
import android.support.annotation.Nullable;
                                 ^
/private/var/folders/bq/vtzpc5ns5sg2cthy61lqpg3dfzgbys/T/1563609740885-0/src/MVPArms-master/arms-imageloader-glide/src/main/java/com/jess/arms/http/imageloader/glide/GlideImageLoaderStrategy.java:24: error: package com.bumptech.glide does not exist
import com.bumptech.glide.Glide;
                         ^
/private/var/folders/bq/vtzpc5ns5sg2cthy61lqpg3dfzgbys/T/1563609740885-0/src/MVPArms-master/arms-imageloader-glide/src/main/java/com/jess/arms/http/imageloader/glide/GlideImageLoaderStrategy.java:25: error: package com.bumptech.glide does not exist
import com.bumptech.glide.GlideBuilder;
                         ^
/private/var/folders/bq/vtzpc5ns5sg2cthy61lqpg3dfzgbys/T/1563609740885-0/src/MVPArms-master/arms-imageloader-glide/src/main/java/com/jess/arms/http/imageloader/glide/GlideImageLoaderStrategy.java:26: error: package com.bumptech.glide.load.engine does not exist
import com.bumptech.glide.load.engine.DiskCacheStrategy;
                                     ^
/private/var/folders/bq/vtzpc5ns5sg2cthy61lqpg3dfzgbys/T/1563609740885-0/src/MVPArms-master/arms-imageloader-glide/src/main/java/com/jess/arms/http/imageloader/glide/GlideImageLoaderStrategy.java:27: error: package com.bumptech.glide.load.resource.bitmap does not exist
import com.bumptech.glide.load.resource.bitmap.RoundedCorners;
                                              ^
/private/var/folders/bq/vtzpc5ns5sg2cthy61lqpg3dfzgbys/T/1563609740885-0/src/MVPArms-master/arms-imageloader-glide/src/main/java/com/jess/arms/http/imageloader/glide/GlideImageLoaderStrategy.java:28: error: package com.bumptech.glide.load.resource.drawable does not exist
import com.bumptech.glide.load.resource.drawable.DrawableTransitionOptions;
                                                ^
/private/var/folders/bq/vtzpc5ns5sg2cthy61lqpg3dfzgbys/T/1563609740885-0/src/MVPArms-master/arms-imageloader-glide/src/main/java/com/jess/arms/http/imageloader/glide/GlideImageLoaderStrategy.java:29: error: package com.jess.arms.di.module does not exist
import com.jess.arms.di.module.GlobalConfigModule;
                              ^
/private/var/folders/bq/vtzpc5ns5sg2cthy61lqpg3dfzgbys/T/1563609740885-0/src/MVPArms-master/arms-imageloader-glide/src/main/java/com/jess/arms/http/imageloader/glide/GlideImageLoaderStrategy.java:30: error: cannot find symbol
import com.jess.arms.http.imageloader.BaseImageLoaderStrategy;
                                     ^
  symbol:   class BaseImageLoaderStrategy
  location: package com.jess.arms.http.imageloader
/private/var/folders/bq/vtzpc5ns5sg2cthy61lqpg3dfzgbys/T/1563609740885-0/src/MVPArms-master/arms-imageloader-glide/src/main/java/com/jess/arms/http/imageloader/glide/GlideImageLoaderStrategy.java:31: error: cannot find symbol
import com.jess.arms.http.imageloader.ImageConfig;
                                     ^
  symbol:   class ImageConfig
  location: package com.jess.arms.http.imageloader
/private/var/folders/bq/vtzpc5ns5sg2cthy61lqpg3dfzgbys/T/1563609740885-0/src/MVPArms-master/arms-imageloader-glide/src/main/java/com/jess/arms/http/imageloader/glide/GlideImageLoaderStrategy.java:32: error: package com.jess.arms.utils does not exist
import com.jess.arms.utils.Preconditions;
                          ^
/private/var/folders/bq/vtzpc5ns5sg2cthy61lqpg3dfzgbys/T/1563609740885-0/src/MVPArms-master/arms-imageloader-glide/src/main/java/com/jess/arms/http/imageloader/glide/GlideImageLoaderStrategy.java:34: error: package io.reactivex does not exist
import io.reactivex.Completable;
                   ^
/private/var/folders/bq/vtzpc5ns5sg2cthy61lqpg3dfzgbys/T/1563609740885-0/src/MVPArms-master/arms-imageloader-glide/src/main/java/com/jess/arms/http/imageloader/glide/GlideImageLoaderStrategy.java:35: error: package io.reactivex.android.schedulers does not exist
import io.reactivex.android.schedulers.AndroidSchedulers;
                                      ^
/private/var/folders/bq/vtzpc5ns5sg2cthy61lqpg3dfzgbys/T/1563609740885-0/src/MVPArms-master/arms-imageloader-glide/src/main/java/com/jess/arms/http/imageloader/glide/GlideImageLoaderStrategy.java:36: error: package io.reactivex.functions does not exist
import io.reactivex.functions.Action;
                             ^
/private/var/folders/bq/vtzpc5ns5sg2cthy61lqpg3dfzgbys/T/1563609740885-0/src/MVPArms-master/arms-imageloader-glide/src/main/java/com/jess/arms/http/imageloader/glide/GlideImageLoaderStrategy.java:37: error: package io.reactivex.schedulers does not exist
import io.reactivex.schedulers.Schedulers;
                              ^
/private/var/folders/bq/vtzpc5ns5sg2cthy61lqpg3dfzgbys/T/1563609740885-0/src/MVPArms-master/arms-imageloader-glide/src/main/java/com/jess/arms/http/imageloader/glide/GlideImageLoaderStrategy.java:38: error: package timber.log does not exist
import timber.log.Timber;
                 ^
/private/var/folders/bq/vtzpc5ns5sg2cthy61lqpg3dfzgbys/T/1563609740885-0/src/MVPArms-master/arms-imageloader-glide/src/main/java/com/jess/arms/http/imageloader/glide/GlideImageLoaderStrategy.java:51: error: cannot find symbol
public class GlideImageLoaderStrategy implements BaseImageLoaderStrategy<ImageConfigImpl>, GlideAppliesOptions {
                                                 ^
  symbol: class BaseImageLoaderStrategy
/private/var/folders/bq/vtzpc5ns5sg2cthy61lqpg3dfzgbys/T/1563609740885-0/src/MVPArms-master/arms-imageloader-glide/src/main/java/com/jess/arms/http/imageloader/glide/GlideImageLoaderStrategy.java:51: error: cannot find symbol
public class GlideImageLoaderStrategy implements BaseImageLoaderStrategy<ImageConfigImpl>, GlideAppliesOptions {
                                                                                           ^
  symbol: class GlideAppliesOptions
/private/var/folders/bq/vtzpc5ns5sg2cthy61lqpg3dfzgbys/T/1563609740885-0/src/MVPArms-master/arms-imageloader-glide/src/main/java/com/jess/arms/http/imageloader/glide/GlideImageLoaderStrategy.java:158: error: cannot find symbol
    public void applyGlideOptions(@NonNull Context context, @NonNull GlideBuilder builder) {
                                                                     ^
  symbol:   class GlideBuilder
  location: class GlideImageLoaderStrategy
/private/var/folders/bq/vtzpc5ns5sg2cthy61lqpg3dfzgbys/T/1563609740885-0/src/MVPArms-master/arms-imageloader-glide/src/main/java/com/jess/arms/http/imageloader/glide/BlurTransformation.java:19: error: package android.support.annotation does not exist
import android.support.annotation.IntRange;
                                 ^
/private/var/folders/bq/vtzpc5ns5sg2cthy61lqpg3dfzgbys/T/1563609740885-0/src/MVPArms-master/arms-imageloader-glide/src/main/java/com/jess/arms/http/imageloader/glide/BlurTransformation.java:20: error: package android.support.annotation does not exist
import android.support.annotation.NonNull;
                                 ^
/private/var/folders/bq/vtzpc5ns5sg2cthy61lqpg3dfzgbys/T/1563609740885-0/src/MVPArms-master/arms-imageloader-glide/src/main/java/com/jess/arms/http/imageloader/glide/BlurTransformation.java:22: error: package com.bumptech.glide.load does not exist
import com.bumptech.glide.load.Key;
                              ^
/private/var/folders/bq/vtzpc5ns5sg2cthy61lqpg3dfzgbys/T/1563609740885-0/src/MVPArms-master/arms-imageloader-glide/src/main/java/com/jess/arms/http/imageloader/glide/BlurTransformation.java:23: error: package com.bumptech.glide.load.engine.bitmap_recycle does not exist
import com.bumptech.glide.load.engine.bitmap_recycle.BitmapPool;
                                                    ^
/private/var/folders/bq/vtzpc5ns5sg2cthy61lqpg3dfzgbys/T/1563609740885-0/src/MVPArms-master/arms-imageloader-glide/src/main/java/com/jess/arms/http/imageloader/glide/BlurTransformation.java:24: error: package com.bumptech.glide.load.resource.bitmap does not exist
import com.bumptech.glide.load.resource.bitmap.BitmapTransformation;
                                              ^
/private/var/folders/bq/vtzpc5ns5sg2cthy61lqpg3dfzgbys/T/1563609740885-0/src/MVPArms-master/arms-imageloader-glide/src/main/java/com/jess/arms/http/imageloader/glide/BlurTransformation.java:25: error: package com.jess.arms.utils does not exist
import com.jess.arms.utils.FastBlur;
                          ^
/private/var/folders/bq/vtzpc5ns5sg2cthy61lqpg3dfzgbys/T/1563609740885-0/src/MVPArms-master/arms-imageloader-glide/src/main/java/com/jess/arms/http/imageloader/glide/BlurTransformation.java:38: error: cannot find symbol
public class BlurTransformation extends BitmapTransformation {
                                        ^
  symbol: class BitmapTransformation
/private/var/folders/bq/vtzpc5ns5sg2cthy61lqpg3dfzgbys/T/1563609740885-0/src/MVPArms-master/arms-imageloader-glide/src/main/java/com/jess/arms/http/imageloader/glide/BlurTransformation.java:55: error: cannot find symbol
    protected Bitmap transform(@NonNull BitmapPool pool, @NonNull Bitmap toTransform, int outWidth, int outHeight) {
                                        ^
  symbol:   class BitmapPool
  location: class BlurTransformation
/private/var/folders/bq/vtzpc5ns5sg2cthy61lqpg3dfzgbys/T/1563609740885-0/src/MVPArms-master/arms-imageloader-glide/src/main/java/com/jess/arms/http/imageloader/glide/GlideImageLoaderStrategy.java:54: error: cannot find symbol
    public void loadImage(@Nullable Context ctx, @Nullable ImageConfigImpl config) {
                           ^
  symbol:   class Nullable
  location: class GlideImageLoaderStrategy
/private/var/folders/bq/vtzpc5ns5sg2cthy61lqpg3dfzgbys/T/1563609740885-0/src/MVPArms-master/arms-imageloader-glide/src/main/java/com/jess/arms/http/imageloader/glide/GlideImageLoaderStrategy.java:54: error: cannot find symbol
    public void loadImage(@Nullable Context ctx, @Nullable ImageConfigImpl config) {
                                                  ^
  symbol:   class Nullable
  location: class GlideImageLoaderStrategy
/private/var/folders/bq/vtzpc5ns5sg2cthy61lqpg3dfzgbys/T/1563609740885-0/src/MVPArms-master/arms-imageloader-glide/src/main/java/com/jess/arms/http/imageloader/glide/GlideImageLoaderStrategy.java:124: error: cannot find symbol
    public void clear(@Nullable final Context ctx, @Nullable ImageConfigImpl config) {
                       ^
  symbol:   class Nullable
  location: class GlideImageLoaderStrategy
/private/var/folders/bq/vtzpc5ns5sg2cthy61lqpg3dfzgbys/T/1563609740885-0/src/MVPArms-master/arms-imageloader-glide/src/main/java/com/jess/arms/http/imageloader/glide/GlideImageLoaderStrategy.java:124: error: cannot find symbol
    public void clear(@Nullable final Context ctx, @Nullable ImageConfigImpl config) {
                                                    ^
  symbol:   class Nullable
  location: class GlideImageLoaderStrategy
/private/var/folders/bq/vtzpc5ns5sg2cthy61lqpg3dfzgbys/T/1563609740885-0/src/MVPArms-master/arms-imageloader-glide/src/main/java/com/jess/arms/http/imageloader/glide/GlideImageLoaderStrategy.java:158: error: cannot find symbol
    public void applyGlideOptions(@NonNull Context context, @NonNull GlideBuilder builder) {
                                   ^
  symbol:   class NonNull
  location: class GlideImageLoaderStrategy
/private/var/folders/bq/vtzpc5ns5sg2cthy61lqpg3dfzgbys/T/1563609740885-0/src/MVPArms-master/arms-imageloader-glide/src/main/java/com/jess/arms/http/imageloader/glide/GlideImageLoaderStrategy.java:158: error: cannot find symbol
    public void applyGlideOptions(@NonNull Context context, @NonNull GlideBuilder builder) {
                                                             ^
  symbol:   class NonNull
  location: class GlideImageLoaderStrategy
/private/var/folders/bq/vtzpc5ns5sg2cthy61lqpg3dfzgbys/T/1563609740885-0/src/MVPArms-master/arms-imageloader-glide/src/main/java/com/jess/arms/http/imageloader/glide/BlurTransformation.java:44: error: cannot find symbol
    public BlurTransformation(@IntRange(from = 0) int radius) {
                               ^
  symbol:   class IntRange
  location: class BlurTransformation
/private/var/folders/bq/vtzpc5ns5sg2cthy61lqpg3dfzgbys/T/1563609740885-0/src/MVPArms-master/arms-imageloader-glide/src/main/java/com/jess/arms/http/imageloader/glide/BlurTransformation.java:49: error: cannot find symbol
    public void updateDiskCacheKey(@NonNull MessageDigest messageDigest) {
                                    ^
  symbol:   class NonNull
  location: class BlurTransformation
/private/var/folders/bq/vtzpc5ns5sg2cthy61lqpg3dfzgbys/T/1563609740885-0/src/MVPArms-master/arms-imageloader-glide/src/main/java/com/jess/arms/http/imageloader/glide/BlurTransformation.java:55: error: cannot find symbol
    protected Bitmap transform(@NonNull BitmapPool pool, @NonNull Bitmap toTransform, int outWidth, int outHeight) {
                                ^
  symbol:   class NonNull
  location: class BlurTransformation
/private/var/folders/bq/vtzpc5ns5sg2cthy61lqpg3dfzgbys/T/1563609740885-0/src/MVPArms-master/arms-imageloader-glide/src/main/java/com/jess/arms/http/imageloader/glide/BlurTransformation.java:55: error: cannot find symbol
    protected Bitmap transform(@NonNull BitmapPool pool, @NonNull Bitmap toTransform, int outWidth, int outHeight) {
                                                          ^
  symbol:   class NonNull
  location: class BlurTransformation
javadoc: warning - Class IntRange not found.
javadoc: warning - Class NonNull not found.
javadoc: warning - Class NonNull not found.
javadoc: warning - Class NonNull not found.
/private/var/folders/bq/vtzpc5ns5sg2cthy61lqpg3dfzgbys/T/1563609740885-0/src/MVPArms-master/arms-imageloader-glide/src/main/java/com/jess/arms/http/imageloader/glide/CacheStrategy.java:13: error: unknown tag: date
 * @date : 2019/4/29
   ^
/private/var/folders/bq/vtzpc5ns5sg2cthy61lqpg3dfzgbys/T/1563609740885-0/src/MVPArms-master/arms-imageloader-glide/src/main/java/com/jess/arms/http/imageloader/glide/CacheStrategy.java:14: error: unknown tag: desc
 * @desc :0DiskCacheStrategy.all,1DiskCacheStrategy.NONE,2DiskCacheStrategy.SOURCE,3DiskCacheStrategy.RESULT
   ^
/private/var/folders/bq/vtzpc5ns5sg2cthy61lqpg3dfzgbys/T/1563609740885-0/src/MVPArms-master/arms-imageloader-glide/src/main/java/com/jess/arms/http/imageloader/glide/CacheStrategy.java:15: error: reference not found
 *        see {@link com.bumptech.glide.load.engine.DiskCacheStrategy}
                     ^
javadoc: warning - Class IntDef not found.
javadoc: warning - Class IntDef not found.
javadoc: warning - Class IntDef not found.
/private/var/folders/bq/vtzpc5ns5sg2cthy61lqpg3dfzgbys/T/1563609740885-0/src/MVPArms-master/arms-imageloader-glide/src/main/java/com/jess/arms/http/imageloader/glide/GlideImageLoaderStrategy.java:43: error: reference not found
 *  {@link BaseImageLoaderStrategy}  {@link ImageConfig} 
                  ^
/private/var/folders/bq/vtzpc5ns5sg2cthy61lqpg3dfzgbys/T/1563609740885-0/src/MVPArms-master/arms-imageloader-glide/src/main/java/com/jess/arms/http/imageloader/glide/GlideImageLoaderStrategy.java:43: error: reference not found
 *  {@link BaseImageLoaderStrategy}  {@link ImageConfig} 
                                                    ^
/private/var/folders/bq/vtzpc5ns5sg2cthy61lqpg3dfzgbys/T/1563609740885-0/src/MVPArms-master/arms-imageloader-glide/src/main/java/com/jess/arms/http/imageloader/glide/GlideImageLoaderStrategy.java:45: error: reference not found
 * @see GlobalConfigModule.Builder#imageLoaderStrategy(BaseImageLoaderStrategy)
        ^
javadoc: warning - Class Nullable not found.
javadoc: warning - Class Nullable not found.
javadoc: warning - Class Nullable not found.
javadoc: warning - Class Nullable not found.
javadoc: warning - Class NonNull not found.
javadoc: warning - Class NonNull not found.
javadoc: warning - Class IntDef not found.
/private/var/folders/bq/vtzpc5ns5sg2cthy61lqpg3dfzgbys/T/1563609740885-0/src/MVPArms-master/arms-imageloader-glide/src/main/java/com/jess/arms/http/imageloader/glide/ImageConfigImpl.java:195: error: reference not found
         *  {@link ImageLoader} ,  {@link ImageConfigImpl}  Android 
                     ^
/private/var/folders/bq/vtzpc5ns5sg2cthy61lqpg3dfzgbys/T/1563609740885-0/src/MVPArms-master/arms-imageloader-glide/src/main/java/com/jess/arms/http/imageloader/glide/ImageConfigImpl.java:198: error: reference not found
         * @param transformation {@link BitmapTransformation}
                                        ^
/private/var/folders/bq/vtzpc5ns5sg2cthy61lqpg3dfzgbys/T/1563609740885-0/src/MVPArms-master/arms-imageloader-glide/src/main/java/com/jess/arms/http/imageloader/glide/ImageConfigImpl.java:200: error: reference not found
         *  BitmapTransformation ,  {@link BaseImageLoaderStrategy}
                                                           ^
/private/var/folders/bq/vtzpc5ns5sg2cthy61lqpg3dfzgbys/T/1563609740885-0/src/MVPArms-master/arms-imageloader-glide/src/main/java/com/jess/arms/http/imageloader/glide/ImageConfigImpl.java:203: warning: no @return
        public Builder transformation(BitmapTransformation transformation) {
                       ^
javadoc: warning - Class IntDef not found.
javadoc: warning - Class IntDef not found.
javadoc: warning - Class IntDef not found.
javadoc: warning - Class IntDef not found.
9 errors
67 warnings

> Task :arms-imageloader-glide:javadocJar
> Task :arms-imageloader-glide:sourcesJar
> Task :arms-imageloader-glide:assemble
> Task :arms-imageloader-glide:build

Deprecated Gradle features were used in this build, making it incompatible with Gradle 6.0.
Use '--warning-mode all' to show the individual deprecation warnings.
See https://docs.gradle.org/5.1.1/userguide/command_line_interface.html#sec:command_line_warnings

BUILD SUCCESSFUL in 29s
66 actionable tasks: 66 executed

2019-07-20 15:03:27,663 INFO  ProjectTaskService - Detecting possible tasks...
2019-07-20 15:03:27,664 INFO  SysUtils - Execute command: [/var/folders/bq/vtzpc5ns5sg2cthy61lqpg3dfzgbys/T/1563609740885-0/src/MVPArms-master/gradlew, -b, /var/folders/bq/vtzpc5ns5sg2cthy61lqpg3dfzgbys/T/1563609740885-0/src/MVPArms-master/arms/build.gradle, -Dorg.gradle.daemon=false, -Dorg.gradle.daemon.performance.enable-monitoring=false, -Dorg.gradle.configureondemand=true, tasks]
2019-07-20 15:03:34,284 INFO  ProjectTaskService - Detected possible tasks: 66
2019-07-20 15:03:34,284 INFO  ProjectTaskService - Excluded tasks (15): lintDebug deviceCheck lint testReleaseUnitTest deviceAndroidTest uninstallDebugAndroidTest installDebugAndroidTest connectedCheck connectedDebugAndroidTest uninstallAll test check testDebugUnitTest connectedAndroidTest lintRelease
2019-07-20 15:03:34,284 INFO  SysUtils - Execute command: [/var/folders/bq/vtzpc5ns5sg2cthy61lqpg3dfzgbys/T/1563609740885-0/src/MVPArms-master/gradlew, -b, /var/folders/bq/vtzpc5ns5sg2cthy61lqpg3dfzgbys/T/1563609740885-0/src/MVPArms-master/arms/build.gradle, -Dorg.gradle.daemon=false, -Dorg.gradle.daemon.performance.enable-monitoring=false, -Dorg.gradle.configureondemand=true, --stacktrace, -x, lintDebug, -x, deviceCheck, -x, lint, -x, testReleaseUnitTest, -x, deviceAndroidTest, -x, uninstallDebugAndroidTest, -x, installDebugAndroidTest, -x, connectedCheck, -x, connectedDebugAndroidTest, -x, uninstallAll, -x, test, -x, check, -x, testDebugUnitTest, -x, connectedAndroidTest, -x, lintRelease, build]
2019-07-20 15:03:45,337 INFO  SysUtils - Configuration on demand is an incubating feature.
> Task :arms:preBuild UP-TO-DATE
> Task :arms:preDebugBuild UP-TO-DATE
> Task :arms:compileDebugAidl NO-SOURCE
> Task :arms:compileDebugRenderscript NO-SOURCE
> Task :arms:checkDebugManifest UP-TO-DATE
> Task :arms:generateDebugBuildConfig UP-TO-DATE
> Task :arms:generateDebugResValues UP-TO-DATE
> Task :arms:generateDebugResources UP-TO-DATE
> Task :arms:packageDebugResources UP-TO-DATE
> Task :arms:processDebugManifest UP-TO-DATE
> Task :arms:generateDebugRFile UP-TO-DATE
> Task :arms:prepareLintJar UP-TO-DATE
> Task :arms:generateDebugSources UP-TO-DATE
> Task :arms:javaPreCompileDebug UP-TO-DATE
> Task :arms:compileDebugJavaWithJavac UP-TO-DATE
> Task :arms:extractDebugAnnotations
> Task :arms:mergeDebugConsumerProguardFiles
> Task :arms:mergeDebugShaders
> Task :arms:compileDebugShaders
> Task :arms:generateDebugAssets
> Task :arms:packageDebugAssets
> Task :arms:packageDebugRenderscript NO-SOURCE
> Task :arms:prepareLintJarForPublish
> Task :arms:processDebugJavaRes NO-SOURCE
> Task :arms:transformResourcesWithMergeJavaResForDebug
> Task :arms:transformClassesAndResourcesWithSyncLibJarsForDebug
> Task :arms:mergeDebugJniLibFolders
> Task :arms:transformNativeLibsWithMergeJniLibsForDebug
> Task :arms:transformNativeLibsWithStripDebugSymbolForDebug
> Task :arms:transformNativeLibsWithSyncJniLibsForDebug
> Task :arms:bundleDebugAar
> Task :arms:compileDebugSources UP-TO-DATE
> Task :arms:assembleDebug
> Task :arms:preReleaseBuild UP-TO-DATE
> Task :arms:compileReleaseAidl NO-SOURCE
> Task :arms:compileReleaseRenderscript NO-SOURCE
> Task :arms:checkReleaseManifest UP-TO-DATE
> Task :arms:generateReleaseBuildConfig UP-TO-DATE
> Task :arms:generateReleaseResValues UP-TO-DATE
> Task :arms:generateReleaseResources UP-TO-DATE
> Task :arms:packageReleaseResources UP-TO-DATE
> Task :arms:processReleaseManifest UP-TO-DATE
> Task :arms:generateReleaseRFile UP-TO-DATE
> Task :arms:generateReleaseSources UP-TO-DATE
> Task :arms:javaPreCompileRelease UP-TO-DATE
> Task :arms:compileReleaseJavaWithJavac UP-TO-DATE
> Task :arms:extractReleaseAnnotations
> Task :arms:mergeReleaseConsumerProguardFiles
> Task :arms:mergeReleaseShaders
> Task :arms:compileReleaseShaders
> Task :arms:generateReleaseAssets
> Task :arms:packageReleaseAssets
> Task :arms:packageReleaseRenderscript NO-SOURCE
> Task :arms:processReleaseJavaRes NO-SOURCE
> Task :arms:transformResourcesWithMergeJavaResForRelease
> Task :arms:transformClassesAndResourcesWithSyncLibJarsForRelease
> Task :arms:mergeReleaseJniLibFolders
> Task :arms:transformNativeLibsWithMergeJniLibsForRelease
> Task :arms:transformNativeLibsWithStripDebugSymbolForRelease
> Task :arms:transformNativeLibsWithSyncJniLibsForRelease
> Task :arms:bundleReleaseAar
> Task :arms:compileReleaseSources UP-TO-DATE
> Task :arms:mergeReleaseResources
> Task :arms:verifyReleaseResources
> Task :arms:assembleRelease

> Task :arms:javadoc
/private/var/folders/bq/vtzpc5ns5sg2cthy61lqpg3dfzgbys/T/1563609740885-0/src/MVPArms-master/arms/src/main/java/com/jess/arms/di/module/AppModule.java:20: error: package android.support.annotation does not exist
import android.support.annotation.NonNull;
                                 ^
/private/var/folders/bq/vtzpc5ns5sg2cthy61lqpg3dfzgbys/T/1563609740885-0/src/MVPArms-master/arms/src/main/java/com/jess/arms/di/module/AppModule.java:21: error: package android.support.annotation does not exist
import android.support.annotation.Nullable;
                                 ^
/private/var/folders/bq/vtzpc5ns5sg2cthy61lqpg3dfzgbys/T/1563609740885-0/src/MVPArms-master/arms/src/main/java/com/jess/arms/di/module/AppModule.java:22: error: package android.support.v4.app does not exist
import android.support.v4.app.FragmentManager;
                             ^
/private/var/folders/bq/vtzpc5ns5sg2cthy61lqpg3dfzgbys/T/1563609740885-0/src/MVPArms-master/arms/src/main/java/com/jess/arms/di/module/AppModule.java:24: error: package com.google.gson does not exist
import com.google.gson.Gson;
                      ^
/private/var/folders/bq/vtzpc5ns5sg2cthy61lqpg3dfzgbys/T/1563609740885-0/src/MVPArms-master/arms/src/main/java/com/jess/arms/di/module/AppModule.java:25: error: package com.google.gson does not exist
import com.google.gson.GsonBuilder;
                      ^
/private/var/folders/bq/vtzpc5ns5sg2cthy61lqpg3dfzgbys/T/1563609740885-0/src/MVPArms-master/arms/src/main/java/com/jess/arms/di/module/AppModule.java:39: error: package javax.inject does not exist
import javax.inject.Named;
                   ^
/private/var/folders/bq/vtzpc5ns5sg2cthy61lqpg3dfzgbys/T/1563609740885-0/src/MVPArms-master/arms/src/main/java/com/jess/arms/di/module/AppModule.java:40: error: package javax.inject does not exist
import javax.inject.Singleton;
                   ^
/private/var/folders/bq/vtzpc5ns5sg2cthy61lqpg3dfzgbys/T/1563609740885-0/src/MVPArms-master/arms/src/main/java/com/jess/arms/di/module/AppModule.java:42: error: package dagger does not exist
import dagger.Binds;
             ^
/private/var/folders/bq/vtzpc5ns5sg2cthy61lqpg3dfzgbys/T/1563609740885-0/src/MVPArms-master/arms/src/main/java/com/jess/arms/di/module/AppModule.java:43: error: package dagger does not exist
import dagger.Module;
             ^
/private/var/folders/bq/vtzpc5ns5sg2cthy61lqpg3dfzgbys/T/1563609740885-0/src/MVPArms-master/arms/src/main/java/com/jess/arms/di/module/AppModule.java:44: error: package dagger does not exist
import dagger.Provides;
             ^
/private/var/folders/bq/vtzpc5ns5sg2cthy61lqpg3dfzgbys/T/1563609740885-0/src/MVPArms-master/arms/src/main/java/com/jess/arms/di/module/AppModule.java:55: error: cannot find symbol
@Module
 ^
  symbol: class Module
/private/var/folders/bq/vtzpc5ns5sg2cthy61lqpg3dfzgbys/T/1563609740885-0/src/MVPArms-master/arms/src/main/java/com/jess/arms/di/module/AppModule.java:60: error: cannot find symbol
    static Gson provideGson(Application application, @Nullable GsonConfiguration configuration) {
           ^
  symbol:   class Gson
  location: class AppModule
/private/var/folders/bq/vtzpc5ns5sg2cthy61lqpg3dfzgbys/T/1563609740885-0/src/MVPArms-master/arms/src/main/java/com/jess/arms/integration/AppManager.java:25: error: package android.support.annotation does not exist
import android.support.annotation.Nullable;
                                 ^
/private/var/folders/bq/vtzpc5ns5sg2cthy61lqpg3dfzgbys/T/1563609740885-0/src/MVPArms-master/arms/src/main/java/com/jess/arms/integration/AppManager.java:26: error: package android.support.design.widget does not exist
import android.support.design.widget.Snackbar;
                                    ^
/private/var/folders/bq/vtzpc5ns5sg2cthy61lqpg3dfzgbys/T/1563609740885-0/src/MVPArms-master/arms/src/main/java/com/jess/arms/integration/AppManager.java:37: error: package io.reactivex does not exist
import io.reactivex.Completable;
                   ^
/private/var/folders/bq/vtzpc5ns5sg2cthy61lqpg3dfzgbys/T/1563609740885-0/src/MVPArms-master/arms/src/main/java/com/jess/arms/integration/AppManager.java:38: error: package io.reactivex.android.schedulers does not exist
import io.reactivex.android.schedulers.AndroidSchedulers;
                                      ^
/private/var/folders/bq/vtzpc5ns5sg2cthy61lqpg3dfzgbys/T/1563609740885-0/src/MVPArms-master/arms/src/main/java/com/jess/arms/integration/AppManager.java:39: error: package io.reactivex.functions does not exist
import io.reactivex.functions.Action;
                             ^
/private/var/folders/bq/vtzpc5ns5sg2cthy61lqpg3dfzgbys/T/1563609740885-0/src/MVPArms-master/arms/src/main/java/com/jess/arms/integration/AppManager.java:40: error: package timber.log does not exist
import timber.log.Timber;
                 ^
/private/var/folders/bq/vtzpc5ns5sg2cthy61lqpg3dfzgbys/T/1563609740885-0/src/MVPArms-master/arms/src/main/java/com/jess/arms/integration/RepositoryManager.java:20: error: package android.support.annotation does not exist
import android.support.annotation.NonNull;
                                 ^
/private/var/folders/bq/vtzpc5ns5sg2cthy61lqpg3dfzgbys/T/1563609740885-0/src/MVPArms-master/arms/src/main/java/com/jess/arms/integration/RepositoryManager.java:21: error: package android.support.annotation does not exist
import android.support.annotation.Nullable;
                                 ^
/private/var/folders/bq/vtzpc5ns5sg2cthy61lqpg3dfzgbys/T/1563609740885-0/src/MVPArms-master/arms/src/main/java/com/jess/arms/integration/RepositoryManager.java:26: error: package dagger does not exist
import dagger.Lazy;
             ^
/private/var/folders/bq/vtzpc5ns5sg2cthy61lqpg3dfzgbys/T/1563609740885-0/src/MVPArms-master/arms/src/main/java/com/jess/arms/integration/RepositoryManager.java:27: error: package io.reactivex does not exist
import io.reactivex.Observable;
                   ^
/private/var/folders/bq/vtzpc5ns5sg2cthy61lqpg3dfzgbys/T/1563609740885-0/src/MVPArms-master/arms/src/main/java/com/jess/arms/integration/RepositoryManager.java:28: error: package io.reactivex does not exist
import io.reactivex.Single;
                   ^
/private/var/folders/bq/vtzpc5ns5sg2cthy61lqpg3dfzgbys/T/1563609740885-0/src/MVPArms-master/arms/src/main/java/com/jess/arms/integration/RepositoryManager.java:29: error: package io.rx_cache2.internal does not exist
import io.rx_cache2.internal.RxCache;
                            ^
/private/var/folders/bq/vtzpc5ns5sg2cthy61lqpg3dfzgbys/T/1563609740885-0/src/MVPArms-master/arms/src/main/java/com/jess/arms/integration/RepositoryManager.java:33: error: package javax.inject does not exist
import javax.inject.Inject;
                   ^
/private/var/folders/bq/vtzpc5ns5sg2cthy61lqpg3dfzgbys/T/1563609740885-0/src/MVPArms-master/arms/src/main/java/com/jess/arms/integration/RepositoryManager.java:34: error: package javax.inject does not exist
import javax.inject.Singleton;
                   ^
/private/var/folders/bq/vtzpc5ns5sg2cthy61lqpg3dfzgbys/T/1563609740885-0/src/MVPArms-master/arms/src/main/java/com/jess/arms/integration/RepositoryManager.java:35: error: package retrofit2 does not exist
import retrofit2.Retrofit;
                ^
/private/var/folders/bq/vtzpc5ns5sg2cthy61lqpg3dfzgbys/T/1563609740885-0/src/MVPArms-master/arms/src/main/java/com/jess/arms/integration/IRepositoryManager.java:19: error: package android.support.annotation does not exist
import android.support.annotation.NonNull;
                                 ^
/private/var/folders/bq/vtzpc5ns5sg2cthy61lqpg3dfzgbys/T/1563609740885-0/src/MVPArms-master/arms/src/main/java/com/jess/arms/integration/RepositoryManager.java:48: error: cannot find symbol
@Singleton
 ^
  symbol: class Singleton
/private/var/folders/bq/vtzpc5ns5sg2cthy61lqpg3dfzgbys/T/1563609740885-0/src/MVPArms-master/arms/src/main/java/com/jess/arms/integration/cache/Cache.java:19: error: package android.support.annotation does not exist
import android.support.annotation.NonNull;
                                 ^
/private/var/folders/bq/vtzpc5ns5sg2cthy61lqpg3dfzgbys/T/1563609740885-0/src/MVPArms-master/arms/src/main/java/com/jess/arms/integration/cache/Cache.java:20: error: package android.support.annotation does not exist
import android.support.annotation.Nullable;
                                 ^
/private/var/folders/bq/vtzpc5ns5sg2cthy61lqpg3dfzgbys/T/1563609740885-0/src/MVPArms-master/arms/src/main/java/com/jess/arms/integration/ActivityLifecycle.java:21: error: package android.support.annotation does not exist
import android.support.annotation.NonNull;
                                 ^
/private/var/folders/bq/vtzpc5ns5sg2cthy61lqpg3dfzgbys/T/1563609740885-0/src/MVPArms-master/arms/src/main/java/com/jess/arms/integration/ActivityLifecycle.java:22: error: package android.support.v4.app does not exist
import android.support.v4.app.FragmentActivity;
                             ^
/private/var/folders/bq/vtzpc5ns5sg2cthy61lqpg3dfzgbys/T/1563609740885-0/src/MVPArms-master/arms/src/main/java/com/jess/arms/integration/ActivityLifecycle.java:23: error: package android.support.v4.app does not exist
import android.support.v4.app.FragmentManager;
                             ^
/private/var/folders/bq/vtzpc5ns5sg2cthy61lqpg3dfzgbys/T/1563609740885-0/src/MVPArms-master/arms/src/main/java/com/jess/arms/integration/ActivityLifecycle.java:36: error: package javax.inject does not exist
import javax.inject.Inject;
                   ^
/private/var/folders/bq/vtzpc5ns5sg2cthy61lqpg3dfzgbys/T/1563609740885-0/src/MVPArms-master/arms/src/main/java/com/jess/arms/integration/ActivityLifecycle.java:37: error: package javax.inject does not exist
import javax.inject.Singleton;
                   ^
/private/var/folders/bq/vtzpc5ns5sg2cthy61lqpg3dfzgbys/T/1563609740885-0/src/MVPArms-master/arms/src/main/java/com/jess/arms/integration/ActivityLifecycle.java:39: error: package dagger does not exist
import dagger.Lazy;
             ^
/private/var/folders/bq/vtzpc5ns5sg2cthy61lqpg3dfzgbys/T/1563609740885-0/src/MVPArms-master/arms/src/main/java/com/jess/arms/integration/ActivityLifecycle.java:53: error: cannot find symbol
@Singleton
 ^
  symbol: class Singleton
/private/var/folders/bq/vtzpc5ns5sg2cthy61lqpg3dfzgbys/T/1563609740885-0/src/MVPArms-master/arms/src/main/java/com/jess/arms/integration/lifecycle/ActivityLifecycleForRxLifecycle.java:21: error: package android.support.v4.app does not exist
import android.support.v4.app.FragmentActivity;
                             ^
/private/var/folders/bq/vtzpc5ns5sg2cthy61lqpg3dfzgbys/T/1563609740885-0/src/MVPArms-master/arms/src/main/java/com/jess/arms/integration/lifecycle/ActivityLifecycleForRxLifecycle.java:23: error: package com.trello.rxlifecycle2 does not exist
import com.trello.rxlifecycle2.RxLifecycle;
                              ^
/private/var/folders/bq/vtzpc5ns5sg2cthy61lqpg3dfzgbys/T/1563609740885-0/src/MVPArms-master/arms/src/main/java/com/jess/arms/integration/lifecycle/ActivityLifecycleForRxLifecycle.java:24: error: package com.trello.rxlifecycle2.android does not exist
import com.trello.rxlifecycle2.android.ActivityEvent;
                                      ^
/private/var/folders/bq/vtzpc5ns5sg2cthy61lqpg3dfzgbys/T/1563609740885-0/src/MVPArms-master/arms/src/main/java/com/jess/arms/integration/lifecycle/ActivityLifecycleForRxLifecycle.java:26: error: package javax.inject does not exist
import javax.inject.Inject;
                   ^
/private/var/folders/bq/vtzpc5ns5sg2cthy61lqpg3dfzgbys/T/1563609740885-0/src/MVPArms-master/arms/src/main/java/com/jess/arms/integration/lifecycle/ActivityLifecycleForRxLifecycle.java:27: error: package javax.inject does not exist
import javax.inject.Singleton;
                   ^
/private/var/folders/bq/vtzpc5ns5sg2cthy61lqpg3dfzgbys/T/1563609740885-0/src/MVPArms-master/arms/src/main/java/com/jess/arms/integration/lifecycle/ActivityLifecycleForRxLifecycle.java:29: error: package dagger does not exist
import dagger.Lazy;
             ^
/private/var/folders/bq/vtzpc5ns5sg2cthy61lqpg3dfzgbys/T/1563609740885-0/src/MVPArms-master/arms/src/main/java/com/jess/arms/integration/lifecycle/ActivityLifecycleForRxLifecycle.java:30: error: package io.reactivex.subjects does not exist
import io.reactivex.subjects.Subject;
                            ^
/private/var/folders/bq/vtzpc5ns5sg2cthy61lqpg3dfzgbys/T/1563609740885-0/src/MVPArms-master/arms/src/main/java/com/jess/arms/integration/lifecycle/ActivityLifecycleForRxLifecycle.java:41: error: cannot find symbol
@Singleton
 ^
  symbol: class Singleton
/private/var/folders/bq/vtzpc5ns5sg2cthy61lqpg3dfzgbys/T/1563609740885-0/src/MVPArms-master/arms/src/main/java/com/jess/arms/integration/FragmentLifecycle.java:20: error: package android.support.annotation does not exist
import android.support.annotation.NonNull;
                                 ^
/private/var/folders/bq/vtzpc5ns5sg2cthy61lqpg3dfzgbys/T/1563609740885-0/src/MVPArms-master/arms/src/main/java/com/jess/arms/integration/FragmentLifecycle.java:21: error: package android.support.v4.app does not exist
import android.support.v4.app.Fragment;
                             ^
/private/var/folders/bq/vtzpc5ns5sg2cthy61lqpg3dfzgbys/T/1563609740885-0/src/MVPArms-master/arms/src/main/java/com/jess/arms/integration/FragmentLifecycle.java:22: error: package android.support.v4.app does not exist
import android.support.v4.app.FragmentManager;
                             ^
/private/var/folders/bq/vtzpc5ns5sg2cthy61lqpg3dfzgbys/T/1563609740885-0/src/MVPArms-master/arms/src/main/java/com/jess/arms/integration/FragmentLifecycle.java:30: error: package javax.inject does not exist
import javax.inject.Inject;
                   ^
/private/var/folders/bq/vtzpc5ns5sg2cthy61lqpg3dfzgbys/T/1563609740885-0/src/MVPArms-master/arms/src/main/java/com/jess/arms/integration/FragmentLifecycle.java:31: error: package javax.inject does not exist
import javax.inject.Singleton;
                   ^
/private/var/folders/bq/vtzpc5ns5sg2cthy61lqpg3dfzgbys/T/1563609740885-0/src/MVPArms-master/arms/src/main/java/com/jess/arms/integration/FragmentLifecycle.java:44: error: package FragmentManager does not exist
public class FragmentLifecycle extends FragmentManager.FragmentLifecycleCallbacks {
                                                      ^
/private/var/folders/bq/vtzpc5ns5sg2cthy61lqpg3dfzgbys/T/1563609740885-0/src/MVPArms-master/arms/src/main/java/com/jess/arms/integration/FragmentLifecycle.java:43: error: cannot find symbol
@Singleton
 ^
  symbol: class Singleton
/private/var/folders/bq/vtzpc5ns5sg2cthy61lqpg3dfzgbys/T/1563609740885-0/src/MVPArms-master/arms/src/main/java/com/jess/arms/di/module/AppModule.java:99: error: package FragmentManager does not exist
    abstract FragmentManager.FragmentLifecycleCallbacks bindFragmentLifecycle(FragmentLifecycle fragmentLifecycle);
                            ^
/private/var/folders/bq/vtzpc5ns5sg2cthy61lqpg3dfzgbys/T/1563609740885-0/src/MVPArms-master/arms/src/main/java/com/jess/arms/di/module/AppModule.java:103: error: package FragmentManager does not exist
    static List<FragmentManager.FragmentLifecycleCallbacks> provideFragmentLifecycles() {
                               ^
/private/var/folders/bq/vtzpc5ns5sg2cthy61lqpg3dfzgbys/T/1563609740885-0/src/MVPArms-master/arms/src/main/java/com/jess/arms/di/module/AppModule.java:108: error: cannot find symbol
        void configGson(@NonNull Context context, @NonNull GsonBuilder builder);
                                                           ^
  symbol:   class GsonBuilder
  location: interface GsonConfiguration
/private/var/folders/bq/vtzpc5ns5sg2cthy61lqpg3dfzgbys/T/1563609740885-0/src/MVPArms-master/arms/src/main/java/com/jess/arms/integration/RepositoryManager.java:52: error: cannot find symbol
    Lazy<Retrofit> mRetrofit;
    ^
  symbol:   class Lazy
  location: class RepositoryManager
/private/var/folders/bq/vtzpc5ns5sg2cthy61lqpg3dfzgbys/T/1563609740885-0/src/MVPArms-master/arms/src/main/java/com/jess/arms/integration/RepositoryManager.java:52: error: cannot find symbol
    Lazy<Retrofit> mRetrofit;
         ^
  symbol:   class Retrofit
  location: class RepositoryManager
/private/var/folders/bq/vtzpc5ns5sg2cthy61lqpg3dfzgbys/T/1563609740885-0/src/MVPArms-master/arms/src/main/java/com/jess/arms/integration/RepositoryManager.java:54: error: cannot find symbol
    Lazy<RxCache> mRxCache;
    ^
  symbol:   class Lazy
  location: class RepositoryManager
/private/var/folders/bq/vtzpc5ns5sg2cthy61lqpg3dfzgbys/T/1563609740885-0/src/MVPArms-master/arms/src/main/java/com/jess/arms/integration/RepositoryManager.java:54: error: cannot find symbol
    Lazy<RxCache> mRxCache;
         ^
  symbol:   class RxCache
  location: class RepositoryManager
/private/var/folders/bq/vtzpc5ns5sg2cthy61lqpg3dfzgbys/T/1563609740885-0/src/MVPArms-master/arms/src/main/java/com/jess/arms/integration/cache/CacheType.java:21: error: package android.support.v4.app does not exist
import android.support.v4.app.Fragment;
                             ^
/private/var/folders/bq/vtzpc5ns5sg2cthy61lqpg3dfzgbys/T/1563609740885-0/src/MVPArms-master/arms/src/main/java/com/jess/arms/integration/ActivityLifecycle.java:63: error: cannot find symbol
    Lazy<FragmentManager.FragmentLifecycleCallbacks> mFragmentLifecycle;
    ^
  symbol:   class Lazy
  location: class ActivityLifecycle
/private/var/folders/bq/vtzpc5ns5sg2cthy61lqpg3dfzgbys/T/1563609740885-0/src/MVPArms-master/arms/src/main/java/com/jess/arms/integration/ActivityLifecycle.java:63: error: package FragmentManager does not exist
    Lazy<FragmentManager.FragmentLifecycleCallbacks> mFragmentLifecycle;
                        ^
/private/var/folders/bq/vtzpc5ns5sg2cthy61lqpg3dfzgbys/T/1563609740885-0/src/MVPArms-master/arms/src/main/java/com/jess/arms/integration/ActivityLifecycle.java:65: error: cannot find symbol
    Lazy<List<FragmentManager.FragmentLifecycleCallbacks>> mFragmentLifecycles;
    ^
  symbol:   class Lazy
  location: class ActivityLifecycle
/private/var/folders/bq/vtzpc5ns5sg2cthy61lqpg3dfzgbys/T/1563609740885-0/src/MVPArms-master/arms/src/main/java/com/jess/arms/integration/ActivityLifecycle.java:65: error: package FragmentManager does not exist
    Lazy<List<FragmentManager.FragmentLifecycleCallbacks>> mFragmentLifecycles;
                             ^
/private/var/folders/bq/vtzpc5ns5sg2cthy61lqpg3dfzgbys/T/1563609740885-0/src/MVPArms-master/arms/src/main/java/com/jess/arms/base/delegate/ActivityDelegate.java:20: error: package android.support.annotation does not exist
import android.support.annotation.NonNull;
                                 ^
/private/var/folders/bq/vtzpc5ns5sg2cthy61lqpg3dfzgbys/T/1563609740885-0/src/MVPArms-master/arms/src/main/java/com/jess/arms/base/delegate/ActivityDelegate.java:21: error: package android.support.annotation does not exist
import android.support.annotation.Nullable;
                                 ^
/private/var/folders/bq/vtzpc5ns5sg2cthy61lqpg3dfzgbys/T/1563609740885-0/src/MVPArms-master/arms/src/main/java/com/jess/arms/base/delegate/IActivity.java:21: error: package android.support.annotation does not exist
import android.support.annotation.NonNull;
                                 ^
/private/var/folders/bq/vtzpc5ns5sg2cthy61lqpg3dfzgbys/T/1563609740885-0/src/MVPArms-master/arms/src/main/java/com/jess/arms/base/delegate/IActivity.java:22: error: package android.support.annotation does not exist
import android.support.annotation.Nullable;
                                 ^
/private/var/folders/bq/vtzpc5ns5sg2cthy61lqpg3dfzgbys/T/1563609740885-0/src/MVPArms-master/arms/src/main/java/com/jess/arms/base/delegate/IActivity.java:23: error: package android.support.v4.app does not exist
import android.support.v4.app.FragmentManager;
                             ^
/private/var/folders/bq/vtzpc5ns5sg2cthy61lqpg3dfzgbys/T/1563609740885-0/src/MVPArms-master/arms/src/main/java/com/jess/arms/integration/lifecycle/ActivityLifecycleForRxLifecycle.java:44: error: cannot find symbol
    Lazy<FragmentLifecycleForRxLifecycle> mFragmentLifecycle;
    ^
  symbol:   class Lazy
  location: class ActivityLifecycleForRxLifecycle
/private/var/folders/bq/vtzpc5ns5sg2cthy61lqpg3dfzgbys/T/1563609740885-0/src/MVPArms-master/arms/src/main/java/com/jess/arms/integration/lifecycle/FragmentLifecycleForRxLifecycle.java:20: error: package android.support.v4.app does not exist
import android.support.v4.app.Fragment;
                             ^
/private/var/folders/bq/vtzpc5ns5sg2cthy61lqpg3dfzgbys/T/1563609740885-0/src/MVPArms-master/arms/src/main/java/com/jess/arms/integration/lifecycle/FragmentLifecycleForRxLifecycle.java:21: error: package android.support.v4.app does not exist
import android.support.v4.app.FragmentManager;
                             ^
/private/var/folders/bq/vtzpc5ns5sg2cthy61lqpg3dfzgbys/T/1563609740885-0/src/MVPArms-master/arms/src/main/java/com/jess/arms/integration/lifecycle/FragmentLifecycleForRxLifecycle.java:24: error: package com.trello.rxlifecycle2 does not exist
import com.trello.rxlifecycle2.RxLifecycle;
                              ^
/private/var/folders/bq/vtzpc5ns5sg2cthy61lqpg3dfzgbys/T/1563609740885-0/src/MVPArms-master/arms/src/main/java/com/jess/arms/integration/lifecycle/FragmentLifecycleForRxLifecycle.java:25: error: package com.trello.rxlifecycle2.android does not exist
import com.trello.rxlifecycle2.android.FragmentEvent;
                                      ^
/private/var/folders/bq/vtzpc5ns5sg2cthy61lqpg3dfzgbys/T/1563609740885-0/src/MVPArms-master/arms/src/main/java/com/jess/arms/integration/lifecycle/FragmentLifecycleForRxLifecycle.java:27: error: package javax.inject does not exist
import javax.inject.Inject;
                   ^
/private/var/folders/bq/vtzpc5ns5sg2cthy61lqpg3dfzgbys/T/1563609740885-0/src/MVPArms-master/arms/src/main/java/com/jess/arms/integration/lifecycle/FragmentLifecycleForRxLifecycle.java:28: error: package javax.inject does not exist
import javax.inject.Singleton;
                   ^
/private/var/folders/bq/vtzpc5ns5sg2cthy61lqpg3dfzgbys/T/1563609740885-0/src/MVPArms-master/arms/src/main/java/com/jess/arms/integration/lifecycle/FragmentLifecycleForRxLifecycle.java:30: error: package io.reactivex.subjects does not exist
import io.reactivex.subjects.Subject;
                            ^
/private/var/folders/bq/vtzpc5ns5sg2cthy61lqpg3dfzgbys/T/1563609740885-0/src/MVPArms-master/arms/src/main/java/com/jess/arms/integration/lifecycle/FragmentLifecycleForRxLifecycle.java:42: error: package FragmentManager does not exist
public class FragmentLifecycleForRxLifecycle extends FragmentManager.FragmentLifecycleCallbacks {
                                                                    ^
/private/var/folders/bq/vtzpc5ns5sg2cthy61lqpg3dfzgbys/T/1563609740885-0/src/MVPArms-master/arms/src/main/java/com/jess/arms/integration/lifecycle/FragmentLifecycleForRxLifecycle.java:41: error: cannot find symbol
@Singleton
 ^
  symbol: class Singleton
/private/var/folders/bq/vtzpc5ns5sg2cthy61lqpg3dfzgbys/T/1563609740885-0/src/MVPArms-master/arms/src/main/java/com/jess/arms/integration/lifecycle/ActivityLifecycleForRxLifecycle.java:109: error: cannot find symbol
    private Subject<ActivityEvent> obtainSubject(Activity activity) {
            ^
  symbol:   class Subject
  location: class ActivityLifecycleForRxLifecycle
/private/var/folders/bq/vtzpc5ns5sg2cthy61lqpg3dfzgbys/T/1563609740885-0/src/MVPArms-master/arms/src/main/java/com/jess/arms/integration/lifecycle/ActivityLifecycleForRxLifecycle.java:109: error: cannot find symbol
    private Subject<ActivityEvent> obtainSubject(Activity activity) {
                    ^
  symbol:   class ActivityEvent
  location: class ActivityLifecycleForRxLifecycle
/private/var/folders/bq/vtzpc5ns5sg2cthy61lqpg3dfzgbys/T/1563609740885-0/src/MVPArms-master/arms/src/main/java/com/jess/arms/integration/FragmentLifecycle.java:51: error: cannot find symbol
    public void onFragmentAttached(FragmentManager fm, Fragment f, Context context) {
                                   ^
  symbol:   class FragmentManager
  location: class FragmentLifecycle
/private/var/folders/bq/vtzpc5ns5sg2cthy61lqpg3dfzgbys/T/1563609740885-0/src/MVPArms-master/arms/src/main/java/com/jess/arms/integration/FragmentLifecycle.java:51: error: cannot find symbol
    public void onFragmentAttached(FragmentManager fm, Fragment f, Context context) {
                                                       ^
  symbol:   class Fragment
  location: class FragmentLifecycle
/private/var/folders/bq/vtzpc5ns5sg2cthy61lqpg3dfzgbys/T/1563609740885-0/src/MVPArms-master/arms/src/main/java/com/jess/arms/integration/FragmentLifecycle.java:66: error: cannot find symbol
    public void onFragmentCreated(FragmentManager fm, Fragment f, Bundle savedInstanceState) {
                                  ^
  symbol:   class FragmentManager
  location: class FragmentLifecycle
/private/var/folders/bq/vtzpc5ns5sg2cthy61lqpg3dfzgbys/T/1563609740885-0/src/MVPArms-master/arms/src/main/java/com/jess/arms/integration/FragmentLifecycle.java:66: error: cannot find symbol
    public void onFragmentCreated(FragmentManager fm, Fragment f, Bundle savedInstanceState) {
                                                      ^
  symbol:   class Fragment
  location: class FragmentLifecycle
/private/var/folders/bq/vtzpc5ns5sg2cthy61lqpg3dfzgbys/T/1563609740885-0/src/MVPArms-master/arms/src/main/java/com/jess/arms/integration/FragmentLifecycle.java:74: error: cannot find symbol
    public void onFragmentViewCreated(FragmentManager fm, Fragment f, View v, Bundle savedInstanceState) {
                                      ^
  symbol:   class FragmentManager
  location: class FragmentLifecycle
/private/var/folders/bq/vtzpc5ns5sg2cthy61lqpg3dfzgbys/T/1563609740885-0/src/MVPArms-master/arms/src/main/java/com/jess/arms/integration/FragmentLifecycle.java:74: error: cannot find symbol
    public void onFragmentViewCreated(FragmentManager fm, Fragment f, View v, Bundle savedInstanceState) {
                                                          ^
  symbol:   class Fragment
  location: class FragmentLifecycle
/private/var/folders/bq/vtzpc5ns5sg2cthy61lqpg3dfzgbys/T/1563609740885-0/src/MVPArms-master/arms/src/main/java/com/jess/arms/integration/FragmentLifecycle.java:82: error: cannot find symbol
    public void onFragmentActivityCreated(FragmentManager fm, Fragment f, Bundle savedInstanceState) {
                                          ^
  symbol:   class FragmentManager
  location: class FragmentLifecycle
/private/var/folders/bq/vtzpc5ns5sg2cthy61lqpg3dfzgbys/T/1563609740885-0/src/MVPArms-master/arms/src/main/java/com/jess/arms/integration/FragmentLifecycle.java:82: error: cannot find symbol
    public void onFragmentActivityCreated(FragmentManager fm, Fragment f, Bundle savedInstanceState) {
                                                              ^
  symbol:   class Fragment
  location: class FragmentLifecycle
/private/var/folders/bq/vtzpc5ns5sg2cthy61lqpg3dfzgbys/T/1563609740885-0/src/MVPArms-master/arms/src/main/java/com/jess/arms/integration/FragmentLifecycle.java:90: error: cannot find symbol
    public void onFragmentStarted(FragmentManager fm, Fragment f) {
                                  ^
  symbol:   class FragmentManager
  location: class FragmentLifecycle
/private/var/folders/bq/vtzpc5ns5sg2cthy61lqpg3dfzgbys/T/1563609740885-0/src/MVPArms-master/arms/src/main/java/com/jess/arms/integration/FragmentLifecycle.java:90: error: cannot find symbol
    public void onFragmentStarted(FragmentManager fm, Fragment f) {
                                                      ^
  symbol:   class Fragment
  location: class FragmentLifecycle
/private/var/folders/bq/vtzpc5ns5sg2cthy61lqpg3dfzgbys/T/1563609740885-0/src/MVPArms-master/arms/src/main/java/com/jess/arms/integration/FragmentLifecycle.java:98: error: cannot find symbol
    public void onFragmentResumed(FragmentManager fm, Fragment f) {
                                  ^
  symbol:   class FragmentManager
  location: class FragmentLifecycle
/private/var/folders/bq/vtzpc5ns5sg2cthy61lqpg3dfzgbys/T/1563609740885-0/src/MVPArms-master/arms/src/main/java/com/jess/arms/integration/FragmentLifecycle.java:98: error: cannot find symbol
    public void onFragmentResumed(FragmentManager fm, Fragment f) {
                                                      ^
  symbol:   class Fragment
  location: class FragmentLifecycle
/private/var/folders/bq/vtzpc5ns5sg2cthy61lqpg3dfzgbys/T/1563609740885-0/src/MVPArms-master/arms/src/main/java/com/jess/arms/integration/FragmentLifecycle.java:106: error: cannot find symbol
    public void onFragmentPaused(FragmentManager fm, Fragment f) {
                                 ^
  symbol:   class FragmentManager
  location: class FragmentLifecycle
/private/var/folders/bq/vtzpc5ns5sg2cthy61lqpg3dfzgbys/T/1563609740885-0/src/MVPArms-master/arms/src/main/java/com/jess/arms/integration/FragmentLifecycle.java:106: error: cannot find symbol
    public void onFragmentPaused(FragmentManager fm, Fragment f) {
                                                     ^
  symbol:   class Fragment
  location: class FragmentLifecycle
/private/var/folders/bq/vtzpc5ns5sg2cthy61lqpg3dfzgbys/T/1563609740885-0/src/MVPArms-master/arms/src/main/java/com/jess/arms/integration/FragmentLifecycle.java:114: error: cannot find symbol
    public void onFragmentStopped(FragmentManager fm, Fragment f) {
                                  ^
  symbol:   class FragmentManager
  location: class FragmentLifecycle
/private/var/folders/bq/vtzpc5ns5sg2cthy61lqpg3dfzgbys/T/1563609740885-0/src/MVPArms-master/arms/src/main/java/com/jess/arms/integration/FragmentLifecycle.java:114: error: cannot find symbol
    public void onFragmentStopped(FragmentManager fm, Fragment f) {
                                                      ^
  symbol:   class Fragment
  location: class FragmentLifecycle
/private/var/folders/bq/vtzpc5ns5sg2cthy61lqpg3dfzgbys/T/1563609740885-0/src/MVPArms-master/arms/src/main/java/com/jess/arms/integration/FragmentLifecycle.java:122: error: cannot find symbol
    public void onFragmentSaveInstanceState(FragmentManager fm, Fragment f, Bundle outState) {
                                            ^
  symbol:   class FragmentManager
  location: class FragmentLifecycle
/private/var/folders/bq/vtzpc5ns5sg2cthy61lqpg3dfzgbys/T/1563609740885-0/src/MVPArms-master/arms/src/main/java/com/jess/arms/integration/FragmentLifecycle.java:122: error: cannot find symbol
    public void onFragmentSaveInstanceState(FragmentManager fm, Fragment f, Bundle outState) {
                                                                ^
  symbol:   class Fragment
  location: class FragmentLifecycle
/private/var/folders/bq/vtzpc5ns5sg2cthy61lqpg3dfzgbys/T/1563609740885-0/src/MVPArms-master/arms/src/main/java/com/jess/arms/integration/lifecycle/ActivityLifecycleable.java:25: error: reference not found
 *  {@link Activity} , {@link RxLifecycle}
                                          ^
/private/var/folders/bq/vtzpc5ns5sg2cthy61lqpg3dfzgbys/T/1563609740885-0/src/MVPArms-master/arms/src/main/java/com/jess/arms/integration/lifecycle/ActivityLifecycleForRxLifecycle.java:34: error: reference not found
 *  {@link ActivityLifecycleable} , {@link Activity}  {@link RxLifecycle} 
                                                                    ^
/private/var/folders/bq/vtzpc5ns5sg2cthy61lqpg3dfzgbys/T/1563609740885-0/src/MVPArms-master/arms/src/main/java/com/jess/arms/integration/lifecycle/FragmentLifecycleable.java:25: error: reference not found
 *  {@link Fragment} , {@link RxLifecycle}
            ^
/private/var/folders/bq/vtzpc5ns5sg2cthy61lqpg3dfzgbys/T/1563609740885-0/src/MVPArms-master/arms/src/main/java/com/jess/arms/integration/lifecycle/FragmentLifecycleable.java:25: error: reference not found
 *  {@link Fragment} , {@link RxLifecycle}
                                          ^
/private/var/folders/bq/vtzpc5ns5sg2cthy61lqpg3dfzgbys/T/1563609740885-0/src/MVPArms-master/arms/src/main/java/com/jess/arms/integration/lifecycle/FragmentLifecycleForRxLifecycle.java:34: error: reference not found
 *  {@link FragmentLifecycleable} , {@link Fragment}  {@link RxLifecycle} 
                                                ^
/private/var/folders/bq/vtzpc5ns5sg2cthy61lqpg3dfzgbys/T/1563609740885-0/src/MVPArms-master/arms/src/main/java/com/jess/arms/integration/lifecycle/FragmentLifecycleForRxLifecycle.java:34: error: reference not found
 *  {@link FragmentLifecycleable} , {@link Fragment}  {@link RxLifecycle} 
                                                                    ^
/private/var/folders/bq/vtzpc5ns5sg2cthy61lqpg3dfzgbys/T/1563609740885-0/src/MVPArms-master/arms/src/main/java/com/jess/arms/integration/lifecycle/Lifecycleable.java:29: error: reference not found
 *  {@link Activity}/{@link Fragment} , {@link RxLifecycle}
                             ^
/private/var/folders/bq/vtzpc5ns5sg2cthy61lqpg3dfzgbys/T/1563609740885-0/src/MVPArms-master/arms/src/main/java/com/jess/arms/integration/lifecycle/Lifecycleable.java:29: error: reference not found
 *  {@link Activity}/{@link Fragment} , {@link RxLifecycle}
                                                           ^
/private/var/folders/bq/vtzpc5ns5sg2cthy61lqpg3dfzgbys/T/1563609740885-0/src/MVPArms-master/arms/src/main/java/com/jess/arms/integration/lifecycle/Lifecycleable.java:30: error: reference not found
 *  {@link RxLifecycle}  Activity/Fragment ,
                ^
/private/var/folders/bq/vtzpc5ns5sg2cthy61lqpg3dfzgbys/T/1563609740885-0/src/MVPArms-master/arms/src/main/java/com/jess/arms/http/imageloader/glide/GlideAppliesOptions.java:38: error: reference not found
     *  @{@link Glide} , @{@link Glide} (@{@link Glide} ),
                  ^
/private/var/folders/bq/vtzpc5ns5sg2cthy61lqpg3dfzgbys/T/1563609740885-0/src/MVPArms-master/arms/src/main/java/com/jess/arms/http/imageloader/glide/GlideAppliesOptions.java:38: error: reference not found
     *  @{@link Glide} , @{@link Glide} (@{@link Glide} ),
                                             ^
/private/var/folders/bq/vtzpc5ns5sg2cthy61lqpg3dfzgbys/T/1563609740885-0/src/MVPArms-master/arms/src/main/java/com/jess/arms/http/imageloader/glide/GlideAppliesOptions.java:38: error: reference not found
     *  @{@link Glide} , @{@link Glide} (@{@link Glide} ),
                                                                   ^
/private/var/folders/bq/vtzpc5ns5sg2cthy61lqpg3dfzgbys/T/1563609740885-0/src/MVPArms-master/arms/src/main/java/com/jess/arms/http/imageloader/glide/GlideAppliesOptions.java:41: error: reference not found
     * @param builder {@link GlideBuilder}  Glide
                             ^
/private/var/folders/bq/vtzpc5ns5sg2cthy61lqpg3dfzgbys/T/1563609740885-0/src/MVPArms-master/arms/src/main/java/com/jess/arms/http/imageloader/glide/GlideAppliesOptions.java:27: error: reference not found
 *  @{@link Glide} , {@link BaseImageLoaderStrategy}
                    ^
/private/var/folders/bq/vtzpc5ns5sg2cthy61lqpg3dfzgbys/T/1563609740885-0/src/MVPArms-master/arms/src/main/java/com/jess/arms/http/imageloader/glide/GlideConfiguration.java:43: error: reference not found
 * {@link AppGlideModule} 
          ^
/private/var/folders/bq/vtzpc5ns5sg2cthy61lqpg3dfzgbys/T/1563609740885-0/src/MVPArms-master/arms/src/main/java/com/jess/arms/mvp/BasePresenter.java:141: error: reference not found
     *  {@link Disposable}  {@link CompositeDisposable} 
                ^
/private/var/folders/bq/vtzpc5ns5sg2cthy61lqpg3dfzgbys/T/1563609740885-0/src/MVPArms-master/arms/src/main/java/com/jess/arms/mvp/BasePresenter.java:141: error: reference not found
     *  {@link Disposable}  {@link CompositeDisposable} 
                                       ^
/private/var/folders/bq/vtzpc5ns5sg2cthy61lqpg3dfzgbys/T/1563609740885-0/src/MVPArms-master/arms/src/main/java/com/jess/arms/mvp/BasePresenter.java:143: error: reference not found
     *  {@link RxLifecycle} ,
                      ^
/private/var/folders/bq/vtzpc5ns5sg2cthy61lqpg3dfzgbys/T/1563609740885-0/src/MVPArms-master/arms/src/main/java/com/jess/arms/integration/AppManager.java:142: error: reference not found
     *  {@link Activity},  {@link Snackbar} 
                                         ^
/private/var/folders/bq/vtzpc5ns5sg2cthy61lqpg3dfzgbys/T/1563609740885-0/src/MVPArms-master/arms/src/main/java/com/jess/arms/integration/AppManager.java:282: error: identifier expected
     * @param {@link Activity}
       ^
/private/var/folders/bq/vtzpc5ns5sg2cthy61lqpg3dfzgbys/T/1563609740885-0/src/MVPArms-master/arms/src/main/java/com/jess/arms/integration/AppManager.java:340: error: identifier expected
     * @param {@link Activity}
       ^
/private/var/folders/bq/vtzpc5ns5sg2cthy61lqpg3dfzgbys/T/1563609740885-0/src/MVPArms-master/arms/src/main/java/com/jess/arms/integration/ConfigModule.java:66: error: reference not found
     *  {@link FragmentManager.FragmentLifecycleCallbacks}  {@link Fragment} 
                 ^
/private/var/folders/bq/vtzpc5ns5sg2cthy61lqpg3dfzgbys/T/1563609740885-0/src/MVPArms-master/arms/src/main/java/com/jess/arms/integration/ConfigModule.java:66: error: reference not found
     *  {@link FragmentManager.FragmentLifecycleCallbacks}  {@link Fragment} 
                                                                      ^
/private/var/folders/bq/vtzpc5ns5sg2cthy61lqpg3dfzgbys/T/1563609740885-0/src/MVPArms-master/arms/src/main/java/com/jess/arms/integration/ConfigModule.java:69: error: reference not found
     * @param lifecycles {@link Fragment} ,  {@link Fragment} 
                                ^
/private/var/folders/bq/vtzpc5ns5sg2cthy61lqpg3dfzgbys/T/1563609740885-0/src/MVPArms-master/arms/src/main/java/com/jess/arms/integration/ConfigModule.java:69: error: reference not found
     * @param lifecycles {@link Fragment} ,  {@link Fragment} 
                                                                    ^
/private/var/folders/bq/vtzpc5ns5sg2cthy61lqpg3dfzgbys/T/1563609740885-0/src/MVPArms-master/arms/src/main/java/com/jess/arms/integration/FragmentLifecycle.java:35: error: reference not found
 * {@link FragmentManager.FragmentLifecycleCallbacks} 
          ^
/private/var/folders/bq/vtzpc5ns5sg2cthy61lqpg3dfzgbys/T/1563609740885-0/src/MVPArms-master/arms/src/main/java/com/jess/arms/integration/FragmentLifecycle.java:36: error: reference not found
 *  {@link FragmentDelegate}  {@link Fragment}
                                         ^
/private/var/folders/bq/vtzpc5ns5sg2cthy61lqpg3dfzgbys/T/1563609740885-0/src/MVPArms-master/arms/src/main/java/com/jess/arms/integration/cache/CacheType.java:136: error: reference not found
     * {@link Fragment} 
              ^
/private/var/folders/bq/vtzpc5ns5sg2cthy61lqpg3dfzgbys/T/1563609740885-0/src/MVPArms-master/arms/src/main/java/com/jess/arms/utils/ArmsUtils.java:245: error: reference not found
     *  {@link Snackbar} 
                 ^
/private/var/folders/bq/vtzpc5ns5sg2cthy61lqpg3dfzgbys/T/1563609740885-0/src/MVPArms-master/arms/src/main/java/com/jess/arms/utils/ArmsUtils.java:258: error: reference not found
     *  {@link Snackbar} 
                 ^
/private/var/folders/bq/vtzpc5ns5sg2cthy61lqpg3dfzgbys/T/1563609740885-0/src/MVPArms-master/arms/src/main/java/com/jess/arms/utils/ArmsUtils.java:292: error: identifier expected
     * @param
       ^
/private/var/folders/bq/vtzpc5ns5sg2cthy61lqpg3dfzgbys/T/1563609740885-0/src/MVPArms-master/arms/src/main/java/com/jess/arms/utils/ArmsUtils.java:312: error: identifier expected
     * @param
       ^
/private/var/folders/bq/vtzpc5ns5sg2cthy61lqpg3dfzgbys/T/1563609740885-0/src/MVPArms-master/arms/src/main/java/com/jess/arms/utils/ArmsUtils.java:375: error: exception not thrown: java.lang.Exception
     * @throws Exception
               ^
/private/var/folders/bq/vtzpc5ns5sg2cthy61lqpg3dfzgbys/T/1563609740885-0/src/MVPArms-master/arms/src/main/java/com/jess/arms/utils/ArmsUtils.java:413: error: reference not found
     * @deprecated Use {@link #configRecyclerView(RecyclerView, RecyclerView.LayoutManager)} instead
                              ^
/private/var/folders/bq/vtzpc5ns5sg2cthy61lqpg3dfzgbys/T/1563609740885-0/src/MVPArms-master/arms/src/main/java/com/jess/arms/utils/ZipHelper.java:198: error: exception not thrown: java.io.IOException
     * @throws IOException
               ^
/private/var/folders/bq/vtzpc5ns5sg2cthy61lqpg3dfzgbys/T/1563609740885-0/src/MVPArms-master/arms/src/main/java/com/jess/arms/utils/ZipHelper.java:223: error: exception not thrown: java.io.IOException
     * @throws IOException
               ^
/private/var/folders/bq/vtzpc5ns5sg2cthy61lqpg3dfzgbys/T/1563609740885-0/src/MVPArms-master/arms/src/main/java/com/jess/arms/base/AdapterViewPager.java:26: error: reference not found
 *  {@link FragmentStatePagerAdapter}
             ^
/private/var/folders/bq/vtzpc5ns5sg2cthy61lqpg3dfzgbys/T/1563609740885-0/src/MVPArms-master/arms/src/main/java/com/jess/arms/base/BaseActivity.java:134: error: reference not found
     *  {@link Activity}  {@link Fragment},  {@link android.support.v4.app.FragmentManager.FragmentLifecycleCallbacks}
                                        ^
/private/var/folders/bq/vtzpc5ns5sg2cthy61lqpg3dfzgbys/T/1563609740885-0/src/MVPArms-master/arms/src/main/java/com/jess/arms/base/BaseActivity.java:134: error: reference not found
     *  {@link Activity}  {@link Fragment},  {@link android.support.v4.app.FragmentManager.FragmentLifecycleCallbacks}
                                                                          ^
/private/var/folders/bq/vtzpc5ns5sg2cthy61lqpg3dfzgbys/T/1563609740885-0/src/MVPArms-master/arms/src/main/java/com/jess/arms/base/BaseActivity.java:135: error: reference not found
     *  {@code false},  {@link Activity}  {@link Fragment},  {@link Activity}  {@link BaseFragment}  {@link Fragment} 
                                                                ^
/private/var/folders/bq/vtzpc5ns5sg2cthy61lqpg3dfzgbys/T/1563609740885-0/src/MVPArms-master/arms/src/main/java/com/jess/arms/base/BaseActivity.java:135: error: reference not found
     *  {@code false},  {@link Activity}  {@link Fragment},  {@link Activity}  {@link BaseFragment}  {@link Fragment} 
                                                                                                                                        ^
/private/var/folders/bq/vtzpc5ns5sg2cthy61lqpg3dfzgbys/T/1563609740885-0/src/MVPArms-master/arms/src/main/java/com/jess/arms/base/BaseActivity.java:137: error: reference not found
     * @return  {@code true} ( {@code true}),  {@link Fragment}
                                                                ^
/private/var/folders/bq/vtzpc5ns5sg2cthy61lqpg3dfzgbys/T/1563609740885-0/src/MVPArms-master/arms/src/main/java/com/jess/arms/base/delegate/IActivity.java:88: error: reference not found
     *  Activity  Fragment, {@link FragmentManager.FragmentLifecycleCallbacks}
                                                         ^
/private/var/folders/bq/vtzpc5ns5sg2cthy61lqpg3dfzgbys/T/1563609740885-0/src/MVPArms-master/arms/src/main/java/com/jess/arms/base/delegate/IFragment.java:46: error: reference not found
     *  {@link Fragment} ,  {@link Fragment} 
                  ^
/private/var/folders/bq/vtzpc5ns5sg2cthy61lqpg3dfzgbys/T/1563609740885-0/src/MVPArms-master/arms/src/main/java/com/jess/arms/base/delegate/IFragment.java:46: error: reference not found
     *  {@link Fragment} ,  {@link Fragment} 
                                                   ^
/private/var/folders/bq/vtzpc5ns5sg2cthy61lqpg3dfzgbys/T/1563609740885-0/src/MVPArms-master/arms/src/main/java/com/jess/arms/base/delegate/IFragment.java:47: error: reference not found
     *  {@link Fragment} ,  {@link Fragment} 
                     ^
/private/var/folders/bq/vtzpc5ns5sg2cthy61lqpg3dfzgbys/T/1563609740885-0/src/MVPArms-master/arms/src/main/java/com/jess/arms/base/delegate/IFragment.java:47: error: reference not found
     *  {@link Fragment} ,  {@link Fragment} 
                                                  ^
/private/var/folders/bq/vtzpc5ns5sg2cthy61lqpg3dfzgbys/T/1563609740885-0/src/MVPArms-master/arms/src/main/java/com/jess/arms/base/delegate/IFragment.java:95: error: reference not found
     *  Fragment ,  {@link #setData(Object)}  {@link Fragment#onCreate(Bundle)} 
                                                                             ^
/private/var/folders/bq/vtzpc5ns5sg2cthy61lqpg3dfzgbys/T/1563609740885-0/src/MVPArms-master/arms/src/main/java/com/jess/arms/base/delegate/IFragment.java:96: error: reference not found
     *  {@link #setData(Object)}  Presenter , ,  Dagger  {@link Fragment#onCreate(Bundle)} 
                                                                                     ^
/private/var/folders/bq/vtzpc5ns5sg2cthy61lqpg3dfzgbys/T/1563609740885-0/src/MVPArms-master/arms/src/main/java/com/jess/arms/base/delegate/IFragment.java:102: error: bad HTML entity
     *     if (data != null && data instanceof Message) {
                            ^
/private/var/folders/bq/vtzpc5ns5sg2cthy61lqpg3dfzgbys/T/1563609740885-0/src/MVPArms-master/arms/src/main/java/com/jess/arms/base/delegate/IFragment.java:102: error: bad HTML entity
     *     if (data != null && data instanceof Message) {
                             ^
/private/var/folders/bq/vtzpc5ns5sg2cthy61lqpg3dfzgbys/T/1563609740885-0/src/MVPArms-master/arms/src/main/java/com/jess/arms/base/delegate/IFragment.java:124: error: reference not found
     * {@link #setData(Object)} , ,  {@link Activity}  {@link Fragment} ,
                                                                                           ^
/private/var/folders/bq/vtzpc5ns5sg2cthy61lqpg3dfzgbys/T/1563609740885-0/src/MVPArms-master/arms/src/main/java/com/jess/arms/base/delegate/IFragment.java:126: error: reference not found
     *  {@link Fragment} , , ,
                               ^
/private/var/folders/bq/vtzpc5ns5sg2cthy61lqpg3dfzgbys/T/1563609740885-0/src/MVPArms-master/arms/src/main/java/com/jess/arms/base/delegate/IFragment.java:129: error: reference not found
     * ,  {@link Fragment} , , 
                               ^
/private/var/folders/bq/vtzpc5ns5sg2cthy61lqpg3dfzgbys/T/1563609740885-0/src/MVPArms-master/arms/src/main/java/com/jess/arms/base/BaseFragment.java:42: error: reference not found
 *  Java ,  @{@link Fragment} ,  @{@link Fragment}
                                        ^
/private/var/folders/bq/vtzpc5ns5sg2cthy61lqpg3dfzgbys/T/1563609740885-0/src/MVPArms-master/arms/src/main/java/com/jess/arms/base/BaseFragment.java:42: error: reference not found
 *  Java ,  @{@link Fragment} ,  @{@link Fragment}
                                                                           ^
/private/var/folders/bq/vtzpc5ns5sg2cthy61lqpg3dfzgbys/T/1563609740885-0/src/MVPArms-master/arms/src/main/java/com/jess/arms/base/BaseFragment.java:43: error: reference not found
 *  @{@link Fragment},  {@link BaseFragment} , , {@link IFragment}
                    ^
/private/var/folders/bq/vtzpc5ns5sg2cthy61lqpg3dfzgbys/T/1563609740885-0/src/MVPArms-master/arms/src/main/java/com/jess/arms/base/BaseHolder.java:57: error: reference not found
     *  Activity  onDestroy  {@link DefaultAdapter#releaseAllHolder(RecyclerView)}  (super.onDestroy() )
                                         ^
/private/var/folders/bq/vtzpc5ns5sg2cthy61lqpg3dfzgbys/T/1563609740885-0/src/MVPArms-master/arms/src/main/java/com/jess/arms/base/BaseHolder.java:27: error: reference not found
 *  {@link RecyclerView.ViewHolder}
             ^
/private/var/folders/bq/vtzpc5ns5sg2cthy61lqpg3dfzgbys/T/1563609740885-0/src/MVPArms-master/arms/src/main/java/com/jess/arms/base/DefaultAdapter.java:129: error: reference not found
     * @param recyclerView {@link RecyclerView}
                                  ^
/private/var/folders/bq/vtzpc5ns5sg2cthy61lqpg3dfzgbys/T/1563609740885-0/src/MVPArms-master/arms/src/main/java/com/jess/arms/base/DefaultAdapter.java:28: error: reference not found
 *  {@link RecyclerView.Adapter},  {@link RecyclerView}, 
             ^
/private/var/folders/bq/vtzpc5ns5sg2cthy61lqpg3dfzgbys/T/1563609740885-0/src/MVPArms-master/arms/src/main/java/com/jess/arms/base/DefaultAdapter.java:28: error: reference not found
 *  {@link RecyclerView.Adapter},  {@link RecyclerView}, 
                                                       ^
/private/var/folders/bq/vtzpc5ns5sg2cthy61lqpg3dfzgbys/T/1563609740885-0/src/MVPArms-master/arms/src/main/java/com/jess/arms/base/delegate/FragmentDelegate.java:27: error: reference not found
 * {@link Fragment} , {@link Fragment} 
          ^
/private/var/folders/bq/vtzpc5ns5sg2cthy61lqpg3dfzgbys/T/1563609740885-0/src/MVPArms-master/arms/src/main/java/com/jess/arms/base/delegate/FragmentDelegate.java:27: error: reference not found
 * {@link Fragment} , {@link Fragment} 
                                         ^
/private/var/folders/bq/vtzpc5ns5sg2cthy61lqpg3dfzgbys/T/1563609740885-0/src/MVPArms-master/arms/src/main/java/com/jess/arms/base/delegate/IFragment.java:35: error: reference not found
 *  {@link Fragment} ,
                     ^
/private/var/folders/bq/vtzpc5ns5sg2cthy61lqpg3dfzgbys/T/1563609740885-0/src/MVPArms-master/arms/src/main/java/com/jess/arms/di/module/AppModule.java:48: error: reference not found
 *  {@link Module}
                       ^
/private/var/folders/bq/vtzpc5ns5sg2cthy61lqpg3dfzgbys/T/1563609740885-0/src/MVPArms-master/arms/src/main/java/com/jess/arms/di/module/ClientModule.java:55: error: reference not found
 *  {@link Module}
                        ^
/private/var/folders/bq/vtzpc5ns5sg2cthy61lqpg3dfzgbys/T/1563609740885-0/src/MVPArms-master/arms/src/main/java/com/jess/arms/di/module/ClientModule.java:215: error: reference not found
     * {@link OkHttpClient} 
              ^
/private/var/folders/bq/vtzpc5ns5sg2cthy61lqpg3dfzgbys/T/1563609740885-0/src/MVPArms-master/arms/src/main/java/com/jess/arms/di/module/ClientModule.java:208: error: reference not found
     * {@link Retrofit} 
              ^
/private/var/folders/bq/vtzpc5ns5sg2cthy61lqpg3dfzgbys/T/1563609740885-0/src/MVPArms-master/arms/src/main/java/com/jess/arms/di/module/ClientModule.java:222: error: reference not found
     * {@link RxCache} 
              ^
/private/var/folders/bq/vtzpc5ns5sg2cthy61lqpg3dfzgbys/T/1563609740885-0/src/MVPArms-master/arms/src/main/java/com/jess/arms/di/module/ClientModule.java:230: error: reference not found
         * @param builder {@link RxCache.Builder}
                                 ^
/private/var/folders/bq/vtzpc5ns5sg2cthy61lqpg3dfzgbys/T/1563609740885-0/src/MVPArms-master/arms/src/main/java/com/jess/arms/di/module/ClientModule.java:231: error: reference not found
         * @return {@link RxCache}
                          ^
/private/var/folders/bq/vtzpc5ns5sg2cthy61lqpg3dfzgbys/T/1563609740885-0/src/MVPArms-master/arms/src/main/java/com/jess/arms/di/module/GlobalConfigModule.java:57: error: reference not found
 *  {@link Module},
                     ^
/private/var/folders/bq/vtzpc5ns5sg2cthy61lqpg3dfzgbys/T/1563609740885-0/src/MVPArms-master/arms/src/main/java/com/jess/arms/http/GlobalHttpHandler.java:45: error: reference not found
     * @param chain      {@link okhttp3.Interceptor.Chain}
                                ^
/private/var/folders/bq/vtzpc5ns5sg2cthy61lqpg3dfzgbys/T/1563609740885-0/src/MVPArms-master/arms/src/main/java/com/jess/arms/http/GlobalHttpHandler.java:46: error: reference not found
     * @param response   {@link Response}
                                ^
/private/var/folders/bq/vtzpc5ns5sg2cthy61lqpg3dfzgbys/T/1563609740885-0/src/MVPArms-master/arms/src/main/java/com/jess/arms/http/GlobalHttpHandler.java:47: error: reference not found
     * @return {@link Response}
                      ^
/private/var/folders/bq/vtzpc5ns5sg2cthy61lqpg3dfzgbys/T/1563609740885-0/src/MVPArms-master/arms/src/main/java/com/jess/arms/http/GlobalHttpHandler.java:53: error: reference not found
     *  {@link Request},  {@link Request}  token  header 
                             ^
/private/var/folders/bq/vtzpc5ns5sg2cthy61lqpg3dfzgbys/T/1563609740885-0/src/MVPArms-master/arms/src/main/java/com/jess/arms/http/GlobalHttpHandler.java:53: error: reference not found
     *  {@link Request},  {@link Request}  token  header 
                                                       ^
/private/var/folders/bq/vtzpc5ns5sg2cthy61lqpg3dfzgbys/T/1563609740885-0/src/MVPArms-master/arms/src/main/java/com/jess/arms/http/GlobalHttpHandler.java:55: error: reference not found
     * @param chain   {@link okhttp3.Interceptor.Chain}
                             ^
/private/var/folders/bq/vtzpc5ns5sg2cthy61lqpg3dfzgbys/T/1563609740885-0/src/MVPArms-master/arms/src/main/java/com/jess/arms/http/GlobalHttpHandler.java:56: error: reference not found
     * @param request {@link Request}
                             ^
/private/var/folders/bq/vtzpc5ns5sg2cthy61lqpg3dfzgbys/T/1563609740885-0/src/MVPArms-master/arms/src/main/java/com/jess/arms/http/GlobalHttpHandler.java:57: error: reference not found
     * @return {@link Request}
                      ^
/private/var/folders/bq/vtzpc5ns5sg2cthy61lqpg3dfzgbys/T/1563609740885-0/src/MVPArms-master/arms/src/main/java/com/jess/arms/http/log/DefaultFormatPrinter.java:71: error: reference not found
     * ,  {{@link okhttp3.RequestBody}} 
                                ^
/private/var/folders/bq/vtzpc5ns5sg2cthy61lqpg3dfzgbys/T/1563609740885-0/src/MVPArms-master/arms/src/main/java/com/jess/arms/http/log/DefaultFormatPrinter.java:89: error: reference not found
     * ,  {{@link okhttp3.RequestBody}}  {@code null} 
                                ^
/private/var/folders/bq/vtzpc5ns5sg2cthy61lqpg3dfzgbys/T/1563609740885-0/src/MVPArms-master/arms/src/main/java/com/jess/arms/http/log/DefaultFormatPrinter.java:105: error: reference not found
     * ,  {{@link okhttp3.ResponseBody}} 
                                ^
/private/var/folders/bq/vtzpc5ns5sg2cthy61lqpg3dfzgbys/T/1563609740885-0/src/MVPArms-master/arms/src/main/java/com/jess/arms/http/log/DefaultFormatPrinter.java:135: error: reference not found
     * ,  {{@link okhttp3.ResponseBody}}  {@code null} 
                                ^
/private/var/folders/bq/vtzpc5ns5sg2cthy61lqpg3dfzgbys/T/1563609740885-0/src/MVPArms-master/arms/src/main/java/com/jess/arms/http/log/FormatPrinter.java:43: error: reference not found
     * ,  {{@link okhttp3.RequestBody}} 
                                ^
/private/var/folders/bq/vtzpc5ns5sg2cthy61lqpg3dfzgbys/T/1563609740885-0/src/MVPArms-master/arms/src/main/java/com/jess/arms/http/log/FormatPrinter.java:51: error: reference not found
     * ,  {{@link okhttp3.RequestBody}}  {@code null} 
                                ^
/private/var/folders/bq/vtzpc5ns5sg2cthy61lqpg3dfzgbys/T/1563609740885-0/src/MVPArms-master/arms/src/main/java/com/jess/arms/http/log/FormatPrinter.java:58: error: reference not found
     * ,  {{@link okhttp3.ResponseBody}} 
                                ^
/private/var/folders/bq/vtzpc5ns5sg2cthy61lqpg3dfzgbys/T/1563609740885-0/src/MVPArms-master/arms/src/main/java/com/jess/arms/http/log/FormatPrinter.java:74: error: reference not found
     * ,  {{@link okhttp3.ResponseBody}}  {@code null} 
                                ^
/private/var/folders/bq/vtzpc5ns5sg2cthy61lqpg3dfzgbys/T/1563609740885-0/src/MVPArms-master/arms/src/main/java/com/jess/arms/http/log/RequestInterceptor.java:208: error: reference not found
     * @param request {@link Request}
                             ^
/private/var/folders/bq/vtzpc5ns5sg2cthy61lqpg3dfzgbys/T/1563609740885-0/src/MVPArms-master/arms/src/main/java/com/jess/arms/http/log/RequestInterceptor.java:237: error: reference not found
     * @param mediaType {@link MediaType}
                               ^
/private/var/folders/bq/vtzpc5ns5sg2cthy61lqpg3dfzgbys/T/1563609740885-0/src/MVPArms-master/arms/src/main/java/com/jess/arms/di/component/AppComponent.java:79: error: reference not found
     * @return {@link RxErrorHandler}
                      ^
/private/var/folders/bq/vtzpc5ns5sg2cthy61lqpg3dfzgbys/T/1563609740885-0/src/MVPArms-master/arms/src/main/java/com/jess/arms/di/component/AppComponent.java:96: error: reference not found
     * @return {@link OkHttpClient}
                      ^
/private/var/folders/bq/vtzpc5ns5sg2cthy61lqpg3dfzgbys/T/1563609740885-0/src/MVPArms-master/arms/src/main/java/com/jess/arms/di/component/AppComponent.java:103: error: reference not found
     * @return {@link Gson}
                      ^
94 errors
100 warnings

> Task :arms:javadocJar
> Task :arms:sourcesJar
> Task :arms:assemble
> Task :arms:build

Deprecated Gradle features were used in this build, making it incompatible with Gradle 6.0.
Use '--warning-mode all' to show the individual deprecation warnings.
See https://docs.gradle.org/5.1.1/userguide/command_line_interface.html#sec:command_line_warnings

BUILD SUCCESSFUL in 10s
47 actionable tasks: 30 executed, 17 up-to-date

2019-07-20 15:03:45,402 INFO  ProjectTaskService - Detecting possible tasks...
2019-07-20 15:03:45,402 INFO  SysUtils - Execute command: [/var/folders/bq/vtzpc5ns5sg2cthy61lqpg3dfzgbys/T/1563609740885-0/src/MVPArms-master/gradlew, -b, /var/folders/bq/vtzpc5ns5sg2cthy61lqpg3dfzgbys/T/1563609740885-0/src/MVPArms-master/demo/build.gradle, -Dorg.gradle.daemon=false, -Dorg.gradle.daemon.performance.enable-monitoring=false, -Dorg.gradle.configureondemand=true, tasks]
2019-07-20 15:03:51,815 INFO  ProjectTaskService - Detected possible tasks: 66
2019-07-20 15:03:51,816 INFO  ProjectTaskService - Excluded tasks (18): lintDebug deviceCheck lint testReleaseUnitTest uninstallRelease deviceAndroidTest uninstallDebugAndroidTest installDebugAndroidTest connectedCheck connectedDebugAndroidTest uninstallAll test check testDebugUnitTest connectedAndroidTest installDebug lintRelease uninstallDebug
2019-07-20 15:03:51,816 INFO  SysUtils - Execute command: [/var/folders/bq/vtzpc5ns5sg2cthy61lqpg3dfzgbys/T/1563609740885-0/src/MVPArms-master/gradlew, -b, /var/folders/bq/vtzpc5ns5sg2cthy61lqpg3dfzgbys/T/1563609740885-0/src/MVPArms-master/demo/build.gradle, -Dorg.gradle.daemon=false, -Dorg.gradle.daemon.performance.enable-monitoring=false, -Dorg.gradle.configureondemand=true, --stacktrace, -x, lintDebug, -x, deviceCheck, -x, lint, -x, testReleaseUnitTest, -x, uninstallRelease, -x, deviceAndroidTest, -x, uninstallDebugAndroidTest, -x, installDebugAndroidTest, -x, connectedCheck, -x, connectedDebugAndroidTest, -x, uninstallAll, -x, test, -x, check, -x, testDebugUnitTest, -x, connectedAndroidTest, -x, installDebug, -x, lintRelease, -x, uninstallDebug, build]
2019-07-20 15:04:38,693 INFO  SysUtils - Configuration on demand is an incubating feature.
> Task :demo:preBuild UP-TO-DATE
> Task :demo:preDebugBuild
> Task :demo:compileDebugAidl NO-SOURCE
> Task :demo:compileDebugRenderscript NO-SOURCE
> Task :demo:checkDebugManifest
> Task :demo:generateDebugBuildConfig
> Task :demo:prepareLintJar
> Task :demo:generateDebugSources
> Task :demo:javaPreCompileDebug
> Task :demo:mainApkListPersistenceDebug
> Task :demo:generateDebugResValues
> Task :demo:generateDebugResources
> Task :demo:mergeDebugResources
> Task :demo:createDebugCompatibleScreenManifests
> Task :demo:processDebugManifest
> Task :demo:processDebugResources

> Task :demo:compileDebugJavaWithJavac
Gradle may disable incremental compilation as the following annotation processors are not incremental: butterknife-compiler-9.0.0.jar (com.jakewharton:butterknife-compiler:9.0.0).
Consider setting the experimental feature flag android.enableSeparateAnnotationProcessing=true in the gradle.properties file to run annotation processing in a separate task and make compilation incremental.
Note: /private/var/folders/bq/vtzpc5ns5sg2cthy61lqpg3dfzgbys/T/1563609740885-0/src/MVPArms-master/demo/build/generated/source/apt/debug/me/jessyan/mvparms/demo/di/component/DaggerUserComponent.java uses or overrides a deprecated API.
Note: Recompile with -Xlint:deprecation for details.

> Task :demo:compileDebugSources
> Task :demo:mergeDebugShaders
> Task :demo:compileDebugShaders
> Task :demo:generateDebugAssets
> Task :demo:mergeDebugAssets
> Task :demo:validateSigningDebug
> Task :demo:signingConfigWriterDebug
> Task :demo:checkDebugDuplicateClasses
/Users/vbauer/.gradle/caches/transforms-2/files-2.1/b944711dd72cd0aa647a6fee42ea6d5b/jars/classes.jar: D8: Type `android.support.design.widget.Snackbar` was not found, it is required for default or static interface methods desugaring of `void com.jess.arms.integration.AppManager$1.run()`
/Users/vbauer/.gradle/caches/transforms-2/files-2.1/b944711dd72cd0aa647a6fee42ea6d5b/jars/classes.jar: D8: Type `com.zhy.autolayout.utils.AutoUtils` was not found, it is required for default or static interface methods desugaring of `void com.jess.arms.base.BaseHolder.<init>(android.view.View)`
/Users/vbauer/.gradle/caches/transforms-2/files-2.1/b944711dd72cd0aa647a6fee42ea6d5b/jars/classes.jar: D8: Type `org.greenrobot.eventbus.EventBus` was not found, it is required for default or static interface methods desugaring of `void com.jess.arms.integration.EventBusManager.register(java.lang.Object)`
/Users/vbauer/.gradle/caches/modules-2/files-2.1/com.squareup.retrofit2/retrofit/2.6.0/88ec07b1081599f7e8401650c782ce3f3c0aae07/retrofit-2.6.0.jar: D8: Type `kotlin.jvm.internal.Intrinsics` was not found, it is required for default or static interface methods desugaring of `java.lang.Object retrofit2.KotlinExtensions.create(retrofit2.Retrofit)`
/Users/vbauer/.gradle/caches/modules-2/files-2.1/com.squareup.retrofit2/retrofit/2.6.0/88ec07b1081599f7e8401650c782ce3f3c0aae07/retrofit-2.6.0.jar: D8: Type `kotlin.coroutines.intrinsics.IntrinsicsKt` was not found, it is required for default or static interface methods desugaring of `java.lang.Object retrofit2.KotlinExtensions.await(retrofit2.Call, kotlin.coroutines.Continuation)`
/Users/vbauer/.gradle/caches/modules-2/files-2.1/com.squareup.retrofit2/retrofit/2.6.0/88ec07b1081599f7e8401650c782ce3f3c0aae07/retrofit-2.6.0.jar: D8: Type `kotlin.coroutines.jvm.internal.DebugProbesKt` was not found, it is required for default or static interface methods desugaring of `java.lang.Object retrofit2.KotlinExtensions.await(retrofit2.Call, kotlin.coroutines.Continuation)`
/Users/vbauer/.gradle/caches/modules-2/files-2.1/com.squareup.retrofit2/retrofit/2.6.0/88ec07b1081599f7e8401650c782ce3f3c0aae07/retrofit-2.6.0.jar: D8: Type `kotlin.jvm.internal.Intrinsics` was not found, it is required for default or static interface methods desugaring of `void retrofit2.KotlinExtensions$awaitResponse$2$2.onResponse(retrofit2.Call, retrofit2.Response)`
/Users/vbauer/.gradle/caches/modules-2/files-2.1/com.squareup.retrofit2/retrofit/2.6.0/88ec07b1081599f7e8401650c782ce3f3c0aae07/retrofit-2.6.0.jar: D8: Type `kotlin.Result` was not found, it is required for default or static interface methods desugaring of `void retrofit2.KotlinExtensions$awaitResponse$2$2.onResponse(retrofit2.Call, retrofit2.Response)`
/Users/vbauer/.gradle/caches/modules-2/files-2.1/com.squareup.retrofit2/retrofit/2.6.0/88ec07b1081599f7e8401650c782ce3f3c0aae07/retrofit-2.6.0.jar: D8: Type `kotlin.ResultKt` was not found, it is required for default or static interface methods desugaring of `void retrofit2.KotlinExtensions$awaitResponse$2$2.onFailure(retrofit2.Call, java.lang.Throwable)`
/Users/vbauer/.gradle/caches/modules-2/files-2.1/com.squareup.retrofit2/retrofit/2.6.0/88ec07b1081599f7e8401650c782ce3f3c0aae07/retrofit-2.6.0.jar: D8: Interface `kotlin.jvm.functions.Function1` not found. It's needed to make sure desugaring of `retrofit2.KotlinExtensions$await$$inlined$suspendCancellableCoroutine$lambda$1` is correct. Desugaring will assume that this interface has no default method.
/Users/vbauer/.gradle/caches/modules-2/files-2.1/com.squareup.retrofit2/retrofit/2.6.0/88ec07b1081599f7e8401650c782ce3f3c0aae07/retrofit-2.6.0.jar: D8: Type `kotlin.jvm.internal.Intrinsics` was not found, it is required for default or static interface methods desugaring of `void retrofit2.KotlinExtensions$await$2$2.onResponse(retrofit2.Call, retrofit2.Response)`
/Users/vbauer/.gradle/caches/modules-2/files-2.1/com.squareup.retrofit2/retrofit/2.6.0/88ec07b1081599f7e8401650c782ce3f3c0aae07/retrofit-2.6.0.jar: D8: Type `kotlin.ResultKt` was not found, it is required for default or static interface methods desugaring of `void retrofit2.KotlinExtensions$await$2$2.onResponse(retrofit2.Call, retrofit2.Response)`
/Users/vbauer/.gradle/caches/modules-2/files-2.1/com.squareup.retrofit2/retrofit/2.6.0/88ec07b1081599f7e8401650c782ce3f3c0aae07/retrofit-2.6.0.jar: D8: Type `kotlin.Result` was not found, it is required for default or static interface methods desugaring of `void retrofit2.KotlinExtensions$await$2$2.onResponse(retrofit2.Call, retrofit2.Response)`
/Users/vbauer/.gradle/caches/modules-2/files-2.1/com.squareup.retrofit2/retrofit/2.6.0/88ec07b1081599f7e8401650c782ce3f3c0aae07/retrofit-2.6.0.jar: D8: Type `kotlin.ResultKt` was not found, it is required for default or static interface methods desugaring of `void retrofit2.KotlinExtensions$await$4$2.onResponse(retrofit2.Call, retrofit2.Response)`
/Users/vbauer/.gradle/caches/modules-2/files-2.1/com.squareup.retrofit2/retrofit/2.6.0/88ec07b1081599f7e8401650c782ce3f3c0aae07/retrofit-2.6.0.jar: D8: Type `kotlin.Result` was not found, it is required for default or static interface methods desugaring of `void retrofit2.KotlinExtensions$await$4$2.onResponse(retrofit2.Call, retrofit2.Response)`
/Users/vbauer/.gradle/caches/modules-2/files-2.1/com.squareup.retrofit2/retrofit/2.6.0/88ec07b1081599f7e8401650c782ce3f3c0aae07/retrofit-2.6.0.jar: D8: Interface `kotlin.jvm.functions.Function1` not found. It's needed to make sure desugaring of `retrofit2.KotlinExtensions$awaitResponse$$inlined$suspendCancellableCoroutine$lambda$1` is correct. Desugaring will assume that this interface has no default method.
/Users/vbauer/.gradle/caches/modules-2/files-2.1/com.squareup.okhttp3/okhttp/3.12.3/4a1c4c7b89298e7a00e83e4b3bc75af9cc6307f1/okhttp-3.12.3.jar: D8: Type `org.conscrypt.Conscrypt` was not found, it is required for default or static interface methods desugaring of `java.security.Provider okhttp3.internal.platform.ConscryptPlatform.getProvider()`
D8: synthesized for lambda desugaring: Type `butterknife.Unbinder$-CC` was not found, it is required for default or static interface methods desugaring of `void butterknife.-$$Lambda$Unbinder$aAZZEjRDCcxQlrGZAdKWmLXqruY.unbind()`
> Task :demo:transformClassesWithDexBuilderForDebug
> Task :demo:transformDexArchiveWithExternalLibsDexMergerForDebug
> Task :demo:transformDexArchiveWithDexMergerForDebug
> Task :demo:mergeDebugJniLibFolders
> Task :demo:transformNativeLibsWithMergeJniLibsForDebug
> Task :demo:transformNativeLibsWithStripDebugSymbolForDebug
> Task :demo:processDebugJavaRes NO-SOURCE
> Task :demo:transformResourcesWithMergeJavaResForDebug
> Task :demo:packageDebug
> Task :demo:assembleDebug
> Task :demo:extractProguardFiles
> Task :demo:preReleaseBuild
> Task :demo:compileReleaseAidl NO-SOURCE
> Task :demo:compileReleaseRenderscript NO-SOURCE
> Task :demo:checkReleaseManifest
> Task :demo:generateReleaseBuildConfig
> Task :demo:generateReleaseSources
> Task :demo:javaPreCompileRelease
> Task :demo:mainApkListPersistenceRelease
> Task :demo:generateReleaseResValues
> Task :demo:generateReleaseResources
> Task :demo:mergeReleaseResources
> Task :demo:createReleaseCompatibleScreenManifests
> Task :demo:processReleaseManifest
> Task :demo:processReleaseResources

> Task :demo:compileReleaseJavaWithJavac
Gradle may disable incremental compilation as the following annotation processors are not incremental: butterknife-compiler-9.0.0.jar (com.jakewharton:butterknife-compiler:9.0.0).
Consider setting the experimental feature flag android.enableSeparateAnnotationProcessing=true in the gradle.properties file to run annotation processing in a separate task and make compilation incremental.
Note: /private/var/folders/bq/vtzpc5ns5sg2cthy61lqpg3dfzgbys/T/1563609740885-0/src/MVPArms-master/demo/build/generated/source/apt/release/me/jessyan/mvparms/demo/di/component/DaggerUserComponent.java uses or overrides a deprecated API.
Note: Recompile with -Xlint:deprecation for details.

> Task :demo:compileReleaseSources

> Task :demo:lintVitalRelease
Calling mockable JAR artifact transform to create file: /Users/vbauer/.gradle/caches/transforms-2/files-2.1/85b2615b38a6a691fb76cfbb047cb75a/android.jar with input /Users/vbauer/Library/Android/sdk/platforms/android-28/android.jar

> Task :demo:mergeReleaseShaders
> Task :demo:compileReleaseShaders
> Task :demo:generateReleaseAssets
> Task :demo:mergeReleaseAssets
> Task :demo:signingConfigWriterRelease
> Task :demo:processReleaseJavaRes NO-SOURCE
> Task :demo:transformResourcesWithMergeJavaResForRelease
D8: The rule `-keep public class * extends androidx.versionedparcelable.VersionedParcelable {
  <init>();
}` uses extends but actually matches implements.

> Task :demo:transformClassesAndResourcesWithR8ForRelease
R8 is the new Android code shrinker. If you experience any issues, please file a bug at
https://issuetracker.google.com, using 'Shrinker (R8)' as component name. You can
disable R8 by updating gradle.properties with 'android.enableR8=false'.
Current version is: 1.4.94 (build 390954928f0db9c3b888a367f7f128ce3bbfb160 from go/r8bot (luci-r8-ci-archive-0-5g74)).

D8: Missing class: kotlin.jvm.internal.Lambda
D8: Missing class: kotlin.jvm.functions.Function1

/Users/vbauer/.gradle/caches/modules-2/files-2.1/com.squareup.okhttp3/okhttp/3.12.3/4a1c4c7b89298e7a00e83e4b3bc75af9cc6307f1/okhttp-3.12.3.jar: D8: Type `org.conscrypt.Conscrypt` was not found, it is required for default or static interface methods desugaring of `void okhttp3.internal.platform.ConscryptPlatform.configureSslSocketFactory(javax.net.ssl.SSLSocketFactory)`
/Users/vbauer/.gradle/caches/modules-2/files-2.1/com.squareup.retrofit2/retrofit/2.6.0/88ec07b1081599f7e8401650c782ce3f3c0aae07/retrofit-2.6.0.jar: D8: Type `kotlin.jvm.internal.Intrinsics` was not found, it is required for default or static interface methods desugaring of `void retrofit2.KotlinExtensions$await$2$2.onFailure(retrofit2.Call, java.lang.Throwable)`
/Users/vbauer/.gradle/caches/modules-2/files-2.1/com.squareup.retrofit2/retrofit/2.6.0/88ec07b1081599f7e8401650c782ce3f3c0aae07/retrofit-2.6.0.jar: D8: Type `kotlin.ResultKt` was not found, it is required for default or static interface methods desugaring of `void retrofit2.KotlinExtensions$await$2$2.onFailure(retrofit2.Call, java.lang.Throwable)`
/Users/vbauer/.gradle/caches/modules-2/files-2.1/com.squareup.retrofit2/retrofit/2.6.0/88ec07b1081599f7e8401650c782ce3f3c0aae07/retrofit-2.6.0.jar: D8: Type `kotlin.Result` was not found, it is required for default or static interface methods desugaring of `void retrofit2.KotlinExtensions$await$2$2.onFailure(retrofit2.Call, java.lang.Throwable)`
/Users/vbauer/.gradle/caches/modules-2/files-2.1/com.squareup.retrofit2/retrofit/2.6.0/88ec07b1081599f7e8401650c782ce3f3c0aae07/retrofit-2.6.0.jar: D8: Type `kotlin.coroutines.intrinsics.IntrinsicsKt` was not found, it is required for default or static interface methods desugaring of `java.lang.Object retrofit2.KotlinExtensions.awaitNullable(retrofit2.Call, kotlin.coroutines.Continuation)`
/Users/vbauer/.gradle/caches/modules-2/files-2.1/com.squareup.retrofit2/retrofit/2.6.0/88ec07b1081599f7e8401650c782ce3f3c0aae07/retrofit-2.6.0.jar: D8: Type `kotlin.coroutines.jvm.internal.DebugProbesKt` was not found, it is required for default or static interface methods desugaring of `java.lang.Object retrofit2.KotlinExtensions.await(retrofit2.Call, kotlin.coroutines.Continuation)`
/Users/vbauer/.gradle/caches/transforms-2/files-2.1/b944711dd72cd0aa647a6fee42ea6d5b/jars/classes.jar: D8: Type `com.zhy.autolayout.utils.AutoUtils` was not found, it is required for default or static interface methods desugaring of `void com.jess.arms.base.BaseHolder.<init>(android.view.View)`
/Users/vbauer/.gradle/caches/transforms-2/files-2.1/b944711dd72cd0aa647a6fee42ea6d5b/jars/classes.jar: D8: Type `android.support.design.widget.Snackbar` was not found, it is required for default or static interface methods desugaring of `void com.jess.arms.integration.AppManager$1.run()`
/Users/vbauer/.gradle/caches/transforms-2/files-2.1/b944711dd72cd0aa647a6fee42ea6d5b/jars/classes.jar: D8: Type `org.greenrobot.eventbus.EventBus` was not found, it is required for default or static interface methods desugaring of `void com.jess.arms.integration.EventBusManager.register(java.lang.Object)`
D8: synthesized for lambda desugaring: Type `butterknife.Unbinder$-CC` was not found, it is required for default or static interface methods desugaring of `void butterknife.-$$Lambda$Unbinder$aAZZEjRDCcxQlrGZAdKWmLXqruY.unbind()`

> Task :demo:transformClassesAndResourcesWithR8ForRelease
/Users/vbauer/.gradle/caches/modules-2/files-2.1/com.squareup.retrofit2/retrofit/2.6.0/88ec07b1081599f7e8401650c782ce3f3c0aae07/retrofit-2.6.0.jar: D8: Interface `kotlin.jvm.functions.Function1` not found. It's needed to make sure desugaring of `retrofit2.KotlinExtensions$await$$inlined$suspendCancellableCoroutine$lambda$1` is correct. Desugaring will assume that this interface has no default method.
Removed unused resources: Binary resource data reduced from 560KB to 513KB: Removed 8%

> Task :demo:transformClassesAndDexWithShrinkResForRelease
> Task :demo:mergeReleaseJniLibFolders
> Task :demo:transformNativeLibsWithMergeJniLibsForRelease
> Task :demo:transformNativeLibsWithStripDebugSymbolForRelease
> Task :demo:packageRelease
> Task :demo:assembleRelease
> Task :demo:assemble
> Task :demo:build

Deprecated Gradle features were used in this build, making it incompatible with Gradle 6.0.
Use '--warning-mode all' to show the individual deprecation warnings.
See https://docs.gradle.org/5.1.1/userguide/command_line_interface.html#sec:command_line_warnings

BUILD SUCCESSFUL in 46s
50 actionable tasks: 50 executed

2019-07-20 15:04:38,958 INFO  FullProcessService - Found APK file: /var/folders/bq/vtzpc5ns5sg2cthy61lqpg3dfzgbys/T/1563609740885-0/src/MVPArms-master/demo/build/outputs/apk/release/demo-release-unsigned.apk
