2018-09-05 22:49:58,467 INFO  DownloadService - Downloading "https://github.com/ricardoAntolin/ReactiveFirebasePushMessaging/archive/master.zip", attempt 3
2018-09-05 22:49:59,025 INFO  DownloadService - Downloaded https://github.com/ricardoAntolin/ReactiveFirebasePushMessaging/archive/master.zip, attempt 3
2018-09-05 22:49:59,025 INFO  DownloadService - Size of file "/var/folders/bq/vtzpc5ns5sg2cthy61lqpg3dfzgbys/T/1536162598464-0/master.zip": 152 KB
2018-09-05 22:49:59,025 INFO  ArchiveUtils - Checking entries [.gradle] in ZIP file...
2018-09-05 22:49:59,031 INFO  ArchiveUtils - Has entries [.gradle] in ZIP file /var/folders/bq/vtzpc5ns5sg2cthy61lqpg3dfzgbys/T/1536162598464-0/master.zip: true
2018-09-05 22:49:59,031 DEBUG ZipUtil - Extracting '/var/folders/bq/vtzpc5ns5sg2cthy61lqpg3dfzgbys/T/1536162598464-0/master.zip' into '/var/folders/bq/vtzpc5ns5sg2cthy61lqpg3dfzgbys/T/1536162598464-0/src'.
2018-09-05 22:49:59,051 INFO  FullProcessService - Size of directory with sources: 159 KB
2018-09-05 22:49:59,051 INFO  SysUtils - Execute command: [git, init, /var/folders/bq/vtzpc5ns5sg2cthy61lqpg3dfzgbys/T/1536162598464-0/src]
2018-09-05 22:49:59,068 INFO  SysUtils - Initialized empty Git repository in /private/var/folders/bq/vtzpc5ns5sg2cthy61lqpg3dfzgbys/T/1536162598464-0/src/.git/

2018-09-05 22:49:59,071 INFO  ProjectBuildService - Gradle wrapper(s): /var/folders/bq/vtzpc5ns5sg2cthy61lqpg3dfzgbys/T/1536162598464-0/src/ReactiveFirebasePushMessaging-master/gradlew
2018-09-05 22:49:59,074 INFO  ProjectBuildService - Build script(s): /var/folders/bq/vtzpc5ns5sg2cthy61lqpg3dfzgbys/T/1536162598464-0/src/ReactiveFirebasePushMessaging-master/rxpush/build.gradle /var/folders/bq/vtzpc5ns5sg2cthy61lqpg3dfzgbys/T/1536162598464-0/src/ReactiveFirebasePushMessaging-master/sample/build.gradle /var/folders/bq/vtzpc5ns5sg2cthy61lqpg3dfzgbys/T/1536162598464-0/src/ReactiveFirebasePushMessaging-master/build.gradle
2018-09-05 22:49:59,077 INFO  ProjectBuildService - All script(s): /var/folders/bq/vtzpc5ns5sg2cthy61lqpg3dfzgbys/T/1536162598464-0/src/ReactiveFirebasePushMessaging-master/rxpush/build.gradle /var/folders/bq/vtzpc5ns5sg2cthy61lqpg3dfzgbys/T/1536162598464-0/src/ReactiveFirebasePushMessaging-master/build.gradle /var/folders/bq/vtzpc5ns5sg2cthy61lqpg3dfzgbys/T/1536162598464-0/src/ReactiveFirebasePushMessaging-master/sample/build.gradle /var/folders/bq/vtzpc5ns5sg2cthy61lqpg3dfzgbys/T/1536162598464-0/src/ReactiveFirebasePushMessaging-master/settings.gradle
2018-09-05 22:49:59,084 INFO  DownloadService - Downloading "https://raw.githubusercontent.com/blundell/release-android-library/master/android-release-jar.gradle", attempt 3
2018-09-05 22:49:59,918 INFO  DownloadService - Downloaded https://raw.githubusercontent.com/blundell/release-android-library/master/android-release-jar.gradle, attempt 3
2018-09-05 22:49:59,918 INFO  ProjectBuildService - Remote scripts: https://raw.githubusercontent.com/blundell/release-android-library/master/android-release-jar.gradle
2018-09-05 22:49:59,918 INFO  ProjectFixService - Fixing project...
2018-09-05 22:49:59,927 INFO  LocalPropertiesFixService - Created fake /var/folders/bq/vtzpc5ns5sg2cthy61lqpg3dfzgbys/T/1536162598464-0/src/ReactiveFirebasePushMessaging-master/rxpush/local.properties
2018-09-05 22:49:59,928 INFO  ProjectFixService - Build info for "/var/folders/bq/vtzpc5ns5sg2cthy61lqpg3dfzgbys/T/1536162598464-0/src/ReactiveFirebasePushMessaging-master/rxpush/build.gradle": [buildToolsVersion=25.0.3,compileSdkVersion=25,minSdkVersion=15,targetSdkVersion=25]
2018-09-05 22:49:59,928 INFO  LocalPropertiesFixService - Created fake /var/folders/bq/vtzpc5ns5sg2cthy61lqpg3dfzgbys/T/1536162598464-0/src/ReactiveFirebasePushMessaging-master/sample/local.properties
2018-09-05 22:49:59,929 INFO  ProjectFixService - Build info for "/var/folders/bq/vtzpc5ns5sg2cthy61lqpg3dfzgbys/T/1536162598464-0/src/ReactiveFirebasePushMessaging-master/sample/build.gradle": [buildToolsVersion=25.0.3,compileSdkVersion=25,minSdkVersion=16,targetSdkVersion=25]
2018-09-05 22:49:59,929 INFO  LocalPropertiesFixService - Created fake /var/folders/bq/vtzpc5ns5sg2cthy61lqpg3dfzgbys/T/1536162598464-0/src/ReactiveFirebasePushMessaging-master/local.properties
2018-09-05 22:49:59,930 INFO  WrapperPropertiesFixService - Gradle wrapper: https://services.gradle.org/distributions/gradle-3.3-all.zip
2018-09-05 22:49:59,930 INFO  WrapperPropertiesFixService - Gradle wrapper was changed from "-all.zip" to "-bin.zip" (https://services.gradle.org/distributions/gradle-3.3-bin.zip)
2018-09-05 22:49:59,931 INFO  ProjectFixService - Build info for "/var/folders/bq/vtzpc5ns5sg2cthy61lqpg3dfzgbys/T/1536162598464-0/src/ReactiveFirebasePushMessaging-master/build.gradle": [buildToolsVersion=25.0.3,compileSdkVersion=25,minSdkVersion=15,targetSdkVersion=25]
2018-09-05 22:49:59,931 INFO  ProjectFixService - Project was maybe fixed
2018-09-05 22:49:59,931 INFO  ProjectTaskService - Detecting possible tasks...
2018-09-05 22:49:59,931 INFO  SysUtils - Execute command: [/var/folders/bq/vtzpc5ns5sg2cthy61lqpg3dfzgbys/T/1536162598464-0/src/ReactiveFirebasePushMessaging-master/gradlew, -b, /var/folders/bq/vtzpc5ns5sg2cthy61lqpg3dfzgbys/T/1536162598464-0/src/ReactiveFirebasePushMessaging-master/rxpush/build.gradle, -Dorg.gradle.daemon=false, -Dorg.gradle.daemon.performance.enable-monitoring=false, -Dorg.gradle.configureondemand=true, tasks]
2018-09-05 22:50:12,174 INFO  ProjectTaskService - Detected possible tasks: 73
2018-09-05 22:50:12,174 INFO  ProjectTaskService - Excluded tasks (19): lintDebug mockableAndroidJar androidJavadocs deviceCheck lint androidSourcesJar testReleaseUnitTest deviceAndroidTest uninstallDebugAndroidTest installDebugAndroidTest connectedCheck connectedDebugAndroidTest uninstallAll androidJavadocsJar test check testDebugUnitTest connectedAndroidTest lintRelease
2018-09-05 22:50:12,174 INFO  SysUtils - Execute command: [/var/folders/bq/vtzpc5ns5sg2cthy61lqpg3dfzgbys/T/1536162598464-0/src/ReactiveFirebasePushMessaging-master/gradlew, -b, /var/folders/bq/vtzpc5ns5sg2cthy61lqpg3dfzgbys/T/1536162598464-0/src/ReactiveFirebasePushMessaging-master/rxpush/build.gradle, -Dorg.gradle.daemon=false, -Dorg.gradle.daemon.performance.enable-monitoring=false, -Dorg.gradle.configureondemand=true, --stacktrace, -x, lintDebug, -x, mockableAndroidJar, -x, androidJavadocs, -x, deviceCheck, -x, lint, -x, androidSourcesJar, -x, testReleaseUnitTest, -x, deviceAndroidTest, -x, uninstallDebugAndroidTest, -x, installDebugAndroidTest, -x, connectedCheck, -x, connectedDebugAndroidTest, -x, uninstallAll, -x, androidJavadocsJar, -x, test, -x, check, -x, testDebugUnitTest, -x, connectedAndroidTest, -x, lintRelease, build]
2018-09-05 22:50:28,631 INFO  SysUtils - Configuration on demand is an incubating feature.
:rxpush:preBuild UP-TO-DATE
:rxpush:preDebugBuild UP-TO-DATE
:rxpush:checkDebugManifest
:rxpush:preDebugAndroidTestBuild UP-TO-DATE
:rxpush:preDebugUnitTestBuild UP-TO-DATE
:rxpush:preReleaseBuild UP-TO-DATE
:rxpush:preReleaseUnitTestBuild UP-TO-DATE
:rxpush:prepareComAndroidSupportSupportV42400Library
:rxpush:prepareComGoogleAndroidGmsPlayServicesBasement1020Library
:rxpush:prepareComGoogleAndroidGmsPlayServicesTasks1020Library
:rxpush:prepareComGoogleFirebaseFirebaseCommon1020Library
:rxpush:prepareComGoogleFirebaseFirebaseIid1020Library
:rxpush:prepareComGoogleFirebaseFirebaseMessaging1020Library
:rxpush:prepareIoReactivexRxjava2Rxandroid201Library
:rxpush:prepareDebugDependencies
:rxpush:compileDebugAidl
:rxpush:compileDebugNdk UP-TO-DATE
:rxpush:compileLint
:rxpush:copyDebugLint UP-TO-DATE
:rxpush:compileDebugRenderscript
:rxpush:generateDebugBuildConfig
:rxpush:generateDebugResValues
:rxpush:generateDebugResources
:rxpush:mergeDebugResources
:rxpush:processDebugManifest
:rxpush:processDebugResources
:rxpush:generateDebugSources
:rxpush:incrementalDebugJavaCompilationSafeguard
:rxpush:javaPreCompileDebug
:rxpush:compileDebugKotlin
Using kotlin incremental compilation
:rxpush:compileDebugJavaWithJavac
:rxpush:copyDebugKotlinClasses
:rxpush:extractDebugAnnotations
:rxpush:mergeDebugShaders
:rxpush:compileDebugShaders
:rxpush:generateDebugAssets
:rxpush:mergeDebugAssets
:rxpush:mergeDebugProguardFiles
:rxpush:packageDebugRenderscript UP-TO-DATE
:rxpush:packageDebugResources
:rxpush:processDebugJavaRes UP-TO-DATE
:rxpush:transformResourcesWithMergeJavaResForDebug
:rxpush:transformClassesAndResourcesWithSyncLibJarsForDebug
:rxpush:mergeDebugJniLibFolders
:rxpush:transformNativeLibsWithMergeJniLibsForDebug
:rxpush:transformNativeLibsWithStripDebugSymbolForDebug
:rxpush:transformNativeLibsWithSyncJniLibsForDebug
:rxpush:bundleDebug
:rxpush:compileDebugSources
:rxpush:assembleDebug
:rxpush:checkReleaseManifest
:rxpush:prepareReleaseDependencies
:rxpush:compileReleaseAidl
:rxpush:compileReleaseNdk UP-TO-DATE
:rxpush:copyReleaseLint UP-TO-DATE
:rxpush:compileReleaseRenderscript
:rxpush:generateReleaseBuildConfig
:rxpush:generateReleaseResValues
:rxpush:generateReleaseResources
:rxpush:mergeReleaseResources
:rxpush:processReleaseManifest
:rxpush:processReleaseResources
:rxpush:generateReleaseSources
:rxpush:incrementalReleaseJavaCompilationSafeguard
:rxpush:javaPreCompileRelease
:rxpush:compileReleaseKotlin
Using kotlin incremental compilation
:rxpush:compileReleaseJavaWithJavac
:rxpush:copyReleaseKotlinClasses
:rxpush:extractReleaseAnnotations
:rxpush:mergeReleaseShaders
:rxpush:compileReleaseShaders
:rxpush:generateReleaseAssets
:rxpush:mergeReleaseAssets
:rxpush:mergeReleaseProguardFiles
:rxpush:packageReleaseRenderscript UP-TO-DATE
:rxpush:packageReleaseResources
:rxpush:processReleaseJavaRes UP-TO-DATE
:rxpush:transformResourcesWithMergeJavaResForRelease
:rxpush:transformClassesAndResourcesWithSyncLibJarsForRelease
:rxpush:mergeReleaseJniLibFolders
:rxpush:transformNativeLibsWithMergeJniLibsForRelease
:rxpush:transformNativeLibsWithStripDebugSymbolForRelease
:rxpush:transformNativeLibsWithSyncJniLibsForRelease
:rxpush:bundleRelease
:rxpush:compileReleaseSources
:rxpush:assembleRelease
:rxpush:jarRelease
:rxpush:assemble
:rxpush:build

BUILD SUCCESSFUL

Total time: 15.825 secs

2018-09-05 22:50:28,674 INFO  ProjectTaskService - Detecting possible tasks...
2018-09-05 22:50:28,674 INFO  SysUtils - Execute command: [/var/folders/bq/vtzpc5ns5sg2cthy61lqpg3dfzgbys/T/1536162598464-0/src/ReactiveFirebasePushMessaging-master/gradlew, -b, /var/folders/bq/vtzpc5ns5sg2cthy61lqpg3dfzgbys/T/1536162598464-0/src/ReactiveFirebasePushMessaging-master/sample/build.gradle, -Dorg.gradle.daemon=false, -Dorg.gradle.daemon.performance.enable-monitoring=false, -Dorg.gradle.configureondemand=true, tasks]
2018-09-05 22:50:37,596 INFO  ProjectTaskService - Detected possible tasks: 70
2018-09-05 22:50:37,597 INFO  ProjectTaskService - Excluded tasks (22): lintDebug mockableAndroidJar androidJavadocs deviceCheck lint androidSourcesJar testReleaseUnitTest uninstallRelease deviceAndroidTest uninstallDebugAndroidTest installDebugAndroidTest connectedCheck connectedDebugAndroidTest uninstallAll androidJavadocsJar test check testDebugUnitTest connectedAndroidTest installDebug lintRelease uninstallDebug
2018-09-05 22:50:37,597 INFO  SysUtils - Execute command: [/var/folders/bq/vtzpc5ns5sg2cthy61lqpg3dfzgbys/T/1536162598464-0/src/ReactiveFirebasePushMessaging-master/gradlew, -b, /var/folders/bq/vtzpc5ns5sg2cthy61lqpg3dfzgbys/T/1536162598464-0/src/ReactiveFirebasePushMessaging-master/sample/build.gradle, -Dorg.gradle.daemon=false, -Dorg.gradle.daemon.performance.enable-monitoring=false, -Dorg.gradle.configureondemand=true, --stacktrace, -x, lintDebug, -x, mockableAndroidJar, -x, androidJavadocs, -x, deviceCheck, -x, lint, -x, androidSourcesJar, -x, testReleaseUnitTest, -x, uninstallRelease, -x, deviceAndroidTest, -x, uninstallDebugAndroidTest, -x, installDebugAndroidTest, -x, connectedCheck, -x, connectedDebugAndroidTest, -x, uninstallAll, -x, androidJavadocsJar, -x, test, -x, check, -x, testDebugUnitTest, -x, connectedAndroidTest, -x, installDebug, -x, lintRelease, -x, uninstallDebug, build]
2018-09-05 22:50:45,980 ERROR SysUtils - Could not process external command
org.apache.commons.exec.ExecuteException: Process exited with an error: 1 (Exit value: 1)
	at org.apache.commons.exec.DefaultExecutor.executeInternal(DefaultExecutor.java:404)
	at org.apache.commons.exec.DefaultExecutor.execute(DefaultExecutor.java:166)
	at com.github.vbauer.apkmaster.util.SysUtils.execute(SysUtils.java:67)
	at com.github.vbauer.apkmaster.util.SysUtils.executeSimple(SysUtils.java:43)
	at com.github.vbauer.apkmaster.service.assembly.ProjectBuildService.buildProject(ProjectBuildService.java:78)
	at com.github.vbauer.apkmaster.service.assembly.ProjectBuildService.buildProject(ProjectBuildService.java:64)
	at com.github.vbauer.apkmaster.service.assembly.ProjectBuildService.buildProject(ProjectBuildService.java:43)
	at com.github.vbauer.apkmaster.service.FullProcessService.build(FullProcessService.java:84)
	at com.github.vbauer.apkmaster.service.FullProcessService.process(FullProcessService.java:34)
	at com.github.vbauer.apkmaster.app.MainApplication.process(MainApplication.java:38)
	at com.github.vbauer.apkmaster.app.MainApplication.main(MainApplication.java:20)
	at sun.reflect.NativeMethodAccessorImpl.invoke0(Native Method)
	at sun.reflect.NativeMethodAccessorImpl.invoke(NativeMethodAccessorImpl.java:62)
	at sun.reflect.DelegatingMethodAccessorImpl.invoke(DelegatingMethodAccessorImpl.java:43)
	at java.lang.reflect.Method.invoke(Method.java:498)
	at com.android.arsenal.util.ReflectionUtils.invoke(ReflectionUtils.java:52)
	at com.android.arsenal.util.ApkMasterUtils.main(ApkMasterUtils.java:30)
	at com.android.arsenal.service.processor.impl.BuildProcessorServiceImpl.buildProject(BuildProcessorServiceImpl.java:196)
	at com.android.arsenal.service.processor.impl.BuildProcessorServiceImpl.build(BuildProcessorServiceImpl.java:130)
	at com.android.arsenal.service.processor.impl.BuildProcessorServiceImpl.lambda$createTasks$1(BuildProcessorServiceImpl.java:113)
	at java.util.concurrent.FutureTask.run(FutureTask.java:266)
	at java.util.concurrent.Executors$RunnableAdapter.call(Executors.java:511)
	at java.util.concurrent.FutureTask.run(FutureTask.java:266)
	at java.util.concurrent.ThreadPoolExecutor.runWorker(ThreadPoolExecutor.java:1149)
	at java.util.concurrent.ThreadPoolExecutor$Worker.run(ThreadPoolExecutor.java:624)
	at java.lang.Thread.run(Thread.java:748)
2018-09-05 22:50:45,981 INFO  SysUtils - Configuration on demand is an incubating feature.

FAILURE: Build failed with an exception.

* What went wrong:
Task 'androidJavadocs' not found in project ':sample'.

* Try:
Run gradlew tasks to get a list of available tasks. Run with --info or --debug option to get more log output.

* Exception is:
org.gradle.execution.TaskSelectionException: Task 'androidJavadocs' not found in project ':sample'.
	at org.gradle.execution.TaskSelector.getSelection(TaskSelector.java:116)
	at org.gradle.execution.TaskSelector.getFilter(TaskSelector.java:66)
	at org.gradle.execution.ExcludedTaskFilteringBuildConfigurationAction.configure(ExcludedTaskFilteringBuildConfigurationAction.java:42)
	at org.gradle.execution.DefaultBuildConfigurationActionExecuter.configure(DefaultBuildConfigurationActionExecuter.java:48)
	at org.gradle.execution.DefaultBuildConfigurationActionExecuter.select(DefaultBuildConfigurationActionExecuter.java:36)
	at org.gradle.initialization.DefaultGradleLauncher$2.execute(DefaultGradleLauncher.java:185)
	at org.gradle.initialization.DefaultGradleLauncher$2.execute(DefaultGradleLauncher.java:182)
	at org.gradle.internal.Transformers$4.transform(Transformers.java:169)
	at org.gradle.internal.progress.DefaultBuildOperationExecutor.run(DefaultBuildOperationExecutor.java:106)
	at org.gradle.internal.progress.DefaultBuildOperationExecutor.run(DefaultBuildOperationExecutor.java:56)
	at org.gradle.initialization.DefaultGradleLauncher.doBuildStages(DefaultGradleLauncher.java:182)
	at org.gradle.initialization.DefaultGradleLauncher.doBuild(DefaultGradleLauncher.java:119)
	at org.gradle.initialization.DefaultGradleLauncher.run(DefaultGradleLauncher.java:102)
	at org.gradle.launcher.exec.GradleBuildController.run(GradleBuildController.java:71)
	at org.gradle.tooling.internal.provider.ExecuteBuildActionRunner.run(ExecuteBuildActionRunner.java:28)
	at org.gradle.launcher.exec.ChainingBuildActionRunner.run(ChainingBuildActionRunner.java:35)
	at org.gradle.launcher.exec.InProcessBuildActionExecuter.execute(InProcessBuildActionExecuter.java:41)
	at org.gradle.launcher.exec.InProcessBuildActionExecuter.execute(InProcessBuildActionExecuter.java:26)
	at org.gradle.tooling.internal.provider.ContinuousBuildActionExecuter.execute(ContinuousBuildActionExecuter.java:75)
	at org.gradle.tooling.internal.provider.ContinuousBuildActionExecuter.execute(ContinuousBuildActionExecuter.java:49)
	at org.gradle.tooling.internal.provider.ServicesSetupBuildActionExecuter.execute(ServicesSetupBuildActionExecuter.java:44)
	at org.gradle.tooling.internal.provider.ServicesSetupBuildActionExecuter.execute(ServicesSetupBuildActionExecuter.java:29)
	at org.gradle.launcher.cli.RunBuildAction.run(RunBuildAction.java:51)
	at org.gradle.internal.Actions$RunnableActionAdapter.execute(Actions.java:173)
	at org.gradle.launcher.cli.CommandLineActionFactory$ParseAndBuildAction.execute(CommandLineActionFactory.java:244)
	at org.gradle.launcher.cli.CommandLineActionFactory$ParseAndBuildAction.execute(CommandLineActionFactory.java:217)
	at org.gradle.launcher.cli.JavaRuntimeValidationAction.execute(JavaRuntimeValidationAction.java:33)
	at org.gradle.launcher.cli.JavaRuntimeValidationAction.execute(JavaRuntimeValidationAction.java:24)
	at org.gradle.launcher.cli.ExceptionReportingAction.execute(ExceptionReportingAction.java:33)
	at org.gradle.launcher.cli.ExceptionReportingAction.execute(ExceptionReportingAction.java:22)
	at org.gradle.launcher.cli.CommandLineActionFactory$WithLogging.execute(CommandLineActionFactory.java:210)
	at org.gradle.launcher.cli.CommandLineActionFactory$WithLogging.execute(CommandLineActionFactory.java:174)
	at org.gradle.launcher.Main.doAction(Main.java:33)
	at org.gradle.launcher.bootstrap.EntryPoint.run(EntryPoint.java:45)
	at org.gradle.launcher.bootstrap.ProcessBootstrap.runNoExit(ProcessBootstrap.java:60)
	at org.gradle.launcher.bootstrap.ProcessBootstrap.run(ProcessBootstrap.java:37)
	at org.gradle.launcher.GradleMain.main(GradleMain.java:23)
	at org.gradle.wrapper.BootstrapMainStarter.start(BootstrapMainStarter.java:30)
	at org.gradle.wrapper.WrapperExecutor.execute(WrapperExecutor.java:129)
	at org.gradle.wrapper.GradleWrapperMain.main(GradleWrapperMain.java:61)


BUILD FAILED

Total time: 8.065 secs

2018-09-05 22:50:45,981 ERROR ProjectBuildService - Excluded tasks were detected wrong
2018-09-05 22:50:45,981 INFO  SysUtils - Execute command: [/var/folders/bq/vtzpc5ns5sg2cthy61lqpg3dfzgbys/T/1536162598464-0/src/ReactiveFirebasePushMessaging-master/gradlew, -b, /var/folders/bq/vtzpc5ns5sg2cthy61lqpg3dfzgbys/T/1536162598464-0/src/ReactiveFirebasePushMessaging-master/sample/build.gradle, -Dorg.gradle.daemon=false, -Dorg.gradle.daemon.performance.enable-monitoring=false, -Dorg.gradle.configureondemand=true, --stacktrace, build]
2018-09-05 22:51:25,353 INFO  SysUtils - Configuration on demand is an incubating feature.
:rxpush:preBuild UP-TO-DATE
:rxpush:preReleaseBuild UP-TO-DATE
:rxpush:checkReleaseManifest
:rxpush:preDebugAndroidTestBuild UP-TO-DATE
:rxpush:preDebugBuild UP-TO-DATE
:rxpush:preDebugUnitTestBuild UP-TO-DATE
:rxpush:preReleaseUnitTestBuild UP-TO-DATE
:rxpush:prepareComAndroidSupportSupportV42400Library
:rxpush:prepareComGoogleAndroidGmsPlayServicesBasement1020Library
:rxpush:prepareComGoogleAndroidGmsPlayServicesTasks1020Library
:rxpush:prepareComGoogleFirebaseFirebaseCommon1020Library
:rxpush:prepareComGoogleFirebaseFirebaseIid1020Library
:rxpush:prepareComGoogleFirebaseFirebaseMessaging1020Library
:rxpush:prepareIoReactivexRxjava2Rxandroid201Library
:rxpush:prepareReleaseDependencies
:rxpush:compileReleaseAidl UP-TO-DATE
:rxpush:compileReleaseNdk UP-TO-DATE
:rxpush:compileLint UP-TO-DATE
:rxpush:copyReleaseLint UP-TO-DATE
:rxpush:compileReleaseRenderscript UP-TO-DATE
:rxpush:generateReleaseBuildConfig UP-TO-DATE
:rxpush:generateReleaseResValues UP-TO-DATE
:rxpush:generateReleaseResources UP-TO-DATE
:rxpush:mergeReleaseResources UP-TO-DATE
:rxpush:processReleaseManifest UP-TO-DATE
:rxpush:processReleaseResources UP-TO-DATE
:rxpush:generateReleaseSources UP-TO-DATE
:rxpush:incrementalReleaseJavaCompilationSafeguard UP-TO-DATE
:rxpush:javaPreCompileRelease
:rxpush:compileReleaseKotlin UP-TO-DATE
:rxpush:compileReleaseJavaWithJavac UP-TO-DATE
:rxpush:copyReleaseKotlinClasses UP-TO-DATE
:rxpush:extractReleaseAnnotations UP-TO-DATE
:rxpush:mergeReleaseShaders UP-TO-DATE
:rxpush:compileReleaseShaders UP-TO-DATE
:rxpush:generateReleaseAssets UP-TO-DATE
:rxpush:mergeReleaseAssets UP-TO-DATE
:rxpush:mergeReleaseProguardFiles UP-TO-DATE
:rxpush:packageReleaseRenderscript UP-TO-DATE
:rxpush:packageReleaseResources UP-TO-DATE
:rxpush:processReleaseJavaRes UP-TO-DATE
:rxpush:transformResourcesWithMergeJavaResForRelease UP-TO-DATE
:rxpush:transformClassesAndResourcesWithSyncLibJarsForRelease UP-TO-DATE
:rxpush:mergeReleaseJniLibFolders UP-TO-DATE
:rxpush:transformNativeLibsWithMergeJniLibsForRelease UP-TO-DATE
:rxpush:transformNativeLibsWithStripDebugSymbolForRelease UP-TO-DATE
:rxpush:transformNativeLibsWithSyncJniLibsForRelease UP-TO-DATE
:rxpush:bundleRelease UP-TO-DATE
:sample:preBuild UP-TO-DATE
:sample:preDebugBuild UP-TO-DATE
:sample:checkDebugManifest
:sample:preReleaseBuild UP-TO-DATE
:sample:prepareComAndroidSupportAnimatedVectorDrawable2531Library
:sample:prepareComAndroidSupportAppcompatV72531Library
:sample:prepareComAndroidSupportConstraintConstraintLayout102Library
:sample:prepareComAndroidSupportSupportCompat2531Library
:sample:prepareComAndroidSupportSupportCoreUi2531Library
:sample:prepareComAndroidSupportSupportCoreUtils2531Library
:sample:prepareComAndroidSupportSupportFragment2531Library
:sample:prepareComAndroidSupportSupportMediaCompat2531Library
:sample:prepareComAndroidSupportSupportV42531Library
:sample:prepareComAndroidSupportSupportVectorDrawable2531Library
:sample:prepareComGoogleAndroidGmsPlayServicesBasement1020Library
:sample:prepareComGoogleAndroidGmsPlayServicesTasks1020Library
:sample:prepareComGoogleFirebaseFirebaseCommon1020Library
:sample:prepareComGoogleFirebaseFirebaseIid1020Library
:sample:prepareComGoogleFirebaseFirebaseMessaging1020Library
:sample:prepareIoReactivexRxjava2Rxandroid201Library
:sample:prepareDebugDependencies
:sample:compileDebugAidl
:sample:compileDebugRenderscript
:sample:generateDebugBuildConfig
:sample:generateDebugResValues
:sample:generateDebugResources
:sample:mergeDebugResources
:sample:processDebugManifest
:sample:processDebugResources
:sample:generateDebugSources
:sample:incrementalDebugJavaCompilationSafeguard
:sample:javaPreCompileDebug
:sample:compileDebugKotlin
Using kotlin incremental compilation
w: /private/var/folders/bq/vtzpc5ns5sg2cthy61lqpg3dfzgbys/T/1536162598464-0/src/ReactiveFirebasePushMessaging-master/sample/src/main/kotlin/io/eraiki/reactivefirebasepushmessaging/JobExecutor.kt: (22, 13): Condition 'runnable == null' is always 'false'
w: /private/var/folders/bq/vtzpc5ns5sg2cthy61lqpg3dfzgbys/T/1536162598464-0/src/ReactiveFirebasePushMessaging-master/sample/src/main/kotlin/io/eraiki/reactivefirebasepushmessaging/MainActivity.kt: (31, 22): Parameter 'deviceToken' is never used
:sample:compileDebugJavaWithJavac
:sample:copyDebugKotlinClasses
:sample:compileDebugNdk UP-TO-DATE
:sample:compileDebugSources
:sample:mergeDebugShaders
:sample:compileDebugShaders
:sample:generateDebugAssets
:sample:mergeDebugAssets
:sample:transformClassesWithDexForDebug
:sample:mergeDebugJniLibFolders
:sample:transformNativeLibsWithMergeJniLibsForDebug
:sample:transformNativeLibsWithStripDebugSymbolForDebug
:sample:processDebugJavaRes UP-TO-DATE
:sample:transformResourcesWithMergeJavaResForDebug
:sample:validateSigningDebug
:sample:packageDebug
:sample:assembleDebug
:sample:checkReleaseManifest
:sample:prepareReleaseDependencies
:sample:compileReleaseAidl
:sample:compileReleaseRenderscript
:sample:generateReleaseBuildConfig
:sample:generateReleaseResValues
:sample:generateReleaseResources
:sample:mergeReleaseResources
:sample:processReleaseManifest
:sample:processReleaseResources
:sample:generateReleaseSources
:sample:incrementalReleaseJavaCompilationSafeguard
:sample:javaPreCompileRelease
:sample:compileReleaseKotlin
Using kotlin incremental compilation
w: /private/var/folders/bq/vtzpc5ns5sg2cthy61lqpg3dfzgbys/T/1536162598464-0/src/ReactiveFirebasePushMessaging-master/sample/src/main/kotlin/io/eraiki/reactivefirebasepushmessaging/JobExecutor.kt: (22, 13): Condition 'runnable == null' is always 'false'
w: /private/var/folders/bq/vtzpc5ns5sg2cthy61lqpg3dfzgbys/T/1536162598464-0/src/ReactiveFirebasePushMessaging-master/sample/src/main/kotlin/io/eraiki/reactivefirebasepushmessaging/MainActivity.kt: (31, 22): Parameter 'deviceToken' is never used
:sample:compileReleaseJavaWithJavac
:sample:copyReleaseKotlinClasses
:sample:compileReleaseNdk UP-TO-DATE
:sample:compileReleaseSources
:sample:lintVitalRelease
:sample:mergeReleaseShaders
:sample:compileReleaseShaders
:sample:generateReleaseAssets
:sample:mergeReleaseAssets
:sample:transformClassesWithDexForRelease
:sample:mergeReleaseJniLibFolders
:sample:transformNativeLibsWithMergeJniLibsForRelease
:sample:transformNativeLibsWithStripDebugSymbolForRelease
:sample:processReleaseJavaRes UP-TO-DATE
:sample:transformResourcesWithMergeJavaResForRelease
:sample:packageRelease
:sample:assembleRelease
:sample:assemble
:sample:lint
Ran lint on variant release: 7 issues found
Ran lint on variant debug: 7 issues found
Wrote HTML report to file:///private/var/folders/bq/vtzpc5ns5sg2cthy61lqpg3dfzgbys/T/1536162598464-0/src/ReactiveFirebasePushMessaging-master/sample/build/reports/lint-results.html
Wrote XML report to file:///private/var/folders/bq/vtzpc5ns5sg2cthy61lqpg3dfzgbys/T/1536162598464-0/src/ReactiveFirebasePushMessaging-master/sample/build/reports/lint-results.xml
:sample:incrementalDebugUnitTestJavaCompilationSafeguard UP-TO-DATE
:sample:javaPreCompileDebugUnitTest
:sample:preDebugUnitTestBuild UP-TO-DATE
:sample:prepareDebugUnitTestDependencies
:sample:compileDebugUnitTestKotlin
:sample:compileDebugUnitTestJavaWithJavac
:sample:processDebugUnitTestJavaRes UP-TO-DATE
:sample:compileDebugUnitTestSources
:sample:mockableAndroidJar
:sample:assembleDebugUnitTest
:sample:copyDebugUnitTestKotlinClasses
:sample:testDebugUnitTest
:sample:incrementalReleaseUnitTestJavaCompilationSafeguard UP-TO-DATE
:sample:javaPreCompileReleaseUnitTest
:sample:preReleaseUnitTestBuild UP-TO-DATE
:sample:prepareReleaseUnitTestDependencies
:sample:compileReleaseUnitTestKotlin
:sample:compileReleaseUnitTestJavaWithJavac
:sample:processReleaseUnitTestJavaRes UP-TO-DATE
:sample:compileReleaseUnitTestSources
:sample:assembleReleaseUnitTest
:sample:copyReleaseUnitTestKotlinClasses
:sample:testReleaseUnitTest
:sample:test
:sample:check
:sample:build

BUILD SUCCESSFUL

Total time: 38.58 secs

2018-09-05 22:51:25,472 INFO  FullProcessService - Found APK file: /var/folders/bq/vtzpc5ns5sg2cthy61lqpg3dfzgbys/T/1536162598464-0/src/ReactiveFirebasePushMessaging-master/sample/build/outputs/apk/sample-debug.apk
