2019-03-16 21:34:39,331 INFO  DownloadService - Downloading "https://github.com/Kunzisoft/AndroidClearChroma/archive/master.zip", attempt 3
2019-03-16 21:35:39,866 INFO  GithubDownloadService - Could not find ZIP archive for master branch
2019-03-16 21:35:41,060 INFO  GithubDownloadService - Default branch of this repository: master
2019-03-16 21:35:41,060 INFO  DownloadService - Downloading "https://github.com/Kunzisoft/AndroidClearChroma/archive/master.zip", attempt 3
2019-03-16 21:36:42,527 DEBUG FullProcessService - Repository https://github.com/Kunzisoft/AndroidClearChroma available: true
2019-03-16 21:36:42,527 INFO  FullProcessService - Could not download ZIP file from Github, lets clone it
2019-03-16 21:36:42,527 INFO  SysUtils - Execute command: [git, clone, -q, --single-branch, --depth, 1, https://github.com/Kunzisoft/AndroidClearChroma, /var/folders/bq/vtzpc5ns5sg2cthy61lqpg3dfzgbys/T/1552746879328-0/src]
2019-03-16 21:36:45,176 INFO  SysUtils - 
2019-03-16 21:36:45,184 INFO  GitService - Deleted "/var/folders/bq/vtzpc5ns5sg2cthy61lqpg3dfzgbys/T/1552746879328-0/src/.git": true
2019-03-16 21:36:45,190 INFO  FullProcessService - Size of directory with sources: 2 MB
2019-03-16 21:36:45,190 INFO  SysUtils - Execute command: [git, init, /var/folders/bq/vtzpc5ns5sg2cthy61lqpg3dfzgbys/T/1552746879328-0/src]
2019-03-16 21:36:45,208 INFO  SysUtils - Initialized empty Git repository in /private/var/folders/bq/vtzpc5ns5sg2cthy61lqpg3dfzgbys/T/1552746879328-0/src/.git/

2019-03-16 21:36:45,212 INFO  ProjectBuildService - Gradle wrapper(s): /var/folders/bq/vtzpc5ns5sg2cthy61lqpg3dfzgbys/T/1552746879328-0/src/gradlew
2019-03-16 21:36:45,217 INFO  ProjectBuildService - Build script(s): /var/folders/bq/vtzpc5ns5sg2cthy61lqpg3dfzgbys/T/1552746879328-0/src/library/build.gradle /var/folders/bq/vtzpc5ns5sg2cthy61lqpg3dfzgbys/T/1552746879328-0/src/sample/build.gradle /var/folders/bq/vtzpc5ns5sg2cthy61lqpg3dfzgbys/T/1552746879328-0/src/build.gradle
2019-03-16 21:36:45,222 INFO  ProjectBuildService - All script(s): /var/folders/bq/vtzpc5ns5sg2cthy61lqpg3dfzgbys/T/1552746879328-0/src/library/build.gradle /var/folders/bq/vtzpc5ns5sg2cthy61lqpg3dfzgbys/T/1552746879328-0/src/build.gradle /var/folders/bq/vtzpc5ns5sg2cthy61lqpg3dfzgbys/T/1552746879328-0/src/sample/build.gradle /var/folders/bq/vtzpc5ns5sg2cthy61lqpg3dfzgbys/T/1552746879328-0/src/settings.gradle
2019-03-16 21:36:45,222 INFO  DownloadService - Downloading "https://raw.githubusercontent.com/blundell/release-android-library/master/android-release-aar.gradle", attempt 3
2019-03-16 21:36:45,316 INFO  DownloadService - Downloaded https://raw.githubusercontent.com/blundell/release-android-library/master/android-release-aar.gradle, attempt 3
2019-03-16 21:36:45,316 INFO  ProjectBuildService - Remote scripts: https://raw.githubusercontent.com/blundell/release-android-library/master/android-release-aar.gradle
2019-03-16 21:36:45,316 INFO  ProjectFixService - Fixing project...
2019-03-16 21:36:45,330 INFO  LocalPropertiesFixService - Created fake /var/folders/bq/vtzpc5ns5sg2cthy61lqpg3dfzgbys/T/1552746879328-0/src/library/local.properties
2019-03-16 21:36:45,331 INFO  ProjectFixService - Build info for "/var/folders/bq/vtzpc5ns5sg2cthy61lqpg3dfzgbys/T/1552746879328-0/src/library/build.gradle": [buildToolsVersion=28.0.3,compileSdkVersion=28,minSdkVersion=14,targetSdkVersion=28]
2019-03-16 21:36:45,331 INFO  LocalPropertiesFixService - Created fake /var/folders/bq/vtzpc5ns5sg2cthy61lqpg3dfzgbys/T/1552746879328-0/src/sample/local.properties
2019-03-16 21:36:45,332 INFO  ProjectFixService - Build info for "/var/folders/bq/vtzpc5ns5sg2cthy61lqpg3dfzgbys/T/1552746879328-0/src/sample/build.gradle": [buildToolsVersion=28.0.3,compileSdkVersion=28,minSdkVersion=14,targetSdkVersion=28]
2019-03-16 21:36:45,332 INFO  LocalPropertiesFixService - Created fake /var/folders/bq/vtzpc5ns5sg2cthy61lqpg3dfzgbys/T/1552746879328-0/src/local.properties
2019-03-16 21:36:45,333 INFO  WrapperPropertiesFixService - Gradle wrapper: https://services.gradle.org/distributions/gradle-4.10.1-all.zip
2019-03-16 21:36:45,333 INFO  WrapperPropertiesFixService - Gradle wrapper was changed from "-all.zip" to "-bin.zip" (https://services.gradle.org/distributions/gradle-4.10.1-bin.zip)
2019-03-16 21:36:45,334 INFO  ProjectFixService - Build info for "/var/folders/bq/vtzpc5ns5sg2cthy61lqpg3dfzgbys/T/1552746879328-0/src/build.gradle": [buildToolsVersion=28.0.3,compileSdkVersion=28,minSdkVersion=14,targetSdkVersion=28]
2019-03-16 21:36:45,334 INFO  ProjectFixService - Project was maybe fixed
2019-03-16 21:36:45,334 INFO  ProjectTaskService - Detecting possible tasks...
2019-03-16 21:36:45,334 INFO  SysUtils - Execute command: [/var/folders/bq/vtzpc5ns5sg2cthy61lqpg3dfzgbys/T/1552746879328-0/src/gradlew, -b, /var/folders/bq/vtzpc5ns5sg2cthy61lqpg3dfzgbys/T/1552746879328-0/src/library/build.gradle, -Dorg.gradle.daemon=false, -Dorg.gradle.daemon.performance.enable-monitoring=false, -Dorg.gradle.configureondemand=true, tasks]
2019-03-16 21:36:52,713 INFO  ProjectTaskService - Detected possible tasks: 70
2019-03-16 21:36:52,713 INFO  ProjectTaskService - Excluded tasks (18): lintDebug androidJavadocs deviceCheck lint androidSourcesJar testReleaseUnitTest deviceAndroidTest uninstallDebugAndroidTest installDebugAndroidTest connectedCheck connectedDebugAndroidTest uninstallAll androidJavadocsJar test check testDebugUnitTest connectedAndroidTest lintRelease
2019-03-16 21:36:52,713 INFO  SysUtils - Execute command: [/var/folders/bq/vtzpc5ns5sg2cthy61lqpg3dfzgbys/T/1552746879328-0/src/gradlew, -b, /var/folders/bq/vtzpc5ns5sg2cthy61lqpg3dfzgbys/T/1552746879328-0/src/library/build.gradle, -Dorg.gradle.daemon=false, -Dorg.gradle.daemon.performance.enable-monitoring=false, -Dorg.gradle.configureondemand=true, --stacktrace, -x, lintDebug, -x, androidJavadocs, -x, deviceCheck, -x, lint, -x, androidSourcesJar, -x, testReleaseUnitTest, -x, deviceAndroidTest, -x, uninstallDebugAndroidTest, -x, installDebugAndroidTest, -x, connectedCheck, -x, connectedDebugAndroidTest, -x, uninstallAll, -x, androidJavadocsJar, -x, test, -x, check, -x, testDebugUnitTest, -x, connectedAndroidTest, -x, lintRelease, build]
2019-03-16 21:37:07,297 INFO  SysUtils - Configuration on demand is an incubating feature.
> Task :library:preBuild UP-TO-DATE
> Task :library:preDebugBuild UP-TO-DATE
> Task :library:compileDebugAidl NO-SOURCE
> Task :library:compileDebugRenderscript
> Task :library:checkDebugManifest
> Task :library:generateDebugBuildConfig
> Task :library:generateDebugResValues
> Task :library:generateDebugResources
> Task :library:packageDebugResources
> Task :library:processDebugManifest
> Task :library:generateDebugRFile
> Task :library:prepareLintJar
> Task :library:generateDebugSources
> Task :library:javaPreCompileDebug

> Task :library:compileDebugJavaWithJavac
Note: /private/var/folders/bq/vtzpc5ns5sg2cthy61lqpg3dfzgbys/T/1552746879328-0/src/library/src/main/java/com/kunzisoft/androidclearchroma/ChromaPreferenceCompat.java uses or overrides a deprecated API.
Note: Recompile with -Xlint:deprecation for details.

> Task :library:extractDebugAnnotations
> Task :library:mergeDebugConsumerProguardFiles
> Task :library:mergeDebugShaders
> Task :library:compileDebugShaders
> Task :library:generateDebugAssets
> Task :library:packageDebugAssets
> Task :library:packageDebugRenderscript NO-SOURCE
> Task :library:processDebugJavaRes NO-SOURCE
> Task :library:transformResourcesWithMergeJavaResForDebug
> Task :library:transformClassesAndResourcesWithSyncLibJarsForDebug
> Task :library:compileDebugNdk NO-SOURCE
> Task :library:mergeDebugJniLibFolders
> Task :library:transformNativeLibsWithMergeJniLibsForDebug
> Task :library:transformNativeLibsWithStripDebugSymbolForDebug
> Task :library:transformNativeLibsWithSyncJniLibsForDebug
> Task :library:bundleDebugAar
> Task :library:compileDebugSources
> Task :library:assembleDebug
> Task :library:preReleaseBuild UP-TO-DATE
> Task :library:compileReleaseAidl NO-SOURCE
> Task :library:compileReleaseRenderscript
> Task :library:checkReleaseManifest
> Task :library:generateReleaseBuildConfig
> Task :library:generateReleaseResValues
> Task :library:generateReleaseResources
> Task :library:packageReleaseResources
> Task :library:processReleaseManifest
> Task :library:generateReleaseRFile
> Task :library:generateReleaseSources
> Task :library:javaPreCompileRelease

> Task :library:compileReleaseJavaWithJavac
Note: /private/var/folders/bq/vtzpc5ns5sg2cthy61lqpg3dfzgbys/T/1552746879328-0/src/library/src/main/java/com/kunzisoft/androidclearchroma/ChromaPreferenceCompat.java uses or overrides a deprecated API.
Note: Recompile with -Xlint:deprecation for details.

> Task :library:extractReleaseAnnotations
> Task :library:mergeReleaseConsumerProguardFiles
> Task :library:mergeReleaseShaders
> Task :library:compileReleaseShaders
> Task :library:generateReleaseAssets
> Task :library:packageReleaseAssets
> Task :library:packageReleaseRenderscript NO-SOURCE
> Task :library:processReleaseJavaRes NO-SOURCE
> Task :library:transformResourcesWithMergeJavaResForRelease
> Task :library:transformClassesAndResourcesWithSyncLibJarsForRelease
> Task :library:compileReleaseNdk NO-SOURCE
> Task :library:mergeReleaseJniLibFolders
> Task :library:transformNativeLibsWithMergeJniLibsForRelease
> Task :library:transformNativeLibsWithStripDebugSymbolForRelease
> Task :library:transformNativeLibsWithSyncJniLibsForRelease
> Task :library:bundleReleaseAar
> Task :library:compileReleaseSources
> Task :library:mergeReleaseResources
> Task :library:verifyReleaseResources
> Task :library:assembleRelease
> Task :library:assemble
> Task :library:build

BUILD SUCCESSFUL in 14s
45 actionable tasks: 45 executed

2019-03-16 21:37:07,345 INFO  ProjectTaskService - Detecting possible tasks...
2019-03-16 21:37:07,345 INFO  SysUtils - Execute command: [/var/folders/bq/vtzpc5ns5sg2cthy61lqpg3dfzgbys/T/1552746879328-0/src/gradlew, -b, /var/folders/bq/vtzpc5ns5sg2cthy61lqpg3dfzgbys/T/1552746879328-0/src/sample/build.gradle, -Dorg.gradle.daemon=false, -Dorg.gradle.daemon.performance.enable-monitoring=false, -Dorg.gradle.configureondemand=true, tasks]
2019-03-16 21:37:13,305 INFO  ProjectTaskService - Detected possible tasks: 70
2019-03-16 21:37:13,305 INFO  ProjectTaskService - Excluded tasks (21): lintDebug androidJavadocs deviceCheck lint androidSourcesJar testReleaseUnitTest uninstallRelease deviceAndroidTest uninstallDebugAndroidTest installDebugAndroidTest connectedCheck connectedDebugAndroidTest uninstallAll androidJavadocsJar test check testDebugUnitTest connectedAndroidTest installDebug lintRelease uninstallDebug
2019-03-16 21:37:13,305 INFO  SysUtils - Execute command: [/var/folders/bq/vtzpc5ns5sg2cthy61lqpg3dfzgbys/T/1552746879328-0/src/gradlew, -b, /var/folders/bq/vtzpc5ns5sg2cthy61lqpg3dfzgbys/T/1552746879328-0/src/sample/build.gradle, -Dorg.gradle.daemon=false, -Dorg.gradle.daemon.performance.enable-monitoring=false, -Dorg.gradle.configureondemand=true, --stacktrace, -x, lintDebug, -x, androidJavadocs, -x, deviceCheck, -x, lint, -x, androidSourcesJar, -x, testReleaseUnitTest, -x, uninstallRelease, -x, deviceAndroidTest, -x, uninstallDebugAndroidTest, -x, installDebugAndroidTest, -x, connectedCheck, -x, connectedDebugAndroidTest, -x, uninstallAll, -x, androidJavadocsJar, -x, test, -x, check, -x, testDebugUnitTest, -x, connectedAndroidTest, -x, installDebug, -x, lintRelease, -x, uninstallDebug, build]
2019-03-16 21:37:18,650 ERROR SysUtils - Could not process external command
org.apache.commons.exec.ExecuteException: Process exited with an error: 1 (Exit value: 1)
	at org.apache.commons.exec.DefaultExecutor.executeInternal(DefaultExecutor.java:404)
	at org.apache.commons.exec.DefaultExecutor.execute(DefaultExecutor.java:166)
	at com.github.vbauer.apkmaster.util.SysUtils.execute(SysUtils.java:67)
	at com.github.vbauer.apkmaster.util.SysUtils.executeSimple(SysUtils.java:43)
	at com.github.vbauer.apkmaster.service.assembly.ProjectBuildService.buildProject(ProjectBuildService.java:78)
	at com.github.vbauer.apkmaster.service.assembly.ProjectBuildService.buildProject(ProjectBuildService.java:64)
	at com.github.vbauer.apkmaster.service.assembly.ProjectBuildService.buildProject(ProjectBuildService.java:43)
	at com.github.vbauer.apkmaster.service.FullProcessService.build(FullProcessService.java:84)
	at com.github.vbauer.apkmaster.service.FullProcessService.process(FullProcessService.java:34)
	at com.github.vbauer.apkmaster.app.MainApplication.process(MainApplication.java:38)
	at com.github.vbauer.apkmaster.app.MainApplication.main(MainApplication.java:20)
	at sun.reflect.NativeMethodAccessorImpl.invoke0(Native Method)
	at sun.reflect.NativeMethodAccessorImpl.invoke(NativeMethodAccessorImpl.java:62)
	at sun.reflect.DelegatingMethodAccessorImpl.invoke(DelegatingMethodAccessorImpl.java:43)
	at java.lang.reflect.Method.invoke(Method.java:498)
	at com.android.arsenal.util.ReflectionUtils.invoke(ReflectionUtils.java:52)
	at com.android.arsenal.util.ApkMasterUtils.main(ApkMasterUtils.java:30)
	at com.android.arsenal.service.processor.impl.BuildProcessorServiceImpl.buildProject(BuildProcessorServiceImpl.java:196)
	at com.android.arsenal.service.processor.impl.BuildProcessorServiceImpl.build(BuildProcessorServiceImpl.java:130)
	at com.android.arsenal.service.processor.impl.BuildProcessorServiceImpl.lambda$null$1(BuildProcessorServiceImpl.java:113)
	at java.util.concurrent.FutureTask.run(FutureTask.java:266)
	at java.util.concurrent.Executors$RunnableAdapter.call(Executors.java:511)
	at java.util.concurrent.FutureTask.run(FutureTask.java:266)
	at java.util.concurrent.ThreadPoolExecutor.runWorker(ThreadPoolExecutor.java:1149)
	at java.util.concurrent.ThreadPoolExecutor$Worker.run(ThreadPoolExecutor.java:624)
	at java.lang.Thread.run(Thread.java:748)
2019-03-16 21:37:18,650 INFO  SysUtils - Configuration on demand is an incubating feature.

FAILURE: Build failed with an exception.

* What went wrong:
Task 'androidJavadocs' not found in project ':sample'.

* Try:
Run gradlew tasks to get a list of available tasks. Run with --info or --debug option to get more log output. Run with --scan to get full insights.

* Exception is:
org.gradle.execution.TaskSelectionException: Task 'androidJavadocs' not found in project ':sample'.
	at org.gradle.execution.TaskSelector.getSelection(TaskSelector.java:116)
	at org.gradle.execution.TaskSelector.getFilter(TaskSelector.java:66)
	at org.gradle.execution.ExcludedTaskFilteringBuildConfigurationAction.configure(ExcludedTaskFilteringBuildConfigurationAction.java:42)
	at org.gradle.execution.DefaultBuildConfigurationActionExecuter.configure(DefaultBuildConfigurationActionExecuter.java:48)
	at org.gradle.execution.DefaultBuildConfigurationActionExecuter.select(DefaultBuildConfigurationActionExecuter.java:36)
	at org.gradle.initialization.DefaultGradleLauncher$CalculateTaskGraph.run(DefaultGradleLauncher.java:305)
	at org.gradle.internal.operations.DefaultBuildOperationExecutor$RunnableBuildOperationWorker.execute(DefaultBuildOperationExecutor.java:300)
	at org.gradle.internal.operations.DefaultBuildOperationExecutor$RunnableBuildOperationWorker.execute(DefaultBuildOperationExecutor.java:292)
	at org.gradle.internal.operations.DefaultBuildOperationExecutor.execute(DefaultBuildOperationExecutor.java:174)
	at org.gradle.internal.operations.DefaultBuildOperationExecutor.run(DefaultBuildOperationExecutor.java:90)
	at org.gradle.internal.operations.DelegatingBuildOperationExecutor.run(DelegatingBuildOperationExecutor.java:31)
	at org.gradle.initialization.DefaultGradleLauncher.constructTaskGraph(DefaultGradleLauncher.java:190)
	at org.gradle.initialization.DefaultGradleLauncher.doBuildStages(DefaultGradleLauncher.java:145)
	at org.gradle.initialization.DefaultGradleLauncher.executeTasks(DefaultGradleLauncher.java:124)
	at org.gradle.internal.invocation.GradleBuildController$1.call(GradleBuildController.java:77)
	at org.gradle.internal.invocation.GradleBuildController$1.call(GradleBuildController.java:74)
	at org.gradle.internal.work.DefaultWorkerLeaseService.withLocks(DefaultWorkerLeaseService.java:154)
	at org.gradle.internal.work.StopShieldingWorkerLeaseService.withLocks(StopShieldingWorkerLeaseService.java:38)
	at org.gradle.internal.invocation.GradleBuildController.doBuild(GradleBuildController.java:96)
	at org.gradle.internal.invocation.GradleBuildController.run(GradleBuildController.java:74)
	at org.gradle.tooling.internal.provider.ExecuteBuildActionRunner.run(ExecuteBuildActionRunner.java:28)
	at org.gradle.launcher.exec.ChainingBuildActionRunner.run(ChainingBuildActionRunner.java:35)
	at org.gradle.tooling.internal.provider.ValidatingBuildActionRunner.run(ValidatingBuildActionRunner.java:32)
	at org.gradle.launcher.exec.RunAsBuildOperationBuildActionRunner$3.run(RunAsBuildOperationBuildActionRunner.java:50)
	at org.gradle.internal.operations.DefaultBuildOperationExecutor$RunnableBuildOperationWorker.execute(DefaultBuildOperationExecutor.java:300)
	at org.gradle.internal.operations.DefaultBuildOperationExecutor$RunnableBuildOperationWorker.execute(DefaultBuildOperationExecutor.java:292)
	at org.gradle.internal.operations.DefaultBuildOperationExecutor.execute(DefaultBuildOperationExecutor.java:174)
	at org.gradle.internal.operations.DefaultBuildOperationExecutor.run(DefaultBuildOperationExecutor.java:90)
	at org.gradle.internal.operations.DelegatingBuildOperationExecutor.run(DelegatingBuildOperationExecutor.java:31)
	at org.gradle.launcher.exec.RunAsBuildOperationBuildActionRunner.run(RunAsBuildOperationBuildActionRunner.java:45)
	at org.gradle.tooling.internal.provider.SubscribableBuildActionRunner.run(SubscribableBuildActionRunner.java:51)
	at org.gradle.launcher.exec.InProcessBuildActionExecuter$1.transform(InProcessBuildActionExecuter.java:47)
	at org.gradle.launcher.exec.InProcessBuildActionExecuter$1.transform(InProcessBuildActionExecuter.java:44)
	at org.gradle.composite.internal.DefaultRootBuildState.run(DefaultRootBuildState.java:79)
	at org.gradle.launcher.exec.InProcessBuildActionExecuter.execute(InProcessBuildActionExecuter.java:44)
	at org.gradle.launcher.exec.InProcessBuildActionExecuter.execute(InProcessBuildActionExecuter.java:30)
	at org.gradle.launcher.exec.BuildTreeScopeBuildActionExecuter.execute(BuildTreeScopeBuildActionExecuter.java:39)
	at org.gradle.launcher.exec.BuildTreeScopeBuildActionExecuter.execute(BuildTreeScopeBuildActionExecuter.java:25)
	at org.gradle.tooling.internal.provider.ContinuousBuildActionExecuter.execute(ContinuousBuildActionExecuter.java:80)
	at org.gradle.tooling.internal.provider.ContinuousBuildActionExecuter.execute(ContinuousBuildActionExecuter.java:53)
	at org.gradle.tooling.internal.provider.ServicesSetupBuildActionExecuter.execute(ServicesSetupBuildActionExecuter.java:62)
	at org.gradle.tooling.internal.provider.ServicesSetupBuildActionExecuter.execute(ServicesSetupBuildActionExecuter.java:34)
	at org.gradle.tooling.internal.provider.GradleThreadBuildActionExecuter.execute(GradleThreadBuildActionExecuter.java:36)
	at org.gradle.tooling.internal.provider.GradleThreadBuildActionExecuter.execute(GradleThreadBuildActionExecuter.java:25)
	at org.gradle.tooling.internal.provider.ParallelismConfigurationBuildActionExecuter.execute(ParallelismConfigurationBuildActionExecuter.java:43)
	at org.gradle.tooling.internal.provider.ParallelismConfigurationBuildActionExecuter.execute(ParallelismConfigurationBuildActionExecuter.java:29)
	at org.gradle.tooling.internal.provider.StartParamsValidatingActionExecuter.execute(StartParamsValidatingActionExecuter.java:59)
	at org.gradle.tooling.internal.provider.StartParamsValidatingActionExecuter.execute(StartParamsValidatingActionExecuter.java:31)
	at org.gradle.tooling.internal.provider.SessionFailureReportingActionExecuter.execute(SessionFailureReportingActionExecuter.java:59)
	at org.gradle.tooling.internal.provider.SessionFailureReportingActionExecuter.execute(SessionFailureReportingActionExecuter.java:44)
	at org.gradle.tooling.internal.provider.SetupLoggingActionExecuter.execute(SetupLoggingActionExecuter.java:46)
	at org.gradle.tooling.internal.provider.SetupLoggingActionExecuter.execute(SetupLoggingActionExecuter.java:30)
	at org.gradle.launcher.cli.RunBuildAction.run(RunBuildAction.java:52)
	at org.gradle.internal.Actions$RunnableActionAdapter.execute(Actions.java:207)
	at org.gradle.launcher.cli.CommandLineActionFactory$ParseAndBuildAction.execute(CommandLineActionFactory.java:402)
	at org.gradle.launcher.cli.CommandLineActionFactory$ParseAndBuildAction.execute(CommandLineActionFactory.java:375)
	at org.gradle.launcher.cli.ExceptionReportingAction.execute(ExceptionReportingAction.java:37)
	at org.gradle.launcher.cli.ExceptionReportingAction.execute(ExceptionReportingAction.java:23)
	at org.gradle.launcher.cli.CommandLineActionFactory$WithLogging.execute(CommandLineActionFactory.java:368)
	at org.gradle.launcher.cli.CommandLineActionFactory$WithLogging.execute(CommandLineActionFactory.java:298)
	at org.gradle.launcher.Main.doAction(Main.java:36)
	at org.gradle.launcher.bootstrap.EntryPoint.run(EntryPoint.java:45)
	at org.gradle.launcher.bootstrap.ProcessBootstrap.runNoExit(ProcessBootstrap.java:60)
	at org.gradle.launcher.bootstrap.ProcessBootstrap.run(ProcessBootstrap.java:37)
	at org.gradle.launcher.GradleMain.main(GradleMain.java:23)
	at org.gradle.wrapper.BootstrapMainStarter.start(BootstrapMainStarter.java:30)
	at org.gradle.wrapper.WrapperExecutor.execute(WrapperExecutor.java:129)
	at org.gradle.wrapper.GradleWrapperMain.main(GradleWrapperMain.java:61)


* Get more help at https://help.gradle.org

BUILD FAILED in 5s

2019-03-16 21:37:18,650 ERROR ProjectBuildService - Excluded tasks were detected wrong
2019-03-16 21:37:18,650 INFO  SysUtils - Execute command: [/var/folders/bq/vtzpc5ns5sg2cthy61lqpg3dfzgbys/T/1552746879328-0/src/gradlew, -b, /var/folders/bq/vtzpc5ns5sg2cthy61lqpg3dfzgbys/T/1552746879328-0/src/sample/build.gradle, -Dorg.gradle.daemon=false, -Dorg.gradle.daemon.performance.enable-monitoring=false, -Dorg.gradle.configureondemand=true, --stacktrace, build]
2019-03-16 21:37:53,584 INFO  SysUtils - Configuration on demand is an incubating feature.
> Task :library:preBuild UP-TO-DATE
> Task :library:preDebugBuild UP-TO-DATE
> Task :library:compileDebugAidl NO-SOURCE
> Task :library:compileDebugRenderscript UP-TO-DATE
> Task :library:checkDebugManifest UP-TO-DATE
> Task :library:generateDebugBuildConfig UP-TO-DATE
> Task :library:generateDebugResValues UP-TO-DATE
> Task :library:generateDebugResources UP-TO-DATE
> Task :library:packageDebugResources UP-TO-DATE
> Task :library:processDebugManifest UP-TO-DATE
> Task :library:generateDebugRFile UP-TO-DATE
> Task :library:prepareLintJar UP-TO-DATE
> Task :library:generateDebugSources UP-TO-DATE
> Task :library:javaPreCompileDebug UP-TO-DATE
> Task :library:compileDebugJavaWithJavac UP-TO-DATE
> Task :library:processDebugJavaRes NO-SOURCE
> Task :library:transformClassesAndResourcesWithPrepareIntermediateJarsForDebug
> Task :sample:preBuild UP-TO-DATE
> Task :sample:preDebugBuild
> Task :sample:compileDebugAidl NO-SOURCE
> Task :library:packageDebugRenderscript NO-SOURCE
> Task :sample:compileDebugRenderscript
> Task :sample:checkDebugManifest
> Task :sample:generateDebugBuildConfig
> Task :sample:prepareLintJar
> Task :sample:generateDebugSources
> Task :sample:javaPreCompileDebug
> Task :sample:mainApkListPersistenceDebug
> Task :sample:generateDebugResValues
> Task :sample:generateDebugResources
> Task :sample:mergeDebugResources
> Task :sample:createDebugCompatibleScreenManifests
> Task :sample:processDebugManifest
> Task :sample:processDebugResources

> Task :sample:compileDebugJavaWithJavac
Note: /private/var/folders/bq/vtzpc5ns5sg2cthy61lqpg3dfzgbys/T/1552746879328-0/src/sample/src/main/java/com/kunzisoft/androidclearchroma/sample/MainActivity.java uses or overrides a deprecated API.
Note: Recompile with -Xlint:deprecation for details.

> Task :sample:compileDebugNdk NO-SOURCE
> Task :sample:compileDebugSources
> Task :library:mergeDebugShaders UP-TO-DATE
> Task :library:compileDebugShaders UP-TO-DATE
> Task :library:generateDebugAssets UP-TO-DATE
> Task :library:packageDebugAssets UP-TO-DATE
> Task :sample:mergeDebugShaders
> Task :sample:compileDebugShaders
> Task :sample:generateDebugAssets
> Task :sample:mergeDebugAssets
> Task :library:createFullJarDebug
> Transform full.jar (project :library) with IdentityTransform
> Task :sample:mergeExtDexDebug
> Transform full.jar (project :library) with DexingTransform
> Task :sample:transformClassesWithDexBuilderForDebug
> Task :sample:mergeDexDebug
> Task :sample:validateSigningDebug
> Task :sample:signingConfigWriterDebug
> Task :library:compileDebugNdk NO-SOURCE
> Task :library:mergeDebugJniLibFolders UP-TO-DATE
> Task :library:transformNativeLibsWithMergeJniLibsForDebug UP-TO-DATE
> Task :library:transformNativeLibsWithStripDebugSymbolForDebug UP-TO-DATE
> Task :library:transformNativeLibsWithIntermediateJniLibsForDebug
> Task :sample:mergeDebugJniLibFolders
> Task :sample:transformNativeLibsWithMergeJniLibsForDebug
> Task :sample:transformNativeLibsWithStripDebugSymbolForDebug
> Task :sample:processDebugJavaRes NO-SOURCE
> Task :sample:transformResourcesWithMergeJavaResForDebug
> Task :sample:packageDebug
> Task :sample:assembleDebug
> Task :library:preReleaseBuild UP-TO-DATE
> Task :library:compileReleaseAidl NO-SOURCE
> Task :library:compileReleaseRenderscript UP-TO-DATE
> Task :library:checkReleaseManifest UP-TO-DATE
> Task :library:generateReleaseBuildConfig UP-TO-DATE
> Task :library:generateReleaseResValues UP-TO-DATE
> Task :library:generateReleaseResources UP-TO-DATE
> Task :library:packageReleaseResources UP-TO-DATE
> Task :library:processReleaseManifest UP-TO-DATE
> Task :library:generateReleaseRFile UP-TO-DATE
> Task :library:generateReleaseSources UP-TO-DATE
> Task :library:javaPreCompileRelease UP-TO-DATE
> Task :library:compileReleaseJavaWithJavac UP-TO-DATE
> Task :library:processReleaseJavaRes NO-SOURCE
> Task :library:transformClassesAndResourcesWithPrepareIntermediateJarsForRelease
> Task :sample:preReleaseBuild
> Task :sample:compileReleaseAidl NO-SOURCE
> Task :library:packageReleaseRenderscript NO-SOURCE
> Task :sample:compileReleaseRenderscript
> Task :sample:checkReleaseManifest
> Task :sample:generateReleaseBuildConfig
> Task :sample:generateReleaseSources
> Task :sample:javaPreCompileRelease
> Task :sample:mainApkListPersistenceRelease
> Task :sample:generateReleaseResValues
> Task :sample:generateReleaseResources
> Task :sample:mergeReleaseResources
> Task :sample:createReleaseCompatibleScreenManifests
> Task :sample:processReleaseManifest
> Task :sample:processReleaseResources

> Task :sample:compileReleaseJavaWithJavac
Note: /private/var/folders/bq/vtzpc5ns5sg2cthy61lqpg3dfzgbys/T/1552746879328-0/src/sample/src/main/java/com/kunzisoft/androidclearchroma/sample/MainActivity.java uses or overrides a deprecated API.
Note: Recompile with -Xlint:deprecation for details.

> Task :sample:compileReleaseNdk NO-SOURCE
> Task :sample:compileReleaseSources
> Task :sample:lintVitalRelease SKIPPED
> Task :library:createFullJarRelease
> Transform full.jar (project :library) with IdentityTransform
> Task :sample:mergeExtDexRelease
> Transform full.jar (project :library) with DexingTransform
> Task :sample:transformClassesWithDexBuilderForRelease
> Task :sample:mergeDexRelease
> Task :library:mergeReleaseShaders UP-TO-DATE
> Task :library:compileReleaseShaders UP-TO-DATE
> Task :library:generateReleaseAssets UP-TO-DATE
> Task :library:packageReleaseAssets UP-TO-DATE
> Task :sample:mergeReleaseShaders
> Task :sample:compileReleaseShaders
> Task :sample:generateReleaseAssets
> Task :sample:mergeReleaseAssets
> Task :sample:signingConfigWriterRelease
> Task :library:compileReleaseNdk NO-SOURCE
> Task :library:mergeReleaseJniLibFolders UP-TO-DATE
> Task :library:transformNativeLibsWithMergeJniLibsForRelease UP-TO-DATE
> Task :library:transformNativeLibsWithStripDebugSymbolForRelease UP-TO-DATE
> Task :library:transformNativeLibsWithIntermediateJniLibsForRelease
> Task :sample:mergeReleaseJniLibFolders
> Task :sample:transformNativeLibsWithMergeJniLibsForRelease
> Task :sample:transformNativeLibsWithStripDebugSymbolForRelease
> Task :sample:processReleaseJavaRes NO-SOURCE
> Task :sample:transformResourcesWithMergeJavaResForRelease
> Task :sample:packageRelease
> Task :sample:assembleRelease
> Task :sample:assemble

> Task :sample:lint
Ran lint on variant debug: 6 issues found
Ran lint on variant release: 6 issues found
Wrote HTML report to file:///private/var/folders/bq/vtzpc5ns5sg2cthy61lqpg3dfzgbys/T/1552746879328-0/src/sample/build/reports/lint-results.html
Wrote XML report to file:///private/var/folders/bq/vtzpc5ns5sg2cthy61lqpg3dfzgbys/T/1552746879328-0/src/sample/build/reports/lint-results.xml

> Task :sample:generateDebugUnitTestSources
> Task :sample:preDebugUnitTestBuild UP-TO-DATE
> Task :sample:javaPreCompileDebugUnitTest
> Task :sample:compileDebugUnitTestJavaWithJavac NO-SOURCE
> Task :sample:processDebugUnitTestJavaRes NO-SOURCE
> Task :sample:testDebugUnitTest NO-SOURCE
> Task :sample:generateReleaseUnitTestSources
> Task :sample:preReleaseUnitTestBuild UP-TO-DATE
> Task :sample:javaPreCompileReleaseUnitTest
> Task :sample:compileReleaseUnitTestJavaWithJavac NO-SOURCE
> Task :sample:processReleaseUnitTestJavaRes NO-SOURCE
> Task :sample:testReleaseUnitTest NO-SOURCE
> Task :sample:test UP-TO-DATE
> Task :sample:check
> Task :sample:build

BUILD SUCCESSFUL in 34s
90 actionable tasks: 59 executed, 31 up-to-date

2019-03-16 21:37:53,706 INFO  FullProcessService - Found APK file: /var/folders/bq/vtzpc5ns5sg2cthy61lqpg3dfzgbys/T/1552746879328-0/src/sample/build/outputs/apk/release/sample-release-unsigned.apk
